[2025-04-17 22:35:34,729][__main__][INFO] - System information:
[2025-04-17 22:35:34,729][__main__][INFO] -   Platform: Linux-6.11.0-21-generic-x86_64-with-glibc2.39
[2025-04-17 22:35:34,730][__main__][INFO] -   Python: 3.12.2
[2025-04-17 22:35:34,730][__main__][INFO] -   PyTorch: 2.5.1
[2025-04-17 22:35:34,730][__main__][INFO] -   CUDA Available: True
[2025-04-17 22:35:34,730][__main__][INFO] -   CUDA Version: 12.4
[2025-04-17 22:35:34,730][__main__][INFO] -   GPU: NVIDIA GeForce GTX 1080 Ti
[2025-04-17 22:35:34,735][__main__][INFO] - Env: ContinuousCartPole-v0  state_dim: 4  action_dim: 1  max_a: 1.0  min_a: -1.0  max_e_steps: 500
[2025-04-17 22:35:34,736][__main__][INFO] - Random Seed: 42
[2025-04-17 22:35:34,737][__main__][INFO] - Models will be saved to models/SAC_model/CPV0
[2025-04-17 22:36:16,776][__main__][INFO] - EnvName: CPV0, Steps: 1k, Episode Reward: 6
[2025-04-17 22:36:58,223][__main__][INFO] - EnvName: CPV0, Steps: 2k, Episode Reward: 6
[2025-04-17 22:37:38,593][__main__][INFO] - EnvName: CPV0, Steps: 3k, Episode Reward: 81
[2025-04-17 22:38:19,857][__main__][INFO] - EnvName: CPV0, Steps: 4k, Episode Reward: 156
[2025-04-17 22:39:01,149][__main__][INFO] - EnvName: CPV0, Steps: 5k, Episode Reward: 120
[2025-04-17 22:39:42,403][__main__][INFO] - EnvName: CPV0, Steps: 6k, Episode Reward: 138
[2025-04-17 22:40:24,821][__main__][INFO] - EnvName: CPV0, Steps: 7k, Episode Reward: 132
[2025-04-17 22:41:06,384][__main__][INFO] - EnvName: CPV0, Steps: 8k, Episode Reward: 175
[2025-04-17 22:41:47,712][__main__][INFO] - EnvName: CPV0, Steps: 9k, Episode Reward: 135
[2025-04-17 22:42:29,773][__main__][INFO] - EnvName: CPV0, Steps: 10k, Episode Reward: 156
[2025-04-17 22:43:11,530][__main__][INFO] - EnvName: CPV0, Steps: 11k, Episode Reward: 138
[2025-04-17 22:43:53,859][__main__][INFO] - EnvName: CPV0, Steps: 12k, Episode Reward: 147
[2025-04-17 22:44:35,297][__main__][INFO] - EnvName: CPV0, Steps: 13k, Episode Reward: 152
[2025-04-17 22:45:17,652][__main__][INFO] - EnvName: CPV0, Steps: 14k, Episode Reward: 217
[2025-04-17 22:45:59,315][__main__][INFO] - EnvName: CPV0, Steps: 15k, Episode Reward: 182
[2025-04-17 22:46:41,027][__main__][INFO] - EnvName: CPV0, Steps: 16k, Episode Reward: 210
[2025-04-17 22:47:23,903][__main__][INFO] - EnvName: CPV0, Steps: 17k, Episode Reward: 304
[2025-04-17 22:48:07,009][__main__][INFO] - EnvName: CPV0, Steps: 18k, Episode Reward: 500
[2025-04-17 22:48:49,998][__main__][INFO] - EnvName: CPV0, Steps: 19k, Episode Reward: 500
[2025-04-17 22:49:33,814][__main__][INFO] - EnvName: CPV0, Steps: 20k, Episode Reward: 500
[2025-04-17 22:49:33,819][__main__][INFO] - Training completed. Evaluating across 20 episodes
[2025-04-17 22:49:39,874][__main__][INFO] - Final evaluation - Mean: 500.00, Std: 0.00
[2025-04-17 22:49:39,874][__main__][INFO] - 90th percentile: 500.00, 10th percentile: 500.00
[2025-04-17 22:49:39,879][__main__][INFO] - Final model saved to models/SAC_model/CPV0
