[2025-04-08 18:48:38,537][__main__][INFO] - Configuration:
device: cuda
mode: offline
write: false
debug_print: false
render: false
load_model: false
load_path: None
eval_model: false
save_model: true
data_path: /home/mx/DRAC/dataset/CPV0/no_noise_eps0.5
seed: 42
eval_freq: 100
eval_interval: 2000.0
save_interval: 2000.0
max_trn_steps: 4000
max_vae_trn_step: 500
data_size: 1000000
d4rl: false
d4rl_v2: false
d4rl_expert: false
mixed: false
comment: ''
video: false
batch_size: 1000
gamma: 0.99
tau: 0.005
lmbda: 0.75
phi: 0.1
adam_eps: 1.0e-06
adam_lr: 0.0003
actor_lr: 0.001
critic_lr: 0.001
n_action: 100
n_action_execute: 100
backup: QL
ql_noise: 0.15
automatic_beta: false
beta_percentile: 2.0
beta: -0.4
vmin: 0
reward_adapt: true
robust: true
robust_optimizer: functional
rho: 0.75
noise: false
type: gaussian
adv: false
spread: 0.0
scale: 1.0
env_name: ContinuousCartPole
env_index: 1
env_mods:
  use_mods: false
  observation_noise:
    enabled: false
    type: gaussian
    level: 0.1
    frequency: 1.0
  action_perturb:
    enabled: false
    type: noise
    probability: 0.1
    level: 0.1
  reward_shift:
    enabled: false
    type: scale
    param: 0.9
    noise_level: 0.1
  transition_perturb:
    enabled: false
    type: teleport
    probability: 0.05
    level: 0.1
  param_shift:
    enabled: false
    train_apply: false
    eval_apply: true
    g_factor: 1.0
    m_factor: 1.0
    l_factor: 1.0
    len_factor: 1.0
    force_mag_factor: 1.0
    gravity_factor: 1.0
    wind_power: 0.0
    turbulence_power: 0.0
  custom:
    enabled: false
    spread: 0.0
    type: gaussian
    adv: false
  eval:
    use_modified: true
    scale_noise: false
    noise_scale_factor: 2.0
    include_action_perturb: true
    include_reward_shift: true
    include_transition_perturb: true

[2025-04-08 18:48:38,579][__main__][INFO] - System information:
[2025-04-08 18:48:38,579][__main__][INFO] -   Platform: Linux-6.11.0-21-generic-x86_64-with-glibc2.39
[2025-04-08 18:48:38,579][__main__][INFO] -   Python: 3.12.2
[2025-04-08 18:48:38,579][__main__][INFO] -   PyTorch: 2.5.1
[2025-04-08 18:48:38,579][__main__][INFO] -   CUDA Available: True
[2025-04-08 18:48:38,579][__main__][INFO] -   CUDA Version: 12.4
[2025-04-08 18:48:38,579][__main__][INFO] -   GPU: NVIDIA GeForce GTX 1080 Ti
[2025-04-08 18:48:38,584][__main__][INFO] - Env: ContinuousCartPole-v0  state_dim: 4  action_dim: 1  max_a: 1.0  min_a: -1.0  max_e_steps: 500
[2025-04-08 18:48:38,586][__main__][INFO] - Random Seed: 42
[2025-04-08 18:48:38,586][__main__][INFO] - Models will be saved to models/FQI_model/CPV0
[2025-04-08 22:40:14,155][__main__][INFO] - EnvName: CPV0, Steps: 2k, Episode Reward: (500.0, 0.0)
[2025-04-09 03:49:31,060][__main__][INFO] - EnvName: CPV0, Steps: 4k, Episode Reward: (500.0, 0.0)
[2025-04-09 03:49:31,085][__main__][INFO] - Training completed. Evaluating across 20 episodes
[2025-04-09 03:49:41,073][__main__][INFO] - Final evaluation - Mean: 250.00, Std: 250.00
[2025-04-09 03:49:41,073][__main__][INFO] - 90th percentile: 500.00, 10th percentile: 0.00
[2025-04-09 03:49:41,083][__main__][INFO] - Final model saved to models/SAC_model/CPV0
