[2025-04-17 21:05:27,210][__main__][INFO] - Configuration:
device: cuda
mode: offline
write: false
debug_print: false
render: false
load_model: false
load_path: None
eval_model: false
save_model: true
data_path: ./dataset/PV1/TD3/no_noise/eps0.5
seed: 42
eval_freq: 1000
eval_interval: 1000
save_interval: 1000
max_trn_steps: 10000
max_vae_trn_step: 2000
data_size: 1000000
d4rl: false
d4rl_v2: false
d4rl_expert: false
mixed: false
comment: ''
video: false
batch_size: 1000
gamma: 0.99
tau: 0.005
lmbda: 0.75
phi: 0.1
adam_eps: 1.0e-06
adam_lr: 0.0003
actor_lr: 0.001
critic_lr: 0.001
n_action: 100
n_action_execute: 100
backup: QL
ql_noise: 0.15
automatic_beta: false
beta_percentile: 2.0
beta: -0.4
vmin: 0
reward_adapt: true
robust: true
robust_optimizer: functional
rho: 1.0
noise: false
type: gaussian
adv: false
spread: 0.0
scale: 1.0
env_name: Pendulum-v1
env_index: 0
env_mods:
  use_mods: false
  observation_noise:
    enabled: false
    type: gaussian
    level: 0.1
    frequency: 1.0
  action_perturb:
    enabled: false
    type: noise
    probability: 0.1
    level: 0.1
  reward_shift:
    enabled: false
    type: scale
    param: 0.9
    noise_level: 0.1
  transition_perturb:
    enabled: false
    type: teleport
    probability: 0.05
    level: 0.1
  param_shift:
    enabled: false
    train_apply: false
    eval_apply: true
    g_factor: 1.0
    m_factor: 1.0
    l_factor: 1.0
    len_factor: 1.0
    force_mag_factor: 1.0
    gravity_factor: 1.0
    wind_power: 0.0
    turbulence_power: 0.0
    engine_factor: 1.0
  custom:
    enabled: false
    spread: 0.0
    type: gaussian
    adv: false
  eval:
    use_modified: true
    scale_noise: false
    noise_scale_factor: 2.0
    include_action_perturb: true
    include_reward_shift: true
    include_transition_perturb: true

[2025-04-17 21:05:27,253][__main__][INFO] - System information:
[2025-04-17 21:05:27,253][__main__][INFO] -   Platform: Linux-6.11.0-21-generic-x86_64-with-glibc2.39
[2025-04-17 21:05:27,253][__main__][INFO] -   Python: 3.12.2
[2025-04-17 21:05:27,253][__main__][INFO] -   PyTorch: 2.5.1
[2025-04-17 21:05:27,253][__main__][INFO] -   CUDA Available: True
[2025-04-17 21:05:27,253][__main__][INFO] -   CUDA Version: 12.4
[2025-04-17 21:05:27,253][__main__][INFO] -   GPU: NVIDIA GeForce GTX 1080 Ti
[2025-04-17 21:05:27,261][__main__][INFO] - Env: Pendulum-v1  state_dim: 3  action_dim: 1  max_a: 2.0  min_a: -2.0  max_e_steps: 200
[2025-04-17 21:05:27,262][__main__][INFO] - Random Seed: 42
[2025-04-17 21:05:27,263][__main__][INFO] - Models will be saved to models/FQI_model/PV1
[2025-04-17 22:17:50,679][__main__][INFO] - Configuration:
device: cuda
mode: offline
write: false
debug_print: false
render: false
load_model: false
load_path: None
eval_model: false
save_model: true
data_path: ./dataset/PV1/TD3/no_noise/eps0.5
seed: 42
eval_freq: 1000
eval_interval: 1000
save_interval: 1000
max_trn_steps: 10000
max_vae_trn_step: 2000
data_size: 1000000
d4rl: false
d4rl_v2: false
d4rl_expert: false
mixed: false
comment: ''
video: false
batch_size: 1000
gamma: 0.99
tau: 0.005
lmbda: 0.75
phi: 0.1
adam_eps: 1.0e-06
adam_lr: 0.0003
actor_lr: 0.001
critic_lr: 0.001
n_action: 100
n_action_execute: 100
backup: QL
ql_noise: 0.15
automatic_beta: false
beta_percentile: 2.0
beta: -0.4
vmin: 0
reward_adapt: true
robust: true
robust_optimizer: functional
rho: 1.0
noise: false
type: gaussian
adv: false
spread: 0.0
scale: 1.0
env_name: Pendulum-v1
env_index: 0
env_mods:
  use_mods: false
  observation_noise:
    enabled: false
    type: gaussian
    level: 0.1
    frequency: 1.0
  action_perturb:
    enabled: false
    type: noise
    probability: 0.1
    level: 0.1
  reward_shift:
    enabled: false
    type: scale
    param: 0.9
    noise_level: 0.1
  transition_perturb:
    enabled: false
    type: teleport
    probability: 0.05
    level: 0.1
  param_shift:
    enabled: false
    train_apply: false
    eval_apply: true
    g_factor: 1.0
    m_factor: 1.0
    l_factor: 1.0
    len_factor: 1.0
    force_mag_factor: 1.0
    gravity_factor: 1.0
    wind_power: 0.0
    turbulence_power: 0.0
    engine_factor: 1.0
  custom:
    enabled: false
    spread: 0.0
    type: gaussian
    adv: false
  eval:
    use_modified: true
    scale_noise: false
    noise_scale_factor: 2.0
    include_action_perturb: true
    include_reward_shift: true
    include_transition_perturb: true

[2025-04-17 22:17:50,723][__main__][INFO] - System information:
[2025-04-17 22:17:50,723][__main__][INFO] -   Platform: Linux-6.11.0-21-generic-x86_64-with-glibc2.39
[2025-04-17 22:17:50,724][__main__][INFO] -   Python: 3.12.2
[2025-04-17 22:17:50,724][__main__][INFO] -   PyTorch: 2.5.1
[2025-04-17 22:17:50,724][__main__][INFO] -   CUDA Available: True
[2025-04-17 22:17:50,724][__main__][INFO] -   CUDA Version: 12.4
[2025-04-17 22:17:50,724][__main__][INFO] -   GPU: NVIDIA GeForce GTX 1080 Ti
[2025-04-17 22:17:50,732][__main__][INFO] - Env: Pendulum-v1  state_dim: 3  action_dim: 1  max_a: 2.0  min_a: -2.0  max_e_steps: 200
[2025-04-17 22:17:50,733][__main__][INFO] - Random Seed: 42
[2025-04-17 22:17:50,733][__main__][INFO] - Models will be saved to models/FQI_model/PV1
[2025-04-17 22:20:11,264][__main__][INFO] - Configuration:
device: cuda
mode: offline
write: false
debug_print: false
render: false
load_model: false
load_path: None
eval_model: false
save_model: true
data_path: ./dataset/PV1/TD3/no_noise/eps0.5
seed: 42
eval_freq: 1000
eval_interval: 1000
save_interval: 1000
max_trn_steps: 10000
max_vae_trn_step: 2000
data_size: 1000000
d4rl: false
d4rl_v2: false
d4rl_expert: false
mixed: false
comment: ''
video: false
batch_size: 1000
gamma: 0.99
tau: 0.005
lmbda: 0.75
phi: 0.1
adam_eps: 1.0e-06
adam_lr: 0.0003
actor_lr: 0.001
critic_lr: 0.001
n_action: 100
n_action_execute: 100
backup: QL
ql_noise: 0.15
automatic_beta: false
beta_percentile: 2.0
beta: -0.4
vmin: 0
reward_adapt: true
robust: true
robust_optimizer: functional
rho: 1.0
noise: false
type: gaussian
adv: false
spread: 0.0
scale: 1.0
env_name: Pendulum-v1
env_index: 0
env_mods:
  use_mods: false
  observation_noise:
    enabled: false
    type: gaussian
    level: 0.1
    frequency: 1.0
  action_perturb:
    enabled: false
    type: noise
    probability: 0.1
    level: 0.1
  reward_shift:
    enabled: false
    type: scale
    param: 0.9
    noise_level: 0.1
  transition_perturb:
    enabled: false
    type: teleport
    probability: 0.05
    level: 0.1
  param_shift:
    enabled: false
    train_apply: false
    eval_apply: true
    g_factor: 1.0
    m_factor: 1.0
    l_factor: 1.0
    len_factor: 1.0
    force_mag_factor: 1.0
    gravity_factor: 1.0
    wind_power: 0.0
    turbulence_power: 0.0
    engine_factor: 1.0
  custom:
    enabled: false
    spread: 0.0
    type: gaussian
    adv: false
  eval:
    use_modified: true
    scale_noise: false
    noise_scale_factor: 2.0
    include_action_perturb: true
    include_reward_shift: true
    include_transition_perturb: true

[2025-04-17 22:20:11,309][__main__][INFO] - System information:
[2025-04-17 22:20:11,309][__main__][INFO] -   Platform: Linux-6.11.0-21-generic-x86_64-with-glibc2.39
[2025-04-17 22:20:11,309][__main__][INFO] -   Python: 3.12.2
[2025-04-17 22:20:11,309][__main__][INFO] -   PyTorch: 2.5.1
[2025-04-17 22:20:11,309][__main__][INFO] -   CUDA Available: True
[2025-04-17 22:20:11,310][__main__][INFO] -   CUDA Version: 12.4
[2025-04-17 22:20:11,310][__main__][INFO] -   GPU: NVIDIA GeForce GTX 1080 Ti
[2025-04-17 22:20:11,321][__main__][INFO] - Env: Pendulum-v1  state_dim: 3  action_dim: 1  max_a: 2.0  min_a: -2.0  max_e_steps: 200
[2025-04-17 22:20:11,322][__main__][INFO] - Random Seed: 42
[2025-04-17 22:20:11,322][__main__][INFO] - Models will be saved to models/FQI_model/PV1
[2025-04-17 22:46:51,915][__main__][INFO] - EnvName: PV1, Steps: 1k, Episode Reward: -1019.4800534482325
[2025-04-18 00:51:34,833][__main__][INFO] - EnvName: PV1, Steps: 2k, Episode Reward: -894.5230349465922
[2025-04-18 03:16:46,865][__main__][INFO] - EnvName: PV1, Steps: 3k, Episode Reward: -581.2707491409284
[2025-04-18 05:53:22,996][__main__][INFO] - EnvName: PV1, Steps: 4k, Episode Reward: -739.3272521125319
[2025-04-18 08:32:24,374][__main__][INFO] - EnvName: PV1, Steps: 5k, Episode Reward: -648.4996154843852
[2025-04-18 11:02:53,909][__main__][INFO] - EnvName: PV1, Steps: 6k, Episode Reward: -667.557009143279
[2025-04-18 13:24:43,647][__main__][INFO] - EnvName: PV1, Steps: 7k, Episode Reward: -661.3869856277754
[2025-04-18 15:30:00,487][__main__][INFO] - EnvName: PV1, Steps: 8k, Episode Reward: -489.4105839197675
[2025-04-18 18:09:54,816][__main__][INFO] - EnvName: PV1, Steps: 9k, Episode Reward: -545.3876699974481
[2025-04-18 20:42:58,501][__main__][INFO] - EnvName: PV1, Steps: 10k, Episode Reward: -508.7617662241184
[2025-04-18 20:42:58,522][__main__][INFO] - Training completed. Evaluating across 20 episodes
[2025-04-18 20:43:02,383][__main__][INFO] - Final evaluation - Mean: -739.27, Std: 250.12
[2025-04-18 20:43:02,383][__main__][INFO] - 90th percentile: -377.12, 10th percentile: -990.68
[2025-04-18 20:43:02,403][__main__][INFO] - Final model saved to models/SAC_model/PV1
