[2025-03-30 14:29:18,110][__main__][INFO] - System information:
[2025-03-30 14:29:18,111][__main__][INFO] -   Platform: Linux-6.11.0-19-generic-x86_64-with-glibc2.39
[2025-03-30 14:29:18,111][__main__][INFO] -   Python: 3.12.2
[2025-03-30 14:29:18,111][__main__][INFO] -   PyTorch: 2.5.1
[2025-03-30 14:29:18,111][__main__][INFO] -   CUDA Available: True
[2025-03-30 14:29:18,111][__main__][INFO] -   CUDA Version: 12.4
[2025-03-30 14:29:18,111][__main__][INFO] -   GPU: NVIDIA GeForce GTX 1080 Ti
[2025-03-30 14:29:18,116][__main__][INFO] - Env: Pendulum-v1  state_dim: 3  action_dim: 1  max_a: 2.0  min_a: -2.0  max_e_steps: 200
[2025-03-30 14:29:18,118][__main__][INFO] - Random Seed: 42
[2025-03-30 14:29:18,118][__main__][INFO] - Models will be saved to models/SAC_model/PV1
[2025-03-30 14:29:19,304][__main__][INFO] - Episode 1 completed with reward -1278.78 in 200 steps
[2025-03-30 14:29:19,469][__main__][INFO] - Episode 2 completed with reward -970.40 in 200 steps
[2025-03-30 14:29:19,633][__main__][INFO] - Episode 3 completed with reward -1375.05 in 200 steps
[2025-03-30 14:29:19,810][__main__][INFO] - Episode 4 completed with reward -911.18 in 200 steps
[2025-03-30 14:29:22,040][__main__][INFO] - EnvName: PV1, Steps: 1k, Episodes: 5, Episode Reward: -1460
[2025-03-30 14:29:22,040][__main__][INFO] - Episode 5 completed with reward -1571.30 in 200 steps
[2025-03-30 14:29:22,197][__main__][INFO] - Episode 6 completed with reward -1194.79 in 200 steps
[2025-03-30 14:29:22,371][__main__][INFO] - Episode 7 completed with reward -967.94 in 200 steps
[2025-03-30 14:29:22,530][__main__][INFO] - Episode 8 completed with reward -1255.74 in 200 steps
[2025-03-30 14:29:22,673][__main__][INFO] - Episode 9 completed with reward -1277.21 in 200 steps
[2025-03-30 14:29:24,964][__main__][INFO] - EnvName: PV1, Steps: 2k, Episodes: 10, Episode Reward: -1378
[2025-03-30 14:29:24,964][__main__][INFO] - Episode 10 completed with reward -1701.81 in 200 steps
[2025-03-30 14:29:25,154][__main__][INFO] - Episode 11 completed with reward -967.23 in 200 steps
[2025-03-30 14:29:25,329][__main__][INFO] - Episode 12 completed with reward -1782.59 in 200 steps
[2025-03-30 14:29:25,481][__main__][INFO] - Episode 13 completed with reward -1240.50 in 200 steps
[2025-03-30 14:29:25,662][__main__][INFO] - Episode 14 completed with reward -1242.27 in 200 steps
[2025-03-30 14:29:28,210][__main__][INFO] - EnvName: PV1, Steps: 3k, Episodes: 15, Episode Reward: -1386
[2025-03-30 14:29:28,211][__main__][INFO] - Episode 15 completed with reward -1345.63 in 200 steps
[2025-03-30 14:29:28,396][__main__][INFO] - Episode 16 completed with reward -1040.21 in 200 steps
[2025-03-30 14:29:28,581][__main__][INFO] - Episode 17 completed with reward -874.04 in 200 steps
[2025-03-30 14:29:28,727][__main__][INFO] - Episode 18 completed with reward -964.57 in 200 steps
[2025-03-30 14:29:28,917][__main__][INFO] - Episode 19 completed with reward -896.02 in 200 steps
[2025-03-30 14:29:31,534][__main__][INFO] - EnvName: PV1, Steps: 4k, Episodes: 20, Episode Reward: -1417
[2025-03-30 14:29:31,535][__main__][INFO] - Episode 20 completed with reward -885.24 in 200 steps
[2025-03-30 14:29:31,723][__main__][INFO] - Episode 21 completed with reward -976.24 in 200 steps
[2025-03-30 14:29:31,904][__main__][INFO] - Episode 22 completed with reward -884.61 in 200 steps
[2025-03-30 14:29:32,029][__main__][INFO] - Episode 23 completed with reward -1683.23 in 200 steps
[2025-03-30 14:29:32,215][__main__][INFO] - Episode 24 completed with reward -1493.47 in 200 steps
[2025-03-30 14:29:34,296][__main__][INFO] - EnvName: PV1, Steps: 5k, Episodes: 25, Episode Reward: -1380
[2025-03-30 14:29:34,296][__main__][INFO] - Episode 25 completed with reward -1696.38 in 200 steps
[2025-03-30 14:29:34,464][__main__][INFO] - Episode 26 completed with reward -855.11 in 200 steps
[2025-03-30 14:29:34,660][__main__][INFO] - Episode 27 completed with reward -900.98 in 200 steps
[2025-03-30 14:29:34,859][__main__][INFO] - Episode 28 completed with reward -1065.54 in 200 steps
[2025-03-30 14:29:35,049][__main__][INFO] - Episode 29 completed with reward -977.40 in 200 steps
[2025-03-30 14:29:37,340][__main__][INFO] - EnvName: PV1, Steps: 6k, Episodes: 30, Episode Reward: -1287
[2025-03-30 14:29:37,341][__main__][INFO] - Episode 30 completed with reward -1268.36 in 200 steps
[2025-03-30 14:29:37,485][__main__][INFO] - Episode 31 completed with reward -1402.82 in 200 steps
[2025-03-30 14:29:37,629][__main__][INFO] - Episode 32 completed with reward -1010.36 in 200 steps
[2025-03-30 14:29:37,760][__main__][INFO] - Episode 33 completed with reward -1435.33 in 200 steps
[2025-03-30 14:29:37,896][__main__][INFO] - Episode 34 completed with reward -1201.93 in 200 steps
[2025-03-30 14:29:39,749][__main__][INFO] - EnvName: PV1, Steps: 7k, Episodes: 35, Episode Reward: -1254
[2025-03-30 14:29:39,749][__main__][INFO] - Episode 35 completed with reward -1243.81 in 200 steps
[2025-03-30 14:29:39,883][__main__][INFO] - Episode 36 completed with reward -1150.36 in 200 steps
[2025-03-30 14:29:40,016][__main__][INFO] - Episode 37 completed with reward -979.20 in 200 steps
[2025-03-30 14:29:40,148][__main__][INFO] - Episode 38 completed with reward -1544.84 in 200 steps
[2025-03-30 14:29:40,279][__main__][INFO] - Episode 39 completed with reward -1273.91 in 200 steps
[2025-03-30 14:29:42,159][__main__][INFO] - EnvName: PV1, Steps: 8k, Episodes: 40, Episode Reward: -1384
[2025-03-30 14:29:42,160][__main__][INFO] - Episode 40 completed with reward -916.80 in 200 steps
[2025-03-30 14:29:42,291][__main__][INFO] - Episode 41 completed with reward -1855.31 in 200 steps
[2025-03-30 14:29:42,428][__main__][INFO] - Episode 42 completed with reward -846.64 in 200 steps
[2025-03-30 14:29:42,566][__main__][INFO] - Episode 43 completed with reward -1094.75 in 200 steps
[2025-03-30 14:29:42,696][__main__][INFO] - Episode 44 completed with reward -1612.86 in 200 steps
[2025-03-30 14:29:44,727][__main__][INFO] - EnvName: PV1, Steps: 9k, Episodes: 45, Episode Reward: -1372
[2025-03-30 14:29:44,728][__main__][INFO] - Episode 45 completed with reward -890.00 in 200 steps
[2025-03-30 14:29:44,913][__main__][INFO] - Episode 46 completed with reward -1138.72 in 200 steps
[2025-03-30 14:29:45,101][__main__][INFO] - Episode 47 completed with reward -1082.24 in 200 steps
[2025-03-30 14:29:45,254][__main__][INFO] - Episode 48 completed with reward -891.88 in 200 steps
[2025-03-30 14:29:45,400][__main__][INFO] - Episode 49 completed with reward -1117.03 in 200 steps
[2025-03-30 14:29:49,410][__main__][INFO] - EnvName: PV1, Steps: 10k, Episodes: 50, Episode Reward: -1276
[2025-03-30 14:29:49,414][__main__][INFO] - Episode 50 completed with reward -866.81 in 200 steps
[2025-03-30 14:29:59,630][__main__][INFO] - Episode 51 completed with reward -1160.77 in 200 steps
[2025-03-30 14:30:10,821][__main__][INFO] - Episode 52 completed with reward -1768.10 in 200 steps
[2025-03-30 14:30:21,403][__main__][INFO] - Episode 53 completed with reward -1482.61 in 200 steps
[2025-03-30 14:30:31,920][__main__][INFO] - Episode 54 completed with reward -1371.96 in 200 steps
[2025-03-30 14:30:43,484][__main__][INFO] - EnvName: PV1, Steps: 11k, Episodes: 55, Episode Reward: -1653
[2025-03-30 14:30:43,485][__main__][INFO] - Episode 55 completed with reward -1610.58 in 200 steps
[2025-03-30 14:30:53,245][__main__][INFO] - Episode 56 completed with reward -1406.31 in 200 steps
[2025-03-30 14:31:01,707][__main__][INFO] - Episode 57 completed with reward -1778.73 in 200 steps
[2025-03-30 14:31:11,850][__main__][INFO] - Episode 58 completed with reward -1030.30 in 200 steps
[2025-03-30 14:31:21,184][__main__][INFO] - Episode 59 completed with reward -1316.05 in 200 steps
[2025-03-30 14:31:33,179][__main__][INFO] - EnvName: PV1, Steps: 12k, Episodes: 60, Episode Reward: -1201
[2025-03-30 14:31:33,180][__main__][INFO] - Episode 60 completed with reward -1414.19 in 200 steps
[2025-03-30 14:31:43,674][__main__][INFO] - Episode 61 completed with reward -1299.65 in 200 steps
[2025-03-30 14:31:54,054][__main__][INFO] - Episode 62 completed with reward -885.51 in 200 steps
[2025-03-30 14:32:03,836][__main__][INFO] - Episode 63 completed with reward -1096.24 in 200 steps
[2025-03-30 14:32:12,733][__main__][INFO] - Episode 64 completed with reward -581.27 in 200 steps
[2025-03-30 14:32:25,519][__main__][INFO] - EnvName: PV1, Steps: 13k, Episodes: 65, Episode Reward: -792
[2025-03-30 14:32:25,520][__main__][INFO] - Episode 65 completed with reward -733.02 in 200 steps
[2025-03-30 14:32:36,345][__main__][INFO] - Episode 66 completed with reward -762.87 in 200 steps
[2025-03-30 14:32:47,190][__main__][INFO] - Episode 67 completed with reward -571.09 in 200 steps
[2025-03-30 14:32:57,580][__main__][INFO] - Episode 68 completed with reward -990.55 in 200 steps
[2025-03-30 14:33:08,619][__main__][INFO] - Episode 69 completed with reward -1037.08 in 200 steps
[2025-03-30 14:33:21,902][__main__][INFO] - EnvName: PV1, Steps: 14k, Episodes: 70, Episode Reward: -1038
[2025-03-30 14:33:21,903][__main__][INFO] - Episode 70 completed with reward -496.70 in 200 steps
[2025-03-30 14:33:31,892][__main__][INFO] - Episode 71 completed with reward -640.60 in 200 steps
[2025-03-30 14:33:41,805][__main__][INFO] - Episode 72 completed with reward -963.40 in 200 steps
[2025-03-30 14:33:50,610][__main__][INFO] - Episode 73 completed with reward -513.45 in 200 steps
[2025-03-30 14:33:59,758][__main__][INFO] - Episode 74 completed with reward -1235.12 in 200 steps
[2025-03-30 14:34:10,895][__main__][INFO] - EnvName: PV1, Steps: 15k, Episodes: 75, Episode Reward: -809
[2025-03-30 14:34:10,895][__main__][INFO] - Episode 75 completed with reward -371.66 in 200 steps
[2025-03-30 14:34:21,774][__main__][INFO] - Episode 76 completed with reward -1055.80 in 200 steps
[2025-03-30 14:34:31,582][__main__][INFO] - Episode 77 completed with reward -353.10 in 200 steps
[2025-03-30 14:34:41,853][__main__][INFO] - Episode 78 completed with reward -890.95 in 200 steps
[2025-03-30 14:34:52,315][__main__][INFO] - Episode 79 completed with reward -513.99 in 200 steps
[2025-03-30 14:35:05,209][__main__][INFO] - EnvName: PV1, Steps: 16k, Episodes: 80, Episode Reward: -754
[2025-03-30 14:35:05,210][__main__][INFO] - Episode 80 completed with reward -1082.20 in 200 steps
[2025-03-30 14:35:15,186][__main__][INFO] - Episode 81 completed with reward -1018.54 in 200 steps
[2025-03-30 14:35:25,060][__main__][INFO] - Episode 82 completed with reward -127.27 in 200 steps
[2025-03-30 14:35:35,032][__main__][INFO] - Episode 83 completed with reward -119.96 in 200 steps
[2025-03-30 14:35:45,262][__main__][INFO] - Episode 84 completed with reward -240.26 in 200 steps
[2025-03-30 14:35:56,097][__main__][INFO] - EnvName: PV1, Steps: 17k, Episodes: 85, Episode Reward: -653
[2025-03-30 14:35:56,098][__main__][INFO] - Episode 85 completed with reward -446.12 in 200 steps
[2025-03-30 14:36:05,896][__main__][INFO] - Episode 86 completed with reward -354.63 in 200 steps
[2025-03-30 14:36:16,218][__main__][INFO] - Episode 87 completed with reward -256.01 in 200 steps
[2025-03-30 14:36:26,321][__main__][INFO] - Episode 88 completed with reward -1224.26 in 200 steps
[2025-03-30 14:36:37,115][__main__][INFO] - Episode 89 completed with reward -1371.24 in 200 steps
[2025-03-30 14:36:49,656][__main__][INFO] - EnvName: PV1, Steps: 18k, Episodes: 90, Episode Reward: -696
[2025-03-30 14:36:49,656][__main__][INFO] - Episode 90 completed with reward -125.23 in 200 steps
[2025-03-30 14:36:59,795][__main__][INFO] - Episode 91 completed with reward -248.72 in 200 steps
[2025-03-30 14:37:09,965][__main__][INFO] - Episode 92 completed with reward -367.69 in 200 steps
[2025-03-30 14:37:20,095][__main__][INFO] - Episode 93 completed with reward -373.32 in 200 steps
[2025-03-30 14:37:30,150][__main__][INFO] - Episode 94 completed with reward -1.61 in 200 steps
[2025-03-30 14:37:42,430][__main__][INFO] - EnvName: PV1, Steps: 19k, Episodes: 95, Episode Reward: -485
[2025-03-30 14:37:42,431][__main__][INFO] - Episode 95 completed with reward -235.62 in 200 steps
[2025-03-30 14:37:52,701][__main__][INFO] - Episode 96 completed with reward -244.84 in 200 steps
[2025-03-30 14:38:01,588][__main__][INFO] - Episode 97 completed with reward -126.07 in 200 steps
[2025-03-30 14:38:10,708][__main__][INFO] - Episode 98 completed with reward -906.00 in 200 steps
[2025-03-30 14:38:19,675][__main__][INFO] - Episode 99 completed with reward -122.92 in 200 steps
[2025-03-30 14:38:32,474][__main__][INFO] - EnvName: PV1, Steps: 20k, Episodes: 100, Episode Reward: -248
[2025-03-30 14:38:32,479][__main__][INFO] - Episode 100 completed with reward -118.54 in 200 steps
[2025-03-30 14:38:42,304][__main__][INFO] - Episode 101 completed with reward -346.41 in 200 steps
[2025-03-30 14:38:51,460][__main__][INFO] - Episode 102 completed with reward -3.13 in 200 steps
[2025-03-30 14:39:02,129][__main__][INFO] - Episode 103 completed with reward -126.38 in 200 steps
[2025-03-30 14:39:13,114][__main__][INFO] - Episode 104 completed with reward -127.60 in 200 steps
[2025-03-30 14:39:25,971][__main__][INFO] - EnvName: PV1, Steps: 21k, Episodes: 105, Episode Reward: -160
[2025-03-30 14:39:25,971][__main__][INFO] - Episode 105 completed with reward -121.55 in 200 steps
[2025-03-30 14:39:36,286][__main__][INFO] - Episode 106 completed with reward -346.62 in 200 steps
[2025-03-30 14:39:46,854][__main__][INFO] - Episode 107 completed with reward -126.00 in 200 steps
[2025-03-30 14:39:58,557][__main__][INFO] - Episode 108 completed with reward -234.62 in 200 steps
[2025-03-30 14:40:09,268][__main__][INFO] - Episode 109 completed with reward -334.43 in 200 steps
[2025-03-30 14:40:20,732][__main__][INFO] - EnvName: PV1, Steps: 22k, Episodes: 110, Episode Reward: -156
[2025-03-30 14:40:20,733][__main__][INFO] - Episode 110 completed with reward -0.78 in 200 steps
[2025-03-30 14:40:31,560][__main__][INFO] - Episode 111 completed with reward -118.42 in 200 steps
[2025-03-30 14:40:41,339][__main__][INFO] - Episode 112 completed with reward -236.94 in 200 steps
[2025-03-30 14:40:51,844][__main__][INFO] - Episode 113 completed with reward -126.07 in 200 steps
[2025-03-30 14:41:02,290][__main__][INFO] - Episode 114 completed with reward -124.60 in 200 steps
[2025-03-30 14:41:13,057][__main__][INFO] - EnvName: PV1, Steps: 23k, Episodes: 115, Episode Reward: -146
[2025-03-30 14:41:13,057][__main__][INFO] - Episode 115 completed with reward -235.53 in 200 steps
[2025-03-30 14:41:23,839][__main__][INFO] - Episode 116 completed with reward -127.24 in 200 steps
[2025-03-30 14:41:34,875][__main__][INFO] - Episode 117 completed with reward -352.66 in 200 steps
[2025-03-30 14:41:44,706][__main__][INFO] - Episode 118 completed with reward -118.14 in 200 steps
[2025-03-30 14:41:54,561][__main__][INFO] - Episode 119 completed with reward -3.68 in 200 steps
[2025-03-30 14:42:06,507][__main__][INFO] - EnvName: PV1, Steps: 24k, Episodes: 120, Episode Reward: -181
[2025-03-30 14:42:06,507][__main__][INFO] - Episode 120 completed with reward -1.15 in 200 steps
[2025-03-30 14:42:15,925][__main__][INFO] - Episode 121 completed with reward -230.28 in 200 steps
[2025-03-30 14:42:26,371][__main__][INFO] - Episode 122 completed with reward -124.17 in 200 steps
[2025-03-30 14:42:36,931][__main__][INFO] - Episode 123 completed with reward -236.44 in 200 steps
[2025-03-30 14:42:47,344][__main__][INFO] - Episode 124 completed with reward -1.02 in 200 steps
[2025-03-30 14:43:00,400][__main__][INFO] - EnvName: PV1, Steps: 25k, Episodes: 125, Episode Reward: -120
[2025-03-30 14:43:00,401][__main__][INFO] - Episode 125 completed with reward -123.06 in 200 steps
[2025-03-30 14:43:11,100][__main__][INFO] - Episode 126 completed with reward -241.37 in 200 steps
[2025-03-30 14:43:21,280][__main__][INFO] - Episode 127 completed with reward -118.65 in 200 steps
[2025-03-30 14:43:31,518][__main__][INFO] - Episode 128 completed with reward -0.85 in 200 steps
[2025-03-30 14:43:40,539][__main__][INFO] - Episode 129 completed with reward -115.76 in 200 steps
[2025-03-30 14:43:53,106][__main__][INFO] - EnvName: PV1, Steps: 26k, Episodes: 130, Episode Reward: -141
[2025-03-30 14:43:53,106][__main__][INFO] - Episode 130 completed with reward -242.01 in 200 steps
[2025-03-30 14:44:03,824][__main__][INFO] - Episode 131 completed with reward -124.36 in 200 steps
[2025-03-30 14:44:14,269][__main__][INFO] - Episode 132 completed with reward -235.55 in 200 steps
[2025-03-30 14:44:24,410][__main__][INFO] - Episode 133 completed with reward -232.83 in 200 steps
[2025-03-30 14:44:34,039][__main__][INFO] - Episode 134 completed with reward -127.74 in 200 steps
[2025-03-30 14:44:43,871][__main__][INFO] - EnvName: PV1, Steps: 27k, Episodes: 135, Episode Reward: -141
[2025-03-30 14:44:43,871][__main__][INFO] - Episode 135 completed with reward -245.43 in 200 steps
[2025-03-30 14:44:54,237][__main__][INFO] - Episode 136 completed with reward -0.76 in 200 steps
[2025-03-30 14:45:03,792][__main__][INFO] - Episode 137 completed with reward -121.59 in 200 steps
[2025-03-30 14:45:12,773][__main__][INFO] - Episode 138 completed with reward -231.19 in 200 steps
[2025-03-30 14:45:22,333][__main__][INFO] - Episode 139 completed with reward -125.48 in 200 steps
[2025-03-30 14:45:35,850][__main__][INFO] - EnvName: PV1, Steps: 28k, Episodes: 140, Episode Reward: -134
[2025-03-30 14:45:35,851][__main__][INFO] - Episode 140 completed with reward -119.18 in 200 steps
[2025-03-30 14:45:45,150][__main__][INFO] - Episode 141 completed with reward -120.33 in 200 steps
[2025-03-30 14:45:55,323][__main__][INFO] - Episode 142 completed with reward -223.57 in 200 steps
[2025-03-30 14:46:04,902][__main__][INFO] - Episode 143 completed with reward -358.02 in 200 steps
[2025-03-30 14:46:14,099][__main__][INFO] - Episode 144 completed with reward -120.49 in 200 steps
[2025-03-30 14:46:26,135][__main__][INFO] - EnvName: PV1, Steps: 29k, Episodes: 145, Episode Reward: -142
[2025-03-30 14:46:26,135][__main__][INFO] - Episode 145 completed with reward -2.11 in 200 steps
[2025-03-30 14:46:36,634][__main__][INFO] - Episode 146 completed with reward -117.88 in 200 steps
[2025-03-30 14:46:46,413][__main__][INFO] - Episode 147 completed with reward -237.52 in 200 steps
[2025-03-30 14:46:56,909][__main__][INFO] - Episode 148 completed with reward -0.84 in 200 steps
[2025-03-30 14:47:07,221][__main__][INFO] - Episode 149 completed with reward -0.90 in 200 steps
[2025-03-30 14:47:16,980][__main__][INFO] - EnvName: PV1, Steps: 30k, Episodes: 150, Episode Reward: -131
[2025-03-30 14:47:16,985][__main__][INFO] - Episode 150 completed with reward -231.24 in 200 steps
[2025-03-30 14:47:27,622][__main__][INFO] - Episode 151 completed with reward -121.09 in 200 steps
[2025-03-30 14:47:36,793][__main__][INFO] - Episode 152 completed with reward -0.72 in 200 steps
[2025-03-30 14:47:47,367][__main__][INFO] - Episode 153 completed with reward -235.40 in 200 steps
[2025-03-30 14:47:57,908][__main__][INFO] - Episode 154 completed with reward -222.45 in 200 steps
[2025-03-30 14:48:08,891][__main__][INFO] - EnvName: PV1, Steps: 31k, Episodes: 155, Episode Reward: -157
[2025-03-30 14:48:08,891][__main__][INFO] - Episode 155 completed with reward -238.75 in 200 steps
[2025-03-30 14:48:17,533][__main__][INFO] - Episode 156 completed with reward -227.88 in 200 steps
[2025-03-30 14:48:26,666][__main__][INFO] - Episode 157 completed with reward -115.29 in 200 steps
[2025-03-30 14:48:37,345][__main__][INFO] - Episode 158 completed with reward -120.57 in 200 steps
[2025-03-30 14:48:47,564][__main__][INFO] - Episode 159 completed with reward -122.14 in 200 steps
[2025-03-30 14:48:59,605][__main__][INFO] - EnvName: PV1, Steps: 32k, Episodes: 160, Episode Reward: -174
[2025-03-30 14:48:59,605][__main__][INFO] - Episode 160 completed with reward -352.37 in 200 steps
[2025-03-30 14:49:08,509][__main__][INFO] - Episode 161 completed with reward -121.34 in 200 steps
[2025-03-30 14:49:19,101][__main__][INFO] - Episode 162 completed with reward -118.39 in 200 steps
[2025-03-30 14:49:29,129][__main__][INFO] - Episode 163 completed with reward -2.29 in 200 steps
[2025-03-30 14:49:40,300][__main__][INFO] - Episode 164 completed with reward -241.12 in 200 steps
[2025-03-30 14:49:53,610][__main__][INFO] - EnvName: PV1, Steps: 33k, Episodes: 165, Episode Reward: -131
[2025-03-30 14:49:53,611][__main__][INFO] - Episode 165 completed with reward -240.52 in 200 steps
[2025-03-30 14:50:02,695][__main__][INFO] - Episode 166 completed with reward -118.82 in 200 steps
[2025-03-30 14:50:11,737][__main__][INFO] - Episode 167 completed with reward -229.28 in 200 steps
[2025-03-30 14:50:22,767][__main__][INFO] - Episode 168 completed with reward -118.77 in 200 steps
[2025-03-30 14:50:32,589][__main__][INFO] - Episode 169 completed with reward -118.73 in 200 steps
[2025-03-30 14:50:44,797][__main__][INFO] - EnvName: PV1, Steps: 34k, Episodes: 170, Episode Reward: -152
[2025-03-30 14:50:44,798][__main__][INFO] - Episode 170 completed with reward -3.14 in 200 steps
[2025-03-30 14:50:54,998][__main__][INFO] - Episode 171 completed with reward -2.69 in 200 steps
[2025-03-30 14:51:04,546][__main__][INFO] - Episode 172 completed with reward -121.11 in 200 steps
[2025-03-30 14:51:15,350][__main__][INFO] - Episode 173 completed with reward -232.32 in 200 steps
[2025-03-30 14:51:25,793][__main__][INFO] - Episode 174 completed with reward -251.48 in 200 steps
[2025-03-30 14:51:38,966][__main__][INFO] - EnvName: PV1, Steps: 35k, Episodes: 175, Episode Reward: -168
[2025-03-30 14:51:38,967][__main__][INFO] - Episode 175 completed with reward -230.81 in 200 steps
[2025-03-30 14:51:48,755][__main__][INFO] - Episode 176 completed with reward -236.29 in 200 steps
[2025-03-30 14:51:59,319][__main__][INFO] - Episode 177 completed with reward -353.50 in 200 steps
[2025-03-30 14:52:09,620][__main__][INFO] - Episode 178 completed with reward -120.46 in 200 steps
[2025-03-30 14:52:18,409][__main__][INFO] - Episode 179 completed with reward -240.37 in 200 steps
[2025-03-30 14:52:27,974][__main__][INFO] - EnvName: PV1, Steps: 36k, Episodes: 180, Episode Reward: -233
[2025-03-30 14:52:27,975][__main__][INFO] - Episode 180 completed with reward -128.51 in 200 steps
[2025-03-30 14:52:38,273][__main__][INFO] - Episode 181 completed with reward -124.52 in 200 steps
[2025-03-30 14:52:48,701][__main__][INFO] - Episode 182 completed with reward -236.81 in 200 steps
[2025-03-30 14:52:58,349][__main__][INFO] - Episode 183 completed with reward -0.92 in 200 steps
[2025-03-30 14:53:07,990][__main__][INFO] - Episode 184 completed with reward -123.99 in 200 steps
[2025-03-30 14:53:20,314][__main__][INFO] - EnvName: PV1, Steps: 37k, Episodes: 185, Episode Reward: -172
[2025-03-30 14:53:20,315][__main__][INFO] - Episode 185 completed with reward -119.67 in 200 steps
[2025-03-30 14:53:31,599][__main__][INFO] - Episode 186 completed with reward -0.40 in 200 steps
[2025-03-30 14:53:41,886][__main__][INFO] - Episode 187 completed with reward -120.93 in 200 steps
[2025-03-30 14:53:52,689][__main__][INFO] - Episode 188 completed with reward -229.74 in 200 steps
[2025-03-30 14:54:02,661][__main__][INFO] - Episode 189 completed with reward -352.70 in 200 steps
[2025-03-30 14:54:13,064][__main__][INFO] - EnvName: PV1, Steps: 38k, Episodes: 190, Episode Reward: -84
[2025-03-30 14:54:13,064][__main__][INFO] - Episode 190 completed with reward -125.32 in 200 steps
[2025-03-30 14:54:23,382][__main__][INFO] - Episode 191 completed with reward -124.73 in 200 steps
[2025-03-30 14:54:34,112][__main__][INFO] - Episode 192 completed with reward -234.16 in 200 steps
[2025-03-30 14:54:44,778][__main__][INFO] - Episode 193 completed with reward -118.18 in 200 steps
[2025-03-30 14:54:55,423][__main__][INFO] - Episode 194 completed with reward -0.52 in 200 steps
[2025-03-30 14:55:07,828][__main__][INFO] - EnvName: PV1, Steps: 39k, Episodes: 195, Episode Reward: -59
[2025-03-30 14:55:07,828][__main__][INFO] - Episode 195 completed with reward -120.34 in 200 steps
[2025-03-30 14:55:17,941][__main__][INFO] - Episode 196 completed with reward -1.14 in 200 steps
[2025-03-30 14:55:28,790][__main__][INFO] - Episode 197 completed with reward -3.56 in 200 steps
[2025-03-30 14:55:39,066][__main__][INFO] - Episode 198 completed with reward -344.38 in 200 steps
[2025-03-30 14:55:49,290][__main__][INFO] - Episode 199 completed with reward -122.34 in 200 steps
[2025-03-30 14:56:02,079][__main__][INFO] - EnvName: PV1, Steps: 40k, Episodes: 200, Episode Reward: -140
[2025-03-30 14:56:02,084][__main__][INFO] - Episode 200 completed with reward -116.53 in 200 steps
[2025-03-30 14:56:11,960][__main__][INFO] - Episode 201 completed with reward -243.73 in 200 steps
[2025-03-30 14:56:22,269][__main__][INFO] - Episode 202 completed with reward -0.63 in 200 steps
[2025-03-30 14:56:32,675][__main__][INFO] - Episode 203 completed with reward -229.68 in 200 steps
[2025-03-30 14:56:42,738][__main__][INFO] - Episode 204 completed with reward -124.80 in 200 steps
[2025-03-30 14:56:54,498][__main__][INFO] - EnvName: PV1, Steps: 41k, Episodes: 205, Episode Reward: -95
[2025-03-30 14:56:54,499][__main__][INFO] - Episode 205 completed with reward -116.55 in 200 steps
[2025-03-30 14:57:05,409][__main__][INFO] - Episode 206 completed with reward -116.14 in 200 steps
[2025-03-30 14:57:16,111][__main__][INFO] - Episode 207 completed with reward -120.87 in 200 steps
[2025-03-30 14:57:26,827][__main__][INFO] - Episode 208 completed with reward -220.94 in 200 steps
[2025-03-30 14:57:36,167][__main__][INFO] - Episode 209 completed with reward -118.54 in 200 steps
[2025-03-30 14:57:48,451][__main__][INFO] - EnvName: PV1, Steps: 42k, Episodes: 210, Episode Reward: -168
[2025-03-30 14:57:48,452][__main__][INFO] - Episode 210 completed with reward -125.48 in 200 steps
[2025-03-30 14:57:58,881][__main__][INFO] - Episode 211 completed with reward -4.23 in 200 steps
[2025-03-30 14:58:09,613][__main__][INFO] - Episode 212 completed with reward -118.68 in 200 steps
[2025-03-30 14:58:20,143][__main__][INFO] - Episode 213 completed with reward -1.80 in 200 steps
[2025-03-30 14:58:30,262][__main__][INFO] - Episode 214 completed with reward -117.52 in 200 steps
[2025-03-30 14:58:41,279][__main__][INFO] - EnvName: PV1, Steps: 43k, Episodes: 215, Episode Reward: -142
[2025-03-30 14:58:41,280][__main__][INFO] - Episode 215 completed with reward -116.91 in 200 steps
[2025-03-30 14:58:52,170][__main__][INFO] - Episode 216 completed with reward -116.15 in 200 steps
[2025-03-30 14:59:02,052][__main__][INFO] - Episode 217 completed with reward -122.41 in 200 steps
[2025-03-30 14:59:13,399][__main__][INFO] - Episode 218 completed with reward -123.92 in 200 steps
[2025-03-30 14:59:22,973][__main__][INFO] - Episode 219 completed with reward -227.60 in 200 steps
[2025-03-30 14:59:34,275][__main__][INFO] - EnvName: PV1, Steps: 44k, Episodes: 220, Episode Reward: -118
[2025-03-30 14:59:34,276][__main__][INFO] - Episode 220 completed with reward -121.71 in 200 steps
[2025-03-30 14:59:44,142][__main__][INFO] - Episode 221 completed with reward -118.12 in 200 steps
[2025-03-30 14:59:54,600][__main__][INFO] - Episode 222 completed with reward -120.28 in 200 steps
[2025-03-30 15:00:05,485][__main__][INFO] - Episode 223 completed with reward -123.18 in 200 steps
[2025-03-30 15:00:14,361][__main__][INFO] - Episode 224 completed with reward -119.08 in 200 steps
[2025-03-30 15:00:25,989][__main__][INFO] - EnvName: PV1, Steps: 45k, Episodes: 225, Episode Reward: -179
[2025-03-30 15:00:25,989][__main__][INFO] - Episode 225 completed with reward -116.62 in 200 steps
[2025-03-30 15:00:34,729][__main__][INFO] - Episode 226 completed with reward -126.67 in 200 steps
[2025-03-30 15:00:44,562][__main__][INFO] - Episode 227 completed with reward -235.80 in 200 steps
[2025-03-30 15:00:53,553][__main__][INFO] - Episode 228 completed with reward -120.05 in 200 steps
[2025-03-30 15:01:03,019][__main__][INFO] - Episode 229 completed with reward -125.29 in 200 steps
[2025-03-30 15:01:16,128][__main__][INFO] - EnvName: PV1, Steps: 46k, Episodes: 230, Episode Reward: -157
[2025-03-30 15:01:16,129][__main__][INFO] - Episode 230 completed with reward -114.74 in 200 steps
[2025-03-30 15:01:26,583][__main__][INFO] - Episode 231 completed with reward -125.47 in 200 steps
[2025-03-30 15:01:35,927][__main__][INFO] - Episode 232 completed with reward -119.33 in 200 steps
[2025-03-30 15:01:46,394][__main__][INFO] - Episode 233 completed with reward -327.26 in 200 steps
[2025-03-30 15:01:55,672][__main__][INFO] - Episode 234 completed with reward -226.41 in 200 steps
[2025-03-30 15:02:05,491][__main__][INFO] - EnvName: PV1, Steps: 47k, Episodes: 235, Episode Reward: -198
[2025-03-30 15:02:05,492][__main__][INFO] - Episode 235 completed with reward -122.46 in 200 steps
[2025-03-30 15:02:15,028][__main__][INFO] - Episode 236 completed with reward -0.48 in 200 steps
[2025-03-30 15:02:24,476][__main__][INFO] - Episode 237 completed with reward -120.12 in 200 steps
[2025-03-30 15:02:34,803][__main__][INFO] - Episode 238 completed with reward -279.55 in 200 steps
[2025-03-30 15:02:43,613][__main__][INFO] - Episode 239 completed with reward -337.61 in 200 steps
[2025-03-30 15:02:54,901][__main__][INFO] - EnvName: PV1, Steps: 48k, Episodes: 240, Episode Reward: -150
[2025-03-30 15:02:54,902][__main__][INFO] - Episode 240 completed with reward -1.28 in 200 steps
[2025-03-30 15:03:03,408][__main__][INFO] - Episode 241 completed with reward -123.60 in 200 steps
[2025-03-30 15:03:14,301][__main__][INFO] - Episode 242 completed with reward -118.46 in 200 steps
[2025-03-30 15:03:24,414][__main__][INFO] - Episode 243 completed with reward -125.01 in 200 steps
[2025-03-30 15:03:34,617][__main__][INFO] - Episode 244 completed with reward -228.81 in 200 steps
[2025-03-30 15:03:46,091][__main__][INFO] - EnvName: PV1, Steps: 49k, Episodes: 245, Episode Reward: -142
[2025-03-30 15:03:46,092][__main__][INFO] - Episode 245 completed with reward -2.10 in 200 steps
[2025-03-30 15:03:54,491][__main__][INFO] - Episode 246 completed with reward -239.99 in 200 steps
[2025-03-30 15:04:01,290][__main__][INFO] - Episode 247 completed with reward -118.53 in 200 steps
[2025-03-30 15:04:09,626][__main__][INFO] - Episode 248 completed with reward -124.57 in 200 steps
[2025-03-30 15:04:16,290][__main__][INFO] - Episode 249 completed with reward -123.27 in 200 steps
[2025-03-30 15:04:23,657][__main__][INFO] - EnvName: PV1, Steps: 50k, Episodes: 250, Episode Reward: -143
[2025-03-30 15:04:23,662][__main__][INFO] - Episode 250 completed with reward -117.00 in 200 steps
[2025-03-30 15:04:23,662][__main__][INFO] - Training completed. Evaluating across 20 episodes
[2025-03-30 15:04:25,772][__main__][INFO] - Final evaluation - Mean: -143.70, Std: 83.20
[2025-03-30 15:04:25,772][__main__][INFO] - 90th percentile: -101.70, 10th percentile: -241.40
[2025-03-30 15:04:25,777][__main__][INFO] - Final model saved to models/SAC_model/PV1
