[2025-04-17 21:24:27,498][__main__][INFO] - Configuration:
device: cuda
mode: continual
model: TD3
write: false
debug_print: false
render: false
load_model: false
load_path: None
eval_model: false
save_model: true
data_path: None
epsilon: 0.1
seed: 42
max_train_steps: 100000
save_interval: 10000
eval_interval: 1000
update_every: 10
explore_episode: 50
gamma: 0.99
tau: 0.005
net_arch:
- 256
- 256
net_layer: 1
a_lr: 0.005
c_lr: 5.0e-05
l2_reg: 0
batch_size: 256
reward_adapt: true
noise: false
type: gaussian
adv: false
spread: 0.0
scale: 1.0
delta: 0.0
env_name: ContinuousCartPole
env_index: 1
env_mods:
  use_mods: false
  observation_noise:
    enabled: false
    type: gaussian
    level: 0.1
    frequency: 1.0
  action_perturb:
    enabled: false
    type: noise
    probability: 0.1
    level: 0.1
  reward_shift:
    enabled: false
    type: scale
    param: 0.9
    noise_level: 0.1
  transition_perturb:
    enabled: false
    type: teleport
    probability: 0.05
    level: 0.1
  param_shift:
    enabled: false
    train_apply: false
    eval_apply: true
    g_factor: 1.0
    m_factor: 1.0
    l_factor: 1.0
    len_factor: 1.0
    force_mag_factor: 1.0
    gravity_factor: 1.0
    wind_power: 0.0
    turbulence_power: 0.0
    engine_factor: 1.0
  custom:
    enabled: false
    spread: 0.0
    type: gaussian
    adv: false
  eval:
    use_modified: true
    scale_noise: false
    noise_scale_factor: 2.0
    include_action_perturb: true
    include_reward_shift: true
    include_transition_perturb: true

[2025-04-17 21:24:27,571][__main__][INFO] - System information:
[2025-04-17 21:24:27,571][__main__][INFO] -   Platform: Linux-6.11.0-21-generic-x86_64-with-glibc2.10
[2025-04-17 21:24:27,571][__main__][INFO] -   Python: 3.8.19
[2025-04-17 21:24:27,571][__main__][INFO] -   PyTorch: 2.4.1+cu121
[2025-04-17 21:24:27,571][__main__][INFO] -   CUDA Available: True
[2025-04-17 21:24:27,571][__main__][INFO] -   CUDA Version: 12.1
[2025-04-17 21:24:27,571][__main__][INFO] -   GPU: NVIDIA GeForce GTX 1080 Ti
[2025-04-17 21:24:27,578][__main__][INFO] - Env: ContinuousCartPole-v0  state_dim: 4  action_dim: 1  max_a: 1.0  min_a: -1.0  max_e_steps: 500
[2025-04-17 21:24:27,579][__main__][INFO] - Random Seed: 42
[2025-04-17 21:24:27,579][__main__][INFO] - Models will be saved to models/d3rl_model/CPV0
[2025-04-17 21:44:10,439][__main__][INFO] - Training completed. Evaluating across 20 episodes
[2025-04-17 21:44:15,139][__main__][INFO] - Final evaluation - Mean: 500.00, Std: 0.00
[2025-04-17 21:44:15,139][__main__][INFO] - 90th percentile: 500.00, 10th percentile: 500.00
