[2025-03-29 22:48:12,323][__main__][INFO] - System information:
[2025-03-29 22:48:12,323][__main__][INFO] -   Platform: Linux-6.11.0-19-generic-x86_64-with-glibc2.39
[2025-03-29 22:48:12,323][__main__][INFO] -   Python: 3.12.2
[2025-03-29 22:48:12,324][__main__][INFO] -   PyTorch: 2.5.1
[2025-03-29 22:48:12,324][__main__][INFO] -   CUDA Available: True
[2025-03-29 22:48:12,324][__main__][INFO] -   CUDA Version: 12.4
[2025-03-29 22:48:12,324][__main__][INFO] -   GPU: NVIDIA GeForce GTX 1080 Ti
[2025-03-29 22:48:12,331][__main__][INFO] - Env: Pendulum-v1  state_dim: 3  action_dim: 1  max_a: 2.0  min_a: -2.0  max_e_steps: 200
[2025-03-29 22:48:12,332][__main__][INFO] - Random Seed: 42
[2025-03-29 22:48:12,333][__main__][INFO] - Models will be saved to models/SAC_model/PV1
[2025-03-29 22:48:13,484][__main__][INFO] - Episode 1 completed with reward -1278.78 in 200 steps
[2025-03-29 22:48:13,608][__main__][INFO] - Episode 2 completed with reward -970.40 in 200 steps
[2025-03-29 22:48:13,724][__main__][INFO] - Episode 3 completed with reward -1375.05 in 200 steps
[2025-03-29 22:48:13,836][__main__][INFO] - Episode 4 completed with reward -911.18 in 200 steps
[2025-03-29 22:48:15,368][__main__][INFO] - EnvName: PV1, Steps: 1k, Episodes: 5, Episode Reward: -1432
[2025-03-29 22:48:15,368][__main__][INFO] - Episode 5 completed with reward -1571.30 in 200 steps
[2025-03-29 22:48:15,482][__main__][INFO] - Episode 6 completed with reward -1194.79 in 200 steps
[2025-03-29 22:48:15,598][__main__][INFO] - Episode 7 completed with reward -967.94 in 200 steps
[2025-03-29 22:48:15,715][__main__][INFO] - Episode 8 completed with reward -1255.74 in 200 steps
[2025-03-29 22:48:15,828][__main__][INFO] - Episode 9 completed with reward -1277.21 in 200 steps
[2025-03-29 22:48:17,429][__main__][INFO] - EnvName: PV1, Steps: 2k, Episodes: 10, Episode Reward: -1483
[2025-03-29 22:48:17,430][__main__][INFO] - Episode 10 completed with reward -1701.81 in 200 steps
[2025-03-29 22:48:17,549][__main__][INFO] - Episode 11 completed with reward -967.23 in 200 steps
[2025-03-29 22:48:17,663][__main__][INFO] - Episode 12 completed with reward -1782.59 in 200 steps
[2025-03-29 22:48:17,773][__main__][INFO] - Episode 13 completed with reward -1240.50 in 200 steps
[2025-03-29 22:48:17,886][__main__][INFO] - Episode 14 completed with reward -1242.27 in 200 steps
[2025-03-29 22:48:19,361][__main__][INFO] - EnvName: PV1, Steps: 3k, Episodes: 15, Episode Reward: -1391
[2025-03-29 22:48:19,361][__main__][INFO] - Episode 15 completed with reward -1345.63 in 200 steps
[2025-03-29 22:48:19,472][__main__][INFO] - Episode 16 completed with reward -1040.21 in 200 steps
[2025-03-29 22:48:19,585][__main__][INFO] - Episode 17 completed with reward -874.04 in 200 steps
[2025-03-29 22:48:19,694][__main__][INFO] - Episode 18 completed with reward -964.57 in 200 steps
[2025-03-29 22:48:19,800][__main__][INFO] - Episode 19 completed with reward -896.02 in 200 steps
[2025-03-29 22:48:21,281][__main__][INFO] - EnvName: PV1, Steps: 4k, Episodes: 20, Episode Reward: -1445
[2025-03-29 22:48:21,282][__main__][INFO] - Episode 20 completed with reward -885.24 in 200 steps
[2025-03-29 22:48:21,388][__main__][INFO] - Episode 21 completed with reward -976.24 in 200 steps
[2025-03-29 22:48:21,494][__main__][INFO] - Episode 22 completed with reward -884.61 in 200 steps
[2025-03-29 22:48:21,604][__main__][INFO] - Episode 23 completed with reward -1683.23 in 200 steps
[2025-03-29 22:48:21,714][__main__][INFO] - Episode 24 completed with reward -1493.47 in 200 steps
[2025-03-29 22:48:23,199][__main__][INFO] - EnvName: PV1, Steps: 5k, Episodes: 25, Episode Reward: -1432
[2025-03-29 22:48:23,199][__main__][INFO] - Episode 25 completed with reward -1696.38 in 200 steps
[2025-03-29 22:48:23,309][__main__][INFO] - Episode 26 completed with reward -855.11 in 200 steps
[2025-03-29 22:48:23,421][__main__][INFO] - Episode 27 completed with reward -900.98 in 200 steps
[2025-03-29 22:48:23,533][__main__][INFO] - Episode 28 completed with reward -1065.54 in 200 steps
[2025-03-29 22:48:23,642][__main__][INFO] - Episode 29 completed with reward -977.40 in 200 steps
[2025-03-29 22:48:25,069][__main__][INFO] - EnvName: PV1, Steps: 6k, Episodes: 30, Episode Reward: -1547
[2025-03-29 22:48:25,069][__main__][INFO] - Episode 30 completed with reward -1268.36 in 200 steps
[2025-03-29 22:48:25,179][__main__][INFO] - Episode 31 completed with reward -1402.82 in 200 steps
[2025-03-29 22:48:25,285][__main__][INFO] - Episode 32 completed with reward -1010.36 in 200 steps
[2025-03-29 22:48:25,388][__main__][INFO] - Episode 33 completed with reward -1435.33 in 200 steps
[2025-03-29 22:48:25,491][__main__][INFO] - Episode 34 completed with reward -1201.93 in 200 steps
[2025-03-29 22:48:26,918][__main__][INFO] - EnvName: PV1, Steps: 7k, Episodes: 35, Episode Reward: -1325
[2025-03-29 22:48:26,919][__main__][INFO] - Episode 35 completed with reward -1243.81 in 200 steps
[2025-03-29 22:48:27,022][__main__][INFO] - Episode 36 completed with reward -1150.36 in 200 steps
[2025-03-29 22:48:27,124][__main__][INFO] - Episode 37 completed with reward -979.20 in 200 steps
[2025-03-29 22:48:27,227][__main__][INFO] - Episode 38 completed with reward -1544.84 in 200 steps
[2025-03-29 22:48:27,335][__main__][INFO] - Episode 39 completed with reward -1273.91 in 200 steps
[2025-03-29 22:48:28,826][__main__][INFO] - EnvName: PV1, Steps: 8k, Episodes: 40, Episode Reward: -1325
[2025-03-29 22:48:28,827][__main__][INFO] - Episode 40 completed with reward -916.80 in 200 steps
[2025-03-29 22:48:28,944][__main__][INFO] - Episode 41 completed with reward -1855.31 in 200 steps
[2025-03-29 22:48:29,051][__main__][INFO] - Episode 42 completed with reward -846.64 in 200 steps
[2025-03-29 22:48:29,156][__main__][INFO] - Episode 43 completed with reward -1094.75 in 200 steps
[2025-03-29 22:48:29,266][__main__][INFO] - Episode 44 completed with reward -1612.86 in 200 steps
[2025-03-29 22:48:30,741][__main__][INFO] - EnvName: PV1, Steps: 9k, Episodes: 45, Episode Reward: -1417
[2025-03-29 22:48:30,742][__main__][INFO] - Episode 45 completed with reward -890.00 in 200 steps
[2025-03-29 22:48:30,844][__main__][INFO] - Episode 46 completed with reward -1138.72 in 200 steps
[2025-03-29 22:48:30,948][__main__][INFO] - Episode 47 completed with reward -1082.24 in 200 steps
[2025-03-29 22:48:31,062][__main__][INFO] - Episode 48 completed with reward -891.88 in 200 steps
[2025-03-29 22:48:31,170][__main__][INFO] - Episode 49 completed with reward -1117.03 in 200 steps
[2025-03-29 22:48:33,752][__main__][INFO] - EnvName: PV1, Steps: 10k, Episodes: 50, Episode Reward: -1358
[2025-03-29 22:48:33,757][__main__][INFO] - Episode 50 completed with reward -866.81 in 200 steps
[2025-03-29 22:48:36,674][__main__][INFO] - Episode 51 completed with reward -1297.98 in 200 steps
[2025-03-29 22:48:39,562][__main__][INFO] - Episode 52 completed with reward -1740.52 in 200 steps
[2025-03-29 22:48:42,482][__main__][INFO] - Episode 53 completed with reward -1338.99 in 200 steps
[2025-03-29 22:48:45,360][__main__][INFO] - Episode 54 completed with reward -1078.80 in 200 steps
[2025-03-29 22:48:49,633][__main__][INFO] - EnvName: PV1, Steps: 11k, Episodes: 55, Episode Reward: -1557
[2025-03-29 22:48:49,634][__main__][INFO] - Episode 55 completed with reward -1549.02 in 200 steps
[2025-03-29 22:48:52,459][__main__][INFO] - Episode 56 completed with reward -1458.09 in 200 steps
[2025-03-29 22:48:55,348][__main__][INFO] - Episode 57 completed with reward -1549.80 in 200 steps
[2025-03-29 22:48:58,090][__main__][INFO] - Episode 58 completed with reward -1104.54 in 200 steps
[2025-03-29 22:49:01,494][__main__][INFO] - Episode 59 completed with reward -1336.89 in 200 steps
[2025-03-29 22:49:06,027][__main__][INFO] - EnvName: PV1, Steps: 12k, Episodes: 60, Episode Reward: -1076
[2025-03-29 22:49:06,028][__main__][INFO] - Episode 60 completed with reward -1331.89 in 200 steps
[2025-03-29 22:49:09,342][__main__][INFO] - Episode 61 completed with reward -1063.07 in 200 steps
[2025-03-29 22:49:12,934][__main__][INFO] - Episode 62 completed with reward -648.04 in 200 steps
[2025-03-29 22:49:16,304][__main__][INFO] - Episode 63 completed with reward -997.76 in 200 steps
[2025-03-29 22:49:19,504][__main__][INFO] - Episode 64 completed with reward -629.35 in 200 steps
[2025-03-29 22:49:24,280][__main__][INFO] - EnvName: PV1, Steps: 13k, Episodes: 65, Episode Reward: -723
[2025-03-29 22:49:24,281][__main__][INFO] - Episode 65 completed with reward -769.16 in 200 steps
[2025-03-29 22:49:27,171][__main__][INFO] - Episode 66 completed with reward -511.45 in 200 steps
[2025-03-29 22:49:30,499][__main__][INFO] - Episode 67 completed with reward -900.89 in 200 steps
[2025-03-29 22:49:33,315][__main__][INFO] - Episode 68 completed with reward -868.96 in 200 steps
[2025-03-29 22:49:36,292][__main__][INFO] - Episode 69 completed with reward -634.17 in 200 steps
[2025-03-29 22:49:40,448][__main__][INFO] - EnvName: PV1, Steps: 14k, Episodes: 70, Episode Reward: -489
[2025-03-29 22:49:40,449][__main__][INFO] - Episode 70 completed with reward -629.14 in 200 steps
[2025-03-29 22:49:43,333][__main__][INFO] - Episode 71 completed with reward -635.12 in 200 steps
[2025-03-29 22:49:46,229][__main__][INFO] - Episode 72 completed with reward -365.69 in 200 steps
[2025-03-29 22:49:49,771][__main__][INFO] - Episode 73 completed with reward -396.20 in 200 steps
[2025-03-29 22:49:52,750][__main__][INFO] - Episode 74 completed with reward -122.26 in 200 steps
[2025-03-29 22:49:57,296][__main__][INFO] - EnvName: PV1, Steps: 15k, Episodes: 75, Episode Reward: -439
[2025-03-29 22:49:57,297][__main__][INFO] - Episode 75 completed with reward -246.07 in 200 steps
[2025-03-29 22:50:00,302][__main__][INFO] - Episode 76 completed with reward -245.66 in 200 steps
[2025-03-29 22:50:03,649][__main__][INFO] - Episode 77 completed with reward -484.74 in 200 steps
[2025-03-29 22:50:07,001][__main__][INFO] - Episode 78 completed with reward -350.74 in 200 steps
[2025-03-29 22:50:10,042][__main__][INFO] - Episode 79 completed with reward -253.02 in 200 steps
[2025-03-29 22:50:14,753][__main__][INFO] - EnvName: PV1, Steps: 16k, Episodes: 80, Episode Reward: -208
[2025-03-29 22:50:14,753][__main__][INFO] - Episode 80 completed with reward -126.51 in 200 steps
[2025-03-29 22:50:17,770][__main__][INFO] - Episode 81 completed with reward -377.56 in 200 steps
[2025-03-29 22:50:20,945][__main__][INFO] - Episode 82 completed with reward -124.57 in 200 steps
[2025-03-29 22:50:24,536][__main__][INFO] - Episode 83 completed with reward -120.08 in 200 steps
[2025-03-29 22:50:28,151][__main__][INFO] - Episode 84 completed with reward -242.28 in 200 steps
[2025-03-29 22:50:32,586][__main__][INFO] - EnvName: PV1, Steps: 17k, Episodes: 85, Episode Reward: -169
[2025-03-29 22:50:32,588][__main__][INFO] - Episode 85 completed with reward -448.60 in 200 steps
[2025-03-29 22:50:35,517][__main__][INFO] - Episode 86 completed with reward -232.72 in 200 steps
[2025-03-29 22:50:38,605][__main__][INFO] - Episode 87 completed with reward -121.99 in 200 steps
[2025-03-29 22:50:41,578][__main__][INFO] - Episode 88 completed with reward -123.47 in 200 steps
[2025-03-29 22:50:44,523][__main__][INFO] - Episode 89 completed with reward -126.27 in 200 steps
[2025-03-29 22:50:48,814][__main__][INFO] - EnvName: PV1, Steps: 18k, Episodes: 90, Episode Reward: -149
[2025-03-29 22:50:48,815][__main__][INFO] - Episode 90 completed with reward -122.78 in 200 steps
[2025-03-29 22:50:52,011][__main__][INFO] - Episode 91 completed with reward -242.36 in 200 steps
[2025-03-29 22:50:55,178][__main__][INFO] - Episode 92 completed with reward -367.19 in 200 steps
[2025-03-29 22:50:58,557][__main__][INFO] - Episode 93 completed with reward -376.14 in 200 steps
[2025-03-29 22:51:01,530][__main__][INFO] - Episode 94 completed with reward -1.16 in 200 steps
[2025-03-29 22:51:05,904][__main__][INFO] - EnvName: PV1, Steps: 19k, Episodes: 95, Episode Reward: -146
[2025-03-29 22:51:05,905][__main__][INFO] - Episode 95 completed with reward -234.26 in 200 steps
[2025-03-29 22:51:08,722][__main__][INFO] - Episode 96 completed with reward -247.41 in 200 steps
[2025-03-29 22:51:11,562][__main__][INFO] - Episode 97 completed with reward -125.05 in 200 steps
[2025-03-29 22:51:14,697][__main__][INFO] - Episode 98 completed with reward -126.83 in 200 steps
[2025-03-29 22:51:18,094][__main__][INFO] - Episode 99 completed with reward -121.12 in 200 steps
[2025-03-29 22:51:22,752][__main__][INFO] - EnvName: PV1, Steps: 20k, Episodes: 100, Episode Reward: -165
[2025-03-29 22:51:22,756][__main__][INFO] - Episode 100 completed with reward -116.60 in 200 steps
[2025-03-29 22:51:25,966][__main__][INFO] - Episode 101 completed with reward -343.32 in 200 steps
[2025-03-29 22:51:28,942][__main__][INFO] - Episode 102 completed with reward -2.77 in 200 steps
[2025-03-29 22:51:31,728][__main__][INFO] - Episode 103 completed with reward -121.44 in 200 steps
[2025-03-29 22:51:35,291][__main__][INFO] - Episode 104 completed with reward -126.41 in 200 steps
[2025-03-29 22:51:39,710][__main__][INFO] - EnvName: PV1, Steps: 21k, Episodes: 105, Episode Reward: -156
[2025-03-29 22:51:39,711][__main__][INFO] - Episode 105 completed with reward -118.74 in 200 steps
[2025-03-29 22:51:42,781][__main__][INFO] - Episode 106 completed with reward -346.22 in 200 steps
[2025-03-29 22:51:45,543][__main__][INFO] - Episode 107 completed with reward -123.40 in 200 steps
[2025-03-29 22:51:49,133][__main__][INFO] - Episode 108 completed with reward -229.80 in 200 steps
[2025-03-29 22:51:52,848][__main__][INFO] - Episode 109 completed with reward -333.50 in 200 steps
[2025-03-29 22:51:58,024][__main__][INFO] - EnvName: PV1, Steps: 22k, Episodes: 110, Episode Reward: -153
[2025-03-29 22:51:58,025][__main__][INFO] - Episode 110 completed with reward -0.59 in 200 steps
[2025-03-29 22:52:01,218][__main__][INFO] - Episode 111 completed with reward -117.10 in 200 steps
[2025-03-29 22:52:04,450][__main__][INFO] - Episode 112 completed with reward -239.33 in 200 steps
[2025-03-29 22:52:08,062][__main__][INFO] - Episode 113 completed with reward -127.06 in 200 steps
[2025-03-29 22:52:11,286][__main__][INFO] - Episode 114 completed with reward -121.06 in 200 steps
[2025-03-29 22:52:15,862][__main__][INFO] - EnvName: PV1, Steps: 23k, Episodes: 115, Episode Reward: -143
[2025-03-29 22:52:15,862][__main__][INFO] - Episode 115 completed with reward -234.01 in 200 steps
[2025-03-29 22:52:18,743][__main__][INFO] - Episode 116 completed with reward -119.91 in 200 steps
[2025-03-29 22:52:21,943][__main__][INFO] - Episode 117 completed with reward -353.73 in 200 steps
[2025-03-29 22:52:25,177][__main__][INFO] - Episode 118 completed with reward -118.31 in 200 steps
[2025-03-29 22:52:28,853][__main__][INFO] - Episode 119 completed with reward -129.45 in 200 steps
[2025-03-29 22:52:34,031][__main__][INFO] - EnvName: PV1, Steps: 24k, Episodes: 120, Episode Reward: -143
[2025-03-29 22:52:34,031][__main__][INFO] - Episode 120 completed with reward -0.97 in 200 steps
[2025-03-29 22:52:37,070][__main__][INFO] - Episode 121 completed with reward -227.07 in 200 steps
[2025-03-29 22:52:40,290][__main__][INFO] - Episode 122 completed with reward -121.26 in 200 steps
[2025-03-29 22:52:43,765][__main__][INFO] - Episode 123 completed with reward -233.47 in 200 steps
[2025-03-29 22:52:47,672][__main__][INFO] - Episode 124 completed with reward -1.11 in 200 steps
[2025-03-29 22:52:52,403][__main__][INFO] - EnvName: PV1, Steps: 25k, Episodes: 125, Episode Reward: -117
[2025-03-29 22:52:52,404][__main__][INFO] - Episode 125 completed with reward -120.69 in 200 steps
[2025-03-29 22:52:55,914][__main__][INFO] - Episode 126 completed with reward -236.49 in 200 steps
[2025-03-29 22:52:58,984][__main__][INFO] - Episode 127 completed with reward -116.71 in 200 steps
[2025-03-29 22:53:02,120][__main__][INFO] - Episode 128 completed with reward -0.76 in 200 steps
[2025-03-29 22:53:05,409][__main__][INFO] - Episode 129 completed with reward -115.34 in 200 steps
[2025-03-29 22:53:10,155][__main__][INFO] - EnvName: PV1, Steps: 26k, Episodes: 130, Episode Reward: -84
[2025-03-29 22:53:10,155][__main__][INFO] - Episode 130 completed with reward -242.63 in 200 steps
[2025-03-29 22:53:13,491][__main__][INFO] - Episode 131 completed with reward -122.39 in 200 steps
[2025-03-29 22:53:16,451][__main__][INFO] - Episode 132 completed with reward -235.04 in 200 steps
[2025-03-29 22:53:19,697][__main__][INFO] - Episode 133 completed with reward -228.51 in 200 steps
[2025-03-29 22:53:22,598][__main__][INFO] - Episode 134 completed with reward -128.07 in 200 steps
[2025-03-29 22:53:26,869][__main__][INFO] - EnvName: PV1, Steps: 27k, Episodes: 135, Episode Reward: -141
[2025-03-29 22:53:26,870][__main__][INFO] - Episode 135 completed with reward -257.60 in 200 steps
[2025-03-29 22:53:30,197][__main__][INFO] - Episode 136 completed with reward -0.68 in 200 steps
[2025-03-29 22:53:33,127][__main__][INFO] - Episode 137 completed with reward -120.31 in 200 steps
[2025-03-29 22:53:36,019][__main__][INFO] - Episode 138 completed with reward -227.20 in 200 steps
[2025-03-29 22:53:38,990][__main__][INFO] - Episode 139 completed with reward -125.01 in 200 steps
[2025-03-29 22:53:43,637][__main__][INFO] - EnvName: PV1, Steps: 28k, Episodes: 140, Episode Reward: -153
[2025-03-29 22:53:43,637][__main__][INFO] - Episode 140 completed with reward -116.63 in 200 steps
[2025-03-29 22:53:46,853][__main__][INFO] - Episode 141 completed with reward -117.50 in 200 steps
[2025-03-29 22:53:50,047][__main__][INFO] - Episode 142 completed with reward -228.15 in 200 steps
[2025-03-29 22:53:52,962][__main__][INFO] - Episode 143 completed with reward -349.26 in 200 steps
[2025-03-29 22:53:55,819][__main__][INFO] - Episode 144 completed with reward -117.52 in 200 steps
[2025-03-29 22:54:00,213][__main__][INFO] - EnvName: PV1, Steps: 29k, Episodes: 145, Episode Reward: -166
[2025-03-29 22:54:00,214][__main__][INFO] - Episode 145 completed with reward -2.05 in 200 steps
[2025-03-29 22:54:03,223][__main__][INFO] - Episode 146 completed with reward -117.19 in 200 steps
[2025-03-29 22:54:06,922][__main__][INFO] - Episode 147 completed with reward -237.63 in 200 steps
[2025-03-29 22:54:09,788][__main__][INFO] - Episode 148 completed with reward -0.78 in 200 steps
[2025-03-29 22:54:12,761][__main__][INFO] - Episode 149 completed with reward -0.96 in 200 steps
[2025-03-29 22:54:17,249][__main__][INFO] - EnvName: PV1, Steps: 30k, Episodes: 150, Episode Reward: -143
[2025-03-29 22:54:17,254][__main__][INFO] - Episode 150 completed with reward -232.59 in 200 steps
[2025-03-29 22:54:20,159][__main__][INFO] - Episode 151 completed with reward -121.05 in 200 steps
[2025-03-29 22:54:23,194][__main__][INFO] - Episode 152 completed with reward -0.72 in 200 steps
[2025-03-29 22:54:26,047][__main__][INFO] - Episode 153 completed with reward -232.36 in 200 steps
[2025-03-29 22:54:29,052][__main__][INFO] - Episode 154 completed with reward -226.12 in 200 steps
[2025-03-29 22:54:33,547][__main__][INFO] - EnvName: PV1, Steps: 31k, Episodes: 155, Episode Reward: -158
[2025-03-29 22:54:33,548][__main__][INFO] - Episode 155 completed with reward -234.82 in 200 steps
[2025-03-29 22:54:36,526][__main__][INFO] - Episode 156 completed with reward -229.50 in 200 steps
[2025-03-29 22:54:39,507][__main__][INFO] - Episode 157 completed with reward -114.68 in 200 steps
[2025-03-29 22:54:42,392][__main__][INFO] - Episode 158 completed with reward -120.09 in 200 steps
[2025-03-29 22:54:45,161][__main__][INFO] - Episode 159 completed with reward -121.94 in 200 steps
[2025-03-29 22:54:49,492][__main__][INFO] - EnvName: PV1, Steps: 32k, Episodes: 160, Episode Reward: -142
[2025-03-29 22:54:49,492][__main__][INFO] - Episode 160 completed with reward -356.48 in 200 steps
[2025-03-29 22:54:52,408][__main__][INFO] - Episode 161 completed with reward -122.09 in 200 steps
[2025-03-29 22:54:55,205][__main__][INFO] - Episode 162 completed with reward -118.40 in 200 steps
[2025-03-29 22:54:58,069][__main__][INFO] - Episode 163 completed with reward -2.15 in 200 steps
[2025-03-29 22:55:01,027][__main__][INFO] - Episode 164 completed with reward -246.00 in 200 steps
[2025-03-29 22:55:05,560][__main__][INFO] - EnvName: PV1, Steps: 33k, Episodes: 165, Episode Reward: -150
[2025-03-29 22:55:05,561][__main__][INFO] - Episode 165 completed with reward -238.25 in 200 steps
[2025-03-29 22:55:08,331][__main__][INFO] - Episode 166 completed with reward -118.78 in 200 steps
[2025-03-29 22:55:11,176][__main__][INFO] - Episode 167 completed with reward -233.91 in 200 steps
[2025-03-29 22:55:14,405][__main__][INFO] - Episode 168 completed with reward -119.40 in 200 steps
[2025-03-29 22:55:17,975][__main__][INFO] - Episode 169 completed with reward -117.67 in 200 steps
[2025-03-29 22:55:22,162][__main__][INFO] - EnvName: PV1, Steps: 34k, Episodes: 170, Episode Reward: -119
[2025-03-29 22:55:22,163][__main__][INFO] - Episode 170 completed with reward -3.13 in 200 steps
[2025-03-29 22:55:25,386][__main__][INFO] - Episode 171 completed with reward -2.62 in 200 steps
[2025-03-29 22:55:28,659][__main__][INFO] - Episode 172 completed with reward -122.15 in 200 steps
[2025-03-29 22:55:32,095][__main__][INFO] - Episode 173 completed with reward -233.66 in 200 steps
[2025-03-29 22:55:35,189][__main__][INFO] - Episode 174 completed with reward -258.26 in 200 steps
[2025-03-29 22:55:39,501][__main__][INFO] - EnvName: PV1, Steps: 35k, Episodes: 175, Episode Reward: -199
[2025-03-29 22:55:39,501][__main__][INFO] - Episode 175 completed with reward -231.89 in 200 steps
[2025-03-29 22:55:42,258][__main__][INFO] - Episode 176 completed with reward -235.96 in 200 steps
[2025-03-29 22:55:45,125][__main__][INFO] - Episode 177 completed with reward -358.34 in 200 steps
[2025-03-29 22:55:49,271][__main__][INFO] - Episode 178 completed with reward -120.58 in 200 steps
[2025-03-29 22:55:53,020][__main__][INFO] - Episode 179 completed with reward -242.40 in 200 steps
[2025-03-29 22:55:58,052][__main__][INFO] - EnvName: PV1, Steps: 36k, Episodes: 180, Episode Reward: -118
[2025-03-29 22:55:58,052][__main__][INFO] - Episode 180 completed with reward -3.29 in 200 steps
[2025-03-29 22:56:00,841][__main__][INFO] - Episode 181 completed with reward -124.09 in 200 steps
[2025-03-29 22:56:04,133][__main__][INFO] - Episode 182 completed with reward -236.01 in 200 steps
[2025-03-29 22:56:07,067][__main__][INFO] - Episode 183 completed with reward -1.11 in 200 steps
[2025-03-29 22:56:09,981][__main__][INFO] - Episode 184 completed with reward -124.39 in 200 steps
[2025-03-29 22:56:14,025][__main__][INFO] - EnvName: PV1, Steps: 37k, Episodes: 185, Episode Reward: -179
[2025-03-29 22:56:14,025][__main__][INFO] - Episode 185 completed with reward -120.87 in 200 steps
[2025-03-29 22:56:17,139][__main__][INFO] - Episode 186 completed with reward -0.62 in 200 steps
[2025-03-29 22:56:20,105][__main__][INFO] - Episode 187 completed with reward -121.96 in 200 steps
[2025-03-29 22:56:23,170][__main__][INFO] - Episode 188 completed with reward -227.82 in 200 steps
[2025-03-29 22:56:26,140][__main__][INFO] - Episode 189 completed with reward -354.02 in 200 steps
[2025-03-29 22:56:30,675][__main__][INFO] - EnvName: PV1, Steps: 38k, Episodes: 190, Episode Reward: -152
[2025-03-29 22:56:30,676][__main__][INFO] - Episode 190 completed with reward -125.76 in 200 steps
[2025-03-29 22:56:34,271][__main__][INFO] - Episode 191 completed with reward -125.24 in 200 steps
[2025-03-29 22:56:37,864][__main__][INFO] - Episode 192 completed with reward -234.50 in 200 steps
[2025-03-29 22:56:40,982][__main__][INFO] - Episode 193 completed with reward -117.96 in 200 steps
[2025-03-29 22:56:44,141][__main__][INFO] - Episode 194 completed with reward -0.77 in 200 steps
[2025-03-29 22:56:48,463][__main__][INFO] - EnvName: PV1, Steps: 39k, Episodes: 195, Episode Reward: -120
[2025-03-29 22:56:48,463][__main__][INFO] - Episode 195 completed with reward -120.10 in 200 steps
[2025-03-29 22:56:52,052][__main__][INFO] - Episode 196 completed with reward -1.49 in 200 steps
[2025-03-29 22:56:55,380][__main__][INFO] - Episode 197 completed with reward -3.75 in 200 steps
[2025-03-29 22:56:58,770][__main__][INFO] - Episode 198 completed with reward -352.50 in 200 steps
[2025-03-29 22:57:02,092][__main__][INFO] - Episode 199 completed with reward -123.55 in 200 steps
[2025-03-29 22:57:06,938][__main__][INFO] - EnvName: PV1, Steps: 40k, Episodes: 200, Episode Reward: -117
[2025-03-29 22:57:06,942][__main__][INFO] - Episode 200 completed with reward -116.26 in 200 steps
[2025-03-29 22:57:10,016][__main__][INFO] - Episode 201 completed with reward -253.05 in 200 steps
[2025-03-29 22:57:12,900][__main__][INFO] - Episode 202 completed with reward -0.88 in 200 steps
[2025-03-29 22:57:16,406][__main__][INFO] - Episode 203 completed with reward -233.51 in 200 steps
[2025-03-29 22:57:20,094][__main__][INFO] - Episode 204 completed with reward -124.94 in 200 steps
[2025-03-29 22:57:24,538][__main__][INFO] - EnvName: PV1, Steps: 41k, Episodes: 205, Episode Reward: -184
[2025-03-29 22:57:24,538][__main__][INFO] - Episode 205 completed with reward -116.84 in 200 steps
[2025-03-29 22:57:28,512][__main__][INFO] - Episode 206 completed with reward -116.67 in 200 steps
[2025-03-29 22:57:31,938][__main__][INFO] - Episode 207 completed with reward -121.27 in 200 steps
[2025-03-29 22:57:35,942][__main__][INFO] - Episode 208 completed with reward -225.12 in 200 steps
[2025-03-29 22:57:39,742][__main__][INFO] - Episode 209 completed with reward -118.04 in 200 steps
[2025-03-29 22:57:44,199][__main__][INFO] - EnvName: PV1, Steps: 42k, Episodes: 210, Episode Reward: -168
[2025-03-29 22:57:44,200][__main__][INFO] - Episode 210 completed with reward -125.95 in 200 steps
[2025-03-29 22:57:47,017][__main__][INFO] - Episode 211 completed with reward -4.94 in 200 steps
[2025-03-29 22:57:50,456][__main__][INFO] - Episode 212 completed with reward -118.67 in 200 steps
[2025-03-29 22:57:54,196][__main__][INFO] - Episode 213 completed with reward -2.00 in 200 steps
[2025-03-29 22:57:57,881][__main__][INFO] - Episode 214 completed with reward -117.63 in 200 steps
[2025-03-29 22:58:02,396][__main__][INFO] - EnvName: PV1, Steps: 43k, Episodes: 215, Episode Reward: -165
[2025-03-29 22:58:02,397][__main__][INFO] - Episode 215 completed with reward -117.14 in 200 steps
[2025-03-29 22:58:05,868][__main__][INFO] - Episode 216 completed with reward -116.49 in 200 steps
[2025-03-29 22:58:09,052][__main__][INFO] - Episode 217 completed with reward -123.54 in 200 steps
[2025-03-29 22:58:12,061][__main__][INFO] - Episode 218 completed with reward -124.67 in 200 steps
[2025-03-29 22:58:14,875][__main__][INFO] - Episode 219 completed with reward -231.97 in 200 steps
[2025-03-29 22:58:19,139][__main__][INFO] - EnvName: PV1, Steps: 44k, Episodes: 220, Episode Reward: -169
[2025-03-29 22:58:19,140][__main__][INFO] - Episode 220 completed with reward -122.02 in 200 steps
[2025-03-29 22:58:22,784][__main__][INFO] - Episode 221 completed with reward -120.24 in 200 steps
[2025-03-29 22:58:26,592][__main__][INFO] - Episode 222 completed with reward -120.94 in 200 steps
[2025-03-29 22:58:29,709][__main__][INFO] - Episode 223 completed with reward -123.43 in 200 steps
[2025-03-29 22:58:32,840][__main__][INFO] - Episode 224 completed with reward -119.48 in 200 steps
[2025-03-29 22:58:37,051][__main__][INFO] - EnvName: PV1, Steps: 45k, Episodes: 225, Episode Reward: -139
[2025-03-29 22:58:37,052][__main__][INFO] - Episode 225 completed with reward -117.14 in 200 steps
[2025-03-29 22:58:40,628][__main__][INFO] - Episode 226 completed with reward -127.16 in 200 steps
[2025-03-29 22:58:43,948][__main__][INFO] - Episode 227 completed with reward -240.47 in 200 steps
[2025-03-29 22:58:47,407][__main__][INFO] - Episode 228 completed with reward -119.59 in 200 steps
[2025-03-29 22:58:51,178][__main__][INFO] - Episode 229 completed with reward -126.68 in 200 steps
[2025-03-29 22:58:56,922][__main__][INFO] - EnvName: PV1, Steps: 46k, Episodes: 230, Episode Reward: -160
[2025-03-29 22:58:56,923][__main__][INFO] - Episode 230 completed with reward -115.12 in 200 steps
[2025-03-29 22:59:00,610][__main__][INFO] - Episode 231 completed with reward -126.01 in 200 steps
[2025-03-29 22:59:04,429][__main__][INFO] - Episode 232 completed with reward -119.29 in 200 steps
[2025-03-29 22:59:07,456][__main__][INFO] - Episode 233 completed with reward -321.74 in 200 steps
[2025-03-29 22:59:10,466][__main__][INFO] - Episode 234 completed with reward -227.95 in 200 steps
[2025-03-29 22:59:14,939][__main__][INFO] - EnvName: PV1, Steps: 47k, Episodes: 235, Episode Reward: -120
[2025-03-29 22:59:14,939][__main__][INFO] - Episode 235 completed with reward -122.83 in 200 steps
[2025-03-29 22:59:18,163][__main__][INFO] - Episode 236 completed with reward -0.74 in 200 steps
[2025-03-29 22:59:21,101][__main__][INFO] - Episode 237 completed with reward -121.51 in 200 steps
[2025-03-29 22:59:24,334][__main__][INFO] - Episode 238 completed with reward -285.64 in 200 steps
[2025-03-29 22:59:27,616][__main__][INFO] - Episode 239 completed with reward -340.64 in 200 steps
[2025-03-29 22:59:31,899][__main__][INFO] - EnvName: PV1, Steps: 48k, Episodes: 240, Episode Reward: -132
[2025-03-29 22:59:31,900][__main__][INFO] - Episode 240 completed with reward -1.63 in 200 steps
[2025-03-29 22:59:35,179][__main__][INFO] - Episode 241 completed with reward -124.36 in 200 steps
[2025-03-29 22:59:38,745][__main__][INFO] - Episode 242 completed with reward -118.67 in 200 steps
[2025-03-29 22:59:42,008][__main__][INFO] - Episode 243 completed with reward -126.02 in 200 steps
[2025-03-29 22:59:45,012][__main__][INFO] - Episode 244 completed with reward -230.86 in 200 steps
[2025-03-29 22:59:49,121][__main__][INFO] - EnvName: PV1, Steps: 49k, Episodes: 245, Episode Reward: -157
[2025-03-29 22:59:49,122][__main__][INFO] - Episode 245 completed with reward -2.40 in 200 steps
[2025-03-29 22:59:52,948][__main__][INFO] - Episode 246 completed with reward -240.82 in 200 steps
[2025-03-29 22:59:56,854][__main__][INFO] - Episode 247 completed with reward -118.60 in 200 steps
[2025-03-29 23:00:00,469][__main__][INFO] - Episode 248 completed with reward -124.80 in 200 steps
[2025-03-29 23:00:04,268][__main__][INFO] - Episode 249 completed with reward -123.69 in 200 steps
[2025-03-29 23:00:08,825][__main__][INFO] - EnvName: PV1, Steps: 50k, Episodes: 250, Episode Reward: -141
[2025-03-29 23:00:08,831][__main__][INFO] - Episode 250 completed with reward -116.94 in 200 steps
[2025-03-29 23:00:08,831][__main__][INFO] - Training completed. Evaluating across 20 episodes
[2025-03-29 23:00:10,957][__main__][INFO] - Final evaluation - Mean: -130.35, Std: 82.56
[2025-03-29 23:00:10,958][__main__][INFO] - 90th percentile: 0.00, 10th percentile: -232.10
[2025-03-29 23:00:10,963][__main__][INFO] - Final model saved to models/SAC_model/PV1
