[2025-04-09 13:35:26,215][__main__][INFO] - System information:
[2025-04-09 13:35:26,215][__main__][INFO] -   Platform: Linux-6.11.0-21-generic-x86_64-with-glibc2.39
[2025-04-09 13:35:26,215][__main__][INFO] -   Python: 3.12.2
[2025-04-09 13:35:26,215][__main__][INFO] -   PyTorch: 2.5.1
[2025-04-09 13:35:26,215][__main__][INFO] -   CUDA Available: True
[2025-04-09 13:35:26,215][__main__][INFO] -   CUDA Version: 12.4
[2025-04-09 13:35:26,215][__main__][INFO] -   GPU: NVIDIA GeForce GTX 1080 Ti
[2025-04-09 13:35:26,303][__main__][INFO] - Env: HalfCheetah-v5  state_dim: 17  action_dim: 6  max_a: 1.0  min_a: -1.0  max_e_steps: 1000
[2025-04-09 13:35:26,305][__main__][INFO] - Random Seed: 42
[2025-04-09 13:35:26,305][__main__][INFO] - Models will be saved to models/SAC_model/HCv5
[2025-04-09 13:36:17,106][__main__][INFO] - EnvName: HCv5, Steps: 1k, Episode Reward: -121
[2025-04-09 13:37:02,748][__main__][INFO] - EnvName: HCv5, Steps: 2k, Episode Reward: -260
[2025-04-09 13:37:45,078][__main__][INFO] - EnvName: HCv5, Steps: 3k, Episode Reward: -433
[2025-04-09 13:38:34,527][__main__][INFO] - EnvName: HCv5, Steps: 4k, Episode Reward: -608
[2025-04-09 13:39:23,052][__main__][INFO] - EnvName: HCv5, Steps: 5k, Episode Reward: -559
[2025-04-09 13:40:04,615][__main__][INFO] - EnvName: HCv5, Steps: 6k, Episode Reward: -415
[2025-04-09 13:40:57,038][__main__][INFO] - EnvName: HCv5, Steps: 7k, Episode Reward: -335
[2025-04-09 13:41:38,433][__main__][INFO] - EnvName: HCv5, Steps: 8k, Episode Reward: -417
[2025-04-09 13:42:31,970][__main__][INFO] - EnvName: HCv5, Steps: 9k, Episode Reward: -433
[2025-04-09 13:43:25,382][__main__][INFO] - EnvName: HCv5, Steps: 10k, Episode Reward: -486
[2025-04-09 13:44:07,934][__main__][INFO] - EnvName: HCv5, Steps: 11k, Episode Reward: -539
[2025-04-09 13:44:47,539][__main__][INFO] - EnvName: HCv5, Steps: 12k, Episode Reward: -404
[2025-04-09 13:45:34,195][__main__][INFO] - EnvName: HCv5, Steps: 13k, Episode Reward: -432
[2025-04-09 13:46:24,610][__main__][INFO] - EnvName: HCv5, Steps: 14k, Episode Reward: -408
[2025-04-09 13:47:10,068][__main__][INFO] - EnvName: HCv5, Steps: 15k, Episode Reward: -446
[2025-04-09 13:48:02,133][__main__][INFO] - EnvName: HCv5, Steps: 16k, Episode Reward: -544
[2025-04-09 13:48:49,658][__main__][INFO] - EnvName: HCv5, Steps: 17k, Episode Reward: -752
[2025-04-09 13:49:35,107][__main__][INFO] - EnvName: HCv5, Steps: 18k, Episode Reward: -688
[2025-04-09 13:50:26,173][__main__][INFO] - EnvName: HCv5, Steps: 19k, Episode Reward: -762
[2025-04-09 13:51:20,068][__main__][INFO] - EnvName: HCv5, Steps: 20k, Episode Reward: -555
[2025-04-09 13:52:10,844][__main__][INFO] - EnvName: HCv5, Steps: 21k, Episode Reward: -429
[2025-04-09 13:53:02,936][__main__][INFO] - EnvName: HCv5, Steps: 22k, Episode Reward: -290
[2025-04-09 13:53:49,245][__main__][INFO] - EnvName: HCv5, Steps: 23k, Episode Reward: -313
[2025-04-09 13:54:44,093][__main__][INFO] - EnvName: HCv5, Steps: 24k, Episode Reward: -234
[2025-04-09 13:55:29,964][__main__][INFO] - EnvName: HCv5, Steps: 25k, Episode Reward: -376
[2025-04-09 13:56:13,651][__main__][INFO] - EnvName: HCv5, Steps: 26k, Episode Reward: -273
[2025-04-09 13:57:02,155][__main__][INFO] - EnvName: HCv5, Steps: 27k, Episode Reward: -230
[2025-04-09 13:57:48,675][__main__][INFO] - EnvName: HCv5, Steps: 28k, Episode Reward: -62
[2025-04-09 13:58:35,400][__main__][INFO] - EnvName: HCv5, Steps: 29k, Episode Reward: -238
[2025-04-09 13:59:25,688][__main__][INFO] - EnvName: HCv5, Steps: 30k, Episode Reward: -75
[2025-04-09 14:00:14,691][__main__][INFO] - EnvName: HCv5, Steps: 31k, Episode Reward: -187
[2025-04-09 14:00:57,926][__main__][INFO] - EnvName: HCv5, Steps: 32k, Episode Reward: -300
[2025-04-09 14:01:41,865][__main__][INFO] - EnvName: HCv5, Steps: 33k, Episode Reward: -30
[2025-04-09 14:02:36,670][__main__][INFO] - EnvName: HCv5, Steps: 34k, Episode Reward: -264
[2025-04-09 14:03:34,621][__main__][INFO] - EnvName: HCv5, Steps: 35k, Episode Reward: -164
[2025-04-09 14:04:19,530][__main__][INFO] - EnvName: HCv5, Steps: 36k, Episode Reward: -100
[2025-04-09 14:05:07,035][__main__][INFO] - EnvName: HCv5, Steps: 37k, Episode Reward: -161
[2025-04-09 14:05:52,254][__main__][INFO] - EnvName: HCv5, Steps: 38k, Episode Reward: -15
[2025-04-09 14:06:43,645][__main__][INFO] - EnvName: HCv5, Steps: 39k, Episode Reward: -126
[2025-04-09 14:07:34,966][__main__][INFO] - EnvName: HCv5, Steps: 40k, Episode Reward: -50
[2025-04-09 14:08:23,287][__main__][INFO] - EnvName: HCv5, Steps: 41k, Episode Reward: -223
[2025-04-09 14:09:06,296][__main__][INFO] - EnvName: HCv5, Steps: 42k, Episode Reward: -271
[2025-04-09 14:10:00,466][__main__][INFO] - EnvName: HCv5, Steps: 43k, Episode Reward: -254
[2025-04-09 14:10:58,447][__main__][INFO] - EnvName: HCv5, Steps: 44k, Episode Reward: -127
[2025-04-09 14:11:54,925][__main__][INFO] - EnvName: HCv5, Steps: 45k, Episode Reward: -180
[2025-04-09 14:12:51,736][__main__][INFO] - EnvName: HCv5, Steps: 46k, Episode Reward: -332
[2025-04-09 14:13:44,737][__main__][INFO] - EnvName: HCv5, Steps: 47k, Episode Reward: -367
[2025-04-09 14:14:37,107][__main__][INFO] - EnvName: HCv5, Steps: 48k, Episode Reward: -479
[2025-04-09 14:15:33,397][__main__][INFO] - EnvName: HCv5, Steps: 49k, Episode Reward: -476
[2025-04-09 14:16:23,872][__main__][INFO] - EnvName: HCv5, Steps: 50k, Episode Reward: -557
[2025-04-09 14:17:16,721][__main__][INFO] - EnvName: HCv5, Steps: 51k, Episode Reward: -546
[2025-04-09 14:18:07,351][__main__][INFO] - EnvName: HCv5, Steps: 52k, Episode Reward: -524
[2025-04-09 14:18:55,621][__main__][INFO] - EnvName: HCv5, Steps: 53k, Episode Reward: -639
[2025-04-09 14:19:51,184][__main__][INFO] - EnvName: HCv5, Steps: 54k, Episode Reward: -573
[2025-04-09 14:20:43,492][__main__][INFO] - EnvName: HCv5, Steps: 55k, Episode Reward: -520
[2025-04-09 14:21:34,736][__main__][INFO] - EnvName: HCv5, Steps: 56k, Episode Reward: -472
[2025-04-09 14:22:19,676][__main__][INFO] - EnvName: HCv5, Steps: 57k, Episode Reward: -694
[2025-04-09 14:23:10,962][__main__][INFO] - EnvName: HCv5, Steps: 58k, Episode Reward: -690
[2025-04-09 14:24:07,360][__main__][INFO] - EnvName: HCv5, Steps: 59k, Episode Reward: -576
[2025-04-09 14:24:56,913][__main__][INFO] - EnvName: HCv5, Steps: 60k, Episode Reward: -627
[2025-04-09 14:25:52,746][__main__][INFO] - EnvName: HCv5, Steps: 61k, Episode Reward: -572
[2025-04-09 14:26:38,589][__main__][INFO] - EnvName: HCv5, Steps: 62k, Episode Reward: -500
[2025-04-09 14:27:22,707][__main__][INFO] - EnvName: HCv5, Steps: 63k, Episode Reward: -604
[2025-04-09 14:28:05,821][__main__][INFO] - EnvName: HCv5, Steps: 64k, Episode Reward: -760
[2025-04-09 14:29:03,020][__main__][INFO] - EnvName: HCv5, Steps: 65k, Episode Reward: -548
[2025-04-09 14:29:57,666][__main__][INFO] - EnvName: HCv5, Steps: 66k, Episode Reward: -773
[2025-04-09 14:30:40,226][__main__][INFO] - EnvName: HCv5, Steps: 67k, Episode Reward: -921
[2025-04-09 14:31:26,776][__main__][INFO] - EnvName: HCv5, Steps: 68k, Episode Reward: -696
[2025-04-09 14:32:17,922][__main__][INFO] - EnvName: HCv5, Steps: 69k, Episode Reward: -1254
[2025-04-09 14:33:06,336][__main__][INFO] - EnvName: HCv5, Steps: 70k, Episode Reward: -762
[2025-04-09 14:33:57,986][__main__][INFO] - EnvName: HCv5, Steps: 71k, Episode Reward: -1002
[2025-04-09 14:34:48,746][__main__][INFO] - EnvName: HCv5, Steps: 72k, Episode Reward: -716
[2025-04-09 14:35:45,191][__main__][INFO] - EnvName: HCv5, Steps: 73k, Episode Reward: -888
[2025-04-09 14:36:40,977][__main__][INFO] - EnvName: HCv5, Steps: 74k, Episode Reward: -596
[2025-04-09 14:37:21,199][__main__][INFO] - EnvName: HCv5, Steps: 75k, Episode Reward: -711
[2025-04-09 14:38:14,186][__main__][INFO] - EnvName: HCv5, Steps: 76k, Episode Reward: -557
[2025-04-09 14:38:59,592][__main__][INFO] - EnvName: HCv5, Steps: 77k, Episode Reward: -428
[2025-04-09 14:39:48,951][__main__][INFO] - EnvName: HCv5, Steps: 78k, Episode Reward: -363
[2025-04-09 14:40:40,325][__main__][INFO] - EnvName: HCv5, Steps: 79k, Episode Reward: -328
[2025-04-09 14:41:30,189][__main__][INFO] - EnvName: HCv5, Steps: 80k, Episode Reward: -492
[2025-04-09 14:42:16,077][__main__][INFO] - EnvName: HCv5, Steps: 81k, Episode Reward: -421
[2025-04-09 14:43:00,802][__main__][INFO] - EnvName: HCv5, Steps: 82k, Episode Reward: -470
[2025-04-09 14:43:55,600][__main__][INFO] - EnvName: HCv5, Steps: 83k, Episode Reward: -497
[2025-04-09 14:44:42,230][__main__][INFO] - EnvName: HCv5, Steps: 84k, Episode Reward: -468
[2025-04-09 14:45:35,734][__main__][INFO] - EnvName: HCv5, Steps: 85k, Episode Reward: -515
[2025-04-09 14:46:24,047][__main__][INFO] - EnvName: HCv5, Steps: 86k, Episode Reward: -507
[2025-04-09 14:47:11,157][__main__][INFO] - EnvName: HCv5, Steps: 87k, Episode Reward: -323
[2025-04-09 14:48:03,242][__main__][INFO] - EnvName: HCv5, Steps: 88k, Episode Reward: -371
[2025-04-09 14:48:52,424][__main__][INFO] - EnvName: HCv5, Steps: 89k, Episode Reward: -406
[2025-04-09 14:49:42,016][__main__][INFO] - EnvName: HCv5, Steps: 90k, Episode Reward: -492
[2025-04-09 14:50:33,476][__main__][INFO] - EnvName: HCv5, Steps: 91k, Episode Reward: -595
[2025-04-09 14:51:24,659][__main__][INFO] - EnvName: HCv5, Steps: 92k, Episode Reward: -393
[2025-04-09 14:52:17,517][__main__][INFO] - EnvName: HCv5, Steps: 93k, Episode Reward: -452
[2025-04-09 14:53:10,664][__main__][INFO] - EnvName: HCv5, Steps: 94k, Episode Reward: -544
[2025-04-09 14:53:57,705][__main__][INFO] - EnvName: HCv5, Steps: 95k, Episode Reward: -418
[2025-04-09 14:54:48,191][__main__][INFO] - EnvName: HCv5, Steps: 96k, Episode Reward: -502
[2025-04-09 14:55:39,758][__main__][INFO] - EnvName: HCv5, Steps: 97k, Episode Reward: -578
[2025-04-09 14:56:28,878][__main__][INFO] - EnvName: HCv5, Steps: 98k, Episode Reward: -805
[2025-04-09 14:57:15,734][__main__][INFO] - EnvName: HCv5, Steps: 99k, Episode Reward: -549
[2025-04-09 14:58:08,656][__main__][INFO] - EnvName: HCv5, Steps: 100k, Episode Reward: -608
[2025-04-09 14:59:10,569][__main__][INFO] - EnvName: HCv5, Steps: 101k, Episode Reward: -647
[2025-04-09 14:59:58,059][__main__][INFO] - EnvName: HCv5, Steps: 102k, Episode Reward: -665
[2025-04-09 15:00:46,094][__main__][INFO] - EnvName: HCv5, Steps: 103k, Episode Reward: -554
[2025-04-09 15:01:36,215][__main__][INFO] - EnvName: HCv5, Steps: 104k, Episode Reward: -550
[2025-04-09 15:02:23,531][__main__][INFO] - EnvName: HCv5, Steps: 105k, Episode Reward: -659
[2025-04-09 15:03:11,004][__main__][INFO] - EnvName: HCv5, Steps: 106k, Episode Reward: -654
[2025-04-09 15:04:04,535][__main__][INFO] - EnvName: HCv5, Steps: 107k, Episode Reward: -514
[2025-04-09 15:04:53,284][__main__][INFO] - EnvName: HCv5, Steps: 108k, Episode Reward: -490
