[2025-04-17 23:53:25,470][__main__][INFO] - Configuration:
device: cuda
mode: offline
write: false
debug_print: false
render: false
load_model: false
load_path: None
eval_model: false
save_model: true
data_path: /home/mx/DRAC/dataset/CPV0/TD3/no_noise/eps0.5
epsilon: 0.1
seed: 42
max_train_steps: 30000
save_interval: 10000
eval_interval: 1000
update_every: 10
explore_episode: 50
gamma: 0.99
tau: 0.005
net_arch:
- 256
- 256
net_layer: 1
n_critic: 2
a_lr: 0.005
c_lr: 5.0e-05
b_lr: 5.0e-05
g_lr: 0.0005
r_lr: 0.0005
l2_reg: 0
batch_size: 256
alpha: 0.12
adaptive_alpha: true
reward_adapt: true
robust: true
robust_optimizer: functional
noise: false
type: gaussian
adv: false
spread: 0.0
scale: 1.0
delta: 0.25
env_name: ContinuousCartPole
env_index: 1
env_mods:
  use_mods: false
  observation_noise:
    enabled: false
    type: gaussian
    level: 0.1
    frequency: 1.0
  action_perturb:
    enabled: false
    type: noise
    probability: 0.1
    level: 0.1
  reward_shift:
    enabled: false
    type: scale
    param: 0.9
    noise_level: 0.1
  transition_perturb:
    enabled: false
    type: teleport
    probability: 0.05
    level: 0.1
  param_shift:
    enabled: false
    train_apply: false
    eval_apply: true
    g_factor: 1.0
    m_factor: 1.0
    l_factor: 1.0
    len_factor: 1.0
    force_mag_factor: 1.0
    gravity_factor: 1.0
    wind_power: 0.0
    turbulence_power: 0.0
    engine_factor: 1.0
  custom:
    enabled: false
    spread: 0.0
    type: gaussian
    adv: false
  eval:
    use_modified: true
    scale_noise: false
    noise_scale_factor: 2.0
    include_action_perturb: true
    include_reward_shift: true
    include_transition_perturb: true

[2025-04-17 23:53:25,515][__main__][INFO] - System information:
[2025-04-17 23:53:25,515][__main__][INFO] -   Platform: Linux-6.11.0-21-generic-x86_64-with-glibc2.39
[2025-04-17 23:53:25,515][__main__][INFO] -   Python: 3.12.2
[2025-04-17 23:53:25,515][__main__][INFO] -   PyTorch: 2.5.1
[2025-04-17 23:53:25,515][__main__][INFO] -   CUDA Available: True
[2025-04-17 23:53:25,516][__main__][INFO] -   CUDA Version: 12.4
[2025-04-17 23:53:25,516][__main__][INFO] -   GPU: NVIDIA GeForce GTX 1080 Ti
[2025-04-17 23:53:25,523][__main__][INFO] - Env: ContinuousCartPole-v0  state_dim: 4  action_dim: 1  max_a: 1.0  min_a: -1.0  max_e_steps: 500
[2025-04-17 23:53:25,524][__main__][INFO] - Random Seed: 42
[2025-04-17 23:53:25,525][__main__][INFO] - Models will be saved to models/SAC_model/CPV0
[2025-04-17 23:54:08,421][__main__][INFO] - EnvName: CPV0, Steps: 1k, Episode Reward: 6
[2025-04-17 23:54:49,801][__main__][INFO] - EnvName: CPV0, Steps: 2k, Episode Reward: 6
[2025-04-17 23:55:31,799][__main__][INFO] - EnvName: CPV0, Steps: 3k, Episode Reward: 78
[2025-04-17 23:56:14,084][__main__][INFO] - EnvName: CPV0, Steps: 4k, Episode Reward: 137
[2025-04-17 23:56:56,128][__main__][INFO] - EnvName: CPV0, Steps: 5k, Episode Reward: 129
[2025-04-17 23:57:38,602][__main__][INFO] - EnvName: CPV0, Steps: 6k, Episode Reward: 141
[2025-04-17 23:58:20,806][__main__][INFO] - EnvName: CPV0, Steps: 7k, Episode Reward: 154
[2025-04-17 23:59:03,194][__main__][INFO] - EnvName: CPV0, Steps: 8k, Episode Reward: 184
[2025-04-17 23:59:44,224][__main__][INFO] - EnvName: CPV0, Steps: 9k, Episode Reward: 124
[2025-04-18 00:00:25,730][__main__][INFO] - EnvName: CPV0, Steps: 10k, Episode Reward: 149
[2025-04-18 00:01:07,254][__main__][INFO] - EnvName: CPV0, Steps: 11k, Episode Reward: 134
[2025-04-18 00:01:49,127][__main__][INFO] - EnvName: CPV0, Steps: 12k, Episode Reward: 141
[2025-04-18 00:02:31,464][__main__][INFO] - EnvName: CPV0, Steps: 13k, Episode Reward: 156
[2025-04-18 00:03:13,906][__main__][INFO] - EnvName: CPV0, Steps: 14k, Episode Reward: 233
[2025-04-18 00:03:55,818][__main__][INFO] - EnvName: CPV0, Steps: 15k, Episode Reward: 167
[2025-04-18 00:04:38,627][__main__][INFO] - EnvName: CPV0, Steps: 16k, Episode Reward: 169
[2025-04-18 00:05:21,435][__main__][INFO] - EnvName: CPV0, Steps: 17k, Episode Reward: 261
[2025-04-18 00:06:05,602][__main__][INFO] - EnvName: CPV0, Steps: 18k, Episode Reward: 500
[2025-04-18 00:06:49,469][__main__][INFO] - EnvName: CPV0, Steps: 19k, Episode Reward: 500
[2025-04-18 00:07:33,695][__main__][INFO] - EnvName: CPV0, Steps: 20k, Episode Reward: 500
[2025-04-18 00:08:17,822][__main__][INFO] - EnvName: CPV0, Steps: 21k, Episode Reward: 500
[2025-04-18 00:09:01,984][__main__][INFO] - EnvName: CPV0, Steps: 22k, Episode Reward: 500
[2025-04-18 00:09:46,014][__main__][INFO] - EnvName: CPV0, Steps: 23k, Episode Reward: 500
[2025-04-18 00:10:29,899][__main__][INFO] - EnvName: CPV0, Steps: 24k, Episode Reward: 500
[2025-04-18 00:11:13,977][__main__][INFO] - EnvName: CPV0, Steps: 25k, Episode Reward: 500
[2025-04-18 00:11:58,014][__main__][INFO] - EnvName: CPV0, Steps: 26k, Episode Reward: 500
[2025-04-18 00:12:42,690][__main__][INFO] - EnvName: CPV0, Steps: 27k, Episode Reward: 500
[2025-04-18 00:13:26,780][__main__][INFO] - EnvName: CPV0, Steps: 28k, Episode Reward: 500
[2025-04-18 00:14:11,314][__main__][INFO] - EnvName: CPV0, Steps: 29k, Episode Reward: 500
[2025-04-18 00:14:55,305][__main__][INFO] - EnvName: CPV0, Steps: 30k, Episode Reward: 500
[2025-04-18 00:14:55,311][__main__][INFO] - Training completed. Evaluating across 20 episodes
[2025-04-18 00:15:01,420][__main__][INFO] - Final evaluation - Mean: 500.00, Std: 0.00
[2025-04-18 00:15:01,421][__main__][INFO] - 90th percentile: 500.00, 10th percentile: 500.00
[2025-04-18 00:15:01,426][__main__][INFO] - Final model saved to models/SAC_model/CPV0
