[2025-04-18 14:20:14,125][__main__][INFO] - Configuration:
device: cuda
mode: offline
write: false
debug_print: false
render: false
load_model: false
load_path: None
eval_model: false
save_model: true
data_path: /home/mx/DRAC/dataset/CPV0/SAC/no_noise/eps0.5
epsilon: 0.1
seed: 42
max_train_steps: 20000
save_interval: 10000
eval_interval: 1000
update_every: 50
explore_episode: 50
gamma: 0.99
tau: 0.005
net_arch:
- 256
- 256
net_layer: 1
n_critic: 2
a_lr: 0.005
c_lr: 0.0001
b_lr: 5.0e-05
g_lr: 0.0005
r_lr: 0.0005
l2_reg: 0
batch_size: 256
alpha: 0.12
adaptive_alpha: true
reward_adapt: true
robust: true
robust_optimizer: functional
noise: false
type: gaussian
adv: false
spread: 0.0
scale: 1.0
delta: 0.5
env_name: ContinuousCartPole
env_index: 1
env_mods:
  use_mods: false
  observation_noise:
    enabled: false
    type: gaussian
    level: 0.1
    frequency: 1.0
  action_perturb:
    enabled: false
    type: noise
    probability: 0.1
    level: 0.1
  reward_shift:
    enabled: false
    type: scale
    param: 0.9
    noise_level: 0.1
  transition_perturb:
    enabled: false
    type: teleport
    probability: 0.05
    level: 0.1
  param_shift:
    enabled: false
    train_apply: false
    eval_apply: true
    g_factor: 1.0
    m_factor: 1.0
    l_factor: 1.0
    len_factor: 1.0
    force_mag_factor: 1.0
    gravity_factor: 1.0
    wind_power: 0.0
    turbulence_power: 0.0
    engine_factor: 1.0
  custom:
    enabled: false
    spread: 0.0
    type: gaussian
    adv: false
  eval:
    use_modified: true
    scale_noise: false
    noise_scale_factor: 2.0
    include_action_perturb: true
    include_reward_shift: true
    include_transition_perturb: true

[2025-04-18 14:20:14,171][__main__][INFO] - System information:
[2025-04-18 14:20:14,171][__main__][INFO] -   Platform: Linux-6.11.0-21-generic-x86_64-with-glibc2.39
[2025-04-18 14:20:14,171][__main__][INFO] -   Python: 3.12.2
[2025-04-18 14:20:14,171][__main__][INFO] -   PyTorch: 2.5.1
[2025-04-18 14:20:14,171][__main__][INFO] -   CUDA Available: True
[2025-04-18 14:20:14,171][__main__][INFO] -   CUDA Version: 12.4
[2025-04-18 14:20:14,171][__main__][INFO] -   GPU: NVIDIA GeForce GTX 1080 Ti
[2025-04-18 14:20:14,176][__main__][INFO] - Env: ContinuousCartPole-v0  state_dim: 4  action_dim: 1  max_a: 1.0  min_a: -1.0  max_e_steps: 500
[2025-04-18 14:20:14,178][__main__][INFO] - Random Seed: 42
[2025-04-18 14:20:14,178][__main__][INFO] - Models will be saved to models/SAC_model/CPV0
[2025-04-18 14:20:57,731][__main__][INFO] - EnvName: CPV0, Steps: 1k, Episode Reward: 15
[2025-04-18 14:21:39,448][__main__][INFO] - EnvName: CPV0, Steps: 2k, Episode Reward: 180
[2025-04-18 14:22:21,693][__main__][INFO] - EnvName: CPV0, Steps: 3k, Episode Reward: 207
[2025-04-18 14:23:05,265][__main__][INFO] - EnvName: CPV0, Steps: 4k, Episode Reward: 315
[2025-04-18 14:23:47,768][__main__][INFO] - EnvName: CPV0, Steps: 5k, Episode Reward: 427
[2025-04-18 14:24:30,954][__main__][INFO] - EnvName: CPV0, Steps: 6k, Episode Reward: 410
[2025-04-18 14:25:15,355][__main__][INFO] - EnvName: CPV0, Steps: 7k, Episode Reward: 500
[2025-04-18 14:25:58,190][__main__][INFO] - EnvName: CPV0, Steps: 8k, Episode Reward: 500
[2025-04-18 14:26:42,600][__main__][INFO] - EnvName: CPV0, Steps: 9k, Episode Reward: 500
[2025-04-18 14:27:26,412][__main__][INFO] - EnvName: CPV0, Steps: 10k, Episode Reward: 500
[2025-04-18 14:28:11,764][__main__][INFO] - EnvName: CPV0, Steps: 11k, Episode Reward: 500
[2025-04-18 14:28:58,012][__main__][INFO] - EnvName: CPV0, Steps: 12k, Episode Reward: 500
[2025-04-18 14:29:44,084][__main__][INFO] - EnvName: CPV0, Steps: 13k, Episode Reward: 500
[2025-04-18 14:30:29,887][__main__][INFO] - EnvName: CPV0, Steps: 14k, Episode Reward: 500
[2025-04-18 14:31:14,708][__main__][INFO] - EnvName: CPV0, Steps: 15k, Episode Reward: 500
[2025-04-18 14:32:00,649][__main__][INFO] - EnvName: CPV0, Steps: 16k, Episode Reward: 500
[2025-04-18 14:32:45,632][__main__][INFO] - EnvName: CPV0, Steps: 17k, Episode Reward: 500
[2025-04-18 14:33:30,663][__main__][INFO] - EnvName: CPV0, Steps: 18k, Episode Reward: 500
[2025-04-18 14:34:15,809][__main__][INFO] - EnvName: CPV0, Steps: 19k, Episode Reward: 500
[2025-04-18 14:34:59,879][__main__][INFO] - EnvName: CPV0, Steps: 20k, Episode Reward: 500
[2025-04-18 14:34:59,884][__main__][INFO] - Training completed. Evaluating across 20 episodes
[2025-04-18 14:35:05,693][__main__][INFO] - Final evaluation - Mean: 500.00, Std: 0.00
[2025-04-18 14:35:05,693][__main__][INFO] - 90th percentile: 500.00, 10th percentile: 500.00
[2025-04-18 14:35:05,698][__main__][INFO] - Final model saved to models/SAC_model/CPV0
[2025-04-18 14:49:33,164][__main__][INFO] - Configuration:
device: cuda
mode: offline
write: false
debug_print: false
render: false
load_model: false
load_path: None
eval_model: false
save_model: true
data_path: /home/mx/DRAC/dataset/CPV0/SAC/no_noise/eps0.5
epsilon: 0.1
seed: 42
max_train_steps: 20000
save_interval: 10000
eval_interval: 1000
update_every: 50
explore_episode: 50
gamma: 0.99
tau: 0.005
net_arch:
- 256
- 256
net_layer: 1
n_critic: 2
a_lr: 0.005
c_lr: 0.0001
b_lr: 5.0e-05
g_lr: 0.0005
r_lr: 0.0005
l2_reg: 0
batch_size: 256
alpha: 0.12
adaptive_alpha: true
reward_adapt: true
robust: true
robust_optimizer: functional
noise: false
type: gaussian
adv: false
spread: 0.0
scale: 1.0
delta: 0.5
env_name: ContinuousCartPole
env_index: 1
env_mods:
  use_mods: false
  observation_noise:
    enabled: false
    type: gaussian
    level: 0.1
    frequency: 1.0
  action_perturb:
    enabled: false
    type: noise
    probability: 0.1
    level: 0.1
  reward_shift:
    enabled: false
    type: scale
    param: 0.9
    noise_level: 0.1
  transition_perturb:
    enabled: false
    type: teleport
    probability: 0.05
    level: 0.1
  param_shift:
    enabled: false
    train_apply: false
    eval_apply: true
    g_factor: 1.0
    m_factor: 1.0
    l_factor: 1.0
    len_factor: 1.0
    force_mag_factor: 1.0
    gravity_factor: 1.0
    wind_power: 0.0
    turbulence_power: 0.0
    engine_factor: 1.0
  custom:
    enabled: false
    spread: 0.0
    type: gaussian
    adv: false
  eval:
    use_modified: true
    scale_noise: false
    noise_scale_factor: 2.0
    include_action_perturb: true
    include_reward_shift: true
    include_transition_perturb: true

[2025-04-18 14:49:33,208][__main__][INFO] - System information:
[2025-04-18 14:49:33,208][__main__][INFO] -   Platform: Linux-6.11.0-21-generic-x86_64-with-glibc2.39
[2025-04-18 14:49:33,208][__main__][INFO] -   Python: 3.12.2
[2025-04-18 14:49:33,208][__main__][INFO] -   PyTorch: 2.5.1
[2025-04-18 14:49:33,209][__main__][INFO] -   CUDA Available: True
[2025-04-18 14:49:33,209][__main__][INFO] -   CUDA Version: 12.4
[2025-04-18 14:49:33,209][__main__][INFO] -   GPU: NVIDIA GeForce GTX 1080 Ti
[2025-04-18 14:49:33,217][__main__][INFO] - Env: ContinuousCartPole-v0  state_dim: 4  action_dim: 1  max_a: 1.0  min_a: -1.0  max_e_steps: 500
[2025-04-18 14:49:33,219][__main__][INFO] - Random Seed: 42
[2025-04-18 14:49:33,219][__main__][INFO] - Models will be saved to models/SAC_model/CPV0
[2025-04-18 14:50:16,359][__main__][INFO] - EnvName: CPV0, Steps: 1k, Episode Reward: 14
[2025-04-18 14:50:58,420][__main__][INFO] - EnvName: CPV0, Steps: 2k, Episode Reward: 204
[2025-04-18 14:51:41,231][__main__][INFO] - EnvName: CPV0, Steps: 3k, Episode Reward: 215
[2025-04-18 14:52:24,499][__main__][INFO] - EnvName: CPV0, Steps: 4k, Episode Reward: 330
[2025-04-18 14:53:08,471][__main__][INFO] - EnvName: CPV0, Steps: 5k, Episode Reward: 421
[2025-04-18 14:53:52,008][__main__][INFO] - EnvName: CPV0, Steps: 6k, Episode Reward: 398
[2025-04-18 14:54:35,462][__main__][INFO] - EnvName: CPV0, Steps: 7k, Episode Reward: 500
[2025-04-18 14:55:19,846][__main__][INFO] - EnvName: CPV0, Steps: 8k, Episode Reward: 500
[2025-04-18 14:56:03,984][__main__][INFO] - EnvName: CPV0, Steps: 9k, Episode Reward: 500
[2025-04-18 14:56:47,756][__main__][INFO] - EnvName: CPV0, Steps: 10k, Episode Reward: 500
[2025-04-18 14:57:32,256][__main__][INFO] - EnvName: CPV0, Steps: 11k, Episode Reward: 500
[2025-04-18 14:58:15,557][__main__][INFO] - EnvName: CPV0, Steps: 12k, Episode Reward: 500
[2025-04-18 14:59:00,231][__main__][INFO] - EnvName: CPV0, Steps: 13k, Episode Reward: 500
[2025-04-18 14:59:43,551][__main__][INFO] - EnvName: CPV0, Steps: 14k, Episode Reward: 500
[2025-04-18 15:00:27,660][__main__][INFO] - EnvName: CPV0, Steps: 15k, Episode Reward: 500
[2025-04-18 15:01:11,734][__main__][INFO] - EnvName: CPV0, Steps: 16k, Episode Reward: 500
[2025-04-18 15:01:55,851][__main__][INFO] - EnvName: CPV0, Steps: 17k, Episode Reward: 500
[2025-04-18 15:02:40,148][__main__][INFO] - EnvName: CPV0, Steps: 18k, Episode Reward: 500
[2025-04-18 15:03:24,032][__main__][INFO] - EnvName: CPV0, Steps: 19k, Episode Reward: 500
