[2025-04-09 00:37:24,687][__main__][INFO] - Configuration:
device: cuda
mode: generate
write: false
debug_print: false
render: false
load_model: true
load_path: /home/mx/DRAC/selected_model/HCv5
eval_model: false
save_model: true
data_path: None
d4rl: false
epsilon: 0.3
seed: 42
max_train_steps: 1000000
save_interval: 10000
eval_interval: 1000
update_every: 10
explore_episode: 50
gamma: 0.99
tau: 0.005
net_arch:
- 256
- 256
net_layer: 1
a_lr: 0.0001
c_lr: 0.0001
b_lr: 0.0005
g_lr: 0.0005
r_lr: 5.0e-05
l2_reg: 0.0
batch_size: 256
alpha: 0.12
adaptive_alpha: true
reward_adapt: true
robust: false
robust_optimizer: functional
noise: false
type: gaussian
adv: false
spread: 0.0
scale: 1.0
delta: 0.0
env_name: HalfCheetah-v5
env_index: 4
env_mods:
  use_mods: false
  observation_noise:
    enabled: false
    type: gaussian
    level: 0.1
    frequency: 1.0
  action_perturb:
    enabled: false
    type: noise
    probability: 0.1
    level: 0.1
  reward_shift:
    enabled: false
    type: scale
    param: 0.9
    noise_level: 0.1
  transition_perturb:
    enabled: false
    type: teleport
    probability: 0.05
    level: 0.1
  param_shift:
    enabled: false
    train_apply: false
    eval_apply: true
    g_factor: 1.0
    m_factor: 1.0
    l_factor: 1.0
    len_factor: 1.0
    force_mag_factor: 1.0
    gravity_factor: 1.0
    wind_power: 0.0
    turbulence_power: 0.0
    engine_factor: 1.0
  custom:
    enabled: false
    spread: 0.0
    type: gaussian
    adv: false
  eval:
    use_modified: true
    scale_noise: false
    noise_scale_factor: 2.0
    include_action_perturb: true
    include_reward_shift: true
    include_transition_perturb: true

[2025-04-09 00:37:24,732][__main__][INFO] - System information:
[2025-04-09 00:37:24,732][__main__][INFO] -   Platform: Linux-6.11.0-21-generic-x86_64-with-glibc2.39
[2025-04-09 00:37:24,732][__main__][INFO] -   Python: 3.12.2
[2025-04-09 00:37:24,732][__main__][INFO] -   PyTorch: 2.5.1
[2025-04-09 00:37:24,732][__main__][INFO] -   CUDA Available: True
[2025-04-09 00:37:24,732][__main__][INFO] -   CUDA Version: 12.4
[2025-04-09 00:37:24,732][__main__][INFO] -   GPU: NVIDIA GeForce GTX 1080 Ti
[2025-04-09 00:37:24,818][__main__][INFO] - Env: HalfCheetah-v5  state_dim: 17  action_dim: 6  max_a: 1.0  min_a: -1.0  max_e_steps: 1000
[2025-04-09 00:37:24,820][__main__][INFO] - Random Seed: 42
[2025-04-09 00:37:24,820][__main__][INFO] - Models will be saved to models/SAC_model/HCv5
[2025-04-09 00:37:25,716][__main__][INFO] - Loading pre-trained model
[2025-04-09 00:38:42,177][__main__][INFO] - Data collected: 100000 in 100 episodes.
[2025-04-09 00:39:58,575][__main__][INFO] - Data collected: 200000 in 200 episodes.
[2025-04-09 00:41:14,667][__main__][INFO] - Data collected: 300000 in 300 episodes.
[2025-04-09 00:42:30,501][__main__][INFO] - Data collected: 400000 in 400 episodes.
[2025-04-09 00:43:46,514][__main__][INFO] - Data collected: 500000 in 500 episodes.
[2025-04-09 00:45:02,433][__main__][INFO] - Data collected: 600000 in 600 episodes.
[2025-04-09 00:46:18,932][__main__][INFO] - Data collected: 700000 in 700 episodes.
[2025-04-09 00:47:34,928][__main__][INFO] - Data collected: 800000 in 800 episodes.
[2025-04-09 00:48:51,044][__main__][INFO] - Data collected: 900000 in 900 episodes.
[2025-04-09 00:50:07,368][__main__][INFO] - Data collected: 1000000 in 1000 episodes.
[2025-04-09 00:50:07,532][__main__][INFO] - Training completed. Evaluating across 20 episodes
[2025-04-09 00:50:18,841][__main__][INFO] - Final evaluation - Mean: 5989.25, Std: 74.35
[2025-04-09 00:50:18,841][__main__][INFO] - 90th percentile: 6109.20, 10th percentile: 5882.80
[2025-04-09 00:50:18,846][__main__][INFO] - Final model saved to models/SAC_model/HCv5
