[2025-04-17 13:34:48,393][__main__][INFO] - Configuration:
device: cuda
mode: offline
write: false
debug_print: false
render: false
load_model: false
load_path: None
eval_model: false
save_model: true
data_path: ./dataset/PV1/TD3/no_noise/eps0.5
epsilon: 0.1
seed: 42
max_train_steps: 50000
save_interval: 10000
eval_interval: 1000
update_every: 50
explore_episode: 50
gamma: 0.99
tau: 0.005
net_arch:
- 256
- 256
net_layer: 1
n_critic: 2
a_lr: 0.0005
c_lr: 0.0005
b_lr: 5.0e-05
g_lr: 5.0e-05
r_lr: 5.0e-05
l2_reg: 0.0
batch_size: 256
alpha: 0.12
adaptive_alpha: true
reward_adapt: true
robust: true
robust_optimizer: functional
noise: false
type: gaussian
adv: false
spread: 0.0
scale: 1.0
delta: 0.75
env_name: Pendulum-v1
env_index: 0
env_mods:
  use_mods: false
  observation_noise:
    enabled: false
    type: gaussian
    level: 0.1
    frequency: 1.0
  action_perturb:
    enabled: false
    type: noise
    probability: 0.1
    level: 0.1
  reward_shift:
    enabled: false
    type: scale
    param: 0.9
    noise_level: 0.1
  transition_perturb:
    enabled: false
    type: teleport
    probability: 0.05
    level: 0.1
  param_shift:
    enabled: false
    train_apply: false
    eval_apply: true
    g_factor: 1.0
    m_factor: 1.0
    l_factor: 1.0
    len_factor: 1.0
    force_mag_factor: 1.0
    gravity_factor: 1.0
    wind_power: 0.0
    turbulence_power: 0.0
    engine_factor: 1.0
  custom:
    enabled: false
    spread: 0.0
    type: gaussian
    adv: false
  eval:
    use_modified: true
    scale_noise: false
    noise_scale_factor: 2.0
    include_action_perturb: true
    include_reward_shift: true
    include_transition_perturb: true

[2025-04-17 13:34:48,438][__main__][INFO] - System information:
[2025-04-17 13:34:48,438][__main__][INFO] -   Platform: Linux-6.11.0-21-generic-x86_64-with-glibc2.39
[2025-04-17 13:34:48,438][__main__][INFO] -   Python: 3.12.2
[2025-04-17 13:34:48,438][__main__][INFO] -   PyTorch: 2.5.1
[2025-04-17 13:34:48,438][__main__][INFO] -   CUDA Available: True
[2025-04-17 13:34:48,438][__main__][INFO] -   CUDA Version: 12.4
[2025-04-17 13:34:48,438][__main__][INFO] -   GPU: NVIDIA GeForce GTX 1080 Ti
[2025-04-17 13:34:48,443][__main__][INFO] - Env: Pendulum-v1  state_dim: 3  action_dim: 1  max_a: 2.0  min_a: -2.0  max_e_steps: 200
[2025-04-17 13:34:48,444][__main__][INFO] - Random Seed: 42
[2025-04-17 13:34:48,445][__main__][INFO] - Models will be saved to models/SAC_model/PV1
[2025-04-17 13:35:31,541][__main__][INFO] - EnvName: PV1, Steps: 1k, Episode Reward: -1803
[2025-04-17 13:36:12,792][__main__][INFO] - EnvName: PV1, Steps: 2k, Episode Reward: -1207
[2025-04-17 13:36:53,359][__main__][INFO] - EnvName: PV1, Steps: 3k, Episode Reward: -330
[2025-04-17 13:37:34,216][__main__][INFO] - EnvName: PV1, Steps: 4k, Episode Reward: -686
[2025-04-17 13:38:16,015][__main__][INFO] - EnvName: PV1, Steps: 5k, Episode Reward: -387
[2025-04-17 13:38:56,985][__main__][INFO] - EnvName: PV1, Steps: 6k, Episode Reward: -407
[2025-04-17 13:39:37,929][__main__][INFO] - EnvName: PV1, Steps: 7k, Episode Reward: -470
[2025-04-17 13:40:19,031][__main__][INFO] - EnvName: PV1, Steps: 8k, Episode Reward: -855
[2025-04-17 13:41:01,038][__main__][INFO] - EnvName: PV1, Steps: 9k, Episode Reward: -602
[2025-04-17 13:41:42,378][__main__][INFO] - EnvName: PV1, Steps: 10k, Episode Reward: -1165
[2025-04-17 13:42:24,509][__main__][INFO] - EnvName: PV1, Steps: 11k, Episode Reward: -513
[2025-04-17 13:43:06,236][__main__][INFO] - EnvName: PV1, Steps: 12k, Episode Reward: -796
[2025-04-17 13:43:47,716][__main__][INFO] - EnvName: PV1, Steps: 13k, Episode Reward: -607
[2025-04-17 13:44:29,872][__main__][INFO] - EnvName: PV1, Steps: 14k, Episode Reward: -1025
[2025-04-17 13:45:12,109][__main__][INFO] - EnvName: PV1, Steps: 15k, Episode Reward: -1106
[2025-04-17 13:45:55,134][__main__][INFO] - EnvName: PV1, Steps: 16k, Episode Reward: -953
[2025-04-17 13:46:38,202][__main__][INFO] - EnvName: PV1, Steps: 17k, Episode Reward: -1124
[2025-04-17 13:47:22,216][__main__][INFO] - EnvName: PV1, Steps: 18k, Episode Reward: -644
[2025-04-17 13:48:05,572][__main__][INFO] - EnvName: PV1, Steps: 19k, Episode Reward: -1079
[2025-04-17 13:48:50,707][__main__][INFO] - EnvName: PV1, Steps: 20k, Episode Reward: -761
[2025-04-17 13:49:34,256][__main__][INFO] - EnvName: PV1, Steps: 21k, Episode Reward: -767
[2025-04-17 13:50:17,376][__main__][INFO] - EnvName: PV1, Steps: 22k, Episode Reward: -576
[2025-04-17 13:50:59,900][__main__][INFO] - EnvName: PV1, Steps: 23k, Episode Reward: -571
[2025-04-17 13:51:42,934][__main__][INFO] - EnvName: PV1, Steps: 24k, Episode Reward: -297
[2025-04-17 13:52:26,183][__main__][INFO] - EnvName: PV1, Steps: 25k, Episode Reward: -589
[2025-04-17 13:53:10,636][__main__][INFO] - EnvName: PV1, Steps: 26k, Episode Reward: -431
[2025-04-17 13:53:55,469][__main__][INFO] - EnvName: PV1, Steps: 27k, Episode Reward: -736
[2025-04-17 13:54:38,351][__main__][INFO] - EnvName: PV1, Steps: 28k, Episode Reward: -526
[2025-04-17 13:55:20,443][__main__][INFO] - EnvName: PV1, Steps: 29k, Episode Reward: -739
[2025-04-17 13:56:03,230][__main__][INFO] - EnvName: PV1, Steps: 30k, Episode Reward: -432
[2025-04-17 13:56:46,327][__main__][INFO] - EnvName: PV1, Steps: 31k, Episode Reward: -533
[2025-04-17 13:57:27,914][__main__][INFO] - EnvName: PV1, Steps: 32k, Episode Reward: -569
[2025-04-17 13:58:08,506][__main__][INFO] - EnvName: PV1, Steps: 33k, Episode Reward: -590
[2025-04-17 13:58:49,307][__main__][INFO] - EnvName: PV1, Steps: 34k, Episode Reward: -702
[2025-04-17 13:59:31,594][__main__][INFO] - EnvName: PV1, Steps: 35k, Episode Reward: -398
[2025-04-17 14:00:12,163][__main__][INFO] - EnvName: PV1, Steps: 36k, Episode Reward: -184
[2025-04-17 14:00:53,634][__main__][INFO] - EnvName: PV1, Steps: 37k, Episode Reward: -207
[2025-04-17 14:01:35,361][__main__][INFO] - EnvName: PV1, Steps: 38k, Episode Reward: -400
[2025-04-17 14:02:16,607][__main__][INFO] - EnvName: PV1, Steps: 39k, Episode Reward: -372
[2025-04-17 14:02:58,461][__main__][INFO] - EnvName: PV1, Steps: 40k, Episode Reward: -635
[2025-04-17 14:03:39,831][__main__][INFO] - EnvName: PV1, Steps: 41k, Episode Reward: -387
[2025-04-17 14:04:20,679][__main__][INFO] - EnvName: PV1, Steps: 42k, Episode Reward: -409
[2025-04-17 14:05:02,203][__main__][INFO] - EnvName: PV1, Steps: 43k, Episode Reward: -124
[2025-04-17 14:05:45,150][__main__][INFO] - EnvName: PV1, Steps: 44k, Episode Reward: -116
[2025-04-17 14:06:28,311][__main__][INFO] - EnvName: PV1, Steps: 45k, Episode Reward: -195
[2025-04-17 14:07:11,942][__main__][INFO] - EnvName: PV1, Steps: 46k, Episode Reward: -135
[2025-04-17 14:07:55,727][__main__][INFO] - EnvName: PV1, Steps: 47k, Episode Reward: -123
[2025-04-17 14:08:38,650][__main__][INFO] - EnvName: PV1, Steps: 48k, Episode Reward: -143
[2025-04-17 14:09:21,881][__main__][INFO] - EnvName: PV1, Steps: 49k, Episode Reward: -111
[2025-04-17 14:10:05,754][__main__][INFO] - EnvName: PV1, Steps: 50k, Episode Reward: -128
[2025-04-17 14:10:05,762][__main__][INFO] - Training completed. Evaluating across 20 episodes
[2025-04-17 14:10:08,521][__main__][INFO] - Final evaluation - Mean: -162.35, Std: 95.06
[2025-04-17 14:10:08,521][__main__][INFO] - 90th percentile: -2.90, 10th percentile: -257.80
[2025-04-17 14:10:08,526][__main__][INFO] - Final model saved to models/SAC_model/PV1
