[2025-04-18 13:03:11,617][__main__][INFO] - Configuration:
device: cuda
mode: offline
write: false
debug_print: false
render: false
load_model: false
load_path: None
eval_model: false
save_model: true
data_path: ./dataset/LLDV3/TD3/no_noise/eps0.5
epsilon: 0.1
seed: 42
max_train_steps: 250000
save_interval: 10000
eval_interval: 1000
update_every: 50
explore_episode: 50
gamma: 0.99
tau: 0.005
net_arch:
- 256
- 256
net_layer: 1
n_critic: 2
a_lr: 0.0001
c_lr: 0.0001
b_lr: 0.0005
g_lr: 0.0005
r_lr: 5.0e-05
l2_reg: 0.0
batch_size: 256
alpha: 0.12
adaptive_alpha: true
reward_adapt: true
robust: false
robust_optimizer: functional
noise: false
type: gaussian
adv: false
spread: 0.0
scale: 1.0
delta: 0.0
env_name: LunarLanderContinuous-v3
env_index: 2
env_mods:
  use_mods: false
  observation_noise:
    enabled: false
    type: gaussian
    level: 0.1
    frequency: 1.0
  action_perturb:
    enabled: false
    type: noise
    probability: 0.1
    level: 0.1
  reward_shift:
    enabled: false
    type: scale
    param: 0.9
    noise_level: 0.1
  transition_perturb:
    enabled: false
    type: teleport
    probability: 0.05
    level: 0.1
  param_shift:
    enabled: false
    train_apply: false
    eval_apply: true
    g_factor: 1.0
    m_factor: 1.0
    l_factor: 1.0
    len_factor: 1.0
    force_mag_factor: 1.0
    gravity_factor: 1.0
    wind_power: 0.0
    turbulence_power: 0.0
    engine_factor: 1.0
  custom:
    enabled: false
    spread: 0.0
    type: gaussian
    adv: false
  eval:
    use_modified: true
    scale_noise: false
    noise_scale_factor: 2.0
    include_action_perturb: true
    include_reward_shift: true
    include_transition_perturb: true

[2025-04-18 13:03:11,662][__main__][INFO] - System information:
[2025-04-18 13:03:11,662][__main__][INFO] -   Platform: Linux-6.11.0-21-generic-x86_64-with-glibc2.39
[2025-04-18 13:03:11,662][__main__][INFO] -   Python: 3.12.2
[2025-04-18 13:03:11,662][__main__][INFO] -   PyTorch: 2.5.1
[2025-04-18 13:03:11,662][__main__][INFO] -   CUDA Available: True
[2025-04-18 13:03:11,662][__main__][INFO] -   CUDA Version: 12.4
[2025-04-18 13:03:11,662][__main__][INFO] -   GPU: NVIDIA GeForce GTX 1080 Ti
[2025-04-18 13:03:11,668][__main__][INFO] - Env: LunarLanderContinuous-v3  state_dim: 8  action_dim: 2  max_a: 1.0  min_a: -1.0  max_e_steps: 1000
[2025-04-18 13:03:11,669][__main__][INFO] - Random Seed: 42
[2025-04-18 13:03:11,669][__main__][INFO] - Models will be saved to models/SAC_model/LLdV3
[2025-04-18 13:03:33,693][__main__][INFO] - EnvName: LLdV3, Steps: 1k, Episode Reward: -718
[2025-04-18 13:03:56,418][__main__][INFO] - EnvName: LLdV3, Steps: 2k, Episode Reward: -445
[2025-04-18 13:04:21,817][__main__][INFO] - EnvName: LLdV3, Steps: 3k, Episode Reward: -217
[2025-04-18 13:04:45,184][__main__][INFO] - EnvName: LLdV3, Steps: 4k, Episode Reward: -147
[2025-04-18 13:05:09,553][__main__][INFO] - EnvName: LLdV3, Steps: 5k, Episode Reward: 34
[2025-04-18 13:05:33,894][__main__][INFO] - EnvName: LLdV3, Steps: 6k, Episode Reward: 62
[2025-04-18 13:05:56,304][__main__][INFO] - EnvName: LLdV3, Steps: 7k, Episode Reward: 88
[2025-04-18 13:06:18,608][__main__][INFO] - EnvName: LLdV3, Steps: 8k, Episode Reward: 27
[2025-04-18 13:06:41,107][__main__][INFO] - EnvName: LLdV3, Steps: 9k, Episode Reward: 82
[2025-04-18 13:07:04,533][__main__][INFO] - EnvName: LLdV3, Steps: 10k, Episode Reward: 127
[2025-04-18 13:07:28,371][__main__][INFO] - EnvName: LLdV3, Steps: 11k, Episode Reward: 109
[2025-04-18 13:07:51,588][__main__][INFO] - EnvName: LLdV3, Steps: 12k, Episode Reward: 149
[2025-04-18 13:08:13,575][__main__][INFO] - EnvName: LLdV3, Steps: 13k, Episode Reward: 199
[2025-04-18 13:08:37,699][__main__][INFO] - EnvName: LLdV3, Steps: 14k, Episode Reward: 168
[2025-04-18 13:08:57,427][__main__][INFO] - EnvName: LLdV3, Steps: 15k, Episode Reward: 118
[2025-04-18 13:09:21,456][__main__][INFO] - EnvName: LLdV3, Steps: 16k, Episode Reward: 187
[2025-04-18 13:09:44,174][__main__][INFO] - EnvName: LLdV3, Steps: 17k, Episode Reward: 167
[2025-04-18 13:10:09,696][__main__][INFO] - EnvName: LLdV3, Steps: 18k, Episode Reward: -30
[2025-04-18 13:10:37,343][__main__][INFO] - EnvName: LLdV3, Steps: 19k, Episode Reward: -40
[2025-04-18 13:11:02,752][__main__][INFO] - EnvName: LLdV3, Steps: 20k, Episode Reward: -5
[2025-04-18 13:11:28,230][__main__][INFO] - EnvName: LLdV3, Steps: 21k, Episode Reward: 114
[2025-04-18 13:11:54,552][__main__][INFO] - EnvName: LLdV3, Steps: 22k, Episode Reward: 86
[2025-04-18 13:12:16,341][__main__][INFO] - EnvName: LLdV3, Steps: 23k, Episode Reward: 81
[2025-04-18 13:12:43,663][__main__][INFO] - EnvName: LLdV3, Steps: 24k, Episode Reward: 48
[2025-04-18 13:13:06,931][__main__][INFO] - EnvName: LLdV3, Steps: 25k, Episode Reward: 125
[2025-04-18 13:13:31,419][__main__][INFO] - EnvName: LLdV3, Steps: 26k, Episode Reward: 67
[2025-04-18 13:13:58,942][__main__][INFO] - EnvName: LLdV3, Steps: 27k, Episode Reward: 43
[2025-04-18 13:14:23,389][__main__][INFO] - EnvName: LLdV3, Steps: 28k, Episode Reward: 4
[2025-04-18 13:14:50,081][__main__][INFO] - EnvName: LLdV3, Steps: 29k, Episode Reward: -22
[2025-04-18 13:15:16,319][__main__][INFO] - EnvName: LLdV3, Steps: 30k, Episode Reward: 10
[2025-04-18 13:15:42,412][__main__][INFO] - EnvName: LLdV3, Steps: 31k, Episode Reward: 11
[2025-04-18 13:16:07,122][__main__][INFO] - EnvName: LLdV3, Steps: 32k, Episode Reward: 0
[2025-04-18 13:16:32,085][__main__][INFO] - EnvName: LLdV3, Steps: 33k, Episode Reward: 51
[2025-04-18 13:16:58,723][__main__][INFO] - EnvName: LLdV3, Steps: 34k, Episode Reward: 31
[2025-04-18 13:17:25,270][__main__][INFO] - EnvName: LLdV3, Steps: 35k, Episode Reward: 40
[2025-04-18 13:17:48,697][__main__][INFO] - EnvName: LLdV3, Steps: 36k, Episode Reward: 37
[2025-04-18 13:18:13,426][__main__][INFO] - EnvName: LLdV3, Steps: 37k, Episode Reward: 63
[2025-04-18 13:18:39,427][__main__][INFO] - EnvName: LLdV3, Steps: 38k, Episode Reward: -19
[2025-04-18 13:19:05,870][__main__][INFO] - EnvName: LLdV3, Steps: 39k, Episode Reward: 39
[2025-04-18 13:19:33,457][__main__][INFO] - EnvName: LLdV3, Steps: 40k, Episode Reward: 27
[2025-04-18 13:19:54,405][__main__][INFO] - EnvName: LLdV3, Steps: 41k, Episode Reward: 86
[2025-04-18 13:20:17,515][__main__][INFO] - EnvName: LLdV3, Steps: 42k, Episode Reward: 5
[2025-04-18 13:20:43,732][__main__][INFO] - EnvName: LLdV3, Steps: 43k, Episode Reward: 65
[2025-04-18 13:21:09,418][__main__][INFO] - EnvName: LLdV3, Steps: 44k, Episode Reward: 56
[2025-04-18 13:21:35,217][__main__][INFO] - EnvName: LLdV3, Steps: 45k, Episode Reward: 117
[2025-04-18 13:21:57,327][__main__][INFO] - EnvName: LLdV3, Steps: 46k, Episode Reward: 131
[2025-04-18 13:22:23,084][__main__][INFO] - EnvName: LLdV3, Steps: 47k, Episode Reward: 24
[2025-04-18 13:22:47,557][__main__][INFO] - EnvName: LLdV3, Steps: 48k, Episode Reward: 176
[2025-04-18 13:23:09,654][__main__][INFO] - EnvName: LLdV3, Steps: 49k, Episode Reward: 139
[2025-04-18 13:23:36,713][__main__][INFO] - EnvName: LLdV3, Steps: 50k, Episode Reward: 6
[2025-04-18 13:24:02,667][__main__][INFO] - EnvName: LLdV3, Steps: 51k, Episode Reward: 9
[2025-04-18 13:24:27,966][__main__][INFO] - EnvName: LLdV3, Steps: 52k, Episode Reward: 166
[2025-04-18 13:24:53,564][__main__][INFO] - EnvName: LLdV3, Steps: 53k, Episode Reward: 106
[2025-04-18 13:25:17,833][__main__][INFO] - EnvName: LLdV3, Steps: 54k, Episode Reward: 87
[2025-04-18 13:25:44,396][__main__][INFO] - EnvName: LLdV3, Steps: 55k, Episode Reward: 39
[2025-04-18 13:26:08,152][__main__][INFO] - EnvName: LLdV3, Steps: 56k, Episode Reward: 138
[2025-04-18 13:26:33,769][__main__][INFO] - EnvName: LLdV3, Steps: 57k, Episode Reward: 138
[2025-04-18 13:26:58,284][__main__][INFO] - EnvName: LLdV3, Steps: 58k, Episode Reward: 146
[2025-04-18 13:27:22,629][__main__][INFO] - EnvName: LLdV3, Steps: 59k, Episode Reward: 117
[2025-04-18 13:27:48,315][__main__][INFO] - EnvName: LLdV3, Steps: 60k, Episode Reward: 83
[2025-04-18 13:28:11,835][__main__][INFO] - EnvName: LLdV3, Steps: 61k, Episode Reward: 117
[2025-04-18 13:28:36,727][__main__][INFO] - EnvName: LLdV3, Steps: 62k, Episode Reward: 123
[2025-04-18 13:29:02,033][__main__][INFO] - EnvName: LLdV3, Steps: 63k, Episode Reward: 46
[2025-04-18 13:29:27,187][__main__][INFO] - EnvName: LLdV3, Steps: 64k, Episode Reward: 104
[2025-04-18 13:29:52,662][__main__][INFO] - EnvName: LLdV3, Steps: 65k, Episode Reward: 178
[2025-04-18 13:30:15,588][__main__][INFO] - EnvName: LLdV3, Steps: 66k, Episode Reward: 116
[2025-04-18 13:30:39,586][__main__][INFO] - EnvName: LLdV3, Steps: 67k, Episode Reward: 114
[2025-04-18 13:31:01,973][__main__][INFO] - EnvName: LLdV3, Steps: 68k, Episode Reward: 155
[2025-04-18 13:31:26,068][__main__][INFO] - EnvName: LLdV3, Steps: 69k, Episode Reward: 154
[2025-04-18 13:31:50,191][__main__][INFO] - EnvName: LLdV3, Steps: 70k, Episode Reward: 122
[2025-04-18 13:32:15,516][__main__][INFO] - EnvName: LLdV3, Steps: 71k, Episode Reward: 146
[2025-04-18 13:32:39,095][__main__][INFO] - EnvName: LLdV3, Steps: 72k, Episode Reward: 138
[2025-04-18 13:33:02,370][__main__][INFO] - EnvName: LLdV3, Steps: 73k, Episode Reward: 171
[2025-04-18 13:33:25,662][__main__][INFO] - EnvName: LLdV3, Steps: 74k, Episode Reward: 169
[2025-04-18 13:33:48,445][__main__][INFO] - EnvName: LLdV3, Steps: 75k, Episode Reward: 129
[2025-04-18 13:34:12,497][__main__][INFO] - EnvName: LLdV3, Steps: 76k, Episode Reward: 81
[2025-04-18 13:34:36,762][__main__][INFO] - EnvName: LLdV3, Steps: 77k, Episode Reward: 132
[2025-04-18 13:34:59,622][__main__][INFO] - EnvName: LLdV3, Steps: 78k, Episode Reward: 153
[2025-04-18 13:35:24,252][__main__][INFO] - EnvName: LLdV3, Steps: 79k, Episode Reward: 114
[2025-04-18 13:35:48,366][__main__][INFO] - EnvName: LLdV3, Steps: 80k, Episode Reward: 170
[2025-04-18 13:36:09,920][__main__][INFO] - EnvName: LLdV3, Steps: 81k, Episode Reward: 127
[2025-04-18 13:36:34,695][__main__][INFO] - EnvName: LLdV3, Steps: 82k, Episode Reward: 65
[2025-04-18 13:36:59,268][__main__][INFO] - EnvName: LLdV3, Steps: 83k, Episode Reward: 153
[2025-04-18 13:37:22,376][__main__][INFO] - EnvName: LLdV3, Steps: 84k, Episode Reward: 177
[2025-04-18 13:37:46,669][__main__][INFO] - EnvName: LLdV3, Steps: 85k, Episode Reward: 86
[2025-04-18 13:38:09,932][__main__][INFO] - EnvName: LLdV3, Steps: 86k, Episode Reward: 81
[2025-04-18 13:38:33,452][__main__][INFO] - EnvName: LLdV3, Steps: 87k, Episode Reward: 129
[2025-04-18 13:38:56,117][__main__][INFO] - EnvName: LLdV3, Steps: 88k, Episode Reward: 76
[2025-04-18 13:39:19,496][__main__][INFO] - EnvName: LLdV3, Steps: 89k, Episode Reward: 135
[2025-04-18 13:39:44,057][__main__][INFO] - EnvName: LLdV3, Steps: 90k, Episode Reward: 165
[2025-04-18 13:40:06,304][__main__][INFO] - EnvName: LLdV3, Steps: 91k, Episode Reward: 151
[2025-04-18 13:40:30,734][__main__][INFO] - EnvName: LLdV3, Steps: 92k, Episode Reward: 120
[2025-04-18 13:40:55,155][__main__][INFO] - EnvName: LLdV3, Steps: 93k, Episode Reward: 126
[2025-04-18 13:41:17,772][__main__][INFO] - EnvName: LLdV3, Steps: 94k, Episode Reward: 169
[2025-04-18 13:41:41,746][__main__][INFO] - EnvName: LLdV3, Steps: 95k, Episode Reward: 118
[2025-04-18 13:42:03,729][__main__][INFO] - EnvName: LLdV3, Steps: 96k, Episode Reward: 109
[2025-04-18 13:42:26,367][__main__][INFO] - EnvName: LLdV3, Steps: 97k, Episode Reward: 69
[2025-04-18 13:42:51,080][__main__][INFO] - EnvName: LLdV3, Steps: 98k, Episode Reward: 149
[2025-04-18 13:43:11,856][__main__][INFO] - EnvName: LLdV3, Steps: 99k, Episode Reward: 161
[2025-04-18 13:43:34,178][__main__][INFO] - EnvName: LLdV3, Steps: 100k, Episode Reward: 178
[2025-04-18 13:43:59,326][__main__][INFO] - EnvName: LLdV3, Steps: 101k, Episode Reward: 78
[2025-04-18 13:44:23,696][__main__][INFO] - EnvName: LLdV3, Steps: 102k, Episode Reward: 122
[2025-04-18 13:44:47,191][__main__][INFO] - EnvName: LLdV3, Steps: 103k, Episode Reward: 175
[2025-04-18 13:45:09,822][__main__][INFO] - EnvName: LLdV3, Steps: 104k, Episode Reward: 188
[2025-04-18 13:45:33,403][__main__][INFO] - EnvName: LLdV3, Steps: 105k, Episode Reward: 152
[2025-04-18 13:45:55,788][__main__][INFO] - EnvName: LLdV3, Steps: 106k, Episode Reward: 182
[2025-04-18 13:46:19,055][__main__][INFO] - EnvName: LLdV3, Steps: 107k, Episode Reward: 209
[2025-04-18 13:46:41,169][__main__][INFO] - EnvName: LLdV3, Steps: 108k, Episode Reward: 168
[2025-04-18 13:47:03,365][__main__][INFO] - EnvName: LLdV3, Steps: 109k, Episode Reward: 138
[2025-04-18 13:47:28,682][__main__][INFO] - EnvName: LLdV3, Steps: 110k, Episode Reward: 105
[2025-04-18 13:47:50,225][__main__][INFO] - EnvName: LLdV3, Steps: 111k, Episode Reward: 178
[2025-04-18 13:48:11,387][__main__][INFO] - EnvName: LLdV3, Steps: 112k, Episode Reward: 197
[2025-04-18 13:48:34,630][__main__][INFO] - EnvName: LLdV3, Steps: 113k, Episode Reward: 158
[2025-04-18 13:48:56,301][__main__][INFO] - EnvName: LLdV3, Steps: 114k, Episode Reward: 142
[2025-04-18 13:49:16,211][__main__][INFO] - EnvName: LLdV3, Steps: 115k, Episode Reward: 213
[2025-04-18 13:49:39,901][__main__][INFO] - EnvName: LLdV3, Steps: 116k, Episode Reward: 97
[2025-04-18 13:50:00,482][__main__][INFO] - EnvName: LLdV3, Steps: 117k, Episode Reward: 164
[2025-04-18 13:50:22,593][__main__][INFO] - EnvName: LLdV3, Steps: 118k, Episode Reward: 188
[2025-04-18 13:50:45,530][__main__][INFO] - EnvName: LLdV3, Steps: 119k, Episode Reward: 179
[2025-04-18 13:51:07,040][__main__][INFO] - EnvName: LLdV3, Steps: 120k, Episode Reward: 184
[2025-04-18 13:51:29,703][__main__][INFO] - EnvName: LLdV3, Steps: 121k, Episode Reward: 171
[2025-04-18 13:51:52,170][__main__][INFO] - EnvName: LLdV3, Steps: 122k, Episode Reward: 106
[2025-04-18 13:52:15,041][__main__][INFO] - EnvName: LLdV3, Steps: 123k, Episode Reward: 164
[2025-04-18 13:52:38,060][__main__][INFO] - EnvName: LLdV3, Steps: 124k, Episode Reward: 182
[2025-04-18 13:53:00,283][__main__][INFO] - EnvName: LLdV3, Steps: 125k, Episode Reward: 76
[2025-04-18 13:53:21,772][__main__][INFO] - EnvName: LLdV3, Steps: 126k, Episode Reward: 142
[2025-04-18 13:53:42,613][__main__][INFO] - EnvName: LLdV3, Steps: 127k, Episode Reward: 105
[2025-04-18 13:54:03,685][__main__][INFO] - EnvName: LLdV3, Steps: 128k, Episode Reward: 131
[2025-04-18 13:54:26,669][__main__][INFO] - EnvName: LLdV3, Steps: 129k, Episode Reward: 158
[2025-04-18 13:54:49,291][__main__][INFO] - EnvName: LLdV3, Steps: 130k, Episode Reward: 116
[2025-04-18 13:55:10,079][__main__][INFO] - EnvName: LLdV3, Steps: 131k, Episode Reward: 128
[2025-04-18 13:55:34,024][__main__][INFO] - EnvName: LLdV3, Steps: 132k, Episode Reward: 139
[2025-04-18 13:55:57,384][__main__][INFO] - EnvName: LLdV3, Steps: 133k, Episode Reward: 178
[2025-04-18 13:56:20,774][__main__][INFO] - EnvName: LLdV3, Steps: 134k, Episode Reward: 157
[2025-04-18 13:56:44,961][__main__][INFO] - EnvName: LLdV3, Steps: 135k, Episode Reward: 157
[2025-04-18 13:57:07,692][__main__][INFO] - EnvName: LLdV3, Steps: 136k, Episode Reward: 182
[2025-04-18 13:57:32,694][__main__][INFO] - EnvName: LLdV3, Steps: 137k, Episode Reward: 178
[2025-04-18 13:57:55,942][__main__][INFO] - EnvName: LLdV3, Steps: 138k, Episode Reward: 171
[2025-04-18 13:58:18,911][__main__][INFO] - EnvName: LLdV3, Steps: 139k, Episode Reward: 198
[2025-04-18 13:58:43,744][__main__][INFO] - EnvName: LLdV3, Steps: 140k, Episode Reward: 154
[2025-04-18 13:59:06,902][__main__][INFO] - EnvName: LLdV3, Steps: 141k, Episode Reward: 153
[2025-04-18 13:59:31,493][__main__][INFO] - EnvName: LLdV3, Steps: 142k, Episode Reward: 167
[2025-04-18 13:59:56,403][__main__][INFO] - EnvName: LLdV3, Steps: 143k, Episode Reward: 142
[2025-04-18 14:00:17,846][__main__][INFO] - EnvName: LLdV3, Steps: 144k, Episode Reward: 146
[2025-04-18 14:00:42,507][__main__][INFO] - EnvName: LLdV3, Steps: 145k, Episode Reward: 194
[2025-04-18 14:01:05,679][__main__][INFO] - EnvName: LLdV3, Steps: 146k, Episode Reward: 106
[2025-04-18 14:01:28,128][__main__][INFO] - EnvName: LLdV3, Steps: 147k, Episode Reward: 210
[2025-04-18 14:01:52,506][__main__][INFO] - EnvName: LLdV3, Steps: 148k, Episode Reward: 170
[2025-04-18 14:02:16,794][__main__][INFO] - EnvName: LLdV3, Steps: 149k, Episode Reward: 149
[2025-04-18 14:02:41,642][__main__][INFO] - EnvName: LLdV3, Steps: 150k, Episode Reward: 139
[2025-04-18 14:03:06,296][__main__][INFO] - EnvName: LLdV3, Steps: 151k, Episode Reward: 142
[2025-04-18 14:03:29,841][__main__][INFO] - EnvName: LLdV3, Steps: 152k, Episode Reward: 165
[2025-04-18 14:03:54,419][__main__][INFO] - EnvName: LLdV3, Steps: 153k, Episode Reward: 167
[2025-04-18 14:04:16,711][__main__][INFO] - EnvName: LLdV3, Steps: 154k, Episode Reward: 133
[2025-04-18 14:04:40,183][__main__][INFO] - EnvName: LLdV3, Steps: 155k, Episode Reward: 172
[2025-04-18 14:05:02,951][__main__][INFO] - EnvName: LLdV3, Steps: 156k, Episode Reward: 174
[2025-04-18 14:05:27,113][__main__][INFO] - EnvName: LLdV3, Steps: 157k, Episode Reward: 143
[2025-04-18 14:05:48,771][__main__][INFO] - EnvName: LLdV3, Steps: 158k, Episode Reward: 185
[2025-04-18 14:06:07,249][__main__][INFO] - EnvName: LLdV3, Steps: 159k, Episode Reward: 153
[2025-04-18 14:06:29,480][__main__][INFO] - EnvName: LLdV3, Steps: 160k, Episode Reward: 134
[2025-04-18 14:06:50,863][__main__][INFO] - EnvName: LLdV3, Steps: 161k, Episode Reward: 161
[2025-04-18 14:07:10,367][__main__][INFO] - EnvName: LLdV3, Steps: 162k, Episode Reward: 200
[2025-04-18 14:07:31,760][__main__][INFO] - EnvName: LLdV3, Steps: 163k, Episode Reward: 177
[2025-04-18 14:07:53,465][__main__][INFO] - EnvName: LLdV3, Steps: 164k, Episode Reward: 136
[2025-04-18 14:08:15,232][__main__][INFO] - EnvName: LLdV3, Steps: 165k, Episode Reward: 107
[2025-04-18 14:08:38,491][__main__][INFO] - EnvName: LLdV3, Steps: 166k, Episode Reward: 193
[2025-04-18 14:08:59,330][__main__][INFO] - EnvName: LLdV3, Steps: 167k, Episode Reward: 165
[2025-04-18 14:09:20,277][__main__][INFO] - EnvName: LLdV3, Steps: 168k, Episode Reward: 184
[2025-04-18 14:09:40,518][__main__][INFO] - EnvName: LLdV3, Steps: 169k, Episode Reward: 149
[2025-04-18 14:10:02,452][__main__][INFO] - EnvName: LLdV3, Steps: 170k, Episode Reward: 147
[2025-04-18 14:10:20,644][__main__][INFO] - EnvName: LLdV3, Steps: 171k, Episode Reward: 190
[2025-04-18 14:10:42,324][__main__][INFO] - EnvName: LLdV3, Steps: 172k, Episode Reward: 208
[2025-04-18 14:11:02,171][__main__][INFO] - EnvName: LLdV3, Steps: 173k, Episode Reward: 168
[2025-04-18 14:11:22,945][__main__][INFO] - EnvName: LLdV3, Steps: 174k, Episode Reward: 185
[2025-04-18 14:11:42,836][__main__][INFO] - EnvName: LLdV3, Steps: 175k, Episode Reward: 186
[2025-04-18 14:12:01,983][__main__][INFO] - EnvName: LLdV3, Steps: 176k, Episode Reward: 166
[2025-04-18 14:12:22,421][__main__][INFO] - EnvName: LLdV3, Steps: 177k, Episode Reward: 135
[2025-04-18 14:12:41,264][__main__][INFO] - EnvName: LLdV3, Steps: 178k, Episode Reward: 177
[2025-04-18 14:13:01,352][__main__][INFO] - EnvName: LLdV3, Steps: 179k, Episode Reward: 174
[2025-04-18 14:13:20,989][__main__][INFO] - EnvName: LLdV3, Steps: 180k, Episode Reward: 196
[2025-04-18 14:13:41,728][__main__][INFO] - EnvName: LLdV3, Steps: 181k, Episode Reward: 174
[2025-04-18 14:14:01,044][__main__][INFO] - EnvName: LLdV3, Steps: 182k, Episode Reward: 162
[2025-04-18 14:14:21,880][__main__][INFO] - EnvName: LLdV3, Steps: 183k, Episode Reward: 207
[2025-04-18 14:14:42,388][__main__][INFO] - EnvName: LLdV3, Steps: 184k, Episode Reward: 174
[2025-04-18 14:15:01,820][__main__][INFO] - EnvName: LLdV3, Steps: 185k, Episode Reward: 194
[2025-04-18 14:15:19,504][__main__][INFO] - EnvName: LLdV3, Steps: 186k, Episode Reward: 192
[2025-04-18 14:15:36,961][__main__][INFO] - EnvName: LLdV3, Steps: 187k, Episode Reward: 167
[2025-04-18 14:15:58,218][__main__][INFO] - EnvName: LLdV3, Steps: 188k, Episode Reward: 191
[2025-04-18 14:16:16,328][__main__][INFO] - EnvName: LLdV3, Steps: 189k, Episode Reward: 183
[2025-04-18 14:16:36,248][__main__][INFO] - EnvName: LLdV3, Steps: 190k, Episode Reward: 186
[2025-04-18 14:16:56,668][__main__][INFO] - EnvName: LLdV3, Steps: 191k, Episode Reward: 185
[2025-04-18 14:17:15,637][__main__][INFO] - EnvName: LLdV3, Steps: 192k, Episode Reward: 144
[2025-04-18 14:17:34,179][__main__][INFO] - EnvName: LLdV3, Steps: 193k, Episode Reward: 151
[2025-04-18 14:17:54,335][__main__][INFO] - EnvName: LLdV3, Steps: 194k, Episode Reward: 211
[2025-04-18 14:18:12,112][__main__][INFO] - EnvName: LLdV3, Steps: 195k, Episode Reward: 207
[2025-04-18 14:18:32,936][__main__][INFO] - EnvName: LLdV3, Steps: 196k, Episode Reward: 118
[2025-04-18 14:18:53,204][__main__][INFO] - EnvName: LLdV3, Steps: 197k, Episode Reward: 189
[2025-04-18 14:19:13,643][__main__][INFO] - EnvName: LLdV3, Steps: 198k, Episode Reward: 160
[2025-04-18 14:19:36,508][__main__][INFO] - EnvName: LLdV3, Steps: 199k, Episode Reward: 184
[2025-04-18 14:19:56,059][__main__][INFO] - EnvName: LLdV3, Steps: 200k, Episode Reward: 193
[2025-04-18 14:20:16,080][__main__][INFO] - EnvName: LLdV3, Steps: 201k, Episode Reward: 196
[2025-04-18 14:20:38,697][__main__][INFO] - EnvName: LLdV3, Steps: 202k, Episode Reward: 215
[2025-04-18 14:20:59,024][__main__][INFO] - EnvName: LLdV3, Steps: 203k, Episode Reward: 203
[2025-04-18 14:21:18,082][__main__][INFO] - EnvName: LLdV3, Steps: 204k, Episode Reward: 184
[2025-04-18 14:21:37,751][__main__][INFO] - EnvName: LLdV3, Steps: 205k, Episode Reward: 175
[2025-04-18 14:21:55,598][__main__][INFO] - EnvName: LLdV3, Steps: 206k, Episode Reward: 213
[2025-04-18 14:22:13,580][__main__][INFO] - EnvName: LLdV3, Steps: 207k, Episode Reward: 219
[2025-04-18 14:22:33,136][__main__][INFO] - EnvName: LLdV3, Steps: 208k, Episode Reward: 217
[2025-04-18 14:22:51,627][__main__][INFO] - EnvName: LLdV3, Steps: 209k, Episode Reward: 209
[2025-04-18 14:23:09,340][__main__][INFO] - EnvName: LLdV3, Steps: 210k, Episode Reward: 210
[2025-04-18 14:23:28,771][__main__][INFO] - EnvName: LLdV3, Steps: 211k, Episode Reward: 185
[2025-04-18 14:23:48,511][__main__][INFO] - EnvName: LLdV3, Steps: 212k, Episode Reward: 137
[2025-04-18 14:24:06,331][__main__][INFO] - EnvName: LLdV3, Steps: 213k, Episode Reward: 227
[2025-04-18 14:24:26,462][__main__][INFO] - EnvName: LLdV3, Steps: 214k, Episode Reward: 193
[2025-04-18 14:24:45,582][__main__][INFO] - EnvName: LLdV3, Steps: 215k, Episode Reward: 196
[2025-04-18 14:25:03,085][__main__][INFO] - EnvName: LLdV3, Steps: 216k, Episode Reward: 212
[2025-04-18 14:25:23,504][__main__][INFO] - EnvName: LLdV3, Steps: 217k, Episode Reward: 218
[2025-04-18 14:25:42,905][__main__][INFO] - EnvName: LLdV3, Steps: 218k, Episode Reward: 232
[2025-04-18 14:26:00,970][__main__][INFO] - EnvName: LLdV3, Steps: 219k, Episode Reward: 225
[2025-04-18 14:26:19,411][__main__][INFO] - EnvName: LLdV3, Steps: 220k, Episode Reward: 203
[2025-04-18 14:26:38,548][__main__][INFO] - EnvName: LLdV3, Steps: 221k, Episode Reward: 229
[2025-04-18 14:26:55,949][__main__][INFO] - EnvName: LLdV3, Steps: 222k, Episode Reward: 235
[2025-04-18 14:27:13,219][__main__][INFO] - EnvName: LLdV3, Steps: 223k, Episode Reward: 175
[2025-04-18 14:27:29,721][__main__][INFO] - EnvName: LLdV3, Steps: 224k, Episode Reward: 193
[2025-04-18 14:27:46,457][__main__][INFO] - EnvName: LLdV3, Steps: 225k, Episode Reward: 206
[2025-04-18 14:28:02,621][__main__][INFO] - EnvName: LLdV3, Steps: 226k, Episode Reward: 223
[2025-04-18 14:28:18,811][__main__][INFO] - EnvName: LLdV3, Steps: 227k, Episode Reward: 173
[2025-04-18 14:28:34,753][__main__][INFO] - EnvName: LLdV3, Steps: 228k, Episode Reward: 219
[2025-04-18 14:28:51,312][__main__][INFO] - EnvName: LLdV3, Steps: 229k, Episode Reward: 221
[2025-04-18 14:29:08,028][__main__][INFO] - EnvName: LLdV3, Steps: 230k, Episode Reward: 229
[2025-04-18 14:29:24,852][__main__][INFO] - EnvName: LLdV3, Steps: 231k, Episode Reward: 176
[2025-04-18 14:29:40,846][__main__][INFO] - EnvName: LLdV3, Steps: 232k, Episode Reward: 219
[2025-04-18 14:29:56,928][__main__][INFO] - EnvName: LLdV3, Steps: 233k, Episode Reward: 208
[2025-04-18 14:30:13,592][__main__][INFO] - EnvName: LLdV3, Steps: 234k, Episode Reward: 211
[2025-04-18 14:30:30,405][__main__][INFO] - EnvName: LLdV3, Steps: 235k, Episode Reward: 170
[2025-04-18 14:30:46,705][__main__][INFO] - EnvName: LLdV3, Steps: 236k, Episode Reward: 224
[2025-04-18 14:31:02,935][__main__][INFO] - EnvName: LLdV3, Steps: 237k, Episode Reward: 146
[2025-04-18 14:31:19,126][__main__][INFO] - EnvName: LLdV3, Steps: 238k, Episode Reward: 205
[2025-04-18 14:31:35,744][__main__][INFO] - EnvName: LLdV3, Steps: 239k, Episode Reward: 223
[2025-04-18 14:31:52,158][__main__][INFO] - EnvName: LLdV3, Steps: 240k, Episode Reward: 208
[2025-04-18 14:32:09,744][__main__][INFO] - EnvName: LLdV3, Steps: 241k, Episode Reward: 215
[2025-04-18 14:32:25,676][__main__][INFO] - EnvName: LLdV3, Steps: 242k, Episode Reward: 145
[2025-04-18 14:32:42,733][__main__][INFO] - EnvName: LLdV3, Steps: 243k, Episode Reward: 171
[2025-04-18 14:32:58,950][__main__][INFO] - EnvName: LLdV3, Steps: 244k, Episode Reward: 214
[2025-04-18 14:33:14,727][__main__][INFO] - EnvName: LLdV3, Steps: 245k, Episode Reward: 232
[2025-04-18 14:33:31,280][__main__][INFO] - EnvName: LLdV3, Steps: 246k, Episode Reward: 230
[2025-04-18 14:33:47,418][__main__][INFO] - EnvName: LLdV3, Steps: 247k, Episode Reward: 235
[2025-04-18 14:34:04,106][__main__][INFO] - EnvName: LLdV3, Steps: 248k, Episode Reward: 208
[2025-04-18 14:34:20,345][__main__][INFO] - EnvName: LLdV3, Steps: 249k, Episode Reward: 232
[2025-04-18 14:34:36,710][__main__][INFO] - EnvName: LLdV3, Steps: 250k, Episode Reward: 221
[2025-04-18 14:34:36,715][__main__][INFO] - Training completed. Evaluating across 20 episodes
[2025-04-18 14:34:40,844][__main__][INFO] - Final evaluation - Mean: 208.80, Std: 90.60
[2025-04-18 14:34:40,844][__main__][INFO] - 90th percentile: 246.70, 10th percentile: 202.30
[2025-04-18 14:34:40,850][__main__][INFO] - Final model saved to models/SAC_model/LLdV3
