[2025-04-13 13:14:20,423][__main__][INFO] - Configuration:
device: cuda
mode: offline
write: false
debug_print: false
render: false
load_model: false
load_path: None
eval_model: false
save_model: true
data_path: /home/mx/DRAC/dataset/PV1/no_noise_eps0.5
seed: 42
eval_freq: 1000
eval_interval: 1000
save_interval: 1000
max_trn_steps: 10000
max_vae_trn_step: 5000
data_size: 1000000
d4rl: false
d4rl_v2: false
d4rl_expert: false
mixed: false
comment: ''
video: false
batch_size: 500
gamma: 0.99
tau: 0.005
lmbda: 0.75
phi: 0.1
adam_eps: 1.0e-06
adam_lr: 0.0003
actor_lr: 0.001
critic_lr: 0.001
n_action: 100
n_action_execute: 100
backup: QL
ql_noise: 0.15
automatic_beta: false
beta_percentile: 2.0
beta: -0.4
vmin: 0
reward_adapt: true
robust: false
robust_optimizer: functional
rho: 0.5
noise: false
type: gaussian
adv: false
spread: 0.0
scale: 1.0
env_name: Pendulum-v1
env_index: 0
env_mods:
  use_mods: false
  observation_noise:
    enabled: false
    type: gaussian
    level: 0.1
    frequency: 1.0
  action_perturb:
    enabled: false
    type: noise
    probability: 0.1
    level: 0.1
  reward_shift:
    enabled: false
    type: scale
    param: 0.9
    noise_level: 0.1
  transition_perturb:
    enabled: false
    type: teleport
    probability: 0.05
    level: 0.1
  param_shift:
    enabled: false
    train_apply: false
    eval_apply: true
    g_factor: 1.0
    m_factor: 1.0
    l_factor: 1.0
    len_factor: 1.0
    force_mag_factor: 1.0
    gravity_factor: 1.0
    wind_power: 0.0
    turbulence_power: 0.0
  custom:
    enabled: false
    spread: 0.0
    type: gaussian
    adv: false
  eval:
    use_modified: true
    scale_noise: false
    noise_scale_factor: 2.0
    include_action_perturb: true
    include_reward_shift: true
    include_transition_perturb: true

[2025-04-13 13:14:20,469][__main__][INFO] - System information:
[2025-04-13 13:14:20,469][__main__][INFO] -   Platform: Linux-6.11.0-21-generic-x86_64-with-glibc2.39
[2025-04-13 13:14:20,469][__main__][INFO] -   Python: 3.12.2
[2025-04-13 13:14:20,470][__main__][INFO] -   PyTorch: 2.5.1
[2025-04-13 13:14:20,470][__main__][INFO] -   CUDA Available: True
[2025-04-13 13:14:20,470][__main__][INFO] -   CUDA Version: 12.4
[2025-04-13 13:14:20,470][__main__][INFO] -   GPU: NVIDIA GeForce GTX 1080 Ti
[2025-04-13 13:14:20,477][__main__][INFO] - Env: Pendulum-v1  state_dim: 3  action_dim: 1  max_a: 2.0  min_a: -2.0  max_e_steps: 200
[2025-04-13 13:14:20,478][__main__][INFO] - Random Seed: 42
[2025-04-13 13:14:20,478][__main__][INFO] - Models will be saved to models/FQI_model/PV1
[2025-04-13 13:14:33,085][__main__][INFO] - Training iterations: 0. State VAE loss: 0.282.
[2025-04-13 13:14:43,657][__main__][INFO] - Training iterations: 1000. State VAE loss: 0.261.
[2025-04-13 13:14:55,013][__main__][INFO] - Training iterations: 2000. State VAE loss: 0.257.
[2025-04-13 13:15:05,434][__main__][INFO] - Training iterations: 3000. State VAE loss: 0.255.
[2025-04-13 13:15:17,045][__main__][INFO] - Training iterations: 4000. State VAE loss: 0.254.
[2025-04-13 13:16:17,214][__main__][INFO] - EnvName: PV1, Steps: 6k, Episode Reward: (-691.6298645988078, 296.2473782277133)
[2025-04-13 13:17:17,661][__main__][INFO] - EnvName: PV1, Steps: 7k, Episode Reward: (-286.4509626210039, 168.40018213262996)
[2025-04-13 13:18:17,820][__main__][INFO] - EnvName: PV1, Steps: 8k, Episode Reward: (-250.52312934971178, 139.15259863048257)
[2025-04-13 13:19:18,240][__main__][INFO] - EnvName: PV1, Steps: 9k, Episode Reward: (-383.453689966508, 201.62072230840195)
[2025-04-13 13:20:18,399][__main__][INFO] - EnvName: PV1, Steps: 10k, Episode Reward: (-233.22493501337567, 187.5781603244194)
[2025-04-13 13:20:18,434][__main__][INFO] - Training completed. Evaluating across 20 episodes
[2025-04-13 13:20:22,259][__main__][INFO] - Final evaluation - Mean: -156.97, Std: 185.43
[2025-04-13 13:20:22,259][__main__][INFO] - 90th percentile: 0.00, 10th percentile: -377.38
[2025-04-13 13:20:22,288][__main__][INFO] - Final model saved to models/SAC_model/PV1
