[2025-04-13 13:14:20,469][__main__][INFO] - System information:
[2025-04-13 13:14:20,469][__main__][INFO] -   Platform: Linux-6.11.0-21-generic-x86_64-with-glibc2.39
[2025-04-13 13:14:20,469][__main__][INFO] -   Python: 3.12.2
[2025-04-13 13:14:20,470][__main__][INFO] -   PyTorch: 2.5.1
[2025-04-13 13:14:20,470][__main__][INFO] -   CUDA Available: True
[2025-04-13 13:14:20,470][__main__][INFO] -   CUDA Version: 12.4
[2025-04-13 13:14:20,470][__main__][INFO] -   GPU: NVIDIA GeForce GTX 1080 Ti
[2025-04-13 13:14:20,477][__main__][INFO] - Env: Pendulum-v1  state_dim: 3  action_dim: 1  max_a: 2.0  min_a: -2.0  max_e_steps: 200
[2025-04-13 13:14:20,478][__main__][INFO] - Random Seed: 42
[2025-04-13 13:14:20,478][__main__][INFO] - Models will be saved to models/FQI_model/PV1
[2025-04-13 13:14:33,085][__main__][INFO] - Training iterations: 0. State VAE loss: 0.282.
[2025-04-13 13:14:43,657][__main__][INFO] - Training iterations: 1000. State VAE loss: 0.261.
[2025-04-13 13:14:55,013][__main__][INFO] - Training iterations: 2000. State VAE loss: 0.257.
[2025-04-13 13:15:05,434][__main__][INFO] - Training iterations: 3000. State VAE loss: 0.255.
[2025-04-13 13:15:17,045][__main__][INFO] - Training iterations: 4000. State VAE loss: 0.254.
[2025-04-13 13:16:17,214][__main__][INFO] - EnvName: PV1, Steps: 6k, Episode Reward: (-691.6298645988078, 296.2473782277133)
[2025-04-13 13:17:17,661][__main__][INFO] - EnvName: PV1, Steps: 7k, Episode Reward: (-286.4509626210039, 168.40018213262996)
[2025-04-13 13:18:17,820][__main__][INFO] - EnvName: PV1, Steps: 8k, Episode Reward: (-250.52312934971178, 139.15259863048257)
[2025-04-13 13:19:18,240][__main__][INFO] - EnvName: PV1, Steps: 9k, Episode Reward: (-383.453689966508, 201.62072230840195)
[2025-04-13 13:20:18,399][__main__][INFO] - EnvName: PV1, Steps: 10k, Episode Reward: (-233.22493501337567, 187.5781603244194)
[2025-04-13 13:20:18,434][__main__][INFO] - Training completed. Evaluating across 20 episodes
[2025-04-13 13:20:22,259][__main__][INFO] - Final evaluation - Mean: -156.97, Std: 185.43
[2025-04-13 13:20:22,259][__main__][INFO] - 90th percentile: 0.00, 10th percentile: -377.38
[2025-04-13 13:20:22,288][__main__][INFO] - Final model saved to models/SAC_model/PV1
