[2025-04-18 00:12:41,545][__main__][INFO] - Configuration:
device: cuda
mode: continual
model: TD3
write: false
debug_print: false
render: false
load_model: false
load_path: None
eval_model: false
save_model: true
data_path: None
epsilon: 0.1
seed: 42
max_train_steps: 300000
save_interval: 10000
eval_interval: 1000
update_every: 10
explore_episode: 50
gamma: 0.99
tau: 0.005
net_arch:
- 256
- 256
net_layer: 1
a_lr: 0.0001
c_lr: 0.0001
l2_reg: 0.0
batch_size: 256
reward_adapt: true
noise: false
type: gaussian
adv: false
spread: 0.0
scale: 1.0
delta: 0.0
env_name: LunarLanderContinuous-v3
env_index: 2
b_lr: 0.0005
g_lr: 0.0005
r_lr: 5.0e-05
env_mods:
  use_mods: false
  observation_noise:
    enabled: false
    type: gaussian
    level: 0.1
    frequency: 1.0
  action_perturb:
    enabled: false
    type: noise
    probability: 0.1
    level: 0.1
  reward_shift:
    enabled: false
    type: scale
    param: 0.9
    noise_level: 0.1
  transition_perturb:
    enabled: false
    type: teleport
    probability: 0.05
    level: 0.1
  param_shift:
    enabled: false
    train_apply: false
    eval_apply: true
    g_factor: 1.0
    m_factor: 1.0
    l_factor: 1.0
    len_factor: 1.0
    force_mag_factor: 1.0
    gravity_factor: 1.0
    wind_power: 0.0
    turbulence_power: 0.0
    engine_factor: 1.0
  custom:
    enabled: false
    spread: 0.0
    type: gaussian
    adv: false
  eval:
    use_modified: true
    scale_noise: false
    noise_scale_factor: 2.0
    include_action_perturb: true
    include_reward_shift: true
    include_transition_perturb: true

[2025-04-18 00:12:41,621][__main__][INFO] - System information:
[2025-04-18 00:12:41,621][__main__][INFO] -   Platform: Linux-6.11.0-21-generic-x86_64-with-glibc2.10
[2025-04-18 00:12:41,621][__main__][INFO] -   Python: 3.8.19
[2025-04-18 00:12:41,621][__main__][INFO] -   PyTorch: 2.4.1+cu121
[2025-04-18 00:12:41,621][__main__][INFO] -   CUDA Available: True
[2025-04-18 00:12:41,621][__main__][INFO] -   CUDA Version: 12.1
[2025-04-18 00:12:41,621][__main__][INFO] -   GPU: NVIDIA GeForce GTX 1080 Ti
[2025-04-18 00:12:41,629][__main__][INFO] - Env: LunarLanderContinuous-v3  state_dim: 8  action_dim: 2  max_a: 1.0  min_a: -1.0  max_e_steps: 1000
[2025-04-18 00:12:41,630][__main__][INFO] - Random Seed: 42
[2025-04-18 00:12:41,630][__main__][INFO] - Models will be saved to models/d3rl_model/LLdV3
[2025-04-18 01:29:45,482][__main__][INFO] - Training completed. Evaluating across 20 episodes
[2025-04-18 01:29:49,531][__main__][INFO] - Final evaluation - Mean: 203.90, Std: 82.91
[2025-04-18 01:29:49,532][__main__][INFO] - 90th percentile: 257.10, 10th percentile: 171.10
