[2025-04-13 15:12:44,413][__main__][INFO] - System information:
[2025-04-13 15:12:44,413][__main__][INFO] -   Platform: Linux-6.11.0-21-generic-x86_64-with-glibc2.39
[2025-04-13 15:12:44,413][__main__][INFO] -   Python: 3.12.2
[2025-04-13 15:12:44,413][__main__][INFO] -   PyTorch: 2.5.1
[2025-04-13 15:12:44,413][__main__][INFO] -   CUDA Available: True
[2025-04-13 15:12:44,414][__main__][INFO] -   CUDA Version: 12.4
[2025-04-13 15:12:44,414][__main__][INFO] -   GPU: NVIDIA GeForce GTX 1080 Ti
[2025-04-13 15:12:44,479][__main__][INFO] - Env: LunarLanderContinuous-v3  state_dim: 8  action_dim: 2  max_a: 1.0  min_a: -1.0  max_e_steps: 1000
[2025-04-13 15:12:44,480][__main__][INFO] - Random Seed: 42
[2025-04-13 15:12:44,480][__main__][INFO] - Models will be saved to models/FQI_model/LLdV3
[2025-04-13 15:12:58,221][__main__][INFO] - Training iterations: 0. State VAE loss: 0.081.
[2025-04-13 15:14:56,421][__main__][INFO] - EnvName: LLdV3, Steps: 2k, Episode Reward: (-141.63103163524343, 45.85689933333442)
[2025-04-13 15:16:54,894][__main__][INFO] - EnvName: LLdV3, Steps: 3k, Episode Reward: (-118.65866039610371, 27.724610816371225)
[2025-04-13 15:18:53,511][__main__][INFO] - EnvName: LLdV3, Steps: 4k, Episode Reward: (-86.84653971647072, 21.1881154434928)
[2025-04-13 15:20:49,453][__main__][INFO] - EnvName: LLdV3, Steps: 5k, Episode Reward: (65.75248914339906, 110.52280087269024)
[2025-04-13 15:22:44,941][__main__][INFO] - EnvName: LLdV3, Steps: 6k, Episode Reward: (130.10505095139766, 77.50120745207174)
[2025-04-13 15:24:37,601][__main__][INFO] - EnvName: LLdV3, Steps: 7k, Episode Reward: (162.12642402189283, 107.48538754431291)
[2025-04-13 15:26:30,159][__main__][INFO] - EnvName: LLdV3, Steps: 8k, Episode Reward: (219.750949073213, 27.342576127816304)
[2025-04-13 15:28:22,784][__main__][INFO] - EnvName: LLdV3, Steps: 9k, Episode Reward: (240.3893332111802, 42.958444560138126)
[2025-04-13 15:30:15,895][__main__][INFO] - EnvName: LLdV3, Steps: 10k, Episode Reward: (237.09223678584823, 28.10944633167755)
[2025-04-13 15:30:15,934][__main__][INFO] - Training completed. Evaluating across 20 episodes
[2025-04-13 15:30:20,568][__main__][INFO] - Final evaluation - Mean: 116.02, Std: 124.10
[2025-04-13 15:30:20,568][__main__][INFO] - 90th percentile: 256.44, 10th percentile: 0.00
[2025-04-13 15:30:20,599][__main__][INFO] - Final model saved to models/SAC_model/LLdV3
