[2025-04-18 18:56:02,798][__main__][INFO] - System information:
[2025-04-18 18:56:02,798][__main__][INFO] -   Platform: Linux-6.11.0-21-generic-x86_64-with-glibc2.39
[2025-04-18 18:56:02,798][__main__][INFO] -   Python: 3.12.2
[2025-04-18 18:56:02,798][__main__][INFO] -   PyTorch: 2.5.1
[2025-04-18 18:56:02,798][__main__][INFO] -   CUDA Available: True
[2025-04-18 18:56:02,798][__main__][INFO] -   CUDA Version: 12.4
[2025-04-18 18:56:02,798][__main__][INFO] -   GPU: NVIDIA GeForce GTX 1080 Ti
[2025-04-18 18:56:02,805][__main__][INFO] - Env: ContinuousCartPole-v0  state_dim: 4  action_dim: 1  max_a: 1.0  min_a: -1.0  max_e_steps: 500
[2025-04-18 18:56:02,806][__main__][INFO] - Random Seed: 42
[2025-04-18 18:56:02,806][__main__][INFO] - Models will be saved to models/SAC_model/CPV0
[2025-04-18 18:56:44,589][__main__][INFO] - System information:
[2025-04-18 18:56:44,590][__main__][INFO] -   Platform: Linux-6.11.0-21-generic-x86_64-with-glibc2.39
[2025-04-18 18:56:44,590][__main__][INFO] -   Python: 3.12.2
[2025-04-18 18:56:44,590][__main__][INFO] -   PyTorch: 2.5.1
[2025-04-18 18:56:44,590][__main__][INFO] -   CUDA Available: True
[2025-04-18 18:56:44,590][__main__][INFO] -   CUDA Version: 12.4
[2025-04-18 18:56:44,590][__main__][INFO] -   GPU: NVIDIA GeForce GTX 1080 Ti
[2025-04-18 18:56:44,596][__main__][INFO] - Env: ContinuousCartPole-v0  state_dim: 4  action_dim: 1  max_a: 1.0  min_a: -1.0  max_e_steps: 500
[2025-04-18 18:56:44,597][__main__][INFO] - Random Seed: 42
[2025-04-18 18:56:44,597][__main__][INFO] - Models will be saved to models/SAC_model/CPV0
[2025-04-18 18:57:11,227][__main__][INFO] - System information:
[2025-04-18 18:57:11,227][__main__][INFO] -   Platform: Linux-6.11.0-21-generic-x86_64-with-glibc2.39
[2025-04-18 18:57:11,227][__main__][INFO] -   Python: 3.12.2
[2025-04-18 18:57:11,227][__main__][INFO] -   PyTorch: 2.5.1
[2025-04-18 18:57:11,227][__main__][INFO] -   CUDA Available: True
[2025-04-18 18:57:11,227][__main__][INFO] -   CUDA Version: 12.4
[2025-04-18 18:57:11,227][__main__][INFO] -   GPU: NVIDIA GeForce GTX 1080 Ti
[2025-04-18 18:57:11,233][__main__][INFO] - Env: ContinuousCartPole-v0  state_dim: 4  action_dim: 1  max_a: 1.0  min_a: -1.0  max_e_steps: 500
[2025-04-18 18:57:11,234][__main__][INFO] - Random Seed: 42
[2025-04-18 18:57:11,234][__main__][INFO] - Models will be saved to models/SAC_model/CPV0
[2025-04-18 18:58:51,458][__main__][INFO] - System information:
[2025-04-18 18:58:51,458][__main__][INFO] -   Platform: Linux-6.11.0-21-generic-x86_64-with-glibc2.39
[2025-04-18 18:58:51,458][__main__][INFO] -   Python: 3.12.2
[2025-04-18 18:58:51,458][__main__][INFO] -   PyTorch: 2.5.1
[2025-04-18 18:58:51,458][__main__][INFO] -   CUDA Available: True
[2025-04-18 18:58:51,458][__main__][INFO] -   CUDA Version: 12.4
[2025-04-18 18:58:51,459][__main__][INFO] -   GPU: NVIDIA GeForce GTX 1080 Ti
[2025-04-18 18:58:51,464][__main__][INFO] - Env: ContinuousCartPole-v0  state_dim: 4  action_dim: 1  max_a: 1.0  min_a: -1.0  max_e_steps: 500
[2025-04-18 18:58:51,465][__main__][INFO] - Random Seed: 42
[2025-04-18 18:58:51,465][__main__][INFO] - Models will be saved to models/SAC_model/CPV0
[2025-04-18 18:59:12,555][__main__][INFO] - EnvName: CPV0, Steps: 1k, Episode Reward: 7
[2025-04-18 18:59:35,509][__main__][INFO] - EnvName: CPV0, Steps: 2k, Episode Reward: 14
[2025-04-18 18:59:57,190][__main__][INFO] - EnvName: CPV0, Steps: 3k, Episode Reward: 41
[2025-04-18 19:00:17,989][__main__][INFO] - EnvName: CPV0, Steps: 4k, Episode Reward: 72
[2025-04-18 19:00:41,461][__main__][INFO] - EnvName: CPV0, Steps: 5k, Episode Reward: 79
[2025-04-18 19:01:04,290][__main__][INFO] - EnvName: CPV0, Steps: 6k, Episode Reward: 111
[2025-04-18 19:01:28,006][__main__][INFO] - EnvName: CPV0, Steps: 7k, Episode Reward: 186
[2025-04-18 19:01:53,713][__main__][INFO] - EnvName: CPV0, Steps: 8k, Episode Reward: 500
[2025-04-18 19:02:16,056][__main__][INFO] - EnvName: CPV0, Steps: 9k, Episode Reward: 500
[2025-04-18 19:02:41,977][__main__][INFO] - EnvName: CPV0, Steps: 10k, Episode Reward: 500
[2025-04-18 19:03:05,340][__main__][INFO] - EnvName: CPV0, Steps: 11k, Episode Reward: 500
[2025-04-18 19:03:29,985][__main__][INFO] - EnvName: CPV0, Steps: 12k, Episode Reward: 500
[2025-04-18 19:03:55,795][__main__][INFO] - EnvName: CPV0, Steps: 13k, Episode Reward: 500
[2025-04-18 19:04:21,295][__main__][INFO] - EnvName: CPV0, Steps: 14k, Episode Reward: 500
[2025-04-18 19:04:45,379][__main__][INFO] - EnvName: CPV0, Steps: 15k, Episode Reward: 500
[2025-04-18 19:05:10,980][__main__][INFO] - EnvName: CPV0, Steps: 16k, Episode Reward: 500
[2025-04-18 19:05:35,299][__main__][INFO] - EnvName: CPV0, Steps: 17k, Episode Reward: 500
[2025-04-18 19:06:00,742][__main__][INFO] - EnvName: CPV0, Steps: 18k, Episode Reward: 500
[2025-04-18 19:06:25,358][__main__][INFO] - EnvName: CPV0, Steps: 19k, Episode Reward: 500
[2025-04-18 19:06:49,057][__main__][INFO] - EnvName: CPV0, Steps: 20k, Episode Reward: 500
[2025-04-18 19:06:49,062][__main__][INFO] - Training completed. Evaluating across 20 episodes
[2025-04-18 19:06:54,650][__main__][INFO] - Final evaluation - Mean: 500.00, Std: 0.00
[2025-04-18 19:06:54,650][__main__][INFO] - 90th percentile: 500.00, 10th percentile: 500.00
[2025-04-18 19:06:54,655][__main__][INFO] - Final model saved to models/SAC_model/CPV0
[2025-04-18 19:16:32,836][__main__][INFO] - System information:
[2025-04-18 19:16:32,836][__main__][INFO] -   Platform: Linux-6.11.0-21-generic-x86_64-with-glibc2.39
[2025-04-18 19:16:32,836][__main__][INFO] -   Python: 3.12.2
[2025-04-18 19:16:32,836][__main__][INFO] -   PyTorch: 2.5.1
[2025-04-18 19:16:32,836][__main__][INFO] -   CUDA Available: True
[2025-04-18 19:16:32,836][__main__][INFO] -   CUDA Version: 12.4
[2025-04-18 19:16:32,836][__main__][INFO] -   GPU: NVIDIA GeForce GTX 1080 Ti
[2025-04-18 19:16:32,842][__main__][INFO] - Env: ContinuousCartPole-v0  state_dim: 4  action_dim: 1  max_a: 1.0  min_a: -1.0  max_e_steps: 500
[2025-04-18 19:16:32,843][__main__][INFO] - Random Seed: 42
[2025-04-18 19:16:32,843][__main__][INFO] - Models will be saved to models/SAC_model/CPV0
[2025-04-18 19:17:15,521][__main__][INFO] - System information:
[2025-04-18 19:17:15,521][__main__][INFO] -   Platform: Linux-6.11.0-21-generic-x86_64-with-glibc2.39
[2025-04-18 19:17:15,521][__main__][INFO] -   Python: 3.12.2
[2025-04-18 19:17:15,521][__main__][INFO] -   PyTorch: 2.5.1
[2025-04-18 19:17:15,521][__main__][INFO] -   CUDA Available: True
[2025-04-18 19:17:15,521][__main__][INFO] -   CUDA Version: 12.4
[2025-04-18 19:17:15,521][__main__][INFO] -   GPU: NVIDIA GeForce GTX 1080 Ti
[2025-04-18 19:17:15,527][__main__][INFO] - Env: ContinuousCartPole-v0  state_dim: 4  action_dim: 1  max_a: 1.0  min_a: -1.0  max_e_steps: 500
[2025-04-18 19:17:15,528][__main__][INFO] - Random Seed: 42
[2025-04-18 19:17:15,528][__main__][INFO] - Models will be saved to models/SAC_model/CPV0
[2025-04-18 19:17:27,803][__main__][INFO] - System information:
[2025-04-18 19:17:27,803][__main__][INFO] -   Platform: Linux-6.11.0-21-generic-x86_64-with-glibc2.39
[2025-04-18 19:17:27,803][__main__][INFO] -   Python: 3.12.2
[2025-04-18 19:17:27,803][__main__][INFO] -   PyTorch: 2.5.1
[2025-04-18 19:17:27,803][__main__][INFO] -   CUDA Available: True
[2025-04-18 19:17:27,803][__main__][INFO] -   CUDA Version: 12.4
[2025-04-18 19:17:27,803][__main__][INFO] -   GPU: NVIDIA GeForce GTX 1080 Ti
[2025-04-18 19:17:27,809][__main__][INFO] - Env: ContinuousCartPole-v0  state_dim: 4  action_dim: 1  max_a: 1.0  min_a: -1.0  max_e_steps: 500
[2025-04-18 19:17:27,811][__main__][INFO] - Random Seed: 42
[2025-04-18 19:17:27,811][__main__][INFO] - Models will be saved to models/SAC_model/CPV0
[2025-04-18 19:18:17,260][__main__][INFO] - System information:
[2025-04-18 19:18:17,260][__main__][INFO] -   Platform: Linux-6.11.0-21-generic-x86_64-with-glibc2.39
[2025-04-18 19:18:17,260][__main__][INFO] -   Python: 3.12.2
[2025-04-18 19:18:17,260][__main__][INFO] -   PyTorch: 2.5.1
[2025-04-18 19:18:17,260][__main__][INFO] -   CUDA Available: True
[2025-04-18 19:18:17,260][__main__][INFO] -   CUDA Version: 12.4
[2025-04-18 19:18:17,260][__main__][INFO] -   GPU: NVIDIA GeForce GTX 1080 Ti
[2025-04-18 19:18:17,266][__main__][INFO] - Env: ContinuousCartPole-v0  state_dim: 4  action_dim: 1  max_a: 1.0  min_a: -1.0  max_e_steps: 500
[2025-04-18 19:18:17,267][__main__][INFO] - Random Seed: 42
[2025-04-18 19:18:17,267][__main__][INFO] - Models will be saved to models/SAC_model/CPV0
