[2025-04-16 11:31:36,355][__main__][INFO] - Configuration:
device: cuda
mode: generate
write: false
debug_print: false
render: false
load_model: true
load_path: ./pre_train_model/CPV0/SAC
eval_model: false
save_model: true
data_path: None
epsilon: 0.5
seed: 42
max_train_steps: 1000000
save_interval: 10000
eval_interval: 1000
update_every: 10
explore_episode: 50
gamma: 0.99
tau: 0.005
net_arch:
- 256
- 256
net_layer: 1
a_lr: 0.005
c_lr: 5.0e-05
b_lr: 5.0e-05
g_lr: 0.0005
r_lr: 0.0005
l2_reg: 0
batch_size: 256
alpha: 0.12
adaptive_alpha: true
reward_adapt: true
robust: false
robust_optimizer: functional
noise: false
type: gaussian
adv: false
spread: 0.0
scale: 1.0
delta: 0.0
env_name: ContinuousCartPole
env_index: 1
env_mods:
  use_mods: false
  observation_noise:
    enabled: false
    type: gaussian
    level: 0.1
    frequency: 1.0
  action_perturb:
    enabled: false
    type: noise
    probability: 0.1
    level: 0.1
  reward_shift:
    enabled: false
    type: scale
    param: 0.9
    noise_level: 0.1
  transition_perturb:
    enabled: false
    type: teleport
    probability: 0.05
    level: 0.1
  param_shift:
    enabled: false
    train_apply: false
    eval_apply: true
    g_factor: 1.0
    m_factor: 1.0
    l_factor: 1.0
    len_factor: 1.0
    force_mag_factor: 1.0
    gravity_factor: 1.0
    wind_power: 0.0
    turbulence_power: 0.0
    engine_factor: 1.0
  custom:
    enabled: false
    spread: 0.0
    type: gaussian
    adv: false
  eval:
    use_modified: true
    scale_noise: false
    noise_scale_factor: 2.0
    include_action_perturb: true
    include_reward_shift: true
    include_transition_perturb: true

[2025-04-16 11:31:36,399][__main__][INFO] - System information:
[2025-04-16 11:31:36,399][__main__][INFO] -   Platform: Linux-6.11.0-21-generic-x86_64-with-glibc2.39
[2025-04-16 11:31:36,399][__main__][INFO] -   Python: 3.12.2
[2025-04-16 11:31:36,399][__main__][INFO] -   PyTorch: 2.5.1
[2025-04-16 11:31:36,400][__main__][INFO] -   CUDA Available: True
[2025-04-16 11:31:36,400][__main__][INFO] -   CUDA Version: 12.4
[2025-04-16 11:31:36,400][__main__][INFO] -   GPU: NVIDIA GeForce GTX 1080 Ti
[2025-04-16 11:31:36,405][__main__][INFO] - Env: ContinuousCartPole-v0  state_dim: 4  action_dim: 1  max_a: 1.0  min_a: -1.0  max_e_steps: 500
[2025-04-16 11:31:36,406][__main__][INFO] - Random Seed: 42
[2025-04-16 11:31:36,406][__main__][INFO] - Models will be saved to models/SAC_model/CPV0
[2025-04-16 11:31:37,308][__main__][INFO] - Loading pre-trained model
[2025-04-16 11:32:57,782][__main__][INFO] - Data collected: 141660 in 1000 episodes.
[2025-04-16 11:34:18,988][__main__][INFO] - Data collected: 284203 in 2000 episodes.
[2025-04-16 11:35:39,346][__main__][INFO] - Data collected: 425898 in 3000 episodes.
[2025-04-16 11:37:01,722][__main__][INFO] - Data collected: 570506 in 4000 episodes.
[2025-04-16 11:38:21,365][__main__][INFO] - Data collected: 711473 in 5000 episodes.
[2025-04-16 11:39:43,337][__main__][INFO] - Data collected: 856097 in 6000 episodes.
[2025-04-16 11:41:03,252][__main__][INFO] - Data collected: 996491 in 7000 episodes.
[2025-04-16 11:41:05,470][__main__][INFO] - Training completed. Evaluating across 20 episodes
[2025-04-16 11:41:10,784][__main__][INFO] - Final evaluation - Mean: 500.00, Std: 0.00
[2025-04-16 11:41:10,784][__main__][INFO] - 90th percentile: 500.00, 10th percentile: 500.00
[2025-04-16 11:41:10,789][__main__][INFO] - Final model saved to models/SAC_model/CPV0
