[2025-04-16 11:31:36,399][__main__][INFO] - System information:
[2025-04-16 11:31:36,399][__main__][INFO] -   Platform: Linux-6.11.0-21-generic-x86_64-with-glibc2.39
[2025-04-16 11:31:36,399][__main__][INFO] -   Python: 3.12.2
[2025-04-16 11:31:36,399][__main__][INFO] -   PyTorch: 2.5.1
[2025-04-16 11:31:36,400][__main__][INFO] -   CUDA Available: True
[2025-04-16 11:31:36,400][__main__][INFO] -   CUDA Version: 12.4
[2025-04-16 11:31:36,400][__main__][INFO] -   GPU: NVIDIA GeForce GTX 1080 Ti
[2025-04-16 11:31:36,405][__main__][INFO] - Env: ContinuousCartPole-v0  state_dim: 4  action_dim: 1  max_a: 1.0  min_a: -1.0  max_e_steps: 500
[2025-04-16 11:31:36,406][__main__][INFO] - Random Seed: 42
[2025-04-16 11:31:36,406][__main__][INFO] - Models will be saved to models/SAC_model/CPV0
[2025-04-16 11:31:37,308][__main__][INFO] - Loading pre-trained model
[2025-04-16 11:32:57,782][__main__][INFO] - Data collected: 141660 in 1000 episodes.
[2025-04-16 11:34:18,988][__main__][INFO] - Data collected: 284203 in 2000 episodes.
[2025-04-16 11:35:39,346][__main__][INFO] - Data collected: 425898 in 3000 episodes.
[2025-04-16 11:37:01,722][__main__][INFO] - Data collected: 570506 in 4000 episodes.
[2025-04-16 11:38:21,365][__main__][INFO] - Data collected: 711473 in 5000 episodes.
[2025-04-16 11:39:43,337][__main__][INFO] - Data collected: 856097 in 6000 episodes.
[2025-04-16 11:41:03,252][__main__][INFO] - Data collected: 996491 in 7000 episodes.
[2025-04-16 11:41:05,470][__main__][INFO] - Training completed. Evaluating across 20 episodes
[2025-04-16 11:41:10,784][__main__][INFO] - Final evaluation - Mean: 500.00, Std: 0.00
[2025-04-16 11:41:10,784][__main__][INFO] - 90th percentile: 500.00, 10th percentile: 500.00
[2025-04-16 11:41:10,789][__main__][INFO] - Final model saved to models/SAC_model/CPV0
