[2025-04-14 23:48:14,079][__main__][INFO] - System information:
[2025-04-14 23:48:14,080][__main__][INFO] -   Platform: Linux-6.11.0-21-generic-x86_64-with-glibc2.39
[2025-04-14 23:48:14,080][__main__][INFO] -   Python: 3.12.2
[2025-04-14 23:48:14,080][__main__][INFO] -   PyTorch: 2.5.1
[2025-04-14 23:48:14,080][__main__][INFO] -   CUDA Available: True
[2025-04-14 23:48:14,080][__main__][INFO] -   CUDA Version: 12.4
[2025-04-14 23:48:14,080][__main__][INFO] -   GPU: NVIDIA GeForce GTX 1080 Ti
[2025-04-14 23:48:14,085][__main__][INFO] - Env: Pendulum-v1  state_dim: 3  action_dim: 1  max_a: 2.0  min_a: -2.0  max_e_steps: 200
[2025-04-14 23:48:14,086][__main__][INFO] - Random Seed: 42
[2025-04-14 23:48:14,086][__main__][INFO] - Models will be saved to models/SAC_model/PV1
[2025-04-14 23:48:53,030][__main__][INFO] - EnvName: PV1, Steps: 1k, Episode Reward: -1800
[2025-04-14 23:49:29,665][__main__][INFO] - EnvName: PV1, Steps: 2k, Episode Reward: -1017
[2025-04-14 23:50:05,621][__main__][INFO] - EnvName: PV1, Steps: 3k, Episode Reward: -384
[2025-04-14 23:50:42,605][__main__][INFO] - EnvName: PV1, Steps: 4k, Episode Reward: -301
[2025-04-14 23:51:17,965][__main__][INFO] - EnvName: PV1, Steps: 5k, Episode Reward: -145
[2025-04-14 23:51:52,632][__main__][INFO] - EnvName: PV1, Steps: 6k, Episode Reward: -120
[2025-04-14 23:52:28,485][__main__][INFO] - EnvName: PV1, Steps: 7k, Episode Reward: -142
[2025-04-14 23:53:03,787][__main__][INFO] - EnvName: PV1, Steps: 8k, Episode Reward: -211
[2025-04-14 23:53:42,288][__main__][INFO] - EnvName: PV1, Steps: 9k, Episode Reward: -132
[2025-04-14 23:54:19,970][__main__][INFO] - EnvName: PV1, Steps: 10k, Episode Reward: -158
[2025-04-14 23:54:56,952][__main__][INFO] - EnvName: PV1, Steps: 11k, Episode Reward: -133
[2025-04-14 23:55:30,849][__main__][INFO] - EnvName: PV1, Steps: 12k, Episode Reward: -175
[2025-04-14 23:56:05,668][__main__][INFO] - EnvName: PV1, Steps: 13k, Episode Reward: -200
[2025-04-14 23:56:40,583][__main__][INFO] - EnvName: PV1, Steps: 14k, Episode Reward: -106
[2025-04-14 23:57:15,787][__main__][INFO] - EnvName: PV1, Steps: 15k, Episode Reward: -167
[2025-04-14 23:57:49,181][__main__][INFO] - EnvName: PV1, Steps: 16k, Episode Reward: -170
[2025-04-14 23:58:29,282][__main__][INFO] - EnvName: PV1, Steps: 17k, Episode Reward: -130
[2025-04-14 23:59:04,993][__main__][INFO] - EnvName: PV1, Steps: 18k, Episode Reward: -140
[2025-04-14 23:59:40,776][__main__][INFO] - EnvName: PV1, Steps: 19k, Episode Reward: -152
[2025-04-15 00:00:16,897][__main__][INFO] - EnvName: PV1, Steps: 20k, Episode Reward: -109
[2025-04-15 00:00:16,902][__main__][INFO] - Training completed. Evaluating across 20 episodes
[2025-04-15 00:00:19,064][__main__][INFO] - Final evaluation - Mean: -145.20, Std: 84.00
[2025-04-15 00:00:19,064][__main__][INFO] - 90th percentile: -2.00, 10th percentile: -237.10
[2025-04-15 00:00:19,069][__main__][INFO] - Final model saved to models/SAC_model/PV1
