[2025-04-17 10:03:06,075][__main__][INFO] - System information:
[2025-04-17 10:03:06,075][__main__][INFO] -   Platform: Linux-6.11.0-21-generic-x86_64-with-glibc2.39
[2025-04-17 10:03:06,075][__main__][INFO] -   Python: 3.12.2
[2025-04-17 10:03:06,075][__main__][INFO] -   PyTorch: 2.5.1
[2025-04-17 10:03:06,075][__main__][INFO] -   CUDA Available: True
[2025-04-17 10:03:06,075][__main__][INFO] -   CUDA Version: 12.4
[2025-04-17 10:03:06,075][__main__][INFO] -   GPU: NVIDIA GeForce GTX 1080 Ti
[2025-04-17 10:03:06,085][__main__][INFO] - Env: Pendulum-v1  state_dim: 3  action_dim: 1  max_a: 2.0  min_a: -2.0  max_e_steps: 200
[2025-04-17 10:03:06,087][__main__][INFO] - Random Seed: 42
[2025-04-17 10:03:06,087][__main__][INFO] - Models will be saved to models/FQI_model/PV1
[2025-04-17 10:03:21,043][__main__][INFO] - Training iterations: 0. State VAE loss: 0.365.
[2025-04-17 10:03:32,531][__main__][INFO] - Training iterations: 1000. State VAE loss: 0.341.
[2025-04-17 10:05:20,967][__main__][INFO] - EnvName: PV1, Steps: 3k, Episode Reward: -853.9073101732216
[2025-04-17 10:07:09,490][__main__][INFO] - EnvName: PV1, Steps: 4k, Episode Reward: -859.6715213807462
[2025-04-17 10:08:58,376][__main__][INFO] - EnvName: PV1, Steps: 5k, Episode Reward: -333.41256059104137
[2025-04-17 10:10:47,000][__main__][INFO] - EnvName: PV1, Steps: 6k, Episode Reward: -254.43084126775798
[2025-04-17 10:12:35,391][__main__][INFO] - EnvName: PV1, Steps: 7k, Episode Reward: -326.583359668268
[2025-04-17 10:14:23,716][__main__][INFO] - EnvName: PV1, Steps: 8k, Episode Reward: -327.5204493066308
[2025-04-17 10:16:12,273][__main__][INFO] - EnvName: PV1, Steps: 9k, Episode Reward: -404.64059638884885
[2025-04-17 10:18:00,866][__main__][INFO] - EnvName: PV1, Steps: 10k, Episode Reward: -367.41396095552807
[2025-04-17 10:18:00,905][__main__][INFO] - Training completed. Evaluating across 20 episodes
[2025-04-17 10:18:05,349][__main__][INFO] - Final evaluation - Mean: -202.22, Std: 94.36
[2025-04-17 10:18:05,349][__main__][INFO] - 90th percentile: -123.84, 10th percentile: -258.23
[2025-04-17 10:18:05,372][__main__][INFO] - Final model saved to models/SAC_model/PV1
