[2025-03-30 14:28:51,970][__main__][INFO] - Configuration:
device: cuda
mode: continuous
write: false
debug_print: false
render: false
load_model: false
load_path: None
eval_model: false
save_model: true
data_path: None
epsilon: 0.1
seed: 42
max_train_steps: 50000
save_interval: 10000
eval_interval: 1000
update_every: 50
explore_episode: 50
gamma: 0.99
tau: 0.005
net_arch:
- 256
- 256
net_layer: 1
a_lr: 0.005
c_lr: 5.0e-05
b_lr: 5.0e-05
g_lr: 0.0005
r_lr: 5.0e-05
l2_reg: 0.001
batch_size: 256
alpha: 0.12
adaptive_alpha: true
reward_adapt: true
robust: true
robust_optimizer: functional
noise: false
type: gaussian
adv: false
spread: 0.0
scale: 1.0
delta: 0.9
env_name: Pendulum-v1
env_index: 0
env_mods:
  use_mods: false
  observation_noise:
    enabled: false
    type: gaussian
    level: 0.1
    frequency: 1.0
  action_perturb:
    enabled: false
    type: noise
    probability: 0.1
    level: 0.1
  reward_shift:
    enabled: false
    type: scale
    param: 0.9
    noise_level: 0.1
  transition_perturb:
    enabled: false
    type: teleport
    probability: 0.05
    level: 0.1
  param_shift:
    enabled: false
    train_apply: false
    eval_apply: true
    g_factor: 1.0
    m_factor: 1.0
    l_factor: 1.0
    gravity_factor: 1.0
    wind_power: 0.0
    turbulence_power: 0.0
  custom:
    enabled: false
    spread: 0.0
    type: gaussian
    adv: false
  eval:
    use_modified: true
    scale_noise: false
    noise_scale_factor: 2.0
    include_action_perturb: true
    include_reward_shift: true
    include_transition_perturb: true

[2025-03-30 14:28:52,013][__main__][INFO] - System information:
[2025-03-30 14:28:52,013][__main__][INFO] -   Platform: Linux-6.11.0-19-generic-x86_64-with-glibc2.39
[2025-03-30 14:28:52,013][__main__][INFO] -   Python: 3.12.2
[2025-03-30 14:28:52,013][__main__][INFO] -   PyTorch: 2.5.1
[2025-03-30 14:28:52,013][__main__][INFO] -   CUDA Available: True
[2025-03-30 14:28:52,014][__main__][INFO] -   CUDA Version: 12.4
[2025-03-30 14:28:52,014][__main__][INFO] -   GPU: NVIDIA GeForce GTX 1080 Ti
[2025-03-30 14:28:52,019][__main__][INFO] - Env: Pendulum-v1  state_dim: 3  action_dim: 1  max_a: 2.0  min_a: -2.0  max_e_steps: 200
[2025-03-30 14:28:52,020][__main__][INFO] - Random Seed: 42
[2025-03-30 14:28:52,020][__main__][INFO] - Models will be saved to models/SAC_model/PV1
[2025-03-30 14:28:52,984][__main__][INFO] - Episode 1 completed with reward -1278.78 in 200 steps
[2025-03-30 14:28:53,069][__main__][INFO] - Episode 2 completed with reward -970.40 in 200 steps
[2025-03-30 14:28:53,157][__main__][INFO] - Episode 3 completed with reward -1375.05 in 200 steps
[2025-03-30 14:28:53,243][__main__][INFO] - Episode 4 completed with reward -911.18 in 200 steps
[2025-03-30 14:28:54,419][__main__][INFO] - EnvName: PV1, Steps: 1k, Episodes: 5, Episode Reward: -1399
[2025-03-30 14:28:54,419][__main__][INFO] - Episode 5 completed with reward -1571.30 in 200 steps
[2025-03-30 14:28:54,504][__main__][INFO] - Episode 6 completed with reward -1194.79 in 200 steps
[2025-03-30 14:28:54,587][__main__][INFO] - Episode 7 completed with reward -967.94 in 200 steps
[2025-03-30 14:28:54,671][__main__][INFO] - Episode 8 completed with reward -1255.74 in 200 steps
[2025-03-30 14:28:54,755][__main__][INFO] - Episode 9 completed with reward -1277.21 in 200 steps
[2025-03-30 14:28:55,852][__main__][INFO] - EnvName: PV1, Steps: 2k, Episodes: 10, Episode Reward: -1344
[2025-03-30 14:28:55,852][__main__][INFO] - Episode 10 completed with reward -1701.81 in 200 steps
[2025-03-30 14:28:55,936][__main__][INFO] - Episode 11 completed with reward -967.23 in 200 steps
[2025-03-30 14:28:56,019][__main__][INFO] - Episode 12 completed with reward -1782.59 in 200 steps
[2025-03-30 14:28:56,103][__main__][INFO] - Episode 13 completed with reward -1240.50 in 200 steps
[2025-03-30 14:28:56,187][__main__][INFO] - Episode 14 completed with reward -1242.27 in 200 steps
[2025-03-30 14:28:57,283][__main__][INFO] - EnvName: PV1, Steps: 3k, Episodes: 15, Episode Reward: -1502
[2025-03-30 14:28:57,284][__main__][INFO] - Episode 15 completed with reward -1345.63 in 200 steps
[2025-03-30 14:28:57,368][__main__][INFO] - Episode 16 completed with reward -1040.21 in 200 steps
[2025-03-30 14:28:57,454][__main__][INFO] - Episode 17 completed with reward -874.04 in 200 steps
[2025-03-30 14:28:57,540][__main__][INFO] - Episode 18 completed with reward -964.57 in 200 steps
[2025-03-30 14:28:57,624][__main__][INFO] - Episode 19 completed with reward -896.02 in 200 steps
[2025-03-30 14:28:58,726][__main__][INFO] - EnvName: PV1, Steps: 4k, Episodes: 20, Episode Reward: -1341
[2025-03-30 14:28:58,726][__main__][INFO] - Episode 20 completed with reward -885.24 in 200 steps
[2025-03-30 14:28:58,811][__main__][INFO] - Episode 21 completed with reward -976.24 in 200 steps
[2025-03-30 14:28:58,895][__main__][INFO] - Episode 22 completed with reward -884.61 in 200 steps
[2025-03-30 14:28:58,981][__main__][INFO] - Episode 23 completed with reward -1683.23 in 200 steps
[2025-03-30 14:28:59,064][__main__][INFO] - Episode 24 completed with reward -1493.47 in 200 steps
[2025-03-30 14:29:00,163][__main__][INFO] - EnvName: PV1, Steps: 5k, Episodes: 25, Episode Reward: -1401
[2025-03-30 14:29:00,164][__main__][INFO] - Episode 25 completed with reward -1696.38 in 200 steps
[2025-03-30 14:29:00,249][__main__][INFO] - Episode 26 completed with reward -855.11 in 200 steps
[2025-03-30 14:29:00,333][__main__][INFO] - Episode 27 completed with reward -900.98 in 200 steps
[2025-03-30 14:29:00,418][__main__][INFO] - Episode 28 completed with reward -1065.54 in 200 steps
[2025-03-30 14:29:00,502][__main__][INFO] - Episode 29 completed with reward -977.40 in 200 steps
[2025-03-30 14:29:01,602][__main__][INFO] - EnvName: PV1, Steps: 6k, Episodes: 30, Episode Reward: -1435
[2025-03-30 14:29:01,603][__main__][INFO] - Episode 30 completed with reward -1268.36 in 200 steps
[2025-03-30 14:29:01,686][__main__][INFO] - Episode 31 completed with reward -1402.82 in 200 steps
[2025-03-30 14:29:01,770][__main__][INFO] - Episode 32 completed with reward -1010.36 in 200 steps
[2025-03-30 14:29:01,855][__main__][INFO] - Episode 33 completed with reward -1435.33 in 200 steps
[2025-03-30 14:29:01,938][__main__][INFO] - Episode 34 completed with reward -1201.93 in 200 steps
[2025-03-30 14:29:03,032][__main__][INFO] - EnvName: PV1, Steps: 7k, Episodes: 35, Episode Reward: -1398
[2025-03-30 14:29:03,032][__main__][INFO] - Episode 35 completed with reward -1243.81 in 200 steps
[2025-03-30 14:29:03,117][__main__][INFO] - Episode 36 completed with reward -1150.36 in 200 steps
[2025-03-30 14:29:03,201][__main__][INFO] - Episode 37 completed with reward -979.20 in 200 steps
[2025-03-30 14:29:03,284][__main__][INFO] - Episode 38 completed with reward -1544.84 in 200 steps
[2025-03-30 14:29:03,368][__main__][INFO] - Episode 39 completed with reward -1273.91 in 200 steps
[2025-03-30 14:29:04,479][__main__][INFO] - EnvName: PV1, Steps: 8k, Episodes: 40, Episode Reward: -1409
[2025-03-30 14:29:04,479][__main__][INFO] - Episode 40 completed with reward -916.80 in 200 steps
[2025-03-30 14:29:04,564][__main__][INFO] - Episode 41 completed with reward -1855.31 in 200 steps
[2025-03-30 14:29:04,648][__main__][INFO] - Episode 42 completed with reward -846.64 in 200 steps
[2025-03-30 14:29:04,732][__main__][INFO] - Episode 43 completed with reward -1094.75 in 200 steps
[2025-03-30 14:29:04,817][__main__][INFO] - Episode 44 completed with reward -1612.86 in 200 steps
[2025-03-30 14:29:05,917][__main__][INFO] - EnvName: PV1, Steps: 9k, Episodes: 45, Episode Reward: -1317
[2025-03-30 14:29:05,918][__main__][INFO] - Episode 45 completed with reward -890.00 in 200 steps
[2025-03-30 14:29:06,002][__main__][INFO] - Episode 46 completed with reward -1138.72 in 200 steps
[2025-03-30 14:29:06,086][__main__][INFO] - Episode 47 completed with reward -1082.24 in 200 steps
[2025-03-30 14:29:06,169][__main__][INFO] - Episode 48 completed with reward -891.88 in 200 steps
[2025-03-30 14:29:06,253][__main__][INFO] - Episode 49 completed with reward -1117.03 in 200 steps
[2025-03-30 14:29:09,174][__main__][INFO] - EnvName: PV1, Steps: 10k, Episodes: 50, Episode Reward: -1320
[2025-03-30 14:29:09,179][__main__][INFO] - Episode 50 completed with reward -866.81 in 200 steps
[2025-03-30 14:29:15,516][__main__][INFO] - Episode 51 completed with reward -1160.50 in 200 steps
[2025-03-30 14:29:23,662][__main__][INFO] - Episode 52 completed with reward -1763.35 in 200 steps
[2025-03-30 14:29:30,311][__main__][INFO] - Episode 53 completed with reward -1483.81 in 200 steps
[2025-03-30 14:29:38,353][__main__][INFO] - Episode 54 completed with reward -1370.39 in 200 steps
[2025-03-30 14:29:49,819][__main__][INFO] - EnvName: PV1, Steps: 11k, Episodes: 55, Episode Reward: -1664
[2025-03-30 14:29:49,820][__main__][INFO] - Episode 55 completed with reward -1610.04 in 200 steps
[2025-03-30 14:29:59,546][__main__][INFO] - Episode 56 completed with reward -1407.66 in 200 steps
[2025-03-30 14:30:08,327][__main__][INFO] - Episode 57 completed with reward -1776.78 in 200 steps
[2025-03-30 14:30:17,490][__main__][INFO] - Episode 58 completed with reward -1057.87 in 200 steps
[2025-03-30 14:30:27,774][__main__][INFO] - Episode 59 completed with reward -1316.79 in 200 steps
[2025-03-30 14:30:38,578][__main__][INFO] - EnvName: PV1, Steps: 12k, Episodes: 60, Episode Reward: -1185
[2025-03-30 14:30:38,578][__main__][INFO] - Episode 60 completed with reward -1388.32 in 200 steps
[2025-03-30 14:30:48,877][__main__][INFO] - Episode 61 completed with reward -1292.29 in 200 steps
[2025-03-30 14:31:00,245][__main__][INFO] - Episode 62 completed with reward -867.36 in 200 steps
[2025-03-30 14:31:11,591][__main__][INFO] - Episode 63 completed with reward -1087.96 in 200 steps
[2025-03-30 14:31:22,252][__main__][INFO] - Episode 64 completed with reward -523.02 in 200 steps
[2025-03-30 14:31:34,780][__main__][INFO] - EnvName: PV1, Steps: 13k, Episodes: 65, Episode Reward: -839
[2025-03-30 14:31:34,780][__main__][INFO] - Episode 65 completed with reward -732.21 in 200 steps
[2025-03-30 14:31:44,615][__main__][INFO] - Episode 66 completed with reward -635.98 in 200 steps
[2025-03-30 14:31:53,846][__main__][INFO] - Episode 67 completed with reward -617.83 in 200 steps
[2025-03-30 14:32:04,539][__main__][INFO] - Episode 68 completed with reward -394.46 in 200 steps
[2025-03-30 14:32:15,151][__main__][INFO] - Episode 69 completed with reward -1016.21 in 200 steps
[2025-03-30 14:32:25,291][__main__][INFO] - EnvName: PV1, Steps: 14k, Episodes: 70, Episode Reward: -1010
[2025-03-30 14:32:25,292][__main__][INFO] - Episode 70 completed with reward -497.32 in 200 steps
[2025-03-30 14:32:36,193][__main__][INFO] - Episode 71 completed with reward -499.75 in 200 steps
[2025-03-30 14:32:46,009][__main__][INFO] - Episode 72 completed with reward -358.16 in 200 steps
[2025-03-30 14:32:54,992][__main__][INFO] - Episode 73 completed with reward -527.02 in 200 steps
[2025-03-30 14:33:04,779][__main__][INFO] - Episode 74 completed with reward -1204.22 in 200 steps
[2025-03-30 14:33:16,515][__main__][INFO] - EnvName: PV1, Steps: 15k, Episodes: 75, Episode Reward: -712
[2025-03-30 14:33:16,515][__main__][INFO] - Episode 75 completed with reward -411.98 in 200 steps
[2025-03-30 14:33:26,201][__main__][INFO] - Episode 76 completed with reward -382.28 in 200 steps
[2025-03-30 14:33:36,688][__main__][INFO] - Episode 77 completed with reward -353.82 in 200 steps
[2025-03-30 14:33:47,388][__main__][INFO] - Episode 78 completed with reward -1165.95 in 200 steps
[2025-03-30 14:33:57,963][__main__][INFO] - Episode 79 completed with reward -251.35 in 200 steps
[2025-03-30 14:34:09,802][__main__][INFO] - EnvName: PV1, Steps: 16k, Episodes: 80, Episode Reward: -914
[2025-03-30 14:34:09,803][__main__][INFO] - Episode 80 completed with reward -1342.66 in 200 steps
[2025-03-30 14:34:20,329][__main__][INFO] - Episode 81 completed with reward -250.60 in 200 steps
[2025-03-30 14:34:31,298][__main__][INFO] - Episode 82 completed with reward -126.33 in 200 steps
[2025-03-30 14:34:41,491][__main__][INFO] - Episode 83 completed with reward -119.55 in 200 steps
[2025-03-30 14:34:51,874][__main__][INFO] - Episode 84 completed with reward -1170.44 in 200 steps
[2025-03-30 14:35:02,631][__main__][INFO] - EnvName: PV1, Steps: 17k, Episodes: 85, Episode Reward: -753
[2025-03-30 14:35:02,631][__main__][INFO] - Episode 85 completed with reward -1250.38 in 200 steps
[2025-03-30 14:35:13,045][__main__][INFO] - Episode 86 completed with reward -353.90 in 200 steps
[2025-03-30 14:35:22,430][__main__][INFO] - Episode 87 completed with reward -256.38 in 200 steps
[2025-03-30 14:35:32,580][__main__][INFO] - Episode 88 completed with reward -401.03 in 200 steps
[2025-03-30 14:35:42,428][__main__][INFO] - Episode 89 completed with reward -1203.30 in 200 steps
[2025-03-30 14:35:54,199][__main__][INFO] - EnvName: PV1, Steps: 18k, Episodes: 90, Episode Reward: -619
[2025-03-30 14:35:54,199][__main__][INFO] - Episode 90 completed with reward -125.66 in 200 steps
[2025-03-30 14:36:05,185][__main__][INFO] - Episode 91 completed with reward -249.74 in 200 steps
[2025-03-30 14:36:15,584][__main__][INFO] - Episode 92 completed with reward -364.66 in 200 steps
[2025-03-30 14:36:26,138][__main__][INFO] - Episode 93 completed with reward -370.57 in 200 steps
[2025-03-30 14:36:36,798][__main__][INFO] - Episode 94 completed with reward -1.83 in 200 steps
[2025-03-30 14:36:48,629][__main__][INFO] - EnvName: PV1, Steps: 19k, Episodes: 95, Episode Reward: -304
[2025-03-30 14:36:48,630][__main__][INFO] - Episode 95 completed with reward -235.04 in 200 steps
[2025-03-30 14:36:58,406][__main__][INFO] - Episode 96 completed with reward -244.85 in 200 steps
[2025-03-30 14:37:07,974][__main__][INFO] - Episode 97 completed with reward -126.58 in 200 steps
[2025-03-30 14:37:17,911][__main__][INFO] - Episode 98 completed with reward -128.58 in 200 steps
[2025-03-30 14:37:27,887][__main__][INFO] - Episode 99 completed with reward -123.29 in 200 steps
[2025-03-30 14:37:39,883][__main__][INFO] - EnvName: PV1, Steps: 20k, Episodes: 100, Episode Reward: -165
[2025-03-30 14:37:39,888][__main__][INFO] - Episode 100 completed with reward -118.43 in 200 steps
[2025-03-30 14:37:50,553][__main__][INFO] - Episode 101 completed with reward -346.17 in 200 steps
[2025-03-30 14:38:01,281][__main__][INFO] - Episode 102 completed with reward -3.28 in 200 steps
[2025-03-30 14:38:12,539][__main__][INFO] - Episode 103 completed with reward -125.63 in 200 steps
[2025-03-30 14:38:23,216][__main__][INFO] - Episode 104 completed with reward -127.30 in 200 steps
[2025-03-30 14:38:33,124][__main__][INFO] - EnvName: PV1, Steps: 21k, Episodes: 105, Episode Reward: -144
[2025-03-30 14:38:33,124][__main__][INFO] - Episode 105 completed with reward -120.94 in 200 steps
[2025-03-30 14:38:43,136][__main__][INFO] - Episode 106 completed with reward -347.22 in 200 steps
[2025-03-30 14:38:53,838][__main__][INFO] - Episode 107 completed with reward -128.52 in 200 steps
[2025-03-30 14:39:02,807][__main__][INFO] - Episode 108 completed with reward -233.94 in 200 steps
[2025-03-30 14:39:12,166][__main__][INFO] - Episode 109 completed with reward -334.55 in 200 steps
[2025-03-30 14:39:23,721][__main__][INFO] - EnvName: PV1, Steps: 22k, Episodes: 110, Episode Reward: -120
[2025-03-30 14:39:23,722][__main__][INFO] - Episode 110 completed with reward -1.05 in 200 steps
[2025-03-30 14:39:32,827][__main__][INFO] - Episode 111 completed with reward -118.05 in 200 steps
[2025-03-30 14:39:42,960][__main__][INFO] - Episode 112 completed with reward -237.09 in 200 steps
[2025-03-30 14:39:53,318][__main__][INFO] - Episode 113 completed with reward -125.82 in 200 steps
[2025-03-30 14:40:03,400][__main__][INFO] - Episode 114 completed with reward -124.51 in 200 steps
[2025-03-30 14:40:15,538][__main__][INFO] - EnvName: PV1, Steps: 23k, Episodes: 115, Episode Reward: -147
[2025-03-30 14:40:15,539][__main__][INFO] - Episode 115 completed with reward -235.62 in 200 steps
[2025-03-30 14:40:26,386][__main__][INFO] - Episode 116 completed with reward -127.18 in 200 steps
[2025-03-30 14:40:35,677][__main__][INFO] - Episode 117 completed with reward -353.66 in 200 steps
[2025-03-30 14:40:45,657][__main__][INFO] - Episode 118 completed with reward -118.06 in 200 steps
[2025-03-30 14:40:56,311][__main__][INFO] - Episode 119 completed with reward -3.75 in 200 steps
[2025-03-30 14:41:08,730][__main__][INFO] - EnvName: PV1, Steps: 24k, Episodes: 120, Episode Reward: -134
[2025-03-30 14:41:08,731][__main__][INFO] - Episode 120 completed with reward -1.38 in 200 steps
[2025-03-30 14:41:19,145][__main__][INFO] - Episode 121 completed with reward -230.82 in 200 steps
[2025-03-30 14:41:29,711][__main__][INFO] - Episode 122 completed with reward -123.89 in 200 steps
[2025-03-30 14:41:40,235][__main__][INFO] - Episode 123 completed with reward -234.49 in 200 steps
[2025-03-30 14:41:50,991][__main__][INFO] - Episode 124 completed with reward -1.20 in 200 steps
[2025-03-30 14:42:03,396][__main__][INFO] - EnvName: PV1, Steps: 25k, Episodes: 125, Episode Reward: -145
[2025-03-30 14:42:03,396][__main__][INFO] - Episode 125 completed with reward -123.01 in 200 steps
[2025-03-30 14:42:12,603][__main__][INFO] - Episode 126 completed with reward -241.74 in 200 steps
[2025-03-30 14:42:23,155][__main__][INFO] - Episode 127 completed with reward -118.24 in 200 steps
[2025-03-30 14:42:32,983][__main__][INFO] - Episode 128 completed with reward -1.03 in 200 steps
[2025-03-30 14:42:41,796][__main__][INFO] - Episode 129 completed with reward -115.45 in 200 steps
[2025-03-30 14:42:53,476][__main__][INFO] - EnvName: PV1, Steps: 26k, Episodes: 130, Episode Reward: -138
[2025-03-30 14:42:53,477][__main__][INFO] - Episode 130 completed with reward -243.29 in 200 steps
[2025-03-30 14:43:02,613][__main__][INFO] - Episode 131 completed with reward -124.91 in 200 steps
[2025-03-30 14:43:11,389][__main__][INFO] - Episode 132 completed with reward -236.45 in 200 steps
[2025-03-30 14:43:21,369][__main__][INFO] - Episode 133 completed with reward -231.66 in 200 steps
[2025-03-30 14:43:32,256][__main__][INFO] - Episode 134 completed with reward -128.43 in 200 steps
[2025-03-30 14:43:45,205][__main__][INFO] - EnvName: PV1, Steps: 27k, Episodes: 135, Episode Reward: -166
[2025-03-30 14:43:45,205][__main__][INFO] - Episode 135 completed with reward -244.55 in 200 steps
[2025-03-30 14:43:55,297][__main__][INFO] - Episode 136 completed with reward -0.94 in 200 steps
[2025-03-30 14:44:04,713][__main__][INFO] - Episode 137 completed with reward -121.05 in 200 steps
[2025-03-30 14:44:13,990][__main__][INFO] - Episode 138 completed with reward -230.60 in 200 steps
[2025-03-30 14:44:23,922][__main__][INFO] - Episode 139 completed with reward -125.50 in 200 steps
[2025-03-30 14:44:37,024][__main__][INFO] - EnvName: PV1, Steps: 28k, Episodes: 140, Episode Reward: -165
[2025-03-30 14:44:37,024][__main__][INFO] - Episode 140 completed with reward -118.50 in 200 steps
[2025-03-30 14:44:47,844][__main__][INFO] - Episode 141 completed with reward -118.68 in 200 steps
[2025-03-30 14:44:58,011][__main__][INFO] - Episode 142 completed with reward -223.89 in 200 steps
[2025-03-30 14:45:08,783][__main__][INFO] - Episode 143 completed with reward -358.23 in 200 steps
[2025-03-30 14:45:19,146][__main__][INFO] - Episode 144 completed with reward -119.59 in 200 steps
[2025-03-30 14:45:30,446][__main__][INFO] - EnvName: PV1, Steps: 29k, Episodes: 145, Episode Reward: -152
[2025-03-30 14:45:30,446][__main__][INFO] - Episode 145 completed with reward -2.28 in 200 steps
[2025-03-30 14:45:42,014][__main__][INFO] - Episode 146 completed with reward -117.72 in 200 steps
[2025-03-30 14:45:52,192][__main__][INFO] - Episode 147 completed with reward -237.25 in 200 steps
[2025-03-30 14:46:01,010][__main__][INFO] - Episode 148 completed with reward -0.92 in 200 steps
[2025-03-30 14:46:10,183][__main__][INFO] - Episode 149 completed with reward -1.11 in 200 steps
[2025-03-30 14:46:23,113][__main__][INFO] - EnvName: PV1, Steps: 30k, Episodes: 150, Episode Reward: -167
[2025-03-30 14:46:23,118][__main__][INFO] - Episode 150 completed with reward -231.43 in 200 steps
[2025-03-30 14:46:31,581][__main__][INFO] - Episode 151 completed with reward -121.19 in 200 steps
[2025-03-30 14:46:41,806][__main__][INFO] - Episode 152 completed with reward -0.86 in 200 steps
[2025-03-30 14:46:52,510][__main__][INFO] - Episode 153 completed with reward -234.82 in 200 steps
[2025-03-30 14:47:01,989][__main__][INFO] - Episode 154 completed with reward -223.58 in 200 steps
[2025-03-30 14:47:14,977][__main__][INFO] - EnvName: PV1, Steps: 31k, Episodes: 155, Episode Reward: -166
[2025-03-30 14:47:14,978][__main__][INFO] - Episode 155 completed with reward -238.01 in 200 steps
[2025-03-30 14:47:24,645][__main__][INFO] - Episode 156 completed with reward -228.05 in 200 steps
[2025-03-30 14:47:35,511][__main__][INFO] - Episode 157 completed with reward -115.42 in 200 steps
[2025-03-30 14:47:45,326][__main__][INFO] - Episode 158 completed with reward -120.55 in 200 steps
[2025-03-30 14:47:55,321][__main__][INFO] - Episode 159 completed with reward -122.62 in 200 steps
[2025-03-30 14:48:07,522][__main__][INFO] - EnvName: PV1, Steps: 32k, Episodes: 160, Episode Reward: -144
[2025-03-30 14:48:07,522][__main__][INFO] - Episode 160 completed with reward -352.81 in 200 steps
[2025-03-30 14:48:18,734][__main__][INFO] - Episode 161 completed with reward -121.23 in 200 steps
[2025-03-30 14:48:28,864][__main__][INFO] - Episode 162 completed with reward -118.27 in 200 steps
[2025-03-30 14:48:38,731][__main__][INFO] - Episode 163 completed with reward -2.33 in 200 steps
[2025-03-30 14:48:49,243][__main__][INFO] - Episode 164 completed with reward -238.59 in 200 steps
[2025-03-30 14:48:59,521][__main__][INFO] - EnvName: PV1, Steps: 33k, Episodes: 165, Episode Reward: -135
[2025-03-30 14:48:59,521][__main__][INFO] - Episode 165 completed with reward -238.82 in 200 steps
[2025-03-30 14:49:10,489][__main__][INFO] - Episode 166 completed with reward -118.90 in 200 steps
[2025-03-30 14:49:20,076][__main__][INFO] - Episode 167 completed with reward -229.95 in 200 steps
[2025-03-30 14:49:29,836][__main__][INFO] - Episode 168 completed with reward -118.82 in 200 steps
[2025-03-30 14:49:39,664][__main__][INFO] - Episode 169 completed with reward -118.30 in 200 steps
[2025-03-30 14:49:51,273][__main__][INFO] - EnvName: PV1, Steps: 34k, Episodes: 170, Episode Reward: -159
[2025-03-30 14:49:51,273][__main__][INFO] - Episode 170 completed with reward -3.39 in 200 steps
[2025-03-30 14:50:00,063][__main__][INFO] - Episode 171 completed with reward -2.81 in 200 steps
[2025-03-30 14:50:11,120][__main__][INFO] - Episode 172 completed with reward -121.59 in 200 steps
[2025-03-30 14:50:20,244][__main__][INFO] - Episode 173 completed with reward -232.30 in 200 steps
[2025-03-30 14:50:30,396][__main__][INFO] - Episode 174 completed with reward -253.24 in 200 steps
[2025-03-30 14:50:42,461][__main__][INFO] - EnvName: PV1, Steps: 35k, Episodes: 175, Episode Reward: -97
[2025-03-30 14:50:42,461][__main__][INFO] - Episode 175 completed with reward -230.70 in 200 steps
[2025-03-30 14:50:51,942][__main__][INFO] - Episode 176 completed with reward -236.12 in 200 steps
[2025-03-30 14:51:02,244][__main__][INFO] - Episode 177 completed with reward -356.34 in 200 steps
[2025-03-30 14:51:12,324][__main__][INFO] - Episode 178 completed with reward -120.67 in 200 steps
[2025-03-30 14:51:21,506][__main__][INFO] - Episode 179 completed with reward -240.26 in 200 steps
[2025-03-30 14:51:33,421][__main__][INFO] - EnvName: PV1, Steps: 36k, Episodes: 180, Episode Reward: -164
[2025-03-30 14:51:33,422][__main__][INFO] - Episode 180 completed with reward -127.86 in 200 steps
[2025-03-30 14:51:41,590][__main__][INFO] - Episode 181 completed with reward -123.70 in 200 steps
[2025-03-30 14:51:52,207][__main__][INFO] - Episode 182 completed with reward -235.65 in 200 steps
[2025-03-30 14:52:01,004][__main__][INFO] - Episode 183 completed with reward -1.03 in 200 steps
[2025-03-30 14:52:11,168][__main__][INFO] - Episode 184 completed with reward -124.45 in 200 steps
[2025-03-30 14:52:24,349][__main__][INFO] - EnvName: PV1, Steps: 37k, Episodes: 185, Episode Reward: -132
[2025-03-30 14:52:24,350][__main__][INFO] - Episode 185 completed with reward -119.89 in 200 steps
[2025-03-30 14:52:34,732][__main__][INFO] - Episode 186 completed with reward -0.53 in 200 steps
[2025-03-30 14:52:43,660][__main__][INFO] - Episode 187 completed with reward -121.23 in 200 steps
[2025-03-30 14:52:53,070][__main__][INFO] - Episode 188 completed with reward -229.31 in 200 steps
[2025-03-30 14:53:03,601][__main__][INFO] - Episode 189 completed with reward -356.80 in 200 steps
[2025-03-30 14:53:15,231][__main__][INFO] - EnvName: PV1, Steps: 38k, Episodes: 190, Episode Reward: -172
[2025-03-30 14:53:15,232][__main__][INFO] - Episode 190 completed with reward -125.82 in 200 steps
[2025-03-30 14:53:24,443][__main__][INFO] - Episode 191 completed with reward -124.94 in 200 steps
[2025-03-30 14:53:33,508][__main__][INFO] - Episode 192 completed with reward -234.43 in 200 steps
[2025-03-30 14:53:43,514][__main__][INFO] - Episode 193 completed with reward -118.35 in 200 steps
[2025-03-30 14:53:52,786][__main__][INFO] - Episode 194 completed with reward -0.62 in 200 steps
[2025-03-30 14:54:05,803][__main__][INFO] - EnvName: PV1, Steps: 39k, Episodes: 195, Episode Reward: -142
[2025-03-30 14:54:05,803][__main__][INFO] - Episode 195 completed with reward -120.60 in 200 steps
[2025-03-30 14:54:16,565][__main__][INFO] - Episode 196 completed with reward -1.28 in 200 steps
[2025-03-30 14:54:26,682][__main__][INFO] - Episode 197 completed with reward -3.74 in 200 steps
[2025-03-30 14:54:36,500][__main__][INFO] - Episode 198 completed with reward -346.52 in 200 steps
[2025-03-30 14:54:46,672][__main__][INFO] - Episode 199 completed with reward -122.98 in 200 steps
[2025-03-30 14:54:58,970][__main__][INFO] - EnvName: PV1, Steps: 40k, Episodes: 200, Episode Reward: -129
[2025-03-30 14:54:58,975][__main__][INFO] - Episode 200 completed with reward -116.43 in 200 steps
[2025-03-30 14:55:09,094][__main__][INFO] - Episode 201 completed with reward -245.08 in 200 steps
[2025-03-30 14:55:19,719][__main__][INFO] - Episode 202 completed with reward -0.80 in 200 steps
[2025-03-30 14:55:29,721][__main__][INFO] - Episode 203 completed with reward -229.53 in 200 steps
[2025-03-30 14:55:40,380][__main__][INFO] - Episode 204 completed with reward -125.16 in 200 steps
[2025-03-30 14:55:53,183][__main__][INFO] - EnvName: PV1, Steps: 41k, Episodes: 205, Episode Reward: -118
[2025-03-30 14:55:53,183][__main__][INFO] - Episode 205 completed with reward -116.58 in 200 steps
[2025-03-30 14:56:02,850][__main__][INFO] - Episode 206 completed with reward -116.38 in 200 steps
[2025-03-30 14:56:13,608][__main__][INFO] - Episode 207 completed with reward -121.17 in 200 steps
[2025-03-30 14:56:23,850][__main__][INFO] - Episode 208 completed with reward -222.83 in 200 steps
[2025-03-30 14:56:34,148][__main__][INFO] - Episode 209 completed with reward -118.41 in 200 steps
[2025-03-30 14:56:46,564][__main__][INFO] - EnvName: PV1, Steps: 42k, Episodes: 210, Episode Reward: -143
[2025-03-30 14:56:46,565][__main__][INFO] - Episode 210 completed with reward -126.29 in 200 steps
[2025-03-30 14:56:57,271][__main__][INFO] - Episode 211 completed with reward -4.65 in 200 steps
[2025-03-30 14:57:07,256][__main__][INFO] - Episode 212 completed with reward -118.59 in 200 steps
[2025-03-30 14:57:17,517][__main__][INFO] - Episode 213 completed with reward -1.93 in 200 steps
[2025-03-30 14:57:27,631][__main__][INFO] - Episode 214 completed with reward -117.62 in 200 steps
[2025-03-30 14:57:39,462][__main__][INFO] - EnvName: PV1, Steps: 43k, Episodes: 215, Episode Reward: -152
[2025-03-30 14:57:39,462][__main__][INFO] - Episode 215 completed with reward -117.17 in 200 steps
[2025-03-30 14:57:49,601][__main__][INFO] - Episode 216 completed with reward -116.36 in 200 steps
[2025-03-30 14:58:00,452][__main__][INFO] - Episode 217 completed with reward -122.55 in 200 steps
[2025-03-30 14:58:10,405][__main__][INFO] - Episode 218 completed with reward -123.73 in 200 steps
[2025-03-30 14:58:20,727][__main__][INFO] - Episode 219 completed with reward -229.19 in 200 steps
[2025-03-30 14:58:33,306][__main__][INFO] - EnvName: PV1, Steps: 44k, Episodes: 220, Episode Reward: -130
[2025-03-30 14:58:33,306][__main__][INFO] - Episode 220 completed with reward -121.71 in 200 steps
[2025-03-30 14:58:43,361][__main__][INFO] - Episode 221 completed with reward -118.35 in 200 steps
[2025-03-30 14:58:53,134][__main__][INFO] - Episode 222 completed with reward -120.40 in 200 steps
[2025-03-30 14:59:02,112][__main__][INFO] - Episode 223 completed with reward -123.27 in 200 steps
[2025-03-30 14:59:11,275][__main__][INFO] - Episode 224 completed with reward -119.37 in 200 steps
[2025-03-30 14:59:22,949][__main__][INFO] - EnvName: PV1, Steps: 45k, Episodes: 225, Episode Reward: -153
[2025-03-30 14:59:22,949][__main__][INFO] - Episode 225 completed with reward -116.74 in 200 steps
[2025-03-30 14:59:33,274][__main__][INFO] - Episode 226 completed with reward -127.15 in 200 steps
[2025-03-30 14:59:43,942][__main__][INFO] - Episode 227 completed with reward -237.77 in 200 steps
[2025-03-30 14:59:53,482][__main__][INFO] - Episode 228 completed with reward -119.67 in 200 steps
[2025-03-30 15:00:02,341][__main__][INFO] - Episode 229 completed with reward -125.52 in 200 steps
[2025-03-30 15:00:14,720][__main__][INFO] - EnvName: PV1, Steps: 46k, Episodes: 230, Episode Reward: -164
[2025-03-30 15:00:14,721][__main__][INFO] - Episode 230 completed with reward -114.92 in 200 steps
[2025-03-30 15:00:25,599][__main__][INFO] - Episode 231 completed with reward -125.52 in 200 steps
[2025-03-30 15:00:36,524][__main__][INFO] - Episode 232 completed with reward -119.43 in 200 steps
[2025-03-30 15:00:46,953][__main__][INFO] - Episode 233 completed with reward -321.83 in 200 steps
[2025-03-30 15:00:57,857][__main__][INFO] - Episode 234 completed with reward -228.00 in 200 steps
[2025-03-30 15:01:10,670][__main__][INFO] - EnvName: PV1, Steps: 47k, Episodes: 235, Episode Reward: -143
[2025-03-30 15:01:10,671][__main__][INFO] - Episode 235 completed with reward -121.32 in 200 steps
[2025-03-30 15:01:18,991][__main__][INFO] - Episode 236 completed with reward -0.64 in 200 steps
[2025-03-30 15:01:29,107][__main__][INFO] - Episode 237 completed with reward -120.29 in 200 steps
[2025-03-30 15:01:39,601][__main__][INFO] - Episode 238 completed with reward -280.57 in 200 steps
[2025-03-30 15:01:49,743][__main__][INFO] - Episode 239 completed with reward -341.61 in 200 steps
[2025-03-30 15:02:02,770][__main__][INFO] - EnvName: PV1, Steps: 48k, Episodes: 240, Episode Reward: -90
[2025-03-30 15:02:02,771][__main__][INFO] - Episode 240 completed with reward -1.48 in 200 steps
[2025-03-30 15:02:14,108][__main__][INFO] - Episode 241 completed with reward -124.48 in 200 steps
[2025-03-30 15:02:24,937][__main__][INFO] - Episode 242 completed with reward -118.62 in 200 steps
[2025-03-30 15:02:35,592][__main__][INFO] - Episode 243 completed with reward -125.41 in 200 steps
[2025-03-30 15:02:46,771][__main__][INFO] - Episode 244 completed with reward -228.28 in 200 steps
[2025-03-30 15:02:58,734][__main__][INFO] - EnvName: PV1, Steps: 49k, Episodes: 245, Episode Reward: -153
[2025-03-30 15:02:58,734][__main__][INFO] - Episode 245 completed with reward -2.31 in 200 steps
[2025-03-30 15:03:08,777][__main__][INFO] - Episode 246 completed with reward -237.96 in 200 steps
[2025-03-30 15:03:17,544][__main__][INFO] - Episode 247 completed with reward -118.60 in 200 steps
[2025-03-30 15:03:27,651][__main__][INFO] - Episode 248 completed with reward -124.80 in 200 steps
[2025-03-30 15:03:38,364][__main__][INFO] - Episode 249 completed with reward -123.48 in 200 steps
[2025-03-30 15:03:51,616][__main__][INFO] - EnvName: PV1, Steps: 50k, Episodes: 250, Episode Reward: -106
[2025-03-30 15:03:51,622][__main__][INFO] - Episode 250 completed with reward -117.03 in 200 steps
[2025-03-30 15:03:51,622][__main__][INFO] - Training completed. Evaluating across 20 episodes
[2025-03-30 15:03:55,853][__main__][INFO] - Final evaluation - Mean: -142.05, Std: 76.74
[2025-03-30 15:03:55,853][__main__][INFO] - 90th percentile: -104.50, 10th percentile: -235.50
[2025-03-30 15:03:55,857][__main__][INFO] - Final model saved to models/SAC_model/PV1
