[2025-04-18 23:33:48,677][__main__][INFO] - Configuration:
device: cuda
mode: offline
write: false
debug_print: false
render: false
load_model: false
load_path: None
eval_model: false
save_model: true
data_path: /home/mx/DRAC/dataset/CPV0/TD3/no_noise/eps0.3
epsilon: 0.1
seed: 42
max_train_steps: 20000
save_interval: 10000
eval_interval: 1000
update_every: 50
explore_episode: 50
gamma: 0.99
tau: 0.005
net_arch:
- 256
- 256
net_layer: 1
critic_ensemble: true
n_critic: 2
a_lr: 0.005
c_lr: 5.0e-05
b_lr: 5.0e-05
g_lr: 0.0005
r_lr: 0.0005
l2_reg: 0
batch_size: 256
alpha: 0.12
adaptive_alpha: true
reward_adapt: true
robust: false
robust_optimizer: functional
noise: false
type: gaussian
adv: false
spread: 0.0
scale: 1.0
delta: 0.0
env_name: ContinuousCartPole
env_index: 1
env_mods:
  use_mods: false
  observation_noise:
    enabled: false
    type: gaussian
    level: 0.1
    frequency: 1.0
  action_perturb:
    enabled: false
    type: noise
    probability: 0.1
    level: 0.1
  reward_shift:
    enabled: false
    type: scale
    param: 0.9
    noise_level: 0.1
  transition_perturb:
    enabled: false
    type: teleport
    probability: 0.05
    level: 0.1
  param_shift:
    enabled: false
    train_apply: false
    eval_apply: true
    g_factor: 1.0
    m_factor: 1.0
    l_factor: 1.0
    len_factor: 1.0
    force_mag_factor: 1.0
    gravity_factor: 1.0
    wind_power: 0.0
    turbulence_power: 0.0
    engine_factor: 1.0
  custom:
    enabled: false
    spread: 0.0
    type: gaussian
    adv: false
  eval:
    use_modified: true
    scale_noise: false
    noise_scale_factor: 2.0
    include_action_perturb: true
    include_reward_shift: true
    include_transition_perturb: true

[2025-04-18 23:33:48,724][__main__][INFO] - System information:
[2025-04-18 23:33:48,724][__main__][INFO] -   Platform: Linux-6.11.0-21-generic-x86_64-with-glibc2.39
[2025-04-18 23:33:48,724][__main__][INFO] -   Python: 3.12.2
[2025-04-18 23:33:48,724][__main__][INFO] -   PyTorch: 2.5.1
[2025-04-18 23:33:48,724][__main__][INFO] -   CUDA Available: True
[2025-04-18 23:33:48,724][__main__][INFO] -   CUDA Version: 12.4
[2025-04-18 23:33:48,724][__main__][INFO] -   GPU: NVIDIA GeForce GTX 1080 Ti
[2025-04-18 23:33:48,730][__main__][INFO] - Env: ContinuousCartPole-v0  state_dim: 4  action_dim: 1  max_a: 1.0  min_a: -1.0  max_e_steps: 500
[2025-04-18 23:33:48,731][__main__][INFO] - Random Seed: 42
[2025-04-18 23:33:48,732][__main__][INFO] - Models will be saved to models/SAC_model/CPV0
[2025-04-18 23:34:10,756][__main__][INFO] - EnvName: CPV0, Steps: 1k, Episode Reward: 6
[2025-04-18 23:34:32,700][__main__][INFO] - EnvName: CPV0, Steps: 2k, Episode Reward: 6
[2025-04-18 23:34:53,586][__main__][INFO] - EnvName: CPV0, Steps: 3k, Episode Reward: 12
[2025-04-18 23:35:12,638][__main__][INFO] - EnvName: CPV0, Steps: 4k, Episode Reward: 50
[2025-04-18 23:35:35,060][__main__][INFO] - EnvName: CPV0, Steps: 5k, Episode Reward: 76
[2025-04-18 23:35:56,557][__main__][INFO] - EnvName: CPV0, Steps: 6k, Episode Reward: 77
[2025-04-18 23:36:16,552][__main__][INFO] - EnvName: CPV0, Steps: 7k, Episode Reward: 71
[2025-04-18 23:36:39,693][__main__][INFO] - EnvName: CPV0, Steps: 8k, Episode Reward: 83
[2025-04-18 23:36:59,697][__main__][INFO] - EnvName: CPV0, Steps: 9k, Episode Reward: 97
[2025-04-18 23:37:21,849][__main__][INFO] - EnvName: CPV0, Steps: 10k, Episode Reward: 86
[2025-04-18 23:37:43,836][__main__][INFO] - EnvName: CPV0, Steps: 11k, Episode Reward: 95
[2025-04-18 23:38:04,857][__main__][INFO] - EnvName: CPV0, Steps: 12k, Episode Reward: 97
[2025-04-18 23:38:28,053][__main__][INFO] - EnvName: CPV0, Steps: 13k, Episode Reward: 98
[2025-04-18 23:38:50,053][__main__][INFO] - EnvName: CPV0, Steps: 14k, Episode Reward: 112
[2025-04-18 23:39:09,748][__main__][INFO] - EnvName: CPV0, Steps: 15k, Episode Reward: 123
[2025-04-18 23:39:30,881][__main__][INFO] - EnvName: CPV0, Steps: 16k, Episode Reward: 102
[2025-04-18 23:39:50,499][__main__][INFO] - EnvName: CPV0, Steps: 17k, Episode Reward: 104
[2025-04-18 23:40:10,285][__main__][INFO] - EnvName: CPV0, Steps: 18k, Episode Reward: 117
[2025-04-18 23:40:31,735][__main__][INFO] - EnvName: CPV0, Steps: 19k, Episode Reward: 118
[2025-04-18 23:40:52,879][__main__][INFO] - EnvName: CPV0, Steps: 20k, Episode Reward: 109
[2025-04-18 23:40:52,883][__main__][INFO] - Training completed. Evaluating across 20 episodes
[2025-04-18 23:40:55,440][__main__][INFO] - Final evaluation - Mean: 128.40, Std: 33.90
[2025-04-18 23:40:55,440][__main__][INFO] - 90th percentile: 154.80, 10th percentile: 92.20
[2025-04-18 23:40:55,446][__main__][INFO] - Final model saved to models/SAC_model/CPV0
