[2025-04-05 13:35:38,407][__main__][INFO] - Configuration:
device: cuda
mode: offline
write: false
debug_print: false
render: false
load_model: false
load_path: None
eval_model: false
save_model: true
data_path: /home/mx/DRAC/outputs/SAC/2025-04-04/21-37-11/dataset
epsilon: 0.1
seed: 42
max_train_steps: 20000
save_interval: 10000
eval_interval: 1000
update_every: 50
explore_episode: 50
gamma: 0.99
tau: 0.005
net_arch:
- 256
- 256
net_layer: 1
a_lr: 0.0005
c_lr: 0.0005
b_lr: 5.0e-05
g_lr: 5.0e-05
r_lr: 5.0e-05
l2_reg: 0.0
batch_size: 256
alpha: 0.12
adaptive_alpha: true
reward_adapt: true
robust: true
robust_optimizer: functional
noise: false
type: gaussian
adv: false
spread: 0.0
scale: 1.0
delta: 0.75
env_name: Pendulum-v1
env_index: 0
env_mods:
  use_mods: false
  observation_noise:
    enabled: false
    type: gaussian
    level: 0.1
    frequency: 1.0
  action_perturb:
    enabled: false
    type: noise
    probability: 0.1
    level: 0.1
  reward_shift:
    enabled: false
    type: scale
    param: 0.9
    noise_level: 0.1
  transition_perturb:
    enabled: false
    type: teleport
    probability: 0.05
    level: 0.1
  param_shift:
    enabled: false
    train_apply: false
    eval_apply: true
    g_factor: 1.0
    m_factor: 1.0
    l_factor: 1.0
    len_factor: 1.0
    force_mag_factor: 1.0
    gravity_factor: 1.0
    wind_power: 0.0
    turbulence_power: 0.0
  custom:
    enabled: false
    spread: 0.0
    type: gaussian
    adv: false
  eval:
    use_modified: true
    scale_noise: false
    noise_scale_factor: 2.0
    include_action_perturb: true
    include_reward_shift: true
    include_transition_perturb: true

[2025-04-05 13:35:38,451][__main__][INFO] - System information:
[2025-04-05 13:35:38,451][__main__][INFO] -   Platform: Linux-6.11.0-21-generic-x86_64-with-glibc2.39
[2025-04-05 13:35:38,451][__main__][INFO] -   Python: 3.12.2
[2025-04-05 13:35:38,451][__main__][INFO] -   PyTorch: 2.5.1
[2025-04-05 13:35:38,452][__main__][INFO] -   CUDA Available: True
[2025-04-05 13:35:38,452][__main__][INFO] -   CUDA Version: 12.4
[2025-04-05 13:35:38,452][__main__][INFO] -   GPU: NVIDIA GeForce GTX 1080 Ti
[2025-04-05 13:35:38,459][__main__][INFO] - Env: Pendulum-v1  state_dim: 3  action_dim: 1  max_a: 2.0  min_a: -2.0  max_e_steps: 200
[2025-04-05 13:35:38,460][__main__][INFO] - Random Seed: 42
[2025-04-05 13:35:38,460][__main__][INFO] - Models will be saved to models/SAC_model/PV1
[2025-04-05 13:36:21,254][__main__][INFO] - EnvName: PV1, Steps: 1k, Episode Reward: -1745
[2025-04-05 13:36:57,263][__main__][INFO] - EnvName: PV1, Steps: 2k, Episode Reward: -1000
[2025-04-05 13:37:51,824][__main__][INFO] - EnvName: PV1, Steps: 3k, Episode Reward: -178
[2025-04-05 13:38:40,190][__main__][INFO] - EnvName: PV1, Steps: 4k, Episode Reward: -146
[2025-04-05 13:39:19,748][__main__][INFO] - EnvName: PV1, Steps: 5k, Episode Reward: -174
[2025-04-05 13:40:07,637][__main__][INFO] - EnvName: PV1, Steps: 6k, Episode Reward: -191
[2025-04-05 13:40:56,406][__main__][INFO] - EnvName: PV1, Steps: 7k, Episode Reward: -146
[2025-04-05 13:41:47,641][__main__][INFO] - EnvName: PV1, Steps: 8k, Episode Reward: -178
[2025-04-05 13:42:30,278][__main__][INFO] - EnvName: PV1, Steps: 9k, Episode Reward: -167
[2025-04-05 13:43:14,638][__main__][INFO] - EnvName: PV1, Steps: 10k, Episode Reward: -130
[2025-04-05 13:43:59,243][__main__][INFO] - EnvName: PV1, Steps: 11k, Episode Reward: -153
[2025-04-05 13:44:42,923][__main__][INFO] - EnvName: PV1, Steps: 12k, Episode Reward: -138
[2025-04-05 13:45:22,479][__main__][INFO] - EnvName: PV1, Steps: 13k, Episode Reward: -131
[2025-04-05 13:46:08,204][__main__][INFO] - EnvName: PV1, Steps: 14k, Episode Reward: -144
[2025-04-05 13:46:45,480][__main__][INFO] - EnvName: PV1, Steps: 15k, Episode Reward: -140
[2025-04-05 13:47:25,172][__main__][INFO] - EnvName: PV1, Steps: 16k, Episode Reward: -144
[2025-04-05 13:47:59,738][__main__][INFO] - EnvName: PV1, Steps: 17k, Episode Reward: -167
[2025-04-05 13:48:33,195][__main__][INFO] - EnvName: PV1, Steps: 18k, Episode Reward: -155
[2025-04-05 13:49:10,333][__main__][INFO] - EnvName: PV1, Steps: 19k, Episode Reward: -168
[2025-04-05 13:49:47,752][__main__][INFO] - EnvName: PV1, Steps: 20k, Episode Reward: -168
[2025-04-05 13:49:47,757][__main__][INFO] - Training completed. Evaluating across 20 episodes
[2025-04-05 13:49:49,805][__main__][INFO] - Final evaluation - Mean: -166.00, Std: 76.17
[2025-04-05 13:49:49,805][__main__][INFO] - 90th percentile: -116.70, 10th percentile: -242.20
[2025-04-05 13:49:49,810][__main__][INFO] - Final model saved to models/SAC_model/PV1
