[2025-04-18 23:12:30,603][__main__][INFO] - Configuration:
device: cuda
mode: generate
model: TD3
write: false
debug_print: false
render: false
load_model: true
load_path: /home/mx/DRAC/pre_train_model/CPV0/TD3/model.d3
eval_model: false
save_model: true
data_path: None
epsilon: 0.3
seed: 42
max_train_steps: 1000000
save_interval: 10000
eval_interval: 1000
update_every: 50
learning_starts: 10000
gamma: 0.98
tau: 0.005
net_arch:
- 256
- 256
net_layer: 1
a_lr: 0.005
c_lr: 0.0001
l2_reg: 0
batch_size: 256
reward_adapt: true
noise: false
type: gaussian
adv: false
spread: 0.0
scale: 1.0
delta: 0.0
env_name: ContinuousCartPole
env_index: 1
env_mods:
  use_mods: false
  observation_noise:
    enabled: false
    type: gaussian
    level: 0.1
    frequency: 1.0
  action_perturb:
    enabled: false
    type: noise
    probability: 0.1
    level: 0.1
  reward_shift:
    enabled: false
    type: scale
    param: 0.9
    noise_level: 0.1
  transition_perturb:
    enabled: false
    type: teleport
    probability: 0.05
    level: 0.1
  param_shift:
    enabled: false
    train_apply: false
    eval_apply: true
    g_factor: 1.0
    m_factor: 1.0
    l_factor: 1.0
    len_factor: 1.0
    force_mag_factor: 1.0
    gravity_factor: 1.0
    wind_power: 0.0
    turbulence_power: 0.0
    engine_factor: 1.0
  custom:
    enabled: false
    spread: 0.0
    type: gaussian
    adv: false
  eval:
    use_modified: true
    scale_noise: false
    noise_scale_factor: 2.0
    include_action_perturb: true
    include_reward_shift: true
    include_transition_perturb: true

[2025-04-18 23:12:30,680][__main__][INFO] - System information:
[2025-04-18 23:12:30,680][__main__][INFO] -   Platform: Linux-6.11.0-21-generic-x86_64-with-glibc2.10
[2025-04-18 23:12:30,680][__main__][INFO] -   Python: 3.8.19
[2025-04-18 23:12:30,680][__main__][INFO] -   PyTorch: 2.4.1+cu121
[2025-04-18 23:12:30,680][__main__][INFO] -   CUDA Available: True
[2025-04-18 23:12:30,680][__main__][INFO] -   CUDA Version: 12.1
[2025-04-18 23:12:30,680][__main__][INFO] -   GPU: NVIDIA GeForce GTX 1080 Ti
[2025-04-18 23:12:30,687][__main__][INFO] - Env: ContinuousCartPole-v0  state_dim: 4  action_dim: 1  max_a: 1.0  min_a: -1.0  max_e_steps: 500
[2025-04-18 23:12:30,688][__main__][INFO] - Random Seed: 42
[2025-04-18 23:12:30,688][__main__][INFO] - Models will be saved to models/d3rl_model/CPV0
[2025-04-18 23:12:30,689][__main__][INFO] - Loading pre-trained model
[2025-04-18 23:12:44,994][__main__][INFO] - Data collected: 15025 in 100 episodes.
[2025-04-18 23:12:55,286][__main__][INFO] - Data collected: 31665 in 200 episodes.
[2025-04-18 23:13:03,945][__main__][INFO] - Data collected: 45735 in 300 episodes.
[2025-04-18 23:13:13,414][__main__][INFO] - Data collected: 61880 in 400 episodes.
[2025-04-18 23:13:21,217][__main__][INFO] - Data collected: 74454 in 500 episodes.
[2025-04-18 23:13:28,822][__main__][INFO] - Data collected: 88098 in 600 episodes.
[2025-04-18 23:13:38,159][__main__][INFO] - Data collected: 103674 in 700 episodes.
[2025-04-18 23:13:46,309][__main__][INFO] - Data collected: 117206 in 800 episodes.
[2025-04-18 23:13:55,611][__main__][INFO] - Data collected: 132559 in 900 episodes.
[2025-04-18 23:14:06,425][__main__][INFO] - Data collected: 149152 in 1000 episodes.
[2025-04-18 23:14:16,826][__main__][INFO] - Data collected: 166306 in 1100 episodes.
[2025-04-18 23:14:26,387][__main__][INFO] - Data collected: 181985 in 1200 episodes.
[2025-04-18 23:14:35,647][__main__][INFO] - Data collected: 197481 in 1300 episodes.
[2025-04-18 23:14:44,682][__main__][INFO] - Data collected: 212379 in 1400 episodes.
[2025-04-18 23:14:54,610][__main__][INFO] - Data collected: 228249 in 1500 episodes.
[2025-04-18 23:15:04,048][__main__][INFO] - Data collected: 242831 in 1600 episodes.
[2025-04-18 23:15:12,845][__main__][INFO] - Data collected: 257443 in 1700 episodes.
[2025-04-18 23:15:21,242][__main__][INFO] - Data collected: 271329 in 1800 episodes.
[2025-04-18 23:15:29,248][__main__][INFO] - Data collected: 284253 in 1900 episodes.
[2025-04-18 23:15:39,386][__main__][INFO] - Data collected: 301397 in 2000 episodes.
[2025-04-18 23:15:48,968][__main__][INFO] - Data collected: 317621 in 2100 episodes.
[2025-04-18 23:15:56,825][__main__][INFO] - Data collected: 330780 in 2200 episodes.
[2025-04-18 23:16:05,956][__main__][INFO] - Data collected: 345698 in 2300 episodes.
[2025-04-18 23:16:14,084][__main__][INFO] - Data collected: 359002 in 2400 episodes.
[2025-04-18 23:16:22,805][__main__][INFO] - Data collected: 373515 in 2500 episodes.
[2025-04-18 23:16:31,164][__main__][INFO] - Data collected: 387898 in 2600 episodes.
[2025-04-18 23:16:40,493][__main__][INFO] - Data collected: 403811 in 2700 episodes.
[2025-04-18 23:16:50,075][__main__][INFO] - Data collected: 419775 in 2800 episodes.
[2025-04-18 23:16:59,857][__main__][INFO] - Data collected: 434614 in 2900 episodes.
[2025-04-18 23:17:09,783][__main__][INFO] - Data collected: 451023 in 3000 episodes.
[2025-04-18 23:17:16,937][__main__][INFO] - Data collected: 462840 in 3100 episodes.
[2025-04-18 23:17:25,974][__main__][INFO] - Data collected: 478319 in 3200 episodes.
[2025-04-18 23:17:33,906][__main__][INFO] - Data collected: 491995 in 3300 episodes.
[2025-04-18 23:17:41,727][__main__][INFO] - Data collected: 505024 in 3400 episodes.
[2025-04-18 23:17:50,960][__main__][INFO] - Data collected: 520970 in 3500 episodes.
[2025-04-18 23:18:00,290][__main__][INFO] - Data collected: 536705 in 3600 episodes.
[2025-04-18 23:18:09,780][__main__][INFO] - Data collected: 552110 in 3700 episodes.
[2025-04-18 23:18:19,023][__main__][INFO] - Data collected: 567520 in 3800 episodes.
[2025-04-18 23:18:26,573][__main__][INFO] - Data collected: 580319 in 3900 episodes.
[2025-04-18 23:18:35,097][__main__][INFO] - Data collected: 594370 in 4000 episodes.
[2025-04-18 23:18:43,924][__main__][INFO] - Data collected: 609198 in 4100 episodes.
[2025-04-18 23:18:54,173][__main__][INFO] - Data collected: 625999 in 4200 episodes.
[2025-04-18 23:19:03,941][__main__][INFO] - Data collected: 640643 in 4300 episodes.
[2025-04-18 23:19:12,292][__main__][INFO] - Data collected: 654324 in 4400 episodes.
[2025-04-18 23:19:20,602][__main__][INFO] - Data collected: 668270 in 4500 episodes.
[2025-04-18 23:19:30,013][__main__][INFO] - Data collected: 683452 in 4600 episodes.
[2025-04-18 23:19:40,528][__main__][INFO] - Data collected: 701221 in 4700 episodes.
[2025-04-18 23:19:49,145][__main__][INFO] - Data collected: 715829 in 4800 episodes.
[2025-04-18 23:19:58,265][__main__][INFO] - Data collected: 731209 in 4900 episodes.
[2025-04-18 23:20:07,246][__main__][INFO] - Data collected: 746411 in 5000 episodes.
[2025-04-18 23:20:16,405][__main__][INFO] - Data collected: 761373 in 5100 episodes.
[2025-04-18 23:20:25,139][__main__][INFO] - Data collected: 776108 in 5200 episodes.
[2025-04-18 23:20:33,927][__main__][INFO] - Data collected: 791164 in 5300 episodes.
[2025-04-18 23:20:42,822][__main__][INFO] - Data collected: 805787 in 5400 episodes.
[2025-04-18 23:20:51,474][__main__][INFO] - Data collected: 820656 in 5500 episodes.
[2025-04-18 23:20:59,884][__main__][INFO] - Data collected: 834759 in 5600 episodes.
[2025-04-18 23:21:09,903][__main__][INFO] - Data collected: 851075 in 5700 episodes.
[2025-04-18 23:21:18,026][__main__][INFO] - Data collected: 865024 in 5800 episodes.
[2025-04-18 23:21:26,180][__main__][INFO] - Data collected: 877656 in 5900 episodes.
[2025-04-18 23:21:34,575][__main__][INFO] - Data collected: 891971 in 6000 episodes.
[2025-04-18 23:21:43,504][__main__][INFO] - Data collected: 907204 in 6100 episodes.
[2025-04-18 23:21:51,507][__main__][INFO] - Data collected: 921088 in 6200 episodes.
[2025-04-18 23:22:00,655][__main__][INFO] - Data collected: 935242 in 6300 episodes.
[2025-04-18 23:22:08,649][__main__][INFO] - Data collected: 948700 in 6400 episodes.
[2025-04-18 23:22:18,073][__main__][INFO] - Data collected: 965078 in 6500 episodes.
[2025-04-18 23:22:26,769][__main__][INFO] - Data collected: 979751 in 6600 episodes.
[2025-04-18 23:22:37,073][__main__][INFO] - Data collected: 996638 in 6700 episodes.
[2025-04-18 23:22:39,088][__main__][INFO] - Training completed. Evaluating across 20 episodes
[2025-04-18 23:22:42,390][__main__][INFO] - Final evaluation - Mean: 500.00, Std: 0.00
[2025-04-18 23:22:42,390][__main__][INFO] - 90th percentile: 500.00, 10th percentile: 500.00
