[2025-04-14 23:35:35,972][__main__][INFO] - Configuration:
device: cuda
mode: offline
write: false
debug_print: false
render: false
load_model: false
load_path: None
eval_model: false
save_model: true
data_path: ./dataset/PV1/no_noise/eps0.5
epsilon: 0.1
seed: 42
max_train_steps: 20000
save_interval: 10000
eval_interval: 1000
update_every: 50
explore_episode: 50
gamma: 0.99
tau: 0.005
net_arch:
- 256
- 256
net_layer: 1
a_lr: 0.0005
c_lr: 0.0005
b_lr: 5.0e-05
g_lr: 5.0e-05
r_lr: 5.0e-05
l2_reg: 0.0
batch_size: 256
alpha: 0.12
adaptive_alpha: true
reward_adapt: true
robust: true
robust_optimizer: functional
noise: false
type: gaussian
adv: false
spread: 0.0
scale: 1.0
delta: 0.25
env_name: Pendulum-v1
env_index: 0
env_mods:
  use_mods: false
  observation_noise:
    enabled: false
    type: gaussian
    level: 0.1
    frequency: 1.0
  action_perturb:
    enabled: false
    type: noise
    probability: 0.1
    level: 0.1
  reward_shift:
    enabled: false
    type: scale
    param: 0.9
    noise_level: 0.1
  transition_perturb:
    enabled: false
    type: teleport
    probability: 0.05
    level: 0.1
  param_shift:
    enabled: false
    train_apply: false
    eval_apply: true
    g_factor: 1.0
    m_factor: 1.0
    l_factor: 1.0
    len_factor: 1.0
    force_mag_factor: 1.0
    gravity_factor: 1.0
    wind_power: 0.0
    turbulence_power: 0.0
    engine_factor: 1.0
  custom:
    enabled: false
    spread: 0.0
    type: gaussian
    adv: false
  eval:
    use_modified: true
    scale_noise: false
    noise_scale_factor: 2.0
    include_action_perturb: true
    include_reward_shift: true
    include_transition_perturb: true

[2025-04-14 23:35:36,022][__main__][INFO] - System information:
[2025-04-14 23:35:36,022][__main__][INFO] -   Platform: Linux-6.11.0-21-generic-x86_64-with-glibc2.39
[2025-04-14 23:35:36,022][__main__][INFO] -   Python: 3.12.2
[2025-04-14 23:35:36,022][__main__][INFO] -   PyTorch: 2.5.1
[2025-04-14 23:35:36,022][__main__][INFO] -   CUDA Available: True
[2025-04-14 23:35:36,022][__main__][INFO] -   CUDA Version: 12.4
[2025-04-14 23:35:36,022][__main__][INFO] -   GPU: NVIDIA GeForce GTX 1080 Ti
[2025-04-14 23:35:36,027][__main__][INFO] - Env: Pendulum-v1  state_dim: 3  action_dim: 1  max_a: 2.0  min_a: -2.0  max_e_steps: 200
[2025-04-14 23:35:36,028][__main__][INFO] - Random Seed: 42
[2025-04-14 23:35:36,029][__main__][INFO] - Models will be saved to models/SAC_model/PV1
[2025-04-14 23:36:14,696][__main__][INFO] - EnvName: PV1, Steps: 1k, Episode Reward: -1759
[2025-04-14 23:36:52,719][__main__][INFO] - EnvName: PV1, Steps: 2k, Episode Reward: -902
[2025-04-14 23:37:31,243][__main__][INFO] - EnvName: PV1, Steps: 3k, Episode Reward: -392
[2025-04-14 23:38:12,883][__main__][INFO] - EnvName: PV1, Steps: 4k, Episode Reward: -206
[2025-04-14 23:38:48,925][__main__][INFO] - EnvName: PV1, Steps: 5k, Episode Reward: -171
[2025-04-14 23:39:30,064][__main__][INFO] - EnvName: PV1, Steps: 6k, Episode Reward: -166
[2025-04-14 23:40:09,165][__main__][INFO] - EnvName: PV1, Steps: 7k, Episode Reward: -156
[2025-04-14 23:40:43,154][__main__][INFO] - EnvName: PV1, Steps: 8k, Episode Reward: -148
[2025-04-14 23:41:18,812][__main__][INFO] - EnvName: PV1, Steps: 9k, Episode Reward: -120
[2025-04-14 23:41:58,283][__main__][INFO] - EnvName: PV1, Steps: 10k, Episode Reward: -108
[2025-04-14 23:42:35,162][__main__][INFO] - EnvName: PV1, Steps: 11k, Episode Reward: -121
[2025-04-14 23:43:13,977][__main__][INFO] - EnvName: PV1, Steps: 12k, Episode Reward: -110
[2025-04-14 23:43:49,656][__main__][INFO] - EnvName: PV1, Steps: 13k, Episode Reward: -174
[2025-04-14 23:44:28,036][__main__][INFO] - EnvName: PV1, Steps: 14k, Episode Reward: -166
[2025-04-14 23:45:04,085][__main__][INFO] - EnvName: PV1, Steps: 15k, Episode Reward: -147
[2025-04-14 23:45:40,181][__main__][INFO] - EnvName: PV1, Steps: 16k, Episode Reward: -108
[2025-04-14 23:46:18,743][__main__][INFO] - EnvName: PV1, Steps: 17k, Episode Reward: -119
[2025-04-14 23:46:55,321][__main__][INFO] - EnvName: PV1, Steps: 18k, Episode Reward: -215
[2025-04-14 23:47:32,655][__main__][INFO] - EnvName: PV1, Steps: 19k, Episode Reward: -164
[2025-04-14 23:48:09,234][__main__][INFO] - EnvName: PV1, Steps: 20k, Episode Reward: -140
[2025-04-14 23:48:09,238][__main__][INFO] - Training completed. Evaluating across 20 episodes
[2025-04-14 23:48:11,397][__main__][INFO] - Final evaluation - Mean: -178.45, Std: 90.30
[2025-04-14 23:48:11,397][__main__][INFO] - 90th percentile: -116.90, 10th percentile: -326.10
[2025-04-14 23:48:11,402][__main__][INFO] - Final model saved to models/SAC_model/PV1
