[2025-04-17 23:52:47,610][__main__][INFO] - System information:
[2025-04-17 23:52:47,610][__main__][INFO] -   Platform: Linux-6.11.0-21-generic-x86_64-with-glibc2.39
[2025-04-17 23:52:47,610][__main__][INFO] -   Python: 3.12.2
[2025-04-17 23:52:47,610][__main__][INFO] -   PyTorch: 2.5.1
[2025-04-17 23:52:47,610][__main__][INFO] -   CUDA Available: True
[2025-04-17 23:52:47,610][__main__][INFO] -   CUDA Version: 12.4
[2025-04-17 23:52:47,610][__main__][INFO] -   GPU: NVIDIA GeForce GTX 1080 Ti
[2025-04-17 23:52:47,617][__main__][INFO] - Env: ContinuousCartPole-v0  state_dim: 4  action_dim: 1  max_a: 1.0  min_a: -1.0  max_e_steps: 500
[2025-04-17 23:52:47,618][__main__][INFO] - Random Seed: 42
[2025-04-17 23:52:47,618][__main__][INFO] - Models will be saved to models/SAC_model/CPV0
[2025-04-17 23:53:32,346][__main__][INFO] - EnvName: CPV0, Steps: 1k, Episode Reward: 6
[2025-04-17 23:54:13,428][__main__][INFO] - EnvName: CPV0, Steps: 2k, Episode Reward: 6
[2025-04-17 23:54:54,255][__main__][INFO] - EnvName: CPV0, Steps: 3k, Episode Reward: 71
[2025-04-17 23:55:36,292][__main__][INFO] - EnvName: CPV0, Steps: 4k, Episode Reward: 145
[2025-04-17 23:56:17,232][__main__][INFO] - EnvName: CPV0, Steps: 5k, Episode Reward: 122
[2025-04-17 23:56:57,761][__main__][INFO] - EnvName: CPV0, Steps: 6k, Episode Reward: 128
[2025-04-17 23:57:39,263][__main__][INFO] - EnvName: CPV0, Steps: 7k, Episode Reward: 118
[2025-04-17 23:58:20,495][__main__][INFO] - EnvName: CPV0, Steps: 8k, Episode Reward: 157
[2025-04-17 23:59:01,306][__main__][INFO] - EnvName: CPV0, Steps: 9k, Episode Reward: 105
[2025-04-17 23:59:42,168][__main__][INFO] - EnvName: CPV0, Steps: 10k, Episode Reward: 124
[2025-04-18 00:00:23,400][__main__][INFO] - EnvName: CPV0, Steps: 11k, Episode Reward: 162
[2025-04-18 00:01:04,313][__main__][INFO] - EnvName: CPV0, Steps: 12k, Episode Reward: 159
[2025-04-18 00:01:44,865][__main__][INFO] - EnvName: CPV0, Steps: 13k, Episode Reward: 131
[2025-04-18 00:02:25,765][__main__][INFO] - EnvName: CPV0, Steps: 14k, Episode Reward: 249
[2025-04-18 00:03:06,941][__main__][INFO] - EnvName: CPV0, Steps: 15k, Episode Reward: 144
[2025-04-18 00:03:48,345][__main__][INFO] - EnvName: CPV0, Steps: 16k, Episode Reward: 210
[2025-04-18 00:04:29,905][__main__][INFO] - EnvName: CPV0, Steps: 17k, Episode Reward: 264
[2025-04-18 00:05:13,178][__main__][INFO] - EnvName: CPV0, Steps: 18k, Episode Reward: 500
[2025-04-18 00:05:55,809][__main__][INFO] - EnvName: CPV0, Steps: 19k, Episode Reward: 500
[2025-04-18 00:06:39,305][__main__][INFO] - EnvName: CPV0, Steps: 20k, Episode Reward: 500
[2025-04-18 00:07:22,686][__main__][INFO] - EnvName: CPV0, Steps: 21k, Episode Reward: 500
[2025-04-18 00:08:05,902][__main__][INFO] - EnvName: CPV0, Steps: 22k, Episode Reward: 500
[2025-04-18 00:08:48,921][__main__][INFO] - EnvName: CPV0, Steps: 23k, Episode Reward: 500
[2025-04-18 00:09:32,132][__main__][INFO] - EnvName: CPV0, Steps: 24k, Episode Reward: 500
[2025-04-18 00:10:15,271][__main__][INFO] - EnvName: CPV0, Steps: 25k, Episode Reward: 500
[2025-04-18 00:10:58,472][__main__][INFO] - EnvName: CPV0, Steps: 26k, Episode Reward: 500
[2025-04-18 00:11:41,466][__main__][INFO] - EnvName: CPV0, Steps: 27k, Episode Reward: 500
[2025-04-18 00:12:24,276][__main__][INFO] - EnvName: CPV0, Steps: 28k, Episode Reward: 500
[2025-04-18 00:13:07,171][__main__][INFO] - EnvName: CPV0, Steps: 29k, Episode Reward: 500
[2025-04-18 00:13:50,134][__main__][INFO] - EnvName: CPV0, Steps: 30k, Episode Reward: 500
[2025-04-18 00:13:50,139][__main__][INFO] - Training completed. Evaluating across 20 episodes
[2025-04-18 00:13:56,205][__main__][INFO] - Final evaluation - Mean: 500.00, Std: 0.00
[2025-04-18 00:13:56,205][__main__][INFO] - 90th percentile: 500.00, 10th percentile: 500.00
[2025-04-18 00:13:56,211][__main__][INFO] - Final model saved to models/SAC_model/CPV0
