[2025-04-05 13:00:41,910][__main__][INFO] - System information:
[2025-04-05 13:00:41,911][__main__][INFO] -   Platform: Linux-6.11.0-21-generic-x86_64-with-glibc2.39
[2025-04-05 13:00:41,911][__main__][INFO] -   Python: 3.12.2
[2025-04-05 13:00:41,911][__main__][INFO] -   PyTorch: 2.5.1
[2025-04-05 13:00:41,911][__main__][INFO] -   CUDA Available: True
[2025-04-05 13:00:41,911][__main__][INFO] -   CUDA Version: 12.4
[2025-04-05 13:00:41,911][__main__][INFO] -   GPU: NVIDIA GeForce GTX 1080 Ti
[2025-04-05 13:00:41,918][__main__][INFO] - Env: Pendulum-v1  state_dim: 3  action_dim: 1  max_a: 2.0  min_a: -2.0  max_e_steps: 200
[2025-04-05 13:00:41,919][__main__][INFO] - Random Seed: 42
[2025-04-05 13:00:41,919][__main__][INFO] - Models will be saved to models/SAC_model/PV1
[2025-04-05 13:01:08,862][__main__][INFO] - EnvName: PV1, Steps: 1k, Episode Reward: -1711
[2025-04-05 13:01:35,777][__main__][INFO] - EnvName: PV1, Steps: 2k, Episode Reward: -776
[2025-04-05 13:02:01,597][__main__][INFO] - EnvName: PV1, Steps: 3k, Episode Reward: -145
[2025-04-05 13:02:27,904][__main__][INFO] - EnvName: PV1, Steps: 4k, Episode Reward: -174
[2025-04-05 13:02:53,496][__main__][INFO] - EnvName: PV1, Steps: 5k, Episode Reward: -189
[2025-04-05 13:03:17,795][__main__][INFO] - EnvName: PV1, Steps: 6k, Episode Reward: -161
[2025-04-05 13:03:44,110][__main__][INFO] - EnvName: PV1, Steps: 7k, Episode Reward: -118
[2025-04-05 13:04:06,441][__main__][INFO] - EnvName: PV1, Steps: 8k, Episode Reward: -233
[2025-04-05 13:04:31,497][__main__][INFO] - EnvName: PV1, Steps: 9k, Episode Reward: -131
[2025-04-05 13:04:57,015][__main__][INFO] - EnvName: PV1, Steps: 10k, Episode Reward: -175
[2025-04-05 13:05:20,939][__main__][INFO] - EnvName: PV1, Steps: 11k, Episode Reward: -185
[2025-04-05 13:05:43,457][__main__][INFO] - EnvName: PV1, Steps: 12k, Episode Reward: -180
[2025-04-05 13:06:07,369][__main__][INFO] - EnvName: PV1, Steps: 13k, Episode Reward: -130
[2025-04-05 13:06:31,872][__main__][INFO] - EnvName: PV1, Steps: 14k, Episode Reward: -131
[2025-04-05 13:06:56,166][__main__][INFO] - EnvName: PV1, Steps: 15k, Episode Reward: -136
[2025-04-05 13:07:20,082][__main__][INFO] - EnvName: PV1, Steps: 16k, Episode Reward: -143
[2025-04-05 13:07:41,433][__main__][INFO] - EnvName: PV1, Steps: 17k, Episode Reward: -175
[2025-04-05 13:08:04,573][__main__][INFO] - EnvName: PV1, Steps: 18k, Episode Reward: -134
[2025-04-05 13:08:27,746][__main__][INFO] - EnvName: PV1, Steps: 19k, Episode Reward: -147
[2025-04-05 13:08:50,734][__main__][INFO] - EnvName: PV1, Steps: 20k, Episode Reward: -136
[2025-04-05 13:08:50,739][__main__][INFO] - Training completed. Evaluating across 20 episodes
[2025-04-05 13:08:52,981][__main__][INFO] - Final evaluation - Mean: -126.05, Std: 64.79
[2025-04-05 13:08:52,981][__main__][INFO] - 90th percentile: -6.90, 10th percentile: -233.50
[2025-04-05 13:08:52,986][__main__][INFO] - Final model saved to models/SAC_model/PV1
