[2025-03-29 23:07:01,373][__main__][INFO] - System information:
[2025-03-29 23:07:01,373][__main__][INFO] -   Platform: Linux-6.11.0-19-generic-x86_64-with-glibc2.39
[2025-03-29 23:07:01,373][__main__][INFO] -   Python: 3.12.2
[2025-03-29 23:07:01,373][__main__][INFO] -   PyTorch: 2.5.1
[2025-03-29 23:07:01,373][__main__][INFO] -   CUDA Available: True
[2025-03-29 23:07:01,373][__main__][INFO] -   CUDA Version: 12.4
[2025-03-29 23:07:01,373][__main__][INFO] -   GPU: NVIDIA GeForce GTX 1080 Ti
[2025-03-29 23:07:01,378][__main__][INFO] - Env: Pendulum-v1  state_dim: 3  action_dim: 1  max_a: 2.0  min_a: -2.0  max_e_steps: 200
[2025-03-29 23:07:01,380][__main__][INFO] - Random Seed: 42
[2025-03-29 23:07:01,380][__main__][INFO] - Models will be saved to models/SAC_model/PV1
[2025-03-29 23:07:02,418][__main__][INFO] - Episode 1 completed with reward -1278.78 in 200 steps
[2025-03-29 23:07:02,508][__main__][INFO] - Episode 2 completed with reward -970.40 in 200 steps
[2025-03-29 23:07:02,598][__main__][INFO] - Episode 3 completed with reward -1375.05 in 200 steps
[2025-03-29 23:07:02,686][__main__][INFO] - Episode 4 completed with reward -911.18 in 200 steps
[2025-03-29 23:07:03,887][__main__][INFO] - EnvName: PV1, Steps: 1k, Episodes: 5, Episode Reward: -1398
[2025-03-29 23:07:03,887][__main__][INFO] - Episode 5 completed with reward -1571.30 in 200 steps
[2025-03-29 23:07:03,979][__main__][INFO] - Episode 6 completed with reward -1194.79 in 200 steps
[2025-03-29 23:07:04,067][__main__][INFO] - Episode 7 completed with reward -967.94 in 200 steps
[2025-03-29 23:07:04,155][__main__][INFO] - Episode 8 completed with reward -1255.74 in 200 steps
[2025-03-29 23:07:04,243][__main__][INFO] - Episode 9 completed with reward -1277.21 in 200 steps
[2025-03-29 23:07:05,384][__main__][INFO] - EnvName: PV1, Steps: 2k, Episodes: 10, Episode Reward: -1427
[2025-03-29 23:07:05,385][__main__][INFO] - Episode 10 completed with reward -1701.81 in 200 steps
[2025-03-29 23:07:05,474][__main__][INFO] - Episode 11 completed with reward -967.23 in 200 steps
[2025-03-29 23:07:05,562][__main__][INFO] - Episode 12 completed with reward -1782.59 in 200 steps
[2025-03-29 23:07:05,656][__main__][INFO] - Episode 13 completed with reward -1240.50 in 200 steps
[2025-03-29 23:07:05,747][__main__][INFO] - Episode 14 completed with reward -1242.27 in 200 steps
[2025-03-29 23:07:06,928][__main__][INFO] - EnvName: PV1, Steps: 3k, Episodes: 15, Episode Reward: -1369
[2025-03-29 23:07:06,929][__main__][INFO] - Episode 15 completed with reward -1345.63 in 200 steps
[2025-03-29 23:07:07,024][__main__][INFO] - Episode 16 completed with reward -1040.21 in 200 steps
[2025-03-29 23:07:07,114][__main__][INFO] - Episode 17 completed with reward -874.04 in 200 steps
[2025-03-29 23:07:07,205][__main__][INFO] - Episode 18 completed with reward -964.57 in 200 steps
[2025-03-29 23:07:07,296][__main__][INFO] - Episode 19 completed with reward -896.02 in 200 steps
[2025-03-29 23:07:08,480][__main__][INFO] - EnvName: PV1, Steps: 4k, Episodes: 20, Episode Reward: -1462
[2025-03-29 23:07:08,481][__main__][INFO] - Episode 20 completed with reward -885.24 in 200 steps
[2025-03-29 23:07:08,580][__main__][INFO] - Episode 21 completed with reward -976.24 in 200 steps
[2025-03-29 23:07:08,680][__main__][INFO] - Episode 22 completed with reward -884.61 in 200 steps
[2025-03-29 23:07:08,789][__main__][INFO] - Episode 23 completed with reward -1683.23 in 200 steps
[2025-03-29 23:07:08,918][__main__][INFO] - Episode 24 completed with reward -1493.47 in 200 steps
[2025-03-29 23:07:10,110][__main__][INFO] - EnvName: PV1, Steps: 5k, Episodes: 25, Episode Reward: -1348
[2025-03-29 23:07:10,110][__main__][INFO] - Episode 25 completed with reward -1696.38 in 200 steps
[2025-03-29 23:07:10,204][__main__][INFO] - Episode 26 completed with reward -855.11 in 200 steps
[2025-03-29 23:07:10,300][__main__][INFO] - Episode 27 completed with reward -900.98 in 200 steps
[2025-03-29 23:07:10,395][__main__][INFO] - Episode 28 completed with reward -1065.54 in 200 steps
[2025-03-29 23:07:10,491][__main__][INFO] - Episode 29 completed with reward -977.40 in 200 steps
[2025-03-29 23:07:11,674][__main__][INFO] - EnvName: PV1, Steps: 6k, Episodes: 30, Episode Reward: -1450
[2025-03-29 23:07:11,674][__main__][INFO] - Episode 30 completed with reward -1268.36 in 200 steps
[2025-03-29 23:07:11,762][__main__][INFO] - Episode 31 completed with reward -1402.82 in 200 steps
[2025-03-29 23:07:11,854][__main__][INFO] - Episode 32 completed with reward -1010.36 in 200 steps
[2025-03-29 23:07:11,947][__main__][INFO] - Episode 33 completed with reward -1435.33 in 200 steps
[2025-03-29 23:07:12,045][__main__][INFO] - Episode 34 completed with reward -1201.93 in 200 steps
[2025-03-29 23:07:13,241][__main__][INFO] - EnvName: PV1, Steps: 7k, Episodes: 35, Episode Reward: -1261
[2025-03-29 23:07:13,241][__main__][INFO] - Episode 35 completed with reward -1243.81 in 200 steps
[2025-03-29 23:07:13,334][__main__][INFO] - Episode 36 completed with reward -1150.36 in 200 steps
[2025-03-29 23:07:13,430][__main__][INFO] - Episode 37 completed with reward -979.20 in 200 steps
[2025-03-29 23:07:13,523][__main__][INFO] - Episode 38 completed with reward -1544.84 in 200 steps
[2025-03-29 23:07:13,618][__main__][INFO] - Episode 39 completed with reward -1273.91 in 200 steps
[2025-03-29 23:07:14,783][__main__][INFO] - EnvName: PV1, Steps: 8k, Episodes: 40, Episode Reward: -1524
[2025-03-29 23:07:14,784][__main__][INFO] - Episode 40 completed with reward -916.80 in 200 steps
[2025-03-29 23:07:14,875][__main__][INFO] - Episode 41 completed with reward -1855.31 in 200 steps
[2025-03-29 23:07:14,965][__main__][INFO] - Episode 42 completed with reward -846.64 in 200 steps
[2025-03-29 23:07:15,055][__main__][INFO] - Episode 43 completed with reward -1094.75 in 200 steps
[2025-03-29 23:07:15,147][__main__][INFO] - Episode 44 completed with reward -1612.86 in 200 steps
[2025-03-29 23:07:16,341][__main__][INFO] - EnvName: PV1, Steps: 9k, Episodes: 45, Episode Reward: -1312
[2025-03-29 23:07:16,342][__main__][INFO] - Episode 45 completed with reward -890.00 in 200 steps
[2025-03-29 23:07:16,430][__main__][INFO] - Episode 46 completed with reward -1138.72 in 200 steps
[2025-03-29 23:07:16,518][__main__][INFO] - Episode 47 completed with reward -1082.24 in 200 steps
[2025-03-29 23:07:16,608][__main__][INFO] - Episode 48 completed with reward -891.88 in 200 steps
[2025-03-29 23:07:16,697][__main__][INFO] - Episode 49 completed with reward -1117.03 in 200 steps
[2025-03-29 23:07:20,130][__main__][INFO] - EnvName: PV1, Steps: 10k, Episodes: 50, Episode Reward: -1378
[2025-03-29 23:07:20,135][__main__][INFO] - Episode 50 completed with reward -866.81 in 200 steps
[2025-03-29 23:07:28,339][__main__][INFO] - Episode 51 completed with reward -1162.93 in 200 steps
[2025-03-29 23:07:36,377][__main__][INFO] - Episode 52 completed with reward -1769.04 in 200 steps
[2025-03-29 23:07:44,340][__main__][INFO] - Episode 53 completed with reward -1482.16 in 200 steps
[2025-03-29 23:07:52,218][__main__][INFO] - Episode 54 completed with reward -1365.50 in 200 steps
[2025-03-29 23:08:01,591][__main__][INFO] - EnvName: PV1, Steps: 11k, Episodes: 55, Episode Reward: -1593
[2025-03-29 23:08:01,592][__main__][INFO] - Episode 55 completed with reward -1602.34 in 200 steps
[2025-03-29 23:08:09,793][__main__][INFO] - Episode 56 completed with reward -1388.15 in 200 steps
[2025-03-29 23:08:17,896][__main__][INFO] - Episode 57 completed with reward -1701.31 in 200 steps
[2025-03-29 23:08:26,670][__main__][INFO] - Episode 58 completed with reward -1020.62 in 200 steps
[2025-03-29 23:08:36,751][__main__][INFO] - Episode 59 completed with reward -1292.57 in 200 steps
[2025-03-29 23:08:48,853][__main__][INFO] - EnvName: PV1, Steps: 12k, Episodes: 60, Episode Reward: -1096
[2025-03-29 23:08:48,854][__main__][INFO] - Episode 60 completed with reward -1374.40 in 200 steps
[2025-03-29 23:08:59,171][__main__][INFO] - Episode 61 completed with reward -1283.89 in 200 steps
[2025-03-29 23:09:09,291][__main__][INFO] - Episode 62 completed with reward -866.68 in 200 steps
[2025-03-29 23:09:19,052][__main__][INFO] - Episode 63 completed with reward -1029.41 in 200 steps
[2025-03-29 23:09:29,196][__main__][INFO] - Episode 64 completed with reward -750.93 in 200 steps
[2025-03-29 23:09:41,242][__main__][INFO] - EnvName: PV1, Steps: 13k, Episodes: 65, Episode Reward: -810
[2025-03-29 23:09:41,243][__main__][INFO] - Episode 65 completed with reward -731.24 in 200 steps
[2025-03-29 23:09:51,398][__main__][INFO] - Episode 66 completed with reward -384.33 in 200 steps
[2025-03-29 23:10:01,331][__main__][INFO] - Episode 67 completed with reward -620.05 in 200 steps
[2025-03-29 23:10:10,995][__main__][INFO] - Episode 68 completed with reward -263.19 in 200 steps
[2025-03-29 23:10:21,193][__main__][INFO] - Episode 69 completed with reward -629.39 in 200 steps
[2025-03-29 23:10:33,433][__main__][INFO] - EnvName: PV1, Steps: 14k, Episodes: 70, Episode Reward: -279
[2025-03-29 23:10:33,433][__main__][INFO] - Episode 70 completed with reward -899.16 in 200 steps
[2025-03-29 23:10:43,680][__main__][INFO] - Episode 71 completed with reward -918.80 in 200 steps
[2025-03-29 23:10:53,836][__main__][INFO] - Episode 72 completed with reward -359.50 in 200 steps
[2025-03-29 23:11:03,783][__main__][INFO] - Episode 73 completed with reward -124.58 in 200 steps
[2025-03-29 23:11:13,800][__main__][INFO] - Episode 74 completed with reward -124.46 in 200 steps
[2025-03-29 23:11:26,175][__main__][INFO] - EnvName: PV1, Steps: 15k, Episodes: 75, Episode Reward: -621
[2025-03-29 23:11:26,175][__main__][INFO] - Episode 75 completed with reward -252.47 in 200 steps
[2025-03-29 23:11:36,334][__main__][INFO] - Episode 76 completed with reward -248.84 in 200 steps
[2025-03-29 23:11:46,626][__main__][INFO] - Episode 77 completed with reward -352.99 in 200 steps
[2025-03-29 23:11:56,745][__main__][INFO] - Episode 78 completed with reward -355.60 in 200 steps
[2025-03-29 23:12:06,812][__main__][INFO] - Episode 79 completed with reward -247.74 in 200 steps
[2025-03-29 23:12:19,227][__main__][INFO] - EnvName: PV1, Steps: 16k, Episodes: 80, Episode Reward: -490
[2025-03-29 23:12:19,228][__main__][INFO] - Episode 80 completed with reward -127.73 in 200 steps
[2025-03-29 23:12:29,301][__main__][INFO] - Episode 81 completed with reward -248.55 in 200 steps
[2025-03-29 23:12:39,480][__main__][INFO] - Episode 82 completed with reward -126.03 in 200 steps
[2025-03-29 23:12:49,136][__main__][INFO] - Episode 83 completed with reward -119.31 in 200 steps
[2025-03-29 23:12:58,663][__main__][INFO] - Episode 84 completed with reward -240.53 in 200 steps
[2025-03-29 23:13:11,085][__main__][INFO] - EnvName: PV1, Steps: 17k, Episodes: 85, Episode Reward: -686
[2025-03-29 23:13:11,086][__main__][INFO] - Episode 85 completed with reward -1109.19 in 200 steps
[2025-03-29 23:13:21,254][__main__][INFO] - Episode 86 completed with reward -351.63 in 200 steps
[2025-03-29 23:13:31,607][__main__][INFO] - Episode 87 completed with reward -1385.35 in 200 steps
[2025-03-29 23:13:41,027][__main__][INFO] - Episode 88 completed with reward -399.29 in 200 steps
[2025-03-29 23:13:50,749][__main__][INFO] - Episode 89 completed with reward -1208.14 in 200 steps
[2025-03-29 23:14:02,851][__main__][INFO] - EnvName: PV1, Steps: 18k, Episodes: 90, Episode Reward: -829
[2025-03-29 23:14:02,852][__main__][INFO] - Episode 90 completed with reward -954.13 in 200 steps
[2025-03-29 23:14:13,157][__main__][INFO] - Episode 91 completed with reward -911.55 in 200 steps
[2025-03-29 23:14:23,094][__main__][INFO] - Episode 92 completed with reward -357.41 in 200 steps
[2025-03-29 23:14:33,096][__main__][INFO] - Episode 93 completed with reward -365.85 in 200 steps
[2025-03-29 23:14:43,045][__main__][INFO] - Episode 94 completed with reward -1.01 in 200 steps
[2025-03-29 23:14:55,596][__main__][INFO] - EnvName: PV1, Steps: 19k, Episodes: 95, Episode Reward: -599
[2025-03-29 23:14:55,596][__main__][INFO] - Episode 95 completed with reward -233.70 in 200 steps
[2025-03-29 23:15:05,746][__main__][INFO] - Episode 96 completed with reward -244.49 in 200 steps
[2025-03-29 23:15:15,620][__main__][INFO] - Episode 97 completed with reward -126.00 in 200 steps
[2025-03-29 23:15:25,635][__main__][INFO] - Episode 98 completed with reward -128.24 in 200 steps
[2025-03-29 23:15:35,013][__main__][INFO] - Episode 99 completed with reward -123.66 in 200 steps
[2025-03-29 23:15:47,300][__main__][INFO] - EnvName: PV1, Steps: 20k, Episodes: 100, Episode Reward: -133
[2025-03-29 23:15:47,306][__main__][INFO] - Episode 100 completed with reward -116.95 in 200 steps
[2025-03-29 23:15:57,748][__main__][INFO] - Episode 101 completed with reward -343.72 in 200 steps
[2025-03-29 23:16:07,830][__main__][INFO] - Episode 102 completed with reward -2.65 in 200 steps
[2025-03-29 23:16:17,606][__main__][INFO] - Episode 103 completed with reward -124.62 in 200 steps
[2025-03-29 23:16:27,096][__main__][INFO] - Episode 104 completed with reward -127.94 in 200 steps
[2025-03-29 23:16:38,927][__main__][INFO] - EnvName: PV1, Steps: 21k, Episodes: 105, Episode Reward: -121
[2025-03-29 23:16:38,928][__main__][INFO] - Episode 105 completed with reward -120.27 in 200 steps
[2025-03-29 23:16:49,150][__main__][INFO] - Episode 106 completed with reward -344.99 in 200 steps
[2025-03-29 23:16:59,566][__main__][INFO] - Episode 107 completed with reward -125.94 in 200 steps
[2025-03-29 23:17:09,685][__main__][INFO] - Episode 108 completed with reward -233.14 in 200 steps
[2025-03-29 23:17:19,499][__main__][INFO] - Episode 109 completed with reward -333.16 in 200 steps
[2025-03-29 23:17:31,851][__main__][INFO] - EnvName: PV1, Steps: 22k, Episodes: 110, Episode Reward: -157
[2025-03-29 23:17:31,852][__main__][INFO] - Episode 110 completed with reward -0.26 in 200 steps
[2025-03-29 23:17:42,027][__main__][INFO] - Episode 111 completed with reward -117.08 in 200 steps
[2025-03-29 23:17:52,015][__main__][INFO] - Episode 112 completed with reward -235.31 in 200 steps
[2025-03-29 23:18:02,050][__main__][INFO] - Episode 113 completed with reward -125.29 in 200 steps
[2025-03-29 23:18:11,455][__main__][INFO] - Episode 114 completed with reward -122.36 in 200 steps
[2025-03-29 23:18:23,892][__main__][INFO] - EnvName: PV1, Steps: 23k, Episodes: 115, Episode Reward: -133
[2025-03-29 23:18:23,893][__main__][INFO] - Episode 115 completed with reward -235.28 in 200 steps
[2025-03-29 23:18:33,965][__main__][INFO] - Episode 116 completed with reward -123.32 in 200 steps
[2025-03-29 23:18:44,043][__main__][INFO] - Episode 117 completed with reward -354.22 in 200 steps
[2025-03-29 23:18:54,324][__main__][INFO] - Episode 118 completed with reward -117.00 in 200 steps
[2025-03-29 23:19:04,152][__main__][INFO] - Episode 119 completed with reward -3.00 in 200 steps
[2025-03-29 23:19:16,668][__main__][INFO] - EnvName: PV1, Steps: 24k, Episodes: 120, Episode Reward: -108
[2025-03-29 23:19:16,668][__main__][INFO] - Episode 120 completed with reward -0.61 in 200 steps
[2025-03-29 23:19:26,821][__main__][INFO] - Episode 121 completed with reward -229.04 in 200 steps
[2025-03-29 23:19:36,857][__main__][INFO] - Episode 122 completed with reward -122.50 in 200 steps
[2025-03-29 23:19:47,029][__main__][INFO] - Episode 123 completed with reward -233.74 in 200 steps
[2025-03-29 23:19:56,564][__main__][INFO] - Episode 124 completed with reward -0.69 in 200 steps
[2025-03-29 23:20:09,028][__main__][INFO] - EnvName: PV1, Steps: 25k, Episodes: 125, Episode Reward: -107
[2025-03-29 23:20:09,028][__main__][INFO] - Episode 125 completed with reward -120.71 in 200 steps
[2025-03-29 23:20:18,981][__main__][INFO] - Episode 126 completed with reward -237.98 in 200 steps
[2025-03-29 23:20:29,394][__main__][INFO] - Episode 127 completed with reward -116.77 in 200 steps
[2025-03-29 23:20:39,759][__main__][INFO] - Episode 128 completed with reward -0.49 in 200 steps
[2025-03-29 23:20:49,430][__main__][INFO] - Episode 129 completed with reward -114.66 in 200 steps
[2025-03-29 23:21:01,719][__main__][INFO] - EnvName: PV1, Steps: 26k, Episodes: 130, Episode Reward: -200
[2025-03-29 23:21:01,720][__main__][INFO] - Episode 130 completed with reward -240.27 in 200 steps
[2025-03-29 23:21:11,820][__main__][INFO] - Episode 131 completed with reward -123.36 in 200 steps
[2025-03-29 23:21:22,110][__main__][INFO] - Episode 132 completed with reward -235.72 in 200 steps
[2025-03-29 23:21:32,347][__main__][INFO] - Episode 133 completed with reward -227.48 in 200 steps
[2025-03-29 23:21:42,101][__main__][INFO] - Episode 134 completed with reward -128.25 in 200 steps
[2025-03-29 23:21:54,203][__main__][INFO] - EnvName: PV1, Steps: 27k, Episodes: 135, Episode Reward: -155
[2025-03-29 23:21:54,204][__main__][INFO] - Episode 135 completed with reward -243.00 in 200 steps
[2025-03-29 23:22:04,309][__main__][INFO] - Episode 136 completed with reward -0.47 in 200 steps
[2025-03-29 23:22:14,684][__main__][INFO] - Episode 137 completed with reward -119.84 in 200 steps
[2025-03-29 23:22:25,027][__main__][INFO] - Episode 138 completed with reward -227.88 in 200 steps
[2025-03-29 23:22:34,681][__main__][INFO] - Episode 139 completed with reward -124.57 in 200 steps
[2025-03-29 23:22:47,281][__main__][INFO] - EnvName: PV1, Steps: 28k, Episodes: 140, Episode Reward: -152
[2025-03-29 23:22:47,281][__main__][INFO] - Episode 140 completed with reward -117.41 in 200 steps
[2025-03-29 23:22:57,486][__main__][INFO] - Episode 141 completed with reward -118.48 in 200 steps
[2025-03-29 23:23:07,594][__main__][INFO] - Episode 142 completed with reward -222.92 in 200 steps
[2025-03-29 23:23:17,839][__main__][INFO] - Episode 143 completed with reward -358.21 in 200 steps
[2025-03-29 23:23:27,611][__main__][INFO] - Episode 144 completed with reward -118.23 in 200 steps
[2025-03-29 23:23:39,990][__main__][INFO] - EnvName: PV1, Steps: 29k, Episodes: 145, Episode Reward: -141
[2025-03-29 23:23:39,991][__main__][INFO] - Episode 145 completed with reward -1.86 in 200 steps
[2025-03-29 23:23:50,414][__main__][INFO] - Episode 146 completed with reward -116.76 in 200 steps
[2025-03-29 23:24:00,732][__main__][INFO] - Episode 147 completed with reward -235.76 in 200 steps
[2025-03-29 23:24:10,990][__main__][INFO] - Episode 148 completed with reward -0.64 in 200 steps
[2025-03-29 23:24:21,030][__main__][INFO] - Episode 149 completed with reward -0.80 in 200 steps
[2025-03-29 23:24:33,672][__main__][INFO] - EnvName: PV1, Steps: 30k, Episodes: 150, Episode Reward: -159
[2025-03-29 23:24:33,677][__main__][INFO] - Episode 150 completed with reward -230.14 in 200 steps
[2025-03-29 23:24:43,872][__main__][INFO] - Episode 151 completed with reward -121.19 in 200 steps
[2025-03-29 23:24:54,073][__main__][INFO] - Episode 152 completed with reward -0.42 in 200 steps
[2025-03-29 23:25:04,446][__main__][INFO] - Episode 153 completed with reward -232.79 in 200 steps
[2025-03-29 23:25:14,064][__main__][INFO] - Episode 154 completed with reward -224.98 in 200 steps
[2025-03-29 23:25:26,552][__main__][INFO] - EnvName: PV1, Steps: 31k, Episodes: 155, Episode Reward: -117
[2025-03-29 23:25:26,553][__main__][INFO] - Episode 155 completed with reward -236.72 in 200 steps
[2025-03-29 23:25:36,745][__main__][INFO] - Episode 156 completed with reward -227.46 in 200 steps
[2025-03-29 23:25:47,046][__main__][INFO] - Episode 157 completed with reward -115.05 in 200 steps
[2025-03-29 23:25:57,097][__main__][INFO] - Episode 158 completed with reward -119.76 in 200 steps
[2025-03-29 23:26:06,861][__main__][INFO] - Episode 159 completed with reward -121.55 in 200 steps
[2025-03-29 23:26:19,024][__main__][INFO] - EnvName: PV1, Steps: 32k, Episodes: 160, Episode Reward: -118
[2025-03-29 23:26:19,024][__main__][INFO] - Episode 160 completed with reward -353.33 in 200 steps
[2025-03-29 23:26:29,217][__main__][INFO] - Episode 161 completed with reward -121.43 in 200 steps
[2025-03-29 23:26:39,379][__main__][INFO] - Episode 162 completed with reward -117.96 in 200 steps
[2025-03-29 23:26:49,807][__main__][INFO] - Episode 163 completed with reward -2.06 in 200 steps
[2025-03-29 23:26:59,446][__main__][INFO] - Episode 164 completed with reward -237.68 in 200 steps
[2025-03-29 23:27:11,921][__main__][INFO] - EnvName: PV1, Steps: 33k, Episodes: 165, Episode Reward: -152
[2025-03-29 23:27:11,922][__main__][INFO] - Episode 165 completed with reward -238.30 in 200 steps
[2025-03-29 23:27:22,110][__main__][INFO] - Episode 166 completed with reward -118.75 in 200 steps
[2025-03-29 23:27:32,237][__main__][INFO] - Episode 167 completed with reward -230.65 in 200 steps
[2025-03-29 23:27:42,486][__main__][INFO] - Episode 168 completed with reward -118.76 in 200 steps
[2025-03-29 23:27:52,036][__main__][INFO] - Episode 169 completed with reward -118.14 in 200 steps
[2025-03-29 23:28:04,520][__main__][INFO] - EnvName: PV1, Steps: 34k, Episodes: 170, Episode Reward: -130
[2025-03-29 23:28:04,521][__main__][INFO] - Episode 170 completed with reward -3.20 in 200 steps
[2025-03-29 23:28:14,683][__main__][INFO] - Episode 171 completed with reward -2.71 in 200 steps
[2025-03-29 23:28:25,000][__main__][INFO] - Episode 172 completed with reward -121.41 in 200 steps
[2025-03-29 23:28:35,354][__main__][INFO] - Episode 173 completed with reward -232.96 in 200 steps
[2025-03-29 23:28:45,051][__main__][INFO] - Episode 174 completed with reward -254.06 in 200 steps
[2025-03-29 23:28:57,534][__main__][INFO] - EnvName: PV1, Steps: 35k, Episodes: 175, Episode Reward: -178
[2025-03-29 23:28:57,535][__main__][INFO] - Episode 175 completed with reward -229.10 in 200 steps
[2025-03-29 23:29:07,566][__main__][INFO] - Episode 176 completed with reward -234.51 in 200 steps
[2025-03-29 23:29:17,860][__main__][INFO] - Episode 177 completed with reward -358.45 in 200 steps
[2025-03-29 23:29:28,190][__main__][INFO] - Episode 178 completed with reward -120.44 in 200 steps
[2025-03-29 23:29:37,794][__main__][INFO] - Episode 179 completed with reward -238.37 in 200 steps
[2025-03-29 23:29:50,232][__main__][INFO] - EnvName: PV1, Steps: 36k, Episodes: 180, Episode Reward: -183
[2025-03-29 23:29:50,232][__main__][INFO] - Episode 180 completed with reward -4.80 in 200 steps
[2025-03-29 23:30:00,322][__main__][INFO] - Episode 181 completed with reward -123.93 in 200 steps
[2025-03-29 23:30:10,389][__main__][INFO] - Episode 182 completed with reward -234.31 in 200 steps
[2025-03-29 23:30:20,782][__main__][INFO] - Episode 183 completed with reward -1.00 in 200 steps
[2025-03-29 23:30:30,382][__main__][INFO] - Episode 184 completed with reward -123.85 in 200 steps
[2025-03-29 23:30:42,832][__main__][INFO] - EnvName: PV1, Steps: 37k, Episodes: 185, Episode Reward: -200
[2025-03-29 23:30:42,833][__main__][INFO] - Episode 185 completed with reward -119.69 in 200 steps
[2025-03-29 23:30:52,958][__main__][INFO] - Episode 186 completed with reward -0.56 in 200 steps
[2025-03-29 23:31:03,305][__main__][INFO] - Episode 187 completed with reward -120.88 in 200 steps
[2025-03-29 23:31:13,742][__main__][INFO] - Episode 188 completed with reward -228.08 in 200 steps
[2025-03-29 23:31:23,321][__main__][INFO] - Episode 189 completed with reward -359.45 in 200 steps
[2025-03-29 23:31:35,706][__main__][INFO] - EnvName: PV1, Steps: 38k, Episodes: 190, Episode Reward: -129
[2025-03-29 23:31:35,706][__main__][INFO] - Episode 190 completed with reward -125.70 in 200 steps
[2025-03-29 23:31:45,961][__main__][INFO] - Episode 191 completed with reward -125.01 in 200 steps
[2025-03-29 23:31:56,479][__main__][INFO] - Episode 192 completed with reward -236.66 in 200 steps
[2025-03-29 23:32:06,766][__main__][INFO] - Episode 193 completed with reward -118.04 in 200 steps
[2025-03-29 23:32:16,509][__main__][INFO] - Episode 194 completed with reward -0.66 in 200 steps
[2025-03-29 23:32:29,042][__main__][INFO] - EnvName: PV1, Steps: 39k, Episodes: 195, Episode Reward: -176
[2025-03-29 23:32:29,042][__main__][INFO] - Episode 195 completed with reward -120.23 in 200 steps
[2025-03-29 23:32:39,389][__main__][INFO] - Episode 196 completed with reward -1.31 in 200 steps
[2025-03-29 23:32:49,701][__main__][INFO] - Episode 197 completed with reward -3.61 in 200 steps
[2025-03-29 23:33:00,265][__main__][INFO] - Episode 198 completed with reward -348.75 in 200 steps
[2025-03-29 23:33:10,192][__main__][INFO] - Episode 199 completed with reward -122.30 in 200 steps
[2025-03-29 23:33:22,700][__main__][INFO] - EnvName: PV1, Steps: 40k, Episodes: 200, Episode Reward: -82
[2025-03-29 23:33:22,707][__main__][INFO] - Episode 200 completed with reward -116.34 in 200 steps
[2025-03-29 23:33:33,053][__main__][INFO] - Episode 201 completed with reward -253.18 in 200 steps
[2025-03-29 23:33:43,084][__main__][INFO] - Episode 202 completed with reward -0.81 in 200 steps
[2025-03-29 23:33:53,433][__main__][INFO] - Episode 203 completed with reward -232.03 in 200 steps
[2025-03-29 23:34:03,170][__main__][INFO] - Episode 204 completed with reward -124.46 in 200 steps
[2025-03-29 23:34:15,860][__main__][INFO] - EnvName: PV1, Steps: 41k, Episodes: 205, Episode Reward: -119
[2025-03-29 23:34:15,860][__main__][INFO] - Episode 205 completed with reward -116.47 in 200 steps
[2025-03-29 23:34:26,134][__main__][INFO] - Episode 206 completed with reward -116.37 in 200 steps
[2025-03-29 23:34:36,571][__main__][INFO] - Episode 207 completed with reward -121.31 in 200 steps
[2025-03-29 23:34:46,984][__main__][INFO] - Episode 208 completed with reward -224.48 in 200 steps
[2025-03-29 23:34:56,784][__main__][INFO] - Episode 209 completed with reward -118.21 in 200 steps
[2025-03-29 23:35:08,973][__main__][INFO] - EnvName: PV1, Steps: 42k, Episodes: 210, Episode Reward: -143
[2025-03-29 23:35:08,973][__main__][INFO] - Episode 210 completed with reward -126.33 in 200 steps
[2025-03-29 23:35:19,133][__main__][INFO] - Episode 211 completed with reward -4.32 in 200 steps
[2025-03-29 23:35:29,715][__main__][INFO] - Episode 212 completed with reward -118.28 in 200 steps
[2025-03-29 23:35:40,144][__main__][INFO] - Episode 213 completed with reward -1.86 in 200 steps
[2025-03-29 23:35:49,843][__main__][INFO] - Episode 214 completed with reward -117.47 in 200 steps
[2025-03-29 23:36:02,420][__main__][INFO] - EnvName: PV1, Steps: 43k, Episodes: 215, Episode Reward: -200
[2025-03-29 23:36:02,421][__main__][INFO] - Episode 215 completed with reward -117.14 in 200 steps
[2025-03-29 23:36:12,664][__main__][INFO] - Episode 216 completed with reward -116.25 in 200 steps
[2025-03-29 23:36:22,985][__main__][INFO] - Episode 217 completed with reward -122.85 in 200 steps
[2025-03-29 23:36:33,269][__main__][INFO] - Episode 218 completed with reward -124.07 in 200 steps
[2025-03-29 23:36:42,777][__main__][INFO] - Episode 219 completed with reward -230.37 in 200 steps
[2025-03-29 23:36:55,147][__main__][INFO] - EnvName: PV1, Steps: 44k, Episodes: 220, Episode Reward: -122
[2025-03-29 23:36:55,148][__main__][INFO] - Episode 220 completed with reward -121.83 in 200 steps
[2025-03-29 23:37:05,412][__main__][INFO] - Episode 221 completed with reward -118.55 in 200 steps
[2025-03-29 23:37:15,536][__main__][INFO] - Episode 222 completed with reward -120.77 in 200 steps
[2025-03-29 23:37:25,737][__main__][INFO] - Episode 223 completed with reward -123.28 in 200 steps
[2025-03-29 23:37:35,417][__main__][INFO] - Episode 224 completed with reward -119.96 in 200 steps
[2025-03-29 23:37:47,715][__main__][INFO] - EnvName: PV1, Steps: 45k, Episodes: 225, Episode Reward: -177
[2025-03-29 23:37:47,716][__main__][INFO] - Episode 225 completed with reward -116.75 in 200 steps
[2025-03-29 23:37:57,893][__main__][INFO] - Episode 226 completed with reward -127.35 in 200 steps
[2025-03-29 23:38:08,049][__main__][INFO] - Episode 227 completed with reward -239.93 in 200 steps
[2025-03-29 23:38:18,309][__main__][INFO] - Episode 228 completed with reward -119.92 in 200 steps
[2025-03-29 23:38:28,134][__main__][INFO] - Episode 229 completed with reward -125.68 in 200 steps
[2025-03-29 23:38:40,768][__main__][INFO] - EnvName: PV1, Steps: 46k, Episodes: 230, Episode Reward: -174
[2025-03-29 23:38:40,769][__main__][INFO] - Episode 230 completed with reward -114.73 in 200 steps
[2025-03-29 23:38:51,151][__main__][INFO] - Episode 231 completed with reward -125.42 in 200 steps
[2025-03-29 23:39:01,216][__main__][INFO] - Episode 232 completed with reward -119.30 in 200 steps
[2025-03-29 23:39:11,575][__main__][INFO] - Episode 233 completed with reward -325.18 in 200 steps
[2025-03-29 23:39:21,109][__main__][INFO] - Episode 234 completed with reward -229.49 in 200 steps
[2025-03-29 23:39:33,350][__main__][INFO] - EnvName: PV1, Steps: 47k, Episodes: 235, Episode Reward: -166
[2025-03-29 23:39:33,351][__main__][INFO] - Episode 235 completed with reward -123.00 in 200 steps
[2025-03-29 23:39:43,445][__main__][INFO] - Episode 236 completed with reward -0.59 in 200 steps
[2025-03-29 23:39:53,511][__main__][INFO] - Episode 237 completed with reward -120.50 in 200 steps
[2025-03-29 23:40:03,525][__main__][INFO] - Episode 238 completed with reward -296.28 in 200 steps
[2025-03-29 23:40:13,126][__main__][INFO] - Episode 239 completed with reward -341.75 in 200 steps
[2025-03-29 23:40:25,055][__main__][INFO] - EnvName: PV1, Steps: 48k, Episodes: 240, Episode Reward: -164
[2025-03-29 23:40:25,055][__main__][INFO] - Episode 240 completed with reward -1.38 in 200 steps
[2025-03-29 23:40:34,881][__main__][INFO] - Episode 241 completed with reward -124.13 in 200 steps
[2025-03-29 23:40:45,005][__main__][INFO] - Episode 242 completed with reward -118.68 in 200 steps
[2025-03-29 23:40:55,188][__main__][INFO] - Episode 243 completed with reward -125.34 in 200 steps
[2025-03-29 23:41:04,686][__main__][INFO] - Episode 244 completed with reward -229.77 in 200 steps
[2025-03-29 23:41:17,294][__main__][INFO] - EnvName: PV1, Steps: 49k, Episodes: 245, Episode Reward: -152
[2025-03-29 23:41:17,295][__main__][INFO] - Episode 245 completed with reward -2.23 in 200 steps
[2025-03-29 23:41:27,439][__main__][INFO] - Episode 246 completed with reward -240.00 in 200 steps
[2025-03-29 23:41:37,693][__main__][INFO] - Episode 247 completed with reward -118.54 in 200 steps
[2025-03-29 23:41:47,993][__main__][INFO] - Episode 248 completed with reward -124.67 in 200 steps
[2025-03-29 23:41:57,570][__main__][INFO] - Episode 249 completed with reward -123.73 in 200 steps
[2025-03-29 23:42:10,028][__main__][INFO] - EnvName: PV1, Steps: 50k, Episodes: 250, Episode Reward: -216
[2025-03-29 23:42:10,033][__main__][INFO] - Episode 250 completed with reward -117.03 in 200 steps
[2025-03-29 23:42:10,033][__main__][INFO] - Training completed. Evaluating across 20 episodes
[2025-03-29 23:42:14,479][__main__][INFO] - Final evaluation - Mean: -118.80, Std: 63.06
[2025-03-29 23:42:14,479][__main__][INFO] - 90th percentile: -2.80, 10th percentile: -229.00
[2025-03-29 23:42:14,484][__main__][INFO] - Final model saved to models/SAC_model/PV1
