[2025-03-29 23:54:34,104][__main__][INFO] - System information:
[2025-03-29 23:54:34,104][__main__][INFO] -   Platform: Linux-6.11.0-19-generic-x86_64-with-glibc2.39
[2025-03-29 23:54:34,104][__main__][INFO] -   Python: 3.12.2
[2025-03-29 23:54:34,104][__main__][INFO] -   PyTorch: 2.5.1
[2025-03-29 23:54:34,105][__main__][INFO] -   CUDA Available: True
[2025-03-29 23:54:34,105][__main__][INFO] -   CUDA Version: 12.4
[2025-03-29 23:54:34,105][__main__][INFO] -   GPU: NVIDIA GeForce GTX 1080 Ti
[2025-03-29 23:54:34,110][__main__][INFO] - Env: Pendulum-v1  state_dim: 3  action_dim: 1  max_a: 2.0  min_a: -2.0  max_e_steps: 200
[2025-03-29 23:54:34,111][__main__][INFO] - Random Seed: 42
[2025-03-29 23:54:34,112][__main__][INFO] - Models will be saved to models/SAC_model/PV1
[2025-03-29 23:54:35,290][__main__][INFO] - Episode 1 completed with reward -1278.78 in 200 steps
[2025-03-29 23:54:35,384][__main__][INFO] - Episode 2 completed with reward -970.40 in 200 steps
[2025-03-29 23:54:35,476][__main__][INFO] - Episode 3 completed with reward -1375.05 in 200 steps
[2025-03-29 23:54:35,572][__main__][INFO] - Episode 4 completed with reward -911.18 in 200 steps
[2025-03-29 23:54:36,975][__main__][INFO] - EnvName: PV1, Steps: 1k, Episodes: 5, Episode Reward: -1422
[2025-03-29 23:54:36,976][__main__][INFO] - Episode 5 completed with reward -1571.30 in 200 steps
[2025-03-29 23:54:37,081][__main__][INFO] - Episode 6 completed with reward -1194.79 in 200 steps
[2025-03-29 23:54:37,176][__main__][INFO] - Episode 7 completed with reward -967.94 in 200 steps
[2025-03-29 23:54:37,270][__main__][INFO] - Episode 8 completed with reward -1255.74 in 200 steps
[2025-03-29 23:54:37,368][__main__][INFO] - Episode 9 completed with reward -1277.21 in 200 steps
[2025-03-29 23:54:38,612][__main__][INFO] - EnvName: PV1, Steps: 2k, Episodes: 10, Episode Reward: -1491
[2025-03-29 23:54:38,612][__main__][INFO] - Episode 10 completed with reward -1701.81 in 200 steps
[2025-03-29 23:54:38,703][__main__][INFO] - Episode 11 completed with reward -967.23 in 200 steps
[2025-03-29 23:54:38,792][__main__][INFO] - Episode 12 completed with reward -1782.59 in 200 steps
[2025-03-29 23:54:38,883][__main__][INFO] - Episode 13 completed with reward -1240.50 in 200 steps
[2025-03-29 23:54:38,982][__main__][INFO] - Episode 14 completed with reward -1242.27 in 200 steps
[2025-03-29 23:54:40,233][__main__][INFO] - EnvName: PV1, Steps: 3k, Episodes: 15, Episode Reward: -1340
[2025-03-29 23:54:40,234][__main__][INFO] - Episode 15 completed with reward -1345.63 in 200 steps
[2025-03-29 23:54:40,348][__main__][INFO] - Episode 16 completed with reward -1040.21 in 200 steps
[2025-03-29 23:54:40,446][__main__][INFO] - Episode 17 completed with reward -874.04 in 200 steps
[2025-03-29 23:54:40,542][__main__][INFO] - Episode 18 completed with reward -964.57 in 200 steps
[2025-03-29 23:54:40,638][__main__][INFO] - Episode 19 completed with reward -896.02 in 200 steps
[2025-03-29 23:54:41,848][__main__][INFO] - EnvName: PV1, Steps: 4k, Episodes: 20, Episode Reward: -1396
[2025-03-29 23:54:41,849][__main__][INFO] - Episode 20 completed with reward -885.24 in 200 steps
[2025-03-29 23:54:41,938][__main__][INFO] - Episode 21 completed with reward -976.24 in 200 steps
[2025-03-29 23:54:42,028][__main__][INFO] - Episode 22 completed with reward -884.61 in 200 steps
[2025-03-29 23:54:42,116][__main__][INFO] - Episode 23 completed with reward -1683.23 in 200 steps
[2025-03-29 23:54:42,203][__main__][INFO] - Episode 24 completed with reward -1493.47 in 200 steps
[2025-03-29 23:54:43,416][__main__][INFO] - EnvName: PV1, Steps: 5k, Episodes: 25, Episode Reward: -1410
[2025-03-29 23:54:43,417][__main__][INFO] - Episode 25 completed with reward -1696.38 in 200 steps
[2025-03-29 23:54:43,512][__main__][INFO] - Episode 26 completed with reward -855.11 in 200 steps
[2025-03-29 23:54:43,603][__main__][INFO] - Episode 27 completed with reward -900.98 in 200 steps
[2025-03-29 23:54:43,693][__main__][INFO] - Episode 28 completed with reward -1065.54 in 200 steps
[2025-03-29 23:54:43,782][__main__][INFO] - Episode 29 completed with reward -977.40 in 200 steps
[2025-03-29 23:54:45,023][__main__][INFO] - EnvName: PV1, Steps: 6k, Episodes: 30, Episode Reward: -1369
[2025-03-29 23:54:45,024][__main__][INFO] - Episode 30 completed with reward -1268.36 in 200 steps
[2025-03-29 23:54:45,118][__main__][INFO] - Episode 31 completed with reward -1402.82 in 200 steps
[2025-03-29 23:54:45,217][__main__][INFO] - Episode 32 completed with reward -1010.36 in 200 steps
[2025-03-29 23:54:45,314][__main__][INFO] - Episode 33 completed with reward -1435.33 in 200 steps
[2025-03-29 23:54:45,411][__main__][INFO] - Episode 34 completed with reward -1201.93 in 200 steps
[2025-03-29 23:54:46,624][__main__][INFO] - EnvName: PV1, Steps: 7k, Episodes: 35, Episode Reward: -1302
[2025-03-29 23:54:46,624][__main__][INFO] - Episode 35 completed with reward -1243.81 in 200 steps
[2025-03-29 23:54:46,713][__main__][INFO] - Episode 36 completed with reward -1150.36 in 200 steps
[2025-03-29 23:54:46,801][__main__][INFO] - Episode 37 completed with reward -979.20 in 200 steps
[2025-03-29 23:54:46,888][__main__][INFO] - Episode 38 completed with reward -1544.84 in 200 steps
[2025-03-29 23:54:46,976][__main__][INFO] - Episode 39 completed with reward -1273.91 in 200 steps
[2025-03-29 23:54:48,112][__main__][INFO] - EnvName: PV1, Steps: 8k, Episodes: 40, Episode Reward: -1294
[2025-03-29 23:54:48,113][__main__][INFO] - Episode 40 completed with reward -916.80 in 200 steps
[2025-03-29 23:54:48,200][__main__][INFO] - Episode 41 completed with reward -1855.31 in 200 steps
[2025-03-29 23:54:48,288][__main__][INFO] - Episode 42 completed with reward -846.64 in 200 steps
[2025-03-29 23:54:48,379][__main__][INFO] - Episode 43 completed with reward -1094.75 in 200 steps
[2025-03-29 23:54:48,467][__main__][INFO] - Episode 44 completed with reward -1612.86 in 200 steps
[2025-03-29 23:54:49,662][__main__][INFO] - EnvName: PV1, Steps: 9k, Episodes: 45, Episode Reward: -1257
[2025-03-29 23:54:49,663][__main__][INFO] - Episode 45 completed with reward -890.00 in 200 steps
[2025-03-29 23:54:49,762][__main__][INFO] - Episode 46 completed with reward -1138.72 in 200 steps
[2025-03-29 23:54:49,849][__main__][INFO] - Episode 47 completed with reward -1082.24 in 200 steps
[2025-03-29 23:54:49,943][__main__][INFO] - Episode 48 completed with reward -891.88 in 200 steps
[2025-03-29 23:54:50,032][__main__][INFO] - Episode 49 completed with reward -1117.03 in 200 steps
[2025-03-29 23:54:53,592][__main__][INFO] - EnvName: PV1, Steps: 10k, Episodes: 50, Episode Reward: -1328
[2025-03-29 23:54:53,597][__main__][INFO] - Episode 50 completed with reward -866.81 in 200 steps
[2025-03-29 23:55:01,807][__main__][INFO] - Episode 51 completed with reward -1161.50 in 200 steps
[2025-03-29 23:55:09,888][__main__][INFO] - Episode 52 completed with reward -1758.10 in 200 steps
[2025-03-29 23:55:18,454][__main__][INFO] - Episode 53 completed with reward -1487.06 in 200 steps
[2025-03-29 23:55:26,983][__main__][INFO] - Episode 54 completed with reward -1370.03 in 200 steps
[2025-03-29 23:55:35,891][__main__][INFO] - EnvName: PV1, Steps: 11k, Episodes: 55, Episode Reward: -1558
[2025-03-29 23:55:35,892][__main__][INFO] - Episode 55 completed with reward -1606.31 in 200 steps
[2025-03-29 23:55:43,885][__main__][INFO] - Episode 56 completed with reward -1397.44 in 200 steps
[2025-03-29 23:55:52,148][__main__][INFO] - Episode 57 completed with reward -1773.45 in 200 steps
[2025-03-29 23:56:00,405][__main__][INFO] - Episode 58 completed with reward -1023.79 in 200 steps
[2025-03-29 23:56:08,813][__main__][INFO] - Episode 59 completed with reward -1291.71 in 200 steps
[2025-03-29 23:56:17,773][__main__][INFO] - EnvName: PV1, Steps: 12k, Episodes: 60, Episode Reward: -1187
[2025-03-29 23:56:17,774][__main__][INFO] - Episode 60 completed with reward -1375.58 in 200 steps
[2025-03-29 23:56:26,504][__main__][INFO] - Episode 61 completed with reward -1290.30 in 200 steps
[2025-03-29 23:56:35,153][__main__][INFO] - Episode 62 completed with reward -880.57 in 200 steps
[2025-03-29 23:56:43,203][__main__][INFO] - Episode 63 completed with reward -1109.72 in 200 steps
[2025-03-29 23:56:51,418][__main__][INFO] - Episode 64 completed with reward -755.93 in 200 steps
[2025-03-29 23:57:00,691][__main__][INFO] - EnvName: PV1, Steps: 13k, Episodes: 65, Episode Reward: -734
[2025-03-29 23:57:00,692][__main__][INFO] - Episode 65 completed with reward -729.64 in 200 steps
[2025-03-29 23:57:08,660][__main__][INFO] - Episode 66 completed with reward -639.37 in 200 steps
[2025-03-29 23:57:16,900][__main__][INFO] - Episode 67 completed with reward -750.85 in 200 steps
[2025-03-29 23:57:24,932][__main__][INFO] - Episode 68 completed with reward -778.94 in 200 steps
[2025-03-29 23:57:33,281][__main__][INFO] - Episode 69 completed with reward -1051.91 in 200 steps
[2025-03-29 23:57:42,754][__main__][INFO] - EnvName: PV1, Steps: 14k, Episodes: 70, Episode Reward: -1060
[2025-03-29 23:57:42,755][__main__][INFO] - Episode 70 completed with reward -495.75 in 200 steps
[2025-03-29 23:57:50,930][__main__][INFO] - Episode 71 completed with reward -658.77 in 200 steps
[2025-03-29 23:57:59,025][__main__][INFO] - Episode 72 completed with reward -1018.50 in 200 steps
[2025-03-29 23:58:07,182][__main__][INFO] - Episode 73 completed with reward -265.84 in 200 steps
[2025-03-29 23:58:15,343][__main__][INFO] - Episode 74 completed with reward -511.42 in 200 steps
[2025-03-29 23:58:24,647][__main__][INFO] - EnvName: PV1, Steps: 15k, Episodes: 75, Episode Reward: -499
[2025-03-29 23:58:24,648][__main__][INFO] - Episode 75 completed with reward -663.31 in 200 steps
[2025-03-29 23:58:32,842][__main__][INFO] - Episode 76 completed with reward -253.63 in 200 steps
[2025-03-29 23:58:41,018][__main__][INFO] - Episode 77 completed with reward -352.39 in 200 steps
[2025-03-29 23:58:49,268][__main__][INFO] - Episode 78 completed with reward -355.17 in 200 steps
[2025-03-29 23:58:57,608][__main__][INFO] - Episode 79 completed with reward -249.65 in 200 steps
[2025-03-29 23:59:06,536][__main__][INFO] - EnvName: PV1, Steps: 16k, Episodes: 80, Episode Reward: -345
[2025-03-29 23:59:06,536][__main__][INFO] - Episode 80 completed with reward -391.61 in 200 steps
[2025-03-29 23:59:15,086][__main__][INFO] - Episode 81 completed with reward -249.86 in 200 steps
[2025-03-29 23:59:23,324][__main__][INFO] - Episode 82 completed with reward -126.28 in 200 steps
[2025-03-29 23:59:31,587][__main__][INFO] - Episode 83 completed with reward -120.12 in 200 steps
[2025-03-29 23:59:39,729][__main__][INFO] - Episode 84 completed with reward -240.66 in 200 steps
[2025-03-29 23:59:48,915][__main__][INFO] - EnvName: PV1, Steps: 17k, Episodes: 85, Episode Reward: -468
[2025-03-29 23:59:48,916][__main__][INFO] - Episode 85 completed with reward -570.95 in 200 steps
[2025-03-29 23:59:57,082][__main__][INFO] - Episode 86 completed with reward -353.27 in 200 steps
[2025-03-30 00:00:05,458][__main__][INFO] - Episode 87 completed with reward -520.39 in 200 steps
[2025-03-30 00:00:13,807][__main__][INFO] - Episode 88 completed with reward -400.44 in 200 steps
[2025-03-30 00:00:21,805][__main__][INFO] - Episode 89 completed with reward -1211.08 in 200 steps
[2025-03-30 00:00:30,915][__main__][INFO] - EnvName: PV1, Steps: 18k, Episodes: 90, Episode Reward: -353
[2025-03-30 00:00:30,916][__main__][INFO] - Episode 90 completed with reward -127.45 in 200 steps
[2025-03-30 00:00:39,513][__main__][INFO] - Episode 91 completed with reward -249.90 in 200 steps
[2025-03-30 00:00:48,198][__main__][INFO] - Episode 92 completed with reward -362.33 in 200 steps
[2025-03-30 00:00:55,859][__main__][INFO] - Episode 93 completed with reward -370.96 in 200 steps
[2025-03-30 00:01:04,147][__main__][INFO] - Episode 94 completed with reward -2.04 in 200 steps
[2025-03-30 00:01:13,701][__main__][INFO] - EnvName: PV1, Steps: 19k, Episodes: 95, Episode Reward: -650
[2025-03-30 00:01:13,701][__main__][INFO] - Episode 95 completed with reward -234.74 in 200 steps
[2025-03-30 00:01:22,135][__main__][INFO] - Episode 96 completed with reward -245.27 in 200 steps
[2025-03-30 00:01:31,519][__main__][INFO] - Episode 97 completed with reward -783.63 in 200 steps
[2025-03-30 00:01:40,650][__main__][INFO] - Episode 98 completed with reward -398.18 in 200 steps
[2025-03-30 00:01:49,583][__main__][INFO] - Episode 99 completed with reward -515.62 in 200 steps
[2025-03-30 00:01:59,462][__main__][INFO] - EnvName: PV1, Steps: 20k, Episodes: 100, Episode Reward: -710
[2025-03-30 00:01:59,466][__main__][INFO] - Episode 100 completed with reward -118.06 in 200 steps
[2025-03-30 00:02:07,660][__main__][INFO] - Episode 101 completed with reward -347.56 in 200 steps
[2025-03-30 00:02:16,231][__main__][INFO] - Episode 102 completed with reward -3.41 in 200 steps
[2025-03-30 00:02:24,924][__main__][INFO] - Episode 103 completed with reward -126.12 in 200 steps
[2025-03-30 00:02:33,689][__main__][INFO] - Episode 104 completed with reward -129.35 in 200 steps
[2025-03-30 00:02:42,562][__main__][INFO] - EnvName: PV1, Steps: 21k, Episodes: 105, Episode Reward: -86
[2025-03-30 00:02:42,562][__main__][INFO] - Episode 105 completed with reward -121.90 in 200 steps
[2025-03-30 00:02:50,582][__main__][INFO] - Episode 106 completed with reward -344.83 in 200 steps
[2025-03-30 00:02:58,218][__main__][INFO] - Episode 107 completed with reward -264.25 in 200 steps
[2025-03-30 00:03:05,627][__main__][INFO] - Episode 108 completed with reward -234.18 in 200 steps
[2025-03-30 00:03:13,612][__main__][INFO] - Episode 109 completed with reward -334.96 in 200 steps
[2025-03-30 00:03:23,067][__main__][INFO] - EnvName: PV1, Steps: 22k, Episodes: 110, Episode Reward: -233
[2025-03-30 00:03:23,068][__main__][INFO] - Episode 110 completed with reward -1.15 in 200 steps
[2025-03-30 00:03:31,746][__main__][INFO] - Episode 111 completed with reward -118.54 in 200 steps
[2025-03-30 00:03:40,074][__main__][INFO] - Episode 112 completed with reward -237.85 in 200 steps
[2025-03-30 00:03:48,458][__main__][INFO] - Episode 113 completed with reward -126.72 in 200 steps
[2025-03-30 00:03:57,019][__main__][INFO] - Episode 114 completed with reward -124.37 in 200 steps
[2025-03-30 00:04:06,823][__main__][INFO] - EnvName: PV1, Steps: 23k, Episodes: 115, Episode Reward: -171
[2025-03-30 00:04:06,824][__main__][INFO] - Episode 115 completed with reward -236.41 in 200 steps
[2025-03-30 00:04:15,287][__main__][INFO] - Episode 116 completed with reward -125.85 in 200 steps
[2025-03-30 00:04:23,407][__main__][INFO] - Episode 117 completed with reward -354.48 in 200 steps
[2025-03-30 00:04:31,721][__main__][INFO] - Episode 118 completed with reward -118.22 in 200 steps
[2025-03-30 00:04:40,607][__main__][INFO] - Episode 119 completed with reward -3.98 in 200 steps
[2025-03-30 00:04:50,759][__main__][INFO] - EnvName: PV1, Steps: 24k, Episodes: 120, Episode Reward: -129
[2025-03-30 00:04:50,760][__main__][INFO] - Episode 120 completed with reward -1.58 in 200 steps
[2025-03-30 00:04:58,663][__main__][INFO] - Episode 121 completed with reward -230.93 in 200 steps
[2025-03-30 00:05:07,955][__main__][INFO] - Episode 122 completed with reward -125.08 in 200 steps
[2025-03-30 00:05:15,911][__main__][INFO] - Episode 123 completed with reward -235.32 in 200 steps
[2025-03-30 00:05:24,105][__main__][INFO] - Episode 124 completed with reward -1.35 in 200 steps
[2025-03-30 00:05:32,814][__main__][INFO] - EnvName: PV1, Steps: 25k, Episodes: 125, Episode Reward: -177
[2025-03-30 00:05:32,814][__main__][INFO] - Episode 125 completed with reward -122.87 in 200 steps
[2025-03-30 00:05:40,983][__main__][INFO] - Episode 126 completed with reward -240.72 in 200 steps
[2025-03-30 00:05:49,351][__main__][INFO] - Episode 127 completed with reward -118.25 in 200 steps
[2025-03-30 00:05:58,361][__main__][INFO] - Episode 128 completed with reward -1.21 in 200 steps
[2025-03-30 00:06:07,098][__main__][INFO] - Episode 129 completed with reward -115.69 in 200 steps
[2025-03-30 00:06:16,508][__main__][INFO] - EnvName: PV1, Steps: 26k, Episodes: 130, Episode Reward: -156
[2025-03-30 00:06:16,508][__main__][INFO] - Episode 130 completed with reward -242.79 in 200 steps
[2025-03-30 00:06:24,893][__main__][INFO] - Episode 131 completed with reward -124.68 in 200 steps
[2025-03-30 00:06:32,750][__main__][INFO] - Episode 132 completed with reward -236.67 in 200 steps
[2025-03-30 00:06:41,334][__main__][INFO] - Episode 133 completed with reward -231.47 in 200 steps
[2025-03-30 00:06:49,198][__main__][INFO] - Episode 134 completed with reward -129.21 in 200 steps
[2025-03-30 00:06:58,012][__main__][INFO] - EnvName: PV1, Steps: 27k, Episodes: 135, Episode Reward: -150
[2025-03-30 00:06:58,013][__main__][INFO] - Episode 135 completed with reward -244.22 in 200 steps
[2025-03-30 00:07:06,413][__main__][INFO] - Episode 136 completed with reward -1.16 in 200 steps
[2025-03-30 00:07:15,486][__main__][INFO] - Episode 137 completed with reward -120.81 in 200 steps
[2025-03-30 00:07:23,449][__main__][INFO] - Episode 138 completed with reward -230.04 in 200 steps
[2025-03-30 00:07:31,022][__main__][INFO] - Episode 139 completed with reward -126.06 in 200 steps
[2025-03-30 00:07:40,464][__main__][INFO] - EnvName: PV1, Steps: 28k, Episodes: 140, Episode Reward: -146
[2025-03-30 00:07:40,464][__main__][INFO] - Episode 140 completed with reward -118.80 in 200 steps
[2025-03-30 00:07:48,014][__main__][INFO] - Episode 141 completed with reward -118.86 in 200 steps
[2025-03-30 00:07:55,555][__main__][INFO] - Episode 142 completed with reward -223.82 in 200 steps
[2025-03-30 00:08:03,755][__main__][INFO] - Episode 143 completed with reward -359.00 in 200 steps
[2025-03-30 00:08:11,229][__main__][INFO] - Episode 144 completed with reward -119.42 in 200 steps
[2025-03-30 00:08:21,301][__main__][INFO] - EnvName: PV1, Steps: 29k, Episodes: 145, Episode Reward: -195
[2025-03-30 00:08:21,301][__main__][INFO] - Episode 145 completed with reward -2.50 in 200 steps
[2025-03-30 00:08:29,575][__main__][INFO] - Episode 146 completed with reward -117.36 in 200 steps
[2025-03-30 00:08:37,190][__main__][INFO] - Episode 147 completed with reward -237.78 in 200 steps
[2025-03-30 00:08:44,515][__main__][INFO] - Episode 148 completed with reward -1.13 in 200 steps
[2025-03-30 00:08:53,231][__main__][INFO] - Episode 149 completed with reward -1.21 in 200 steps
[2025-03-30 00:09:02,666][__main__][INFO] - EnvName: PV1, Steps: 30k, Episodes: 150, Episode Reward: -107
[2025-03-30 00:09:02,671][__main__][INFO] - Episode 150 completed with reward -231.46 in 200 steps
[2025-03-30 00:09:10,225][__main__][INFO] - Episode 151 completed with reward -121.55 in 200 steps
[2025-03-30 00:09:17,544][__main__][INFO] - Episode 152 completed with reward -1.08 in 200 steps
[2025-03-30 00:09:25,632][__main__][INFO] - Episode 153 completed with reward -233.56 in 200 steps
[2025-03-30 00:09:35,281][__main__][INFO] - Episode 154 completed with reward -224.37 in 200 steps
[2025-03-30 00:09:44,578][__main__][INFO] - EnvName: PV1, Steps: 31k, Episodes: 155, Episode Reward: -131
[2025-03-30 00:09:44,579][__main__][INFO] - Episode 155 completed with reward -237.70 in 200 steps
[2025-03-30 00:09:52,616][__main__][INFO] - Episode 156 completed with reward -229.58 in 200 steps
[2025-03-30 00:10:01,328][__main__][INFO] - Episode 157 completed with reward -115.55 in 200 steps
[2025-03-30 00:10:09,309][__main__][INFO] - Episode 158 completed with reward -120.79 in 200 steps
[2025-03-30 00:10:17,545][__main__][INFO] - Episode 159 completed with reward -123.10 in 200 steps
[2025-03-30 00:10:26,932][__main__][INFO] - EnvName: PV1, Steps: 32k, Episodes: 160, Episode Reward: -141
[2025-03-30 00:10:26,933][__main__][INFO] - Episode 160 completed with reward -354.71 in 200 steps
[2025-03-30 00:10:35,478][__main__][INFO] - Episode 161 completed with reward -121.49 in 200 steps
[2025-03-30 00:10:43,687][__main__][INFO] - Episode 162 completed with reward -118.57 in 200 steps
[2025-03-30 00:10:52,245][__main__][INFO] - Episode 163 completed with reward -2.53 in 200 steps
[2025-03-30 00:11:00,265][__main__][INFO] - Episode 164 completed with reward -239.37 in 200 steps
[2025-03-30 00:11:09,198][__main__][INFO] - EnvName: PV1, Steps: 33k, Episodes: 165, Episode Reward: -167
[2025-03-30 00:11:09,198][__main__][INFO] - Episode 165 completed with reward -239.14 in 200 steps
[2025-03-30 00:11:16,281][__main__][INFO] - Episode 166 completed with reward -118.96 in 200 steps
[2025-03-30 00:11:24,764][__main__][INFO] - Episode 167 completed with reward -231.36 in 200 steps
[2025-03-30 00:11:33,254][__main__][INFO] - Episode 168 completed with reward -118.97 in 200 steps
[2025-03-30 00:11:41,891][__main__][INFO] - Episode 169 completed with reward -119.14 in 200 steps
[2025-03-30 00:11:51,511][__main__][INFO] - EnvName: PV1, Steps: 34k, Episodes: 170, Episode Reward: -107
[2025-03-30 00:11:51,512][__main__][INFO] - Episode 170 completed with reward -4.30 in 200 steps
[2025-03-30 00:11:59,266][__main__][INFO] - Episode 171 completed with reward -2.86 in 200 steps
[2025-03-30 00:12:07,883][__main__][INFO] - Episode 172 completed with reward -121.95 in 200 steps
[2025-03-30 00:12:16,190][__main__][INFO] - Episode 173 completed with reward -233.01 in 200 steps
[2025-03-30 00:12:24,772][__main__][INFO] - Episode 174 completed with reward -253.33 in 200 steps
[2025-03-30 00:12:34,524][__main__][INFO] - EnvName: PV1, Steps: 35k, Episodes: 175, Episode Reward: -130
[2025-03-30 00:12:34,525][__main__][INFO] - Episode 175 completed with reward -230.00 in 200 steps
[2025-03-30 00:12:42,338][__main__][INFO] - Episode 176 completed with reward -235.30 in 200 steps
[2025-03-30 00:12:51,086][__main__][INFO] - Episode 177 completed with reward -358.86 in 200 steps
[2025-03-30 00:12:59,397][__main__][INFO] - Episode 178 completed with reward -121.00 in 200 steps
[2025-03-30 00:13:06,613][__main__][INFO] - Episode 179 completed with reward -240.43 in 200 steps
[2025-03-30 00:13:16,262][__main__][INFO] - EnvName: PV1, Steps: 36k, Episodes: 180, Episode Reward: -119
[2025-03-30 00:13:16,263][__main__][INFO] - Episode 180 completed with reward -129.31 in 200 steps
[2025-03-30 00:13:23,850][__main__][INFO] - Episode 181 completed with reward -123.76 in 200 steps
[2025-03-30 00:13:31,463][__main__][INFO] - Episode 182 completed with reward -235.68 in 200 steps
[2025-03-30 00:13:38,727][__main__][INFO] - Episode 183 completed with reward -1.33 in 200 steps
[2025-03-30 00:13:47,905][__main__][INFO] - Episode 184 completed with reward -125.18 in 200 steps
[2025-03-30 00:13:58,541][__main__][INFO] - EnvName: PV1, Steps: 37k, Episodes: 185, Episode Reward: -161
[2025-03-30 00:13:58,542][__main__][INFO] - Episode 185 completed with reward -120.21 in 200 steps
[2025-03-30 00:14:05,880][__main__][INFO] - Episode 186 completed with reward -0.62 in 200 steps
[2025-03-30 00:14:13,986][__main__][INFO] - Episode 187 completed with reward -121.54 in 200 steps
[2025-03-30 00:14:22,351][__main__][INFO] - Episode 188 completed with reward -229.72 in 200 steps
[2025-03-30 00:14:31,005][__main__][INFO] - Episode 189 completed with reward -358.52 in 200 steps
[2025-03-30 00:14:40,095][__main__][INFO] - EnvName: PV1, Steps: 38k, Episodes: 190, Episode Reward: -154
[2025-03-30 00:14:40,096][__main__][INFO] - Episode 190 completed with reward -126.20 in 200 steps
[2025-03-30 00:14:48,214][__main__][INFO] - Episode 191 completed with reward -125.33 in 200 steps
[2025-03-30 00:14:56,121][__main__][INFO] - Episode 192 completed with reward -235.73 in 200 steps
[2025-03-30 00:15:04,367][__main__][INFO] - Episode 193 completed with reward -118.43 in 200 steps
[2025-03-30 00:15:12,367][__main__][INFO] - Episode 194 completed with reward -0.81 in 200 steps
[2025-03-30 00:15:21,550][__main__][INFO] - EnvName: PV1, Steps: 39k, Episodes: 195, Episode Reward: -139
[2025-03-30 00:15:21,550][__main__][INFO] - Episode 195 completed with reward -120.56 in 200 steps
[2025-03-30 00:15:29,776][__main__][INFO] - Episode 196 completed with reward -1.43 in 200 steps
[2025-03-30 00:15:38,516][__main__][INFO] - Episode 197 completed with reward -4.00 in 200 steps
[2025-03-30 00:15:46,733][__main__][INFO] - Episode 198 completed with reward -351.42 in 200 steps
[2025-03-30 00:15:54,676][__main__][INFO] - Episode 199 completed with reward -122.49 in 200 steps
[2025-03-30 00:16:03,686][__main__][INFO] - EnvName: PV1, Steps: 40k, Episodes: 200, Episode Reward: -171
[2025-03-30 00:16:03,690][__main__][INFO] - Episode 200 completed with reward -116.51 in 200 steps
[2025-03-30 00:16:12,320][__main__][INFO] - Episode 201 completed with reward -246.25 in 200 steps
[2025-03-30 00:16:20,804][__main__][INFO] - Episode 202 completed with reward -1.06 in 200 steps
[2025-03-30 00:16:29,858][__main__][INFO] - Episode 203 completed with reward -232.33 in 200 steps
[2025-03-30 00:16:37,430][__main__][INFO] - Episode 204 completed with reward -125.31 in 200 steps
[2025-03-30 00:16:46,520][__main__][INFO] - EnvName: PV1, Steps: 41k, Episodes: 205, Episode Reward: -164
[2025-03-30 00:16:46,520][__main__][INFO] - Episode 205 completed with reward -116.85 in 200 steps
[2025-03-30 00:16:54,589][__main__][INFO] - Episode 206 completed with reward -116.51 in 200 steps
[2025-03-30 00:17:02,766][__main__][INFO] - Episode 207 completed with reward -121.59 in 200 steps
[2025-03-30 00:17:10,968][__main__][INFO] - Episode 208 completed with reward -224.41 in 200 steps
[2025-03-30 00:17:18,638][__main__][INFO] - Episode 209 completed with reward -118.56 in 200 steps
[2025-03-30 00:17:28,211][__main__][INFO] - EnvName: PV1, Steps: 42k, Episodes: 210, Episode Reward: -143
[2025-03-30 00:17:28,211][__main__][INFO] - Episode 210 completed with reward -125.91 in 200 steps
[2025-03-30 00:17:36,360][__main__][INFO] - Episode 211 completed with reward -4.62 in 200 steps
[2025-03-30 00:17:44,521][__main__][INFO] - Episode 212 completed with reward -119.17 in 200 steps
[2025-03-30 00:17:52,428][__main__][INFO] - Episode 213 completed with reward -2.29 in 200 steps
[2025-03-30 00:18:01,044][__main__][INFO] - Episode 214 completed with reward -117.88 in 200 steps
[2025-03-30 00:18:09,778][__main__][INFO] - EnvName: PV1, Steps: 43k, Episodes: 215, Episode Reward: -156
[2025-03-30 00:18:09,778][__main__][INFO] - Episode 215 completed with reward -117.63 in 200 steps
[2025-03-30 00:18:17,580][__main__][INFO] - Episode 216 completed with reward -116.91 in 200 steps
[2025-03-30 00:18:26,255][__main__][INFO] - Episode 217 completed with reward -123.31 in 200 steps
[2025-03-30 00:18:34,877][__main__][INFO] - Episode 218 completed with reward -124.38 in 200 steps
[2025-03-30 00:18:41,880][__main__][INFO] - Episode 219 completed with reward -230.50 in 200 steps
[2025-03-30 00:18:51,719][__main__][INFO] - EnvName: PV1, Steps: 44k, Episodes: 220, Episode Reward: -152
[2025-03-30 00:18:51,719][__main__][INFO] - Episode 220 completed with reward -121.86 in 200 steps
[2025-03-30 00:18:59,273][__main__][INFO] - Episode 221 completed with reward -118.64 in 200 steps
[2025-03-30 00:19:07,051][__main__][INFO] - Episode 222 completed with reward -121.57 in 200 steps
[2025-03-30 00:19:15,374][__main__][INFO] - Episode 223 completed with reward -123.71 in 200 steps
[2025-03-30 00:19:23,426][__main__][INFO] - Episode 224 completed with reward -119.69 in 200 steps
[2025-03-30 00:19:32,282][__main__][INFO] - EnvName: PV1, Steps: 45k, Episodes: 225, Episode Reward: -139
[2025-03-30 00:19:32,282][__main__][INFO] - Episode 225 completed with reward -117.21 in 200 steps
[2025-03-30 00:19:40,493][__main__][INFO] - Episode 226 completed with reward -127.92 in 200 steps
[2025-03-30 00:19:49,336][__main__][INFO] - Episode 227 completed with reward -238.10 in 200 steps
[2025-03-30 00:19:57,487][__main__][INFO] - Episode 228 completed with reward -120.47 in 200 steps
[2025-03-30 00:20:05,952][__main__][INFO] - Episode 229 completed with reward -126.12 in 200 steps
[2025-03-30 00:20:16,053][__main__][INFO] - EnvName: PV1, Steps: 46k, Episodes: 230, Episode Reward: -106
[2025-03-30 00:20:16,053][__main__][INFO] - Episode 230 completed with reward -115.24 in 200 steps
[2025-03-30 00:20:24,104][__main__][INFO] - Episode 231 completed with reward -126.32 in 200 steps
[2025-03-30 00:20:32,241][__main__][INFO] - Episode 232 completed with reward -119.79 in 200 steps
[2025-03-30 00:20:40,891][__main__][INFO] - Episode 233 completed with reward -323.19 in 200 steps
[2025-03-30 00:20:49,723][__main__][INFO] - Episode 234 completed with reward -228.47 in 200 steps
[2025-03-30 00:20:58,497][__main__][INFO] - EnvName: PV1, Steps: 47k, Episodes: 235, Episode Reward: -119
[2025-03-30 00:20:58,498][__main__][INFO] - Episode 235 completed with reward -121.68 in 200 steps
[2025-03-30 00:21:07,166][__main__][INFO] - Episode 236 completed with reward -1.23 in 200 steps
[2025-03-30 00:21:15,926][__main__][INFO] - Episode 237 completed with reward -120.46 in 200 steps
[2025-03-30 00:21:24,381][__main__][INFO] - Episode 238 completed with reward -283.71 in 200 steps
[2025-03-30 00:21:32,253][__main__][INFO] - Episode 239 completed with reward -341.98 in 200 steps
[2025-03-30 00:21:41,435][__main__][INFO] - EnvName: PV1, Steps: 48k, Episodes: 240, Episode Reward: -161
[2025-03-30 00:21:41,436][__main__][INFO] - Episode 240 completed with reward -1.76 in 200 steps
[2025-03-30 00:21:50,069][__main__][INFO] - Episode 241 completed with reward -124.75 in 200 steps
[2025-03-30 00:21:57,884][__main__][INFO] - Episode 242 completed with reward -118.96 in 200 steps
[2025-03-30 00:22:06,082][__main__][INFO] - Episode 243 completed with reward -125.68 in 200 steps
[2025-03-30 00:22:14,898][__main__][INFO] - Episode 244 completed with reward -230.62 in 200 steps
[2025-03-30 00:22:24,507][__main__][INFO] - EnvName: PV1, Steps: 49k, Episodes: 245, Episode Reward: -165
[2025-03-30 00:22:24,507][__main__][INFO] - Episode 245 completed with reward -2.51 in 200 steps
[2025-03-30 00:22:32,721][__main__][INFO] - Episode 246 completed with reward -239.49 in 200 steps
[2025-03-30 00:22:41,278][__main__][INFO] - Episode 247 completed with reward -118.89 in 200 steps
[2025-03-30 00:22:49,275][__main__][INFO] - Episode 248 completed with reward -125.20 in 200 steps
[2025-03-30 00:22:57,452][__main__][INFO] - Episode 249 completed with reward -123.94 in 200 steps
[2025-03-30 00:23:06,508][__main__][INFO] - EnvName: PV1, Steps: 50k, Episodes: 250, Episode Reward: -135
[2025-03-30 00:23:06,513][__main__][INFO] - Episode 250 completed with reward -117.32 in 200 steps
[2025-03-30 00:23:06,513][__main__][INFO] - Training completed. Evaluating across 20 episodes
[2025-03-30 00:23:08,717][__main__][INFO] - Final evaluation - Mean: -162.50, Std: 93.41
[2025-03-30 00:23:08,717][__main__][INFO] - 90th percentile: -116.90, 10th percentile: -331.10
[2025-03-30 00:23:08,722][__main__][INFO] - Final model saved to models/SAC_model/PV1
