[2025-04-05 15:56:55,841][__main__][INFO] - System information:
[2025-04-05 15:56:55,841][__main__][INFO] -   Platform: Linux-6.11.0-21-generic-x86_64-with-glibc2.39
[2025-04-05 15:56:55,841][__main__][INFO] -   Python: 3.12.2
[2025-04-05 15:56:55,841][__main__][INFO] -   PyTorch: 2.5.1
[2025-04-05 15:56:55,841][__main__][INFO] -   CUDA Available: True
[2025-04-05 15:56:55,841][__main__][INFO] -   CUDA Version: 12.4
[2025-04-05 15:56:55,841][__main__][INFO] -   GPU: NVIDIA GeForce GTX 1080 Ti
[2025-04-05 15:56:55,847][__main__][INFO] - Env: LunarLanderContinuous-v3  state_dim: 8  action_dim: 2  max_a: 1.0  min_a: -1.0  max_e_steps: 1000
[2025-04-05 15:56:55,848][__main__][INFO] - Random Seed: 42
[2025-04-05 15:56:55,848][__main__][INFO] - Models will be saved to models/SAC_model/LLdV3
[2025-04-05 15:57:19,070][__main__][INFO] - EnvName: LLdV3, Steps: 1k, Episode Reward: -716
[2025-04-05 15:57:43,561][__main__][INFO] - EnvName: LLdV3, Steps: 2k, Episode Reward: -737
[2025-04-05 15:58:07,822][__main__][INFO] - EnvName: LLdV3, Steps: 3k, Episode Reward: -532
[2025-04-05 15:58:30,937][__main__][INFO] - EnvName: LLdV3, Steps: 4k, Episode Reward: -340
[2025-04-05 15:58:54,670][__main__][INFO] - EnvName: LLdV3, Steps: 5k, Episode Reward: -333
[2025-04-05 15:59:16,925][__main__][INFO] - EnvName: LLdV3, Steps: 6k, Episode Reward: -228
[2025-04-05 15:59:42,921][__main__][INFO] - EnvName: LLdV3, Steps: 7k, Episode Reward: -160
[2025-04-05 16:00:10,658][__main__][INFO] - EnvName: LLdV3, Steps: 8k, Episode Reward: -135
[2025-04-05 16:00:40,141][__main__][INFO] - EnvName: LLdV3, Steps: 9k, Episode Reward: -82
[2025-04-05 16:01:09,809][__main__][INFO] - EnvName: LLdV3, Steps: 10k, Episode Reward: -92
[2025-04-05 16:01:38,257][__main__][INFO] - EnvName: LLdV3, Steps: 11k, Episode Reward: -83
[2025-04-05 16:02:09,432][__main__][INFO] - EnvName: LLdV3, Steps: 12k, Episode Reward: -63
[2025-04-05 16:02:40,756][__main__][INFO] - EnvName: LLdV3, Steps: 13k, Episode Reward: -95
[2025-04-05 16:03:09,042][__main__][INFO] - EnvName: LLdV3, Steps: 14k, Episode Reward: -103
[2025-04-05 16:03:39,716][__main__][INFO] - EnvName: LLdV3, Steps: 15k, Episode Reward: -172
[2025-04-05 16:04:10,472][__main__][INFO] - EnvName: LLdV3, Steps: 16k, Episode Reward: -125
[2025-04-05 16:04:41,122][__main__][INFO] - EnvName: LLdV3, Steps: 17k, Episode Reward: -76
[2025-04-05 16:05:09,346][__main__][INFO] - EnvName: LLdV3, Steps: 18k, Episode Reward: -120
[2025-04-05 16:05:41,147][__main__][INFO] - EnvName: LLdV3, Steps: 19k, Episode Reward: -71
[2025-04-05 16:06:11,278][__main__][INFO] - EnvName: LLdV3, Steps: 20k, Episode Reward: -123
[2025-04-05 16:06:40,885][__main__][INFO] - EnvName: LLdV3, Steps: 21k, Episode Reward: -96
[2025-04-05 16:07:10,305][__main__][INFO] - EnvName: LLdV3, Steps: 22k, Episode Reward: -106
[2025-04-05 16:07:41,660][__main__][INFO] - EnvName: LLdV3, Steps: 23k, Episode Reward: -120
[2025-04-05 16:08:13,541][__main__][INFO] - EnvName: LLdV3, Steps: 24k, Episode Reward: -106
[2025-04-05 16:08:44,234][__main__][INFO] - EnvName: LLdV3, Steps: 25k, Episode Reward: -101
[2025-04-05 16:09:12,795][__main__][INFO] - EnvName: LLdV3, Steps: 26k, Episode Reward: -58
[2025-04-05 16:09:44,307][__main__][INFO] - EnvName: LLdV3, Steps: 27k, Episode Reward: -44
[2025-04-05 16:10:10,928][__main__][INFO] - EnvName: LLdV3, Steps: 28k, Episode Reward: -28
[2025-04-05 16:10:40,146][__main__][INFO] - EnvName: LLdV3, Steps: 29k, Episode Reward: -18
[2025-04-05 16:11:06,706][__main__][INFO] - EnvName: LLdV3, Steps: 30k, Episode Reward: -59
[2025-04-05 16:11:35,187][__main__][INFO] - EnvName: LLdV3, Steps: 31k, Episode Reward: 83
[2025-04-05 16:12:03,742][__main__][INFO] - EnvName: LLdV3, Steps: 32k, Episode Reward: -20
[2025-04-05 16:12:32,630][__main__][INFO] - EnvName: LLdV3, Steps: 33k, Episode Reward: -29
[2025-04-05 16:13:01,332][__main__][INFO] - EnvName: LLdV3, Steps: 34k, Episode Reward: 73
[2025-04-05 16:13:30,304][__main__][INFO] - EnvName: LLdV3, Steps: 35k, Episode Reward: -92
[2025-04-05 16:13:58,868][__main__][INFO] - EnvName: LLdV3, Steps: 36k, Episode Reward: 19
[2025-04-05 16:14:26,670][__main__][INFO] - EnvName: LLdV3, Steps: 37k, Episode Reward: 75
[2025-04-05 16:14:54,758][__main__][INFO] - EnvName: LLdV3, Steps: 38k, Episode Reward: -55
[2025-04-05 16:15:19,167][__main__][INFO] - EnvName: LLdV3, Steps: 39k, Episode Reward: -52
[2025-04-05 16:15:45,581][__main__][INFO] - EnvName: LLdV3, Steps: 40k, Episode Reward: -34
[2025-04-05 16:16:11,832][__main__][INFO] - EnvName: LLdV3, Steps: 41k, Episode Reward: -1019
[2025-04-05 16:16:39,317][__main__][INFO] - EnvName: LLdV3, Steps: 42k, Episode Reward: -1218
[2025-04-05 16:17:05,810][__main__][INFO] - EnvName: LLdV3, Steps: 43k, Episode Reward: -450
[2025-04-05 16:17:32,754][__main__][INFO] - EnvName: LLdV3, Steps: 44k, Episode Reward: -586
[2025-04-05 16:17:59,925][__main__][INFO] - EnvName: LLdV3, Steps: 45k, Episode Reward: -298
[2025-04-05 16:18:25,449][__main__][INFO] - EnvName: LLdV3, Steps: 46k, Episode Reward: -208
[2025-04-05 16:18:51,167][__main__][INFO] - EnvName: LLdV3, Steps: 47k, Episode Reward: -34
[2025-04-05 16:19:15,222][__main__][INFO] - EnvName: LLdV3, Steps: 48k, Episode Reward: -48
[2025-04-05 16:19:41,411][__main__][INFO] - EnvName: LLdV3, Steps: 49k, Episode Reward: -262
[2025-04-05 16:20:04,090][__main__][INFO] - EnvName: LLdV3, Steps: 50k, Episode Reward: -232
[2025-04-05 16:20:29,784][__main__][INFO] - EnvName: LLdV3, Steps: 51k, Episode Reward: 37
[2025-04-05 16:20:54,672][__main__][INFO] - EnvName: LLdV3, Steps: 52k, Episode Reward: 18
[2025-04-05 16:21:19,731][__main__][INFO] - EnvName: LLdV3, Steps: 53k, Episode Reward: 90
[2025-04-05 16:21:46,837][__main__][INFO] - EnvName: LLdV3, Steps: 54k, Episode Reward: 31
[2025-04-05 16:22:12,233][__main__][INFO] - EnvName: LLdV3, Steps: 55k, Episode Reward: 18
[2025-04-05 16:22:38,057][__main__][INFO] - EnvName: LLdV3, Steps: 56k, Episode Reward: 95
[2025-04-05 16:23:04,393][__main__][INFO] - EnvName: LLdV3, Steps: 57k, Episode Reward: 76
[2025-04-05 16:23:29,893][__main__][INFO] - EnvName: LLdV3, Steps: 58k, Episode Reward: 58
[2025-04-05 16:23:55,791][__main__][INFO] - EnvName: LLdV3, Steps: 59k, Episode Reward: 131
[2025-04-05 16:24:20,767][__main__][INFO] - EnvName: LLdV3, Steps: 60k, Episode Reward: 147
[2025-04-05 16:24:47,005][__main__][INFO] - EnvName: LLdV3, Steps: 61k, Episode Reward: 49
[2025-04-05 16:25:11,172][__main__][INFO] - EnvName: LLdV3, Steps: 62k, Episode Reward: 128
[2025-04-05 16:25:37,987][__main__][INFO] - EnvName: LLdV3, Steps: 63k, Episode Reward: 92
[2025-04-05 16:26:03,578][__main__][INFO] - EnvName: LLdV3, Steps: 64k, Episode Reward: 86
[2025-04-05 16:26:30,687][__main__][INFO] - EnvName: LLdV3, Steps: 65k, Episode Reward: 110
[2025-04-05 16:26:56,131][__main__][INFO] - EnvName: LLdV3, Steps: 66k, Episode Reward: 124
[2025-04-05 16:27:23,323][__main__][INFO] - EnvName: LLdV3, Steps: 67k, Episode Reward: 23
[2025-04-05 16:27:50,885][__main__][INFO] - EnvName: LLdV3, Steps: 68k, Episode Reward: 79
[2025-04-05 16:28:17,038][__main__][INFO] - EnvName: LLdV3, Steps: 69k, Episode Reward: 42
[2025-04-05 16:28:44,100][__main__][INFO] - EnvName: LLdV3, Steps: 70k, Episode Reward: 164
[2025-04-05 16:29:09,187][__main__][INFO] - EnvName: LLdV3, Steps: 71k, Episode Reward: 111
[2025-04-05 16:29:36,541][__main__][INFO] - EnvName: LLdV3, Steps: 72k, Episode Reward: 93
[2025-04-05 16:30:02,758][__main__][INFO] - EnvName: LLdV3, Steps: 73k, Episode Reward: 40
[2025-04-05 16:30:31,402][__main__][INFO] - EnvName: LLdV3, Steps: 74k, Episode Reward: 54
[2025-04-05 16:30:57,253][__main__][INFO] - EnvName: LLdV3, Steps: 75k, Episode Reward: 91
[2025-04-05 16:31:25,429][__main__][INFO] - EnvName: LLdV3, Steps: 76k, Episode Reward: 22
[2025-04-05 16:31:53,267][__main__][INFO] - EnvName: LLdV3, Steps: 77k, Episode Reward: 86
[2025-04-05 16:32:20,386][__main__][INFO] - EnvName: LLdV3, Steps: 78k, Episode Reward: 16
[2025-04-05 16:32:48,761][__main__][INFO] - EnvName: LLdV3, Steps: 79k, Episode Reward: 71
[2025-04-05 16:33:11,347][__main__][INFO] - EnvName: LLdV3, Steps: 80k, Episode Reward: 110
[2025-04-05 16:33:38,416][__main__][INFO] - EnvName: LLdV3, Steps: 81k, Episode Reward: 85
[2025-04-05 16:34:04,432][__main__][INFO] - EnvName: LLdV3, Steps: 82k, Episode Reward: 41
[2025-04-05 16:34:30,525][__main__][INFO] - EnvName: LLdV3, Steps: 83k, Episode Reward: 113
[2025-04-05 16:34:57,952][__main__][INFO] - EnvName: LLdV3, Steps: 84k, Episode Reward: 43
[2025-04-05 16:35:25,017][__main__][INFO] - EnvName: LLdV3, Steps: 85k, Episode Reward: 136
[2025-04-05 16:35:52,629][__main__][INFO] - EnvName: LLdV3, Steps: 86k, Episode Reward: 32
[2025-04-05 16:36:19,288][__main__][INFO] - EnvName: LLdV3, Steps: 87k, Episode Reward: 78
[2025-04-05 16:36:47,647][__main__][INFO] - EnvName: LLdV3, Steps: 88k, Episode Reward: 15
[2025-04-05 16:37:14,405][__main__][INFO] - EnvName: LLdV3, Steps: 89k, Episode Reward: 93
[2025-04-05 16:37:41,964][__main__][INFO] - EnvName: LLdV3, Steps: 90k, Episode Reward: 128
[2025-04-05 16:38:08,562][__main__][INFO] - EnvName: LLdV3, Steps: 91k, Episode Reward: 125
[2025-04-05 16:38:35,663][__main__][INFO] - EnvName: LLdV3, Steps: 92k, Episode Reward: 113
[2025-04-05 16:39:02,672][__main__][INFO] - EnvName: LLdV3, Steps: 93k, Episode Reward: 10
[2025-04-05 16:39:29,709][__main__][INFO] - EnvName: LLdV3, Steps: 94k, Episode Reward: 173
[2025-04-05 16:39:56,428][__main__][INFO] - EnvName: LLdV3, Steps: 95k, Episode Reward: 43
[2025-04-05 16:40:25,010][__main__][INFO] - EnvName: LLdV3, Steps: 96k, Episode Reward: 17
[2025-04-05 16:40:51,284][__main__][INFO] - EnvName: LLdV3, Steps: 97k, Episode Reward: 131
[2025-04-05 16:41:17,549][__main__][INFO] - EnvName: LLdV3, Steps: 98k, Episode Reward: 121
[2025-04-05 16:41:44,724][__main__][INFO] - EnvName: LLdV3, Steps: 99k, Episode Reward: 78
[2025-04-05 16:42:09,529][__main__][INFO] - EnvName: LLdV3, Steps: 100k, Episode Reward: 170
[2025-04-05 16:42:37,475][__main__][INFO] - EnvName: LLdV3, Steps: 101k, Episode Reward: 129
[2025-04-05 16:43:04,568][__main__][INFO] - EnvName: LLdV3, Steps: 102k, Episode Reward: 128
[2025-04-05 16:43:31,930][__main__][INFO] - EnvName: LLdV3, Steps: 103k, Episode Reward: 82
[2025-04-05 16:43:59,145][__main__][INFO] - EnvName: LLdV3, Steps: 104k, Episode Reward: 84
[2025-04-05 16:44:27,587][__main__][INFO] - EnvName: LLdV3, Steps: 105k, Episode Reward: 57
[2025-04-05 16:44:55,490][__main__][INFO] - EnvName: LLdV3, Steps: 106k, Episode Reward: -6
[2025-04-05 16:45:21,416][__main__][INFO] - EnvName: LLdV3, Steps: 107k, Episode Reward: 180
[2025-04-05 16:45:48,729][__main__][INFO] - EnvName: LLdV3, Steps: 108k, Episode Reward: 93
[2025-04-05 16:46:15,285][__main__][INFO] - EnvName: LLdV3, Steps: 109k, Episode Reward: 78
[2025-04-05 16:46:43,178][__main__][INFO] - EnvName: LLdV3, Steps: 110k, Episode Reward: 77
[2025-04-05 16:47:09,138][__main__][INFO] - EnvName: LLdV3, Steps: 111k, Episode Reward: 20
[2025-04-05 16:47:36,527][__main__][INFO] - EnvName: LLdV3, Steps: 112k, Episode Reward: 105
[2025-04-05 16:48:03,863][__main__][INFO] - EnvName: LLdV3, Steps: 113k, Episode Reward: 32
[2025-04-05 16:48:30,941][__main__][INFO] - EnvName: LLdV3, Steps: 114k, Episode Reward: 145
[2025-04-05 16:48:57,007][__main__][INFO] - EnvName: LLdV3, Steps: 115k, Episode Reward: 168
[2025-04-05 16:49:23,735][__main__][INFO] - EnvName: LLdV3, Steps: 116k, Episode Reward: 110
[2025-04-05 16:49:49,610][__main__][INFO] - EnvName: LLdV3, Steps: 117k, Episode Reward: 146
[2025-04-05 16:50:16,546][__main__][INFO] - EnvName: LLdV3, Steps: 118k, Episode Reward: 154
[2025-04-05 16:50:43,612][__main__][INFO] - EnvName: LLdV3, Steps: 119k, Episode Reward: 105
[2025-04-05 16:51:10,855][__main__][INFO] - EnvName: LLdV3, Steps: 120k, Episode Reward: 71
[2025-04-05 16:51:38,412][__main__][INFO] - EnvName: LLdV3, Steps: 121k, Episode Reward: 72
[2025-04-05 16:52:04,781][__main__][INFO] - EnvName: LLdV3, Steps: 122k, Episode Reward: 43
[2025-04-05 16:52:31,667][__main__][INFO] - EnvName: LLdV3, Steps: 123k, Episode Reward: 141
[2025-04-05 16:52:59,049][__main__][INFO] - EnvName: LLdV3, Steps: 124k, Episode Reward: 137
[2025-04-05 16:53:25,647][__main__][INFO] - EnvName: LLdV3, Steps: 125k, Episode Reward: 147
[2025-04-05 16:53:52,499][__main__][INFO] - EnvName: LLdV3, Steps: 126k, Episode Reward: 111
[2025-04-05 16:54:17,915][__main__][INFO] - EnvName: LLdV3, Steps: 127k, Episode Reward: 105
[2025-04-05 16:54:45,918][__main__][INFO] - EnvName: LLdV3, Steps: 128k, Episode Reward: 111
[2025-04-05 16:55:10,428][__main__][INFO] - EnvName: LLdV3, Steps: 129k, Episode Reward: 151
[2025-04-05 16:55:36,634][__main__][INFO] - EnvName: LLdV3, Steps: 130k, Episode Reward: 152
[2025-04-05 16:56:03,396][__main__][INFO] - EnvName: LLdV3, Steps: 131k, Episode Reward: 163
[2025-04-05 16:56:30,729][__main__][INFO] - EnvName: LLdV3, Steps: 132k, Episode Reward: 88
[2025-04-05 16:56:55,965][__main__][INFO] - EnvName: LLdV3, Steps: 133k, Episode Reward: 234
[2025-04-05 16:57:22,405][__main__][INFO] - EnvName: LLdV3, Steps: 134k, Episode Reward: 168
[2025-04-05 16:57:50,260][__main__][INFO] - EnvName: LLdV3, Steps: 135k, Episode Reward: 107
[2025-04-05 16:58:16,181][__main__][INFO] - EnvName: LLdV3, Steps: 136k, Episode Reward: 145
[2025-04-05 16:58:42,420][__main__][INFO] - EnvName: LLdV3, Steps: 137k, Episode Reward: 151
[2025-04-05 16:59:06,993][__main__][INFO] - EnvName: LLdV3, Steps: 138k, Episode Reward: 181
[2025-04-05 16:59:33,441][__main__][INFO] - EnvName: LLdV3, Steps: 139k, Episode Reward: 164
[2025-04-05 16:59:58,560][__main__][INFO] - EnvName: LLdV3, Steps: 140k, Episode Reward: 185
[2025-04-05 17:00:26,041][__main__][INFO] - EnvName: LLdV3, Steps: 141k, Episode Reward: 89
[2025-04-05 17:00:49,974][__main__][INFO] - EnvName: LLdV3, Steps: 142k, Episode Reward: 224
[2025-04-05 17:01:14,610][__main__][INFO] - EnvName: LLdV3, Steps: 143k, Episode Reward: 218
[2025-04-05 17:01:41,788][__main__][INFO] - EnvName: LLdV3, Steps: 144k, Episode Reward: 99
[2025-04-05 17:02:08,761][__main__][INFO] - EnvName: LLdV3, Steps: 145k, Episode Reward: 132
[2025-04-05 17:02:35,122][__main__][INFO] - EnvName: LLdV3, Steps: 146k, Episode Reward: 62
[2025-04-05 17:03:01,039][__main__][INFO] - EnvName: LLdV3, Steps: 147k, Episode Reward: 76
[2025-04-05 17:03:28,089][__main__][INFO] - EnvName: LLdV3, Steps: 148k, Episode Reward: 138
[2025-04-05 17:03:53,724][__main__][INFO] - EnvName: LLdV3, Steps: 149k, Episode Reward: 173
[2025-04-05 17:04:19,083][__main__][INFO] - EnvName: LLdV3, Steps: 150k, Episode Reward: 198
[2025-04-05 17:04:45,359][__main__][INFO] - EnvName: LLdV3, Steps: 151k, Episode Reward: 165
[2025-04-05 17:05:10,183][__main__][INFO] - EnvName: LLdV3, Steps: 152k, Episode Reward: 150
[2025-04-05 17:05:35,704][__main__][INFO] - EnvName: LLdV3, Steps: 153k, Episode Reward: 218
[2025-04-05 17:06:01,053][__main__][INFO] - EnvName: LLdV3, Steps: 154k, Episode Reward: 181
[2025-04-05 17:06:28,643][__main__][INFO] - EnvName: LLdV3, Steps: 155k, Episode Reward: 129
[2025-04-05 17:06:54,125][__main__][INFO] - EnvName: LLdV3, Steps: 156k, Episode Reward: 150
[2025-04-05 17:07:19,847][__main__][INFO] - EnvName: LLdV3, Steps: 157k, Episode Reward: 148
[2025-04-05 17:07:47,225][__main__][INFO] - EnvName: LLdV3, Steps: 158k, Episode Reward: 123
[2025-04-05 17:08:13,855][__main__][INFO] - EnvName: LLdV3, Steps: 159k, Episode Reward: 183
[2025-04-05 17:08:40,448][__main__][INFO] - EnvName: LLdV3, Steps: 160k, Episode Reward: 186
[2025-04-05 17:09:06,678][__main__][INFO] - EnvName: LLdV3, Steps: 161k, Episode Reward: 112
[2025-04-05 17:09:32,437][__main__][INFO] - EnvName: LLdV3, Steps: 162k, Episode Reward: 188
[2025-04-05 17:09:59,341][__main__][INFO] - EnvName: LLdV3, Steps: 163k, Episode Reward: 148
[2025-04-05 17:10:25,867][__main__][INFO] - EnvName: LLdV3, Steps: 164k, Episode Reward: 198
[2025-04-05 17:10:52,451][__main__][INFO] - EnvName: LLdV3, Steps: 165k, Episode Reward: 103
[2025-04-05 17:11:17,796][__main__][INFO] - EnvName: LLdV3, Steps: 166k, Episode Reward: 166
[2025-04-05 17:11:44,551][__main__][INFO] - EnvName: LLdV3, Steps: 167k, Episode Reward: 205
[2025-04-05 17:12:09,204][__main__][INFO] - EnvName: LLdV3, Steps: 168k, Episode Reward: 212
[2025-04-05 17:12:36,028][__main__][INFO] - EnvName: LLdV3, Steps: 169k, Episode Reward: 160
[2025-04-05 17:13:00,437][__main__][INFO] - EnvName: LLdV3, Steps: 170k, Episode Reward: 167
[2025-04-05 17:13:27,469][__main__][INFO] - EnvName: LLdV3, Steps: 171k, Episode Reward: 185
[2025-04-05 17:13:53,552][__main__][INFO] - EnvName: LLdV3, Steps: 172k, Episode Reward: 187
[2025-04-05 17:14:17,348][__main__][INFO] - EnvName: LLdV3, Steps: 173k, Episode Reward: 194
[2025-04-05 17:14:43,345][__main__][INFO] - EnvName: LLdV3, Steps: 174k, Episode Reward: 219
[2025-04-05 17:15:09,479][__main__][INFO] - EnvName: LLdV3, Steps: 175k, Episode Reward: 179
[2025-04-05 17:15:35,776][__main__][INFO] - EnvName: LLdV3, Steps: 176k, Episode Reward: 111
[2025-04-05 17:16:01,632][__main__][INFO] - EnvName: LLdV3, Steps: 177k, Episode Reward: 140
[2025-04-05 17:16:28,770][__main__][INFO] - EnvName: LLdV3, Steps: 178k, Episode Reward: 156
[2025-04-05 17:16:53,343][__main__][INFO] - EnvName: LLdV3, Steps: 179k, Episode Reward: 210
[2025-04-05 17:17:17,805][__main__][INFO] - EnvName: LLdV3, Steps: 180k, Episode Reward: 196
[2025-04-05 17:17:43,181][__main__][INFO] - EnvName: LLdV3, Steps: 181k, Episode Reward: 218
[2025-04-05 17:18:09,368][__main__][INFO] - EnvName: LLdV3, Steps: 182k, Episode Reward: 157
[2025-04-05 17:18:34,950][__main__][INFO] - EnvName: LLdV3, Steps: 183k, Episode Reward: 132
[2025-04-05 17:19:00,298][__main__][INFO] - EnvName: LLdV3, Steps: 184k, Episode Reward: 215
[2025-04-05 17:19:27,571][__main__][INFO] - EnvName: LLdV3, Steps: 185k, Episode Reward: 144
[2025-04-05 17:19:53,980][__main__][INFO] - EnvName: LLdV3, Steps: 186k, Episode Reward: 190
[2025-04-05 17:20:18,341][__main__][INFO] - EnvName: LLdV3, Steps: 187k, Episode Reward: 149
[2025-04-05 17:20:45,297][__main__][INFO] - EnvName: LLdV3, Steps: 188k, Episode Reward: 174
[2025-04-05 17:21:12,083][__main__][INFO] - EnvName: LLdV3, Steps: 189k, Episode Reward: 163
[2025-04-05 17:21:39,163][__main__][INFO] - EnvName: LLdV3, Steps: 190k, Episode Reward: 188
[2025-04-05 17:22:04,868][__main__][INFO] - EnvName: LLdV3, Steps: 191k, Episode Reward: 194
[2025-04-05 17:22:29,508][__main__][INFO] - EnvName: LLdV3, Steps: 192k, Episode Reward: 184
[2025-04-05 17:22:56,346][__main__][INFO] - EnvName: LLdV3, Steps: 193k, Episode Reward: 201
[2025-04-05 17:23:23,372][__main__][INFO] - EnvName: LLdV3, Steps: 194k, Episode Reward: 158
[2025-04-05 17:23:49,944][__main__][INFO] - EnvName: LLdV3, Steps: 195k, Episode Reward: 156
[2025-04-05 17:24:13,449][__main__][INFO] - EnvName: LLdV3, Steps: 196k, Episode Reward: 210
[2025-04-05 17:24:39,264][__main__][INFO] - EnvName: LLdV3, Steps: 197k, Episode Reward: 218
[2025-04-05 17:25:03,444][__main__][INFO] - EnvName: LLdV3, Steps: 198k, Episode Reward: 176
[2025-04-05 17:25:30,776][__main__][INFO] - EnvName: LLdV3, Steps: 199k, Episode Reward: 139
[2025-04-05 17:25:56,202][__main__][INFO] - EnvName: LLdV3, Steps: 200k, Episode Reward: 208
[2025-04-05 17:26:22,590][__main__][INFO] - EnvName: LLdV3, Steps: 201k, Episode Reward: 177
[2025-04-05 17:26:48,742][__main__][INFO] - EnvName: LLdV3, Steps: 202k, Episode Reward: 192
[2025-04-05 17:27:13,829][__main__][INFO] - EnvName: LLdV3, Steps: 203k, Episode Reward: 149
[2025-04-05 17:27:41,174][__main__][INFO] - EnvName: LLdV3, Steps: 204k, Episode Reward: 173
[2025-04-05 17:28:06,094][__main__][INFO] - EnvName: LLdV3, Steps: 205k, Episode Reward: 222
[2025-04-05 17:28:32,846][__main__][INFO] - EnvName: LLdV3, Steps: 206k, Episode Reward: 147
[2025-04-05 17:28:59,407][__main__][INFO] - EnvName: LLdV3, Steps: 207k, Episode Reward: 150
[2025-04-05 17:29:26,372][__main__][INFO] - EnvName: LLdV3, Steps: 208k, Episode Reward: 165
[2025-04-05 17:29:53,878][__main__][INFO] - EnvName: LLdV3, Steps: 209k, Episode Reward: 136
[2025-04-05 17:30:18,794][__main__][INFO] - EnvName: LLdV3, Steps: 210k, Episode Reward: 179
[2025-04-05 17:30:45,594][__main__][INFO] - EnvName: LLdV3, Steps: 211k, Episode Reward: 135
[2025-04-05 17:31:12,422][__main__][INFO] - EnvName: LLdV3, Steps: 212k, Episode Reward: 175
[2025-04-05 17:31:39,088][__main__][INFO] - EnvName: LLdV3, Steps: 213k, Episode Reward: 183
[2025-04-05 17:32:05,905][__main__][INFO] - EnvName: LLdV3, Steps: 214k, Episode Reward: 140
[2025-04-05 17:32:31,965][__main__][INFO] - EnvName: LLdV3, Steps: 215k, Episode Reward: 164
[2025-04-05 17:32:58,536][__main__][INFO] - EnvName: LLdV3, Steps: 216k, Episode Reward: 162
[2025-04-05 17:33:24,791][__main__][INFO] - EnvName: LLdV3, Steps: 217k, Episode Reward: 189
[2025-04-05 17:33:51,297][__main__][INFO] - EnvName: LLdV3, Steps: 218k, Episode Reward: 168
[2025-04-05 17:34:15,357][__main__][INFO] - EnvName: LLdV3, Steps: 219k, Episode Reward: 181
[2025-04-05 17:34:41,678][__main__][INFO] - EnvName: LLdV3, Steps: 220k, Episode Reward: 115
[2025-04-05 17:35:06,303][__main__][INFO] - EnvName: LLdV3, Steps: 221k, Episode Reward: 181
[2025-04-05 17:35:32,717][__main__][INFO] - EnvName: LLdV3, Steps: 222k, Episode Reward: 128
[2025-04-05 17:35:59,823][__main__][INFO] - EnvName: LLdV3, Steps: 223k, Episode Reward: 148
[2025-04-05 17:36:26,942][__main__][INFO] - EnvName: LLdV3, Steps: 224k, Episode Reward: 152
[2025-04-05 17:36:54,492][__main__][INFO] - EnvName: LLdV3, Steps: 225k, Episode Reward: 109
[2025-04-05 17:37:20,171][__main__][INFO] - EnvName: LLdV3, Steps: 226k, Episode Reward: 162
[2025-04-05 17:37:46,346][__main__][INFO] - EnvName: LLdV3, Steps: 227k, Episode Reward: 206
[2025-04-05 17:38:13,058][__main__][INFO] - EnvName: LLdV3, Steps: 228k, Episode Reward: 183
[2025-04-05 17:38:40,532][__main__][INFO] - EnvName: LLdV3, Steps: 229k, Episode Reward: 104
[2025-04-05 17:39:06,813][__main__][INFO] - EnvName: LLdV3, Steps: 230k, Episode Reward: 213
[2025-04-05 17:39:33,822][__main__][INFO] - EnvName: LLdV3, Steps: 231k, Episode Reward: 156
[2025-04-05 17:39:59,159][__main__][INFO] - EnvName: LLdV3, Steps: 232k, Episode Reward: 190
[2025-04-05 17:40:26,348][__main__][INFO] - EnvName: LLdV3, Steps: 233k, Episode Reward: 155
[2025-04-05 17:40:53,322][__main__][INFO] - EnvName: LLdV3, Steps: 234k, Episode Reward: 155
[2025-04-05 17:41:19,060][__main__][INFO] - EnvName: LLdV3, Steps: 235k, Episode Reward: 183
[2025-04-05 17:41:46,172][__main__][INFO] - EnvName: LLdV3, Steps: 236k, Episode Reward: 135
[2025-04-05 17:42:11,682][__main__][INFO] - EnvName: LLdV3, Steps: 237k, Episode Reward: 178
[2025-04-05 17:42:37,958][__main__][INFO] - EnvName: LLdV3, Steps: 238k, Episode Reward: 161
[2025-04-05 17:43:04,451][__main__][INFO] - EnvName: LLdV3, Steps: 239k, Episode Reward: 171
[2025-04-05 17:43:30,682][__main__][INFO] - EnvName: LLdV3, Steps: 240k, Episode Reward: 177
[2025-04-05 17:43:57,329][__main__][INFO] - EnvName: LLdV3, Steps: 241k, Episode Reward: 176
[2025-04-05 17:44:23,382][__main__][INFO] - EnvName: LLdV3, Steps: 242k, Episode Reward: 170
[2025-04-05 17:44:50,663][__main__][INFO] - EnvName: LLdV3, Steps: 243k, Episode Reward: 139
[2025-04-05 17:45:16,003][__main__][INFO] - EnvName: LLdV3, Steps: 244k, Episode Reward: 168
[2025-04-05 17:45:41,478][__main__][INFO] - EnvName: LLdV3, Steps: 245k, Episode Reward: 168
[2025-04-05 17:46:08,384][__main__][INFO] - EnvName: LLdV3, Steps: 246k, Episode Reward: 154
[2025-04-05 17:46:34,545][__main__][INFO] - EnvName: LLdV3, Steps: 247k, Episode Reward: 188
[2025-04-05 17:47:00,139][__main__][INFO] - EnvName: LLdV3, Steps: 248k, Episode Reward: 172
[2025-04-05 17:47:27,760][__main__][INFO] - EnvName: LLdV3, Steps: 249k, Episode Reward: 157
[2025-04-05 17:47:53,754][__main__][INFO] - EnvName: LLdV3, Steps: 250k, Episode Reward: 149
[2025-04-05 17:48:18,259][__main__][INFO] - EnvName: LLdV3, Steps: 251k, Episode Reward: 212
[2025-04-05 17:48:45,100][__main__][INFO] - EnvName: LLdV3, Steps: 252k, Episode Reward: 192
[2025-04-05 17:49:09,335][__main__][INFO] - EnvName: LLdV3, Steps: 253k, Episode Reward: 137
[2025-04-05 17:49:35,950][__main__][INFO] - EnvName: LLdV3, Steps: 254k, Episode Reward: 180
[2025-04-05 17:50:00,686][__main__][INFO] - EnvName: LLdV3, Steps: 255k, Episode Reward: 199
[2025-04-05 17:50:28,174][__main__][INFO] - EnvName: LLdV3, Steps: 256k, Episode Reward: 122
[2025-04-05 17:50:52,413][__main__][INFO] - EnvName: LLdV3, Steps: 257k, Episode Reward: 136
[2025-04-05 17:51:19,460][__main__][INFO] - EnvName: LLdV3, Steps: 258k, Episode Reward: 167
[2025-04-05 17:51:45,020][__main__][INFO] - EnvName: LLdV3, Steps: 259k, Episode Reward: 180
[2025-04-05 17:52:10,626][__main__][INFO] - EnvName: LLdV3, Steps: 260k, Episode Reward: 197
[2025-04-05 17:52:37,613][__main__][INFO] - EnvName: LLdV3, Steps: 261k, Episode Reward: 180
[2025-04-05 17:53:04,495][__main__][INFO] - EnvName: LLdV3, Steps: 262k, Episode Reward: 144
[2025-04-05 17:53:31,720][__main__][INFO] - EnvName: LLdV3, Steps: 263k, Episode Reward: 164
[2025-04-05 17:53:58,466][__main__][INFO] - EnvName: LLdV3, Steps: 264k, Episode Reward: 147
[2025-04-05 17:54:25,768][__main__][INFO] - EnvName: LLdV3, Steps: 265k, Episode Reward: 139
[2025-04-05 17:54:52,662][__main__][INFO] - EnvName: LLdV3, Steps: 266k, Episode Reward: 115
[2025-04-05 17:55:20,438][__main__][INFO] - EnvName: LLdV3, Steps: 267k, Episode Reward: 49
[2025-04-05 17:55:46,237][__main__][INFO] - EnvName: LLdV3, Steps: 268k, Episode Reward: 189
[2025-04-05 17:56:12,371][__main__][INFO] - EnvName: LLdV3, Steps: 269k, Episode Reward: 138
[2025-04-05 17:56:39,564][__main__][INFO] - EnvName: LLdV3, Steps: 270k, Episode Reward: 120
[2025-04-05 17:57:04,727][__main__][INFO] - EnvName: LLdV3, Steps: 271k, Episode Reward: 179
[2025-04-05 17:57:32,234][__main__][INFO] - EnvName: LLdV3, Steps: 272k, Episode Reward: 138
[2025-04-05 17:57:58,378][__main__][INFO] - EnvName: LLdV3, Steps: 273k, Episode Reward: 189
[2025-04-05 17:58:24,784][__main__][INFO] - EnvName: LLdV3, Steps: 274k, Episode Reward: 140
[2025-04-05 17:58:50,821][__main__][INFO] - EnvName: LLdV3, Steps: 275k, Episode Reward: 199
[2025-04-05 17:59:15,835][__main__][INFO] - EnvName: LLdV3, Steps: 276k, Episode Reward: 199
[2025-04-05 17:59:43,144][__main__][INFO] - EnvName: LLdV3, Steps: 277k, Episode Reward: 116
[2025-04-05 18:00:09,399][__main__][INFO] - EnvName: LLdV3, Steps: 278k, Episode Reward: 154
[2025-04-05 18:00:35,469][__main__][INFO] - EnvName: LLdV3, Steps: 279k, Episode Reward: 193
[2025-04-05 18:01:00,736][__main__][INFO] - EnvName: LLdV3, Steps: 280k, Episode Reward: 176
[2025-04-05 18:01:27,957][__main__][INFO] - EnvName: LLdV3, Steps: 281k, Episode Reward: 80
[2025-04-05 18:01:54,294][__main__][INFO] - EnvName: LLdV3, Steps: 282k, Episode Reward: 206
[2025-04-05 18:02:20,387][__main__][INFO] - EnvName: LLdV3, Steps: 283k, Episode Reward: 107
[2025-04-05 18:02:47,195][__main__][INFO] - EnvName: LLdV3, Steps: 284k, Episode Reward: 151
[2025-04-05 18:03:12,692][__main__][INFO] - EnvName: LLdV3, Steps: 285k, Episode Reward: 169
[2025-04-05 18:03:38,852][__main__][INFO] - EnvName: LLdV3, Steps: 286k, Episode Reward: 182
[2025-04-05 18:04:04,195][__main__][INFO] - EnvName: LLdV3, Steps: 287k, Episode Reward: 187
[2025-04-05 18:04:29,656][__main__][INFO] - EnvName: LLdV3, Steps: 288k, Episode Reward: 210
[2025-04-05 18:04:57,968][__main__][INFO] - EnvName: LLdV3, Steps: 289k, Episode Reward: 128
[2025-04-05 18:05:24,700][__main__][INFO] - EnvName: LLdV3, Steps: 290k, Episode Reward: 131
[2025-04-05 18:05:50,443][__main__][INFO] - EnvName: LLdV3, Steps: 291k, Episode Reward: 151
[2025-04-05 18:06:16,392][__main__][INFO] - EnvName: LLdV3, Steps: 292k, Episode Reward: 161
[2025-04-05 18:06:43,800][__main__][INFO] - EnvName: LLdV3, Steps: 293k, Episode Reward: 155
[2025-04-05 18:07:09,293][__main__][INFO] - EnvName: LLdV3, Steps: 294k, Episode Reward: 131
[2025-04-05 18:07:37,123][__main__][INFO] - EnvName: LLdV3, Steps: 295k, Episode Reward: 63
[2025-04-05 18:08:03,734][__main__][INFO] - EnvName: LLdV3, Steps: 296k, Episode Reward: 129
[2025-04-05 18:08:29,384][__main__][INFO] - EnvName: LLdV3, Steps: 297k, Episode Reward: 164
[2025-04-05 18:08:56,531][__main__][INFO] - EnvName: LLdV3, Steps: 298k, Episode Reward: 155
[2025-04-05 18:09:22,592][__main__][INFO] - EnvName: LLdV3, Steps: 299k, Episode Reward: 178
[2025-04-05 18:09:49,143][__main__][INFO] - EnvName: LLdV3, Steps: 300k, Episode Reward: 141
[2025-04-05 18:10:14,533][__main__][INFO] - EnvName: LLdV3, Steps: 301k, Episode Reward: 143
[2025-04-05 18:10:41,879][__main__][INFO] - EnvName: LLdV3, Steps: 302k, Episode Reward: 147
[2025-04-05 18:11:09,283][__main__][INFO] - EnvName: LLdV3, Steps: 303k, Episode Reward: 127
[2025-04-05 18:11:35,542][__main__][INFO] - EnvName: LLdV3, Steps: 304k, Episode Reward: 198
[2025-04-05 18:12:01,722][__main__][INFO] - EnvName: LLdV3, Steps: 305k, Episode Reward: 171
[2025-04-05 18:12:28,396][__main__][INFO] - EnvName: LLdV3, Steps: 306k, Episode Reward: 171
[2025-04-05 18:12:55,716][__main__][INFO] - EnvName: LLdV3, Steps: 307k, Episode Reward: 129
[2025-04-05 18:13:21,116][__main__][INFO] - EnvName: LLdV3, Steps: 308k, Episode Reward: 135
[2025-04-05 18:13:47,533][__main__][INFO] - EnvName: LLdV3, Steps: 309k, Episode Reward: 129
[2025-04-05 18:14:12,309][__main__][INFO] - EnvName: LLdV3, Steps: 310k, Episode Reward: 165
[2025-04-05 18:14:39,455][__main__][INFO] - EnvName: LLdV3, Steps: 311k, Episode Reward: 157
[2025-04-05 18:15:06,075][__main__][INFO] - EnvName: LLdV3, Steps: 312k, Episode Reward: 175
[2025-04-05 18:15:32,572][__main__][INFO] - EnvName: LLdV3, Steps: 313k, Episode Reward: 148
[2025-04-05 18:15:56,963][__main__][INFO] - EnvName: LLdV3, Steps: 314k, Episode Reward: 189
[2025-04-05 18:16:23,436][__main__][INFO] - EnvName: LLdV3, Steps: 315k, Episode Reward: 190
[2025-04-05 18:16:49,612][__main__][INFO] - EnvName: LLdV3, Steps: 316k, Episode Reward: 183
[2025-04-05 18:17:15,776][__main__][INFO] - EnvName: LLdV3, Steps: 317k, Episode Reward: 172
[2025-04-05 18:17:41,223][__main__][INFO] - EnvName: LLdV3, Steps: 318k, Episode Reward: 118
[2025-04-05 18:18:06,358][__main__][INFO] - EnvName: LLdV3, Steps: 319k, Episode Reward: 168
[2025-04-05 18:18:31,901][__main__][INFO] - EnvName: LLdV3, Steps: 320k, Episode Reward: 185
[2025-04-05 18:18:58,807][__main__][INFO] - EnvName: LLdV3, Steps: 321k, Episode Reward: 189
[2025-04-05 18:19:26,747][__main__][INFO] - EnvName: LLdV3, Steps: 322k, Episode Reward: 90
[2025-04-05 18:19:54,652][__main__][INFO] - EnvName: LLdV3, Steps: 323k, Episode Reward: 196
[2025-04-05 18:20:21,565][__main__][INFO] - EnvName: LLdV3, Steps: 324k, Episode Reward: 168
[2025-04-05 18:20:50,585][__main__][INFO] - EnvName: LLdV3, Steps: 325k, Episode Reward: 156
[2025-04-05 18:21:19,152][__main__][INFO] - EnvName: LLdV3, Steps: 326k, Episode Reward: 112
[2025-04-05 18:21:47,594][__main__][INFO] - EnvName: LLdV3, Steps: 327k, Episode Reward: 178
[2025-04-05 18:22:15,462][__main__][INFO] - EnvName: LLdV3, Steps: 328k, Episode Reward: 198
[2025-04-05 18:22:43,692][__main__][INFO] - EnvName: LLdV3, Steps: 329k, Episode Reward: 152
[2025-04-05 18:23:11,588][__main__][INFO] - EnvName: LLdV3, Steps: 330k, Episode Reward: 215
[2025-04-05 18:23:41,200][__main__][INFO] - EnvName: LLdV3, Steps: 331k, Episode Reward: 25
[2025-04-05 18:24:07,628][__main__][INFO] - EnvName: LLdV3, Steps: 332k, Episode Reward: 125
[2025-04-05 18:24:37,853][__main__][INFO] - EnvName: LLdV3, Steps: 333k, Episode Reward: 80
[2025-04-05 18:25:05,657][__main__][INFO] - EnvName: LLdV3, Steps: 334k, Episode Reward: 70
[2025-04-05 18:25:33,478][__main__][INFO] - EnvName: LLdV3, Steps: 335k, Episode Reward: 197
[2025-04-05 18:26:00,707][__main__][INFO] - EnvName: LLdV3, Steps: 336k, Episode Reward: 192
[2025-04-05 18:26:29,544][__main__][INFO] - EnvName: LLdV3, Steps: 337k, Episode Reward: 156
[2025-04-05 18:26:57,586][__main__][INFO] - EnvName: LLdV3, Steps: 338k, Episode Reward: 187
[2025-04-05 18:27:25,957][__main__][INFO] - EnvName: LLdV3, Steps: 339k, Episode Reward: 146
[2025-04-05 18:27:54,578][__main__][INFO] - EnvName: LLdV3, Steps: 340k, Episode Reward: 196
[2025-04-05 18:28:22,803][__main__][INFO] - EnvName: LLdV3, Steps: 341k, Episode Reward: 171
[2025-04-05 18:28:51,184][__main__][INFO] - EnvName: LLdV3, Steps: 342k, Episode Reward: 188
[2025-04-05 18:29:20,434][__main__][INFO] - EnvName: LLdV3, Steps: 343k, Episode Reward: 173
[2025-04-05 18:29:49,832][__main__][INFO] - EnvName: LLdV3, Steps: 344k, Episode Reward: 180
[2025-04-05 18:30:16,342][__main__][INFO] - EnvName: LLdV3, Steps: 345k, Episode Reward: 213
[2025-04-05 18:30:45,101][__main__][INFO] - EnvName: LLdV3, Steps: 346k, Episode Reward: 190
[2025-04-05 18:31:13,450][__main__][INFO] - EnvName: LLdV3, Steps: 347k, Episode Reward: 138
[2025-04-05 18:31:41,862][__main__][INFO] - EnvName: LLdV3, Steps: 348k, Episode Reward: 179
[2025-04-05 18:32:09,368][__main__][INFO] - EnvName: LLdV3, Steps: 349k, Episode Reward: 244
[2025-04-05 18:32:37,064][__main__][INFO] - EnvName: LLdV3, Steps: 350k, Episode Reward: 194
[2025-04-05 18:33:06,161][__main__][INFO] - EnvName: LLdV3, Steps: 351k, Episode Reward: 134
[2025-04-05 18:33:34,636][__main__][INFO] - EnvName: LLdV3, Steps: 352k, Episode Reward: 117
[2025-04-05 18:34:01,568][__main__][INFO] - EnvName: LLdV3, Steps: 353k, Episode Reward: 154
[2025-04-05 18:34:29,883][__main__][INFO] - EnvName: LLdV3, Steps: 354k, Episode Reward: 191
[2025-04-05 18:34:57,170][__main__][INFO] - EnvName: LLdV3, Steps: 355k, Episode Reward: 155
[2025-04-05 18:35:27,077][__main__][INFO] - EnvName: LLdV3, Steps: 356k, Episode Reward: 114
[2025-04-05 18:35:55,094][__main__][INFO] - EnvName: LLdV3, Steps: 357k, Episode Reward: 146
[2025-04-05 18:36:22,430][__main__][INFO] - EnvName: LLdV3, Steps: 358k, Episode Reward: 169
[2025-04-05 18:36:50,482][__main__][INFO] - EnvName: LLdV3, Steps: 359k, Episode Reward: 214
[2025-04-05 18:37:16,441][__main__][INFO] - EnvName: LLdV3, Steps: 360k, Episode Reward: 192
[2025-04-05 18:37:45,088][__main__][INFO] - EnvName: LLdV3, Steps: 361k, Episode Reward: 188
[2025-04-05 18:38:12,712][__main__][INFO] - EnvName: LLdV3, Steps: 362k, Episode Reward: 213
[2025-04-05 18:38:40,862][__main__][INFO] - EnvName: LLdV3, Steps: 363k, Episode Reward: 172
[2025-04-05 18:39:07,783][__main__][INFO] - EnvName: LLdV3, Steps: 364k, Episode Reward: 184
[2025-04-05 18:39:37,105][__main__][INFO] - EnvName: LLdV3, Steps: 365k, Episode Reward: 54
[2025-04-05 18:40:03,874][__main__][INFO] - EnvName: LLdV3, Steps: 366k, Episode Reward: 213
[2025-04-05 18:40:33,053][__main__][INFO] - EnvName: LLdV3, Steps: 367k, Episode Reward: 191
[2025-04-05 18:41:01,310][__main__][INFO] - EnvName: LLdV3, Steps: 368k, Episode Reward: 167
[2025-04-05 18:41:29,929][__main__][INFO] - EnvName: LLdV3, Steps: 369k, Episode Reward: 152
[2025-04-05 18:41:58,442][__main__][INFO] - EnvName: LLdV3, Steps: 370k, Episode Reward: 179
[2025-04-05 18:42:26,799][__main__][INFO] - EnvName: LLdV3, Steps: 371k, Episode Reward: 214
[2025-04-05 18:42:54,703][__main__][INFO] - EnvName: LLdV3, Steps: 372k, Episode Reward: 218
[2025-04-05 18:43:20,982][__main__][INFO] - EnvName: LLdV3, Steps: 373k, Episode Reward: 208
[2025-04-05 18:43:48,122][__main__][INFO] - EnvName: LLdV3, Steps: 374k, Episode Reward: 209
[2025-04-05 18:44:14,089][__main__][INFO] - EnvName: LLdV3, Steps: 375k, Episode Reward: 199
[2025-04-05 18:44:42,213][__main__][INFO] - EnvName: LLdV3, Steps: 376k, Episode Reward: 214
[2025-04-05 18:45:07,545][__main__][INFO] - EnvName: LLdV3, Steps: 377k, Episode Reward: 222
[2025-04-05 18:45:35,825][__main__][INFO] - EnvName: LLdV3, Steps: 378k, Episode Reward: 174
[2025-04-05 18:46:03,852][__main__][INFO] - EnvName: LLdV3, Steps: 379k, Episode Reward: 191
[2025-04-05 18:46:32,800][__main__][INFO] - EnvName: LLdV3, Steps: 380k, Episode Reward: 141
[2025-04-05 18:47:01,178][__main__][INFO] - EnvName: LLdV3, Steps: 381k, Episode Reward: 137
[2025-04-05 18:47:29,526][__main__][INFO] - EnvName: LLdV3, Steps: 382k, Episode Reward: 192
[2025-04-05 18:47:58,700][__main__][INFO] - EnvName: LLdV3, Steps: 383k, Episode Reward: 137
[2025-04-05 18:48:27,385][__main__][INFO] - EnvName: LLdV3, Steps: 384k, Episode Reward: 172
[2025-04-05 18:48:55,864][__main__][INFO] - EnvName: LLdV3, Steps: 385k, Episode Reward: 186
[2025-04-05 18:49:22,778][__main__][INFO] - EnvName: LLdV3, Steps: 386k, Episode Reward: 219
[2025-04-05 18:49:52,221][__main__][INFO] - EnvName: LLdV3, Steps: 387k, Episode Reward: 148
[2025-04-05 18:50:20,473][__main__][INFO] - EnvName: LLdV3, Steps: 388k, Episode Reward: 214
[2025-04-05 18:50:47,607][__main__][INFO] - EnvName: LLdV3, Steps: 389k, Episode Reward: 221
[2025-04-05 18:51:15,107][__main__][INFO] - EnvName: LLdV3, Steps: 390k, Episode Reward: 139
[2025-04-05 18:51:42,986][__main__][INFO] - EnvName: LLdV3, Steps: 391k, Episode Reward: 233
[2025-04-05 18:52:12,113][__main__][INFO] - EnvName: LLdV3, Steps: 392k, Episode Reward: 163
[2025-04-05 18:52:40,951][__main__][INFO] - EnvName: LLdV3, Steps: 393k, Episode Reward: 160
[2025-04-05 18:53:09,989][__main__][INFO] - EnvName: LLdV3, Steps: 394k, Episode Reward: 152
[2025-04-05 18:53:37,417][__main__][INFO] - EnvName: LLdV3, Steps: 395k, Episode Reward: 225
[2025-04-05 18:54:06,034][__main__][INFO] - EnvName: LLdV3, Steps: 396k, Episode Reward: 202
[2025-04-05 18:54:32,306][__main__][INFO] - EnvName: LLdV3, Steps: 397k, Episode Reward: 202
[2025-04-05 18:54:59,648][__main__][INFO] - EnvName: LLdV3, Steps: 398k, Episode Reward: 195
[2025-04-05 18:55:26,944][__main__][INFO] - EnvName: LLdV3, Steps: 399k, Episode Reward: 204
[2025-04-05 18:55:53,713][__main__][INFO] - EnvName: LLdV3, Steps: 400k, Episode Reward: 180
[2025-04-05 18:56:22,123][__main__][INFO] - EnvName: LLdV3, Steps: 401k, Episode Reward: 196
[2025-04-05 18:56:49,475][__main__][INFO] - EnvName: LLdV3, Steps: 402k, Episode Reward: 222
[2025-04-05 18:57:16,066][__main__][INFO] - EnvName: LLdV3, Steps: 403k, Episode Reward: 242
[2025-04-05 18:57:44,774][__main__][INFO] - EnvName: LLdV3, Steps: 404k, Episode Reward: 167
[2025-04-05 18:58:12,640][__main__][INFO] - EnvName: LLdV3, Steps: 405k, Episode Reward: 179
[2025-04-05 18:58:40,880][__main__][INFO] - EnvName: LLdV3, Steps: 406k, Episode Reward: 177
[2025-04-05 18:59:08,299][__main__][INFO] - EnvName: LLdV3, Steps: 407k, Episode Reward: 246
[2025-04-05 18:59:36,462][__main__][INFO] - EnvName: LLdV3, Steps: 408k, Episode Reward: 225
[2025-04-05 19:00:02,874][__main__][INFO] - EnvName: LLdV3, Steps: 409k, Episode Reward: 201
[2025-04-05 19:00:32,153][__main__][INFO] - EnvName: LLdV3, Steps: 410k, Episode Reward: 163
[2025-04-05 19:00:58,519][__main__][INFO] - EnvName: LLdV3, Steps: 411k, Episode Reward: 209
[2025-04-05 19:01:26,624][__main__][INFO] - EnvName: LLdV3, Steps: 412k, Episode Reward: 191
[2025-04-05 19:01:53,010][__main__][INFO] - EnvName: LLdV3, Steps: 413k, Episode Reward: 236
[2025-04-05 19:02:20,078][__main__][INFO] - EnvName: LLdV3, Steps: 414k, Episode Reward: 228
[2025-04-05 19:02:47,609][__main__][INFO] - EnvName: LLdV3, Steps: 415k, Episode Reward: 217
[2025-04-05 19:03:13,434][__main__][INFO] - EnvName: LLdV3, Steps: 416k, Episode Reward: 220
[2025-04-05 19:03:40,930][__main__][INFO] - EnvName: LLdV3, Steps: 417k, Episode Reward: 211
[2025-04-05 19:04:07,121][__main__][INFO] - EnvName: LLdV3, Steps: 418k, Episode Reward: 229
[2025-04-05 19:04:35,326][__main__][INFO] - EnvName: LLdV3, Steps: 419k, Episode Reward: 200
[2025-04-05 19:05:04,556][__main__][INFO] - EnvName: LLdV3, Steps: 420k, Episode Reward: 184
[2025-04-05 19:05:32,502][__main__][INFO] - EnvName: LLdV3, Steps: 421k, Episode Reward: 175
[2025-04-05 19:06:00,030][__main__][INFO] - EnvName: LLdV3, Steps: 422k, Episode Reward: 200
[2025-04-05 19:06:28,394][__main__][INFO] - EnvName: LLdV3, Steps: 423k, Episode Reward: 203
[2025-04-05 19:06:55,318][__main__][INFO] - EnvName: LLdV3, Steps: 424k, Episode Reward: 220
[2025-04-05 19:07:22,649][__main__][INFO] - EnvName: LLdV3, Steps: 425k, Episode Reward: 211
[2025-04-05 19:07:51,750][__main__][INFO] - EnvName: LLdV3, Steps: 426k, Episode Reward: 213
[2025-04-05 19:08:19,084][__main__][INFO] - EnvName: LLdV3, Steps: 427k, Episode Reward: 200
[2025-04-05 19:08:47,132][__main__][INFO] - EnvName: LLdV3, Steps: 428k, Episode Reward: 209
[2025-04-05 19:09:14,626][__main__][INFO] - EnvName: LLdV3, Steps: 429k, Episode Reward: 195
[2025-04-05 19:09:42,573][__main__][INFO] - EnvName: LLdV3, Steps: 430k, Episode Reward: 219
[2025-04-05 19:10:08,206][__main__][INFO] - EnvName: LLdV3, Steps: 431k, Episode Reward: 228
[2025-04-05 19:10:36,066][__main__][INFO] - EnvName: LLdV3, Steps: 432k, Episode Reward: 210
[2025-04-05 19:11:03,663][__main__][INFO] - EnvName: LLdV3, Steps: 433k, Episode Reward: 182
[2025-04-05 19:11:30,764][__main__][INFO] - EnvName: LLdV3, Steps: 434k, Episode Reward: 258
[2025-04-05 19:11:57,059][__main__][INFO] - EnvName: LLdV3, Steps: 435k, Episode Reward: 228
[2025-04-05 19:12:25,031][__main__][INFO] - EnvName: LLdV3, Steps: 436k, Episode Reward: 226
[2025-04-05 19:12:52,502][__main__][INFO] - EnvName: LLdV3, Steps: 437k, Episode Reward: 229
[2025-04-05 19:13:18,434][__main__][INFO] - EnvName: LLdV3, Steps: 438k, Episode Reward: 168
[2025-04-05 19:13:45,978][__main__][INFO] - EnvName: LLdV3, Steps: 439k, Episode Reward: 224
[2025-04-05 19:14:12,473][__main__][INFO] - EnvName: LLdV3, Steps: 440k, Episode Reward: 232
[2025-04-05 19:14:37,820][__main__][INFO] - EnvName: LLdV3, Steps: 441k, Episode Reward: 241
[2025-04-05 19:15:05,108][__main__][INFO] - EnvName: LLdV3, Steps: 442k, Episode Reward: 195
[2025-04-05 19:15:33,296][__main__][INFO] - EnvName: LLdV3, Steps: 443k, Episode Reward: 235
[2025-04-05 19:15:58,871][__main__][INFO] - EnvName: LLdV3, Steps: 444k, Episode Reward: 230
[2025-04-05 19:16:27,841][__main__][INFO] - EnvName: LLdV3, Steps: 445k, Episode Reward: 196
[2025-04-05 19:16:55,583][__main__][INFO] - EnvName: LLdV3, Steps: 446k, Episode Reward: 208
[2025-04-05 19:17:23,542][__main__][INFO] - EnvName: LLdV3, Steps: 447k, Episode Reward: 220
[2025-04-05 19:17:51,309][__main__][INFO] - EnvName: LLdV3, Steps: 448k, Episode Reward: 216
[2025-04-05 19:18:16,977][__main__][INFO] - EnvName: LLdV3, Steps: 449k, Episode Reward: 246
[2025-04-05 19:18:43,650][__main__][INFO] - EnvName: LLdV3, Steps: 450k, Episode Reward: 212
[2025-04-05 19:19:10,559][__main__][INFO] - EnvName: LLdV3, Steps: 451k, Episode Reward: 232
[2025-04-05 19:19:39,372][__main__][INFO] - EnvName: LLdV3, Steps: 452k, Episode Reward: 202
[2025-04-05 19:20:05,451][__main__][INFO] - EnvName: LLdV3, Steps: 453k, Episode Reward: 214
[2025-04-05 19:20:33,556][__main__][INFO] - EnvName: LLdV3, Steps: 454k, Episode Reward: 204
[2025-04-05 19:20:59,337][__main__][INFO] - EnvName: LLdV3, Steps: 455k, Episode Reward: 221
[2025-04-05 19:21:27,742][__main__][INFO] - EnvName: LLdV3, Steps: 456k, Episode Reward: 213
[2025-04-05 19:21:56,233][__main__][INFO] - EnvName: LLdV3, Steps: 457k, Episode Reward: 181
[2025-04-05 19:22:24,021][__main__][INFO] - EnvName: LLdV3, Steps: 458k, Episode Reward: 217
[2025-04-05 19:22:53,347][__main__][INFO] - EnvName: LLdV3, Steps: 459k, Episode Reward: 171
[2025-04-05 19:23:21,594][__main__][INFO] - EnvName: LLdV3, Steps: 460k, Episode Reward: 213
[2025-04-05 19:23:50,508][__main__][INFO] - EnvName: LLdV3, Steps: 461k, Episode Reward: 179
[2025-04-05 19:24:15,811][__main__][INFO] - EnvName: LLdV3, Steps: 462k, Episode Reward: 228
[2025-04-05 19:24:43,086][__main__][INFO] - EnvName: LLdV3, Steps: 463k, Episode Reward: 241
[2025-04-05 19:25:09,716][__main__][INFO] - EnvName: LLdV3, Steps: 464k, Episode Reward: 205
[2025-04-05 19:25:37,054][__main__][INFO] - EnvName: LLdV3, Steps: 465k, Episode Reward: 207
[2025-04-05 19:26:00,970][__main__][INFO] - EnvName: LLdV3, Steps: 466k, Episode Reward: 247
[2025-04-05 19:26:28,937][__main__][INFO] - EnvName: LLdV3, Steps: 467k, Episode Reward: 206
[2025-04-05 19:26:54,590][__main__][INFO] - EnvName: LLdV3, Steps: 468k, Episode Reward: 236
[2025-04-05 19:27:21,299][__main__][INFO] - EnvName: LLdV3, Steps: 469k, Episode Reward: 224
[2025-04-05 19:27:48,971][__main__][INFO] - EnvName: LLdV3, Steps: 470k, Episode Reward: 235
[2025-04-05 19:28:16,064][__main__][INFO] - EnvName: LLdV3, Steps: 471k, Episode Reward: 234
[2025-04-05 19:28:43,931][__main__][INFO] - EnvName: LLdV3, Steps: 472k, Episode Reward: 220
[2025-04-05 19:29:09,829][__main__][INFO] - EnvName: LLdV3, Steps: 473k, Episode Reward: 241
[2025-04-05 19:29:37,775][__main__][INFO] - EnvName: LLdV3, Steps: 474k, Episode Reward: 224
[2025-04-05 19:30:05,131][__main__][INFO] - EnvName: LLdV3, Steps: 475k, Episode Reward: 213
[2025-04-05 19:30:33,092][__main__][INFO] - EnvName: LLdV3, Steps: 476k, Episode Reward: 224
[2025-04-05 19:30:57,175][__main__][INFO] - EnvName: LLdV3, Steps: 477k, Episode Reward: 247
[2025-04-05 19:31:23,752][__main__][INFO] - EnvName: LLdV3, Steps: 478k, Episode Reward: 238
[2025-04-05 19:31:49,201][__main__][INFO] - EnvName: LLdV3, Steps: 479k, Episode Reward: 259
[2025-04-05 19:32:15,673][__main__][INFO] - EnvName: LLdV3, Steps: 480k, Episode Reward: 241
[2025-04-05 19:32:43,366][__main__][INFO] - EnvName: LLdV3, Steps: 481k, Episode Reward: 212
[2025-04-05 19:33:08,509][__main__][INFO] - EnvName: LLdV3, Steps: 482k, Episode Reward: 242
[2025-04-05 19:33:35,885][__main__][INFO] - EnvName: LLdV3, Steps: 483k, Episode Reward: 244
[2025-04-05 19:34:03,605][__main__][INFO] - EnvName: LLdV3, Steps: 484k, Episode Reward: 205
[2025-04-05 19:34:30,136][__main__][INFO] - EnvName: LLdV3, Steps: 485k, Episode Reward: 234
[2025-04-05 19:34:57,383][__main__][INFO] - EnvName: LLdV3, Steps: 486k, Episode Reward: 214
[2025-04-05 19:35:23,962][__main__][INFO] - EnvName: LLdV3, Steps: 487k, Episode Reward: 247
[2025-04-05 19:35:49,857][__main__][INFO] - EnvName: LLdV3, Steps: 488k, Episode Reward: 246
[2025-04-05 19:36:17,103][__main__][INFO] - EnvName: LLdV3, Steps: 489k, Episode Reward: 225
[2025-04-05 19:36:44,275][__main__][INFO] - EnvName: LLdV3, Steps: 490k, Episode Reward: 227
[2025-04-05 19:37:12,315][__main__][INFO] - EnvName: LLdV3, Steps: 491k, Episode Reward: 173
[2025-04-05 19:37:40,499][__main__][INFO] - EnvName: LLdV3, Steps: 492k, Episode Reward: 224
[2025-04-05 19:38:08,051][__main__][INFO] - EnvName: LLdV3, Steps: 493k, Episode Reward: 232
[2025-04-05 19:38:35,962][__main__][INFO] - EnvName: LLdV3, Steps: 494k, Episode Reward: 234
[2025-04-05 19:39:01,202][__main__][INFO] - EnvName: LLdV3, Steps: 495k, Episode Reward: 237
[2025-04-05 19:39:29,052][__main__][INFO] - EnvName: LLdV3, Steps: 496k, Episode Reward: 224
[2025-04-05 19:39:56,715][__main__][INFO] - EnvName: LLdV3, Steps: 497k, Episode Reward: 226
[2025-04-05 19:40:24,724][__main__][INFO] - EnvName: LLdV3, Steps: 498k, Episode Reward: 228
[2025-04-05 19:40:51,716][__main__][INFO] - EnvName: LLdV3, Steps: 499k, Episode Reward: 202
[2025-04-05 19:41:18,052][__main__][INFO] - EnvName: LLdV3, Steps: 500k, Episode Reward: 235
[2025-04-05 19:41:18,056][__main__][INFO] - Training completed. Evaluating across 20 episodes
[2025-04-05 19:41:23,340][__main__][INFO] - Final evaluation - Mean: 225.25, Std: 31.00
[2025-04-05 19:41:23,340][__main__][INFO] - 90th percentile: 272.20, 10th percentile: 189.60
[2025-04-05 19:41:23,345][__main__][INFO] - Final model saved to models/SAC_model/LLdV3
