[2025-04-17 09:58:52,880][__main__][INFO] - Configuration:
device: cuda
mode: offline
model: DDPG
write: false
debug_print: false
render: false
load_model: false
load_path: None
eval_model: false
save_model: true
data_path: ./dataset/PV1/TD3/no_noise/eps0.5
epsilon: 0.1
seed: 42
max_train_steps: 100000
save_interval: 10000
eval_interval: 1000
update_every: 50
explore_episode: 50
gamma: 0.99
tau: 0.005
net_arch:
- 256
- 256
net_layer: 1
a_lr: 0.0005
c_lr: 0.0005
l2_reg: 0.0
batch_size: 256
reward_adapt: true
noise: false
type: gaussian
adv: false
spread: 0.0
scale: 1.0
delta: 0.0
env_name: Pendulum-v1
env_index: 0
b_lr: 5.0e-05
g_lr: 5.0e-05
r_lr: 5.0e-05
env_mods:
  use_mods: false
  observation_noise:
    enabled: false
    type: gaussian
    level: 0.1
    frequency: 1.0
  action_perturb:
    enabled: false
    type: noise
    probability: 0.1
    level: 0.1
  reward_shift:
    enabled: false
    type: scale
    param: 0.9
    noise_level: 0.1
  transition_perturb:
    enabled: false
    type: teleport
    probability: 0.05
    level: 0.1
  param_shift:
    enabled: false
    train_apply: false
    eval_apply: true
    g_factor: 1.0
    m_factor: 1.0
    l_factor: 1.0
    len_factor: 1.0
    force_mag_factor: 1.0
    gravity_factor: 1.0
    wind_power: 0.0
    turbulence_power: 0.0
    engine_factor: 1.0
  custom:
    enabled: false
    spread: 0.0
    type: gaussian
    adv: false
  eval:
    use_modified: true
    scale_noise: false
    noise_scale_factor: 2.0
    include_action_perturb: true
    include_reward_shift: true
    include_transition_perturb: true

[2025-04-17 09:58:52,955][__main__][INFO] - System information:
[2025-04-17 09:58:52,956][__main__][INFO] -   Platform: Linux-6.11.0-21-generic-x86_64-with-glibc2.10
[2025-04-17 09:58:52,956][__main__][INFO] -   Python: 3.8.19
[2025-04-17 09:58:52,956][__main__][INFO] -   PyTorch: 2.4.1+cu121
[2025-04-17 09:58:52,956][__main__][INFO] -   CUDA Available: True
[2025-04-17 09:58:52,956][__main__][INFO] -   CUDA Version: 12.1
[2025-04-17 09:58:52,956][__main__][INFO] -   GPU: NVIDIA GeForce GTX 1080 Ti
[2025-04-17 09:58:52,965][__main__][INFO] - Env: Pendulum-v1  state_dim: 3  action_dim: 1  max_a: 2.0  min_a: -2.0  max_e_steps: 200
[2025-04-17 09:58:52,967][__main__][INFO] - Random Seed: 42
[2025-04-17 09:58:52,967][__main__][INFO] - Models will be saved to models/d3rl_model/PV1
[2025-04-17 10:00:18,038][__main__][INFO] - Configuration:
device: cuda
mode: offline
model: DDPG
write: false
debug_print: false
render: false
load_model: false
load_path: None
eval_model: false
save_model: true
data_path: ./dataset/PV1/TD3/no_noise/eps0.5
epsilon: 0.1
seed: 42
max_train_steps: 100000
save_interval: 10000
eval_interval: 1000
update_every: 50
explore_episode: 50
gamma: 0.99
tau: 0.005
net_arch:
- 256
- 256
net_layer: 1
a_lr: 0.0005
c_lr: 0.0005
l2_reg: 0.0
batch_size: 256
reward_adapt: true
noise: false
type: gaussian
adv: false
spread: 0.0
scale: 1.0
delta: 0.0
env_name: Pendulum-v1
env_index: 0
b_lr: 5.0e-05
g_lr: 5.0e-05
r_lr: 5.0e-05
env_mods:
  use_mods: false
  observation_noise:
    enabled: false
    type: gaussian
    level: 0.1
    frequency: 1.0
  action_perturb:
    enabled: false
    type: noise
    probability: 0.1
    level: 0.1
  reward_shift:
    enabled: false
    type: scale
    param: 0.9
    noise_level: 0.1
  transition_perturb:
    enabled: false
    type: teleport
    probability: 0.05
    level: 0.1
  param_shift:
    enabled: false
    train_apply: false
    eval_apply: true
    g_factor: 1.0
    m_factor: 1.0
    l_factor: 1.0
    len_factor: 1.0
    force_mag_factor: 1.0
    gravity_factor: 1.0
    wind_power: 0.0
    turbulence_power: 0.0
    engine_factor: 1.0
  custom:
    enabled: false
    spread: 0.0
    type: gaussian
    adv: false
  eval:
    use_modified: true
    scale_noise: false
    noise_scale_factor: 2.0
    include_action_perturb: true
    include_reward_shift: true
    include_transition_perturb: true

[2025-04-17 10:00:18,114][__main__][INFO] - System information:
[2025-04-17 10:00:18,114][__main__][INFO] -   Platform: Linux-6.11.0-21-generic-x86_64-with-glibc2.10
[2025-04-17 10:00:18,114][__main__][INFO] -   Python: 3.8.19
[2025-04-17 10:00:18,114][__main__][INFO] -   PyTorch: 2.4.1+cu121
[2025-04-17 10:00:18,114][__main__][INFO] -   CUDA Available: True
[2025-04-17 10:00:18,115][__main__][INFO] -   CUDA Version: 12.1
[2025-04-17 10:00:18,115][__main__][INFO] -   GPU: NVIDIA GeForce GTX 1080 Ti
[2025-04-17 10:00:18,128][__main__][INFO] - Env: Pendulum-v1  state_dim: 3  action_dim: 1  max_a: 2.0  min_a: -2.0  max_e_steps: 200
[2025-04-17 10:00:18,129][__main__][INFO] - Random Seed: 42
[2025-04-17 10:00:18,130][__main__][INFO] - Models will be saved to models/d3rl_model/PV1
[2025-04-17 10:22:04,589][__main__][INFO] - Training completed. Evaluating across 20 episodes
[2025-04-17 10:22:06,596][__main__][INFO] - Final evaluation - Mean: -252.05, Std: 172.42
[2025-04-17 10:22:06,596][__main__][INFO] - 90th percentile: -109.80, 10th percentile: -497.50
