[2025-04-18 17:43:18,910][__main__][INFO] - Configuration:
device: cuda
mode: offline
write: false
debug_print: false
render: false
load_model: false
load_path: None
eval_model: false
save_model: true
data_path: ./dataset/CPV0/SAC/no_noise/eps0.5
epsilon: 0.1
seed: 42
max_train_steps: 20000
save_interval: 10000
eval_interval: 1000
update_every: 50
explore_episode: 50
gamma: 0.99
tau: 0.005
net_arch:
- 256
- 256
net_layer: 1
n_critic: 2
a_lr: 0.005
c_lr: 5.0e-05
b_lr: 5.0e-05
g_lr: 0.0005
r_lr: 0.0005
l2_reg: 0
batch_size: 256
alpha: 0.12
adaptive_alpha: true
reward_adapt: true
robust: false
robust_optimizer: functional
noise: false
type: gaussian
adv: false
spread: 0.0
scale: 1.0
delta: 0.0
env_name: ContinuousCartPole
env_index: 1
env_mods:
  use_mods: false
  observation_noise:
    enabled: false
    type: gaussian
    level: 0.1
    frequency: 1.0
  action_perturb:
    enabled: false
    type: noise
    probability: 0.1
    level: 0.1
  reward_shift:
    enabled: false
    type: scale
    param: 0.9
    noise_level: 0.1
  transition_perturb:
    enabled: false
    type: teleport
    probability: 0.05
    level: 0.1
  param_shift:
    enabled: false
    train_apply: false
    eval_apply: true
    g_factor: 1.0
    m_factor: 1.0
    l_factor: 1.0
    len_factor: 1.0
    force_mag_factor: 1.0
    gravity_factor: 1.0
    wind_power: 0.0
    turbulence_power: 0.0
    engine_factor: 1.0
  custom:
    enabled: false
    spread: 0.0
    type: gaussian
    adv: false
  eval:
    use_modified: true
    scale_noise: false
    noise_scale_factor: 2.0
    include_action_perturb: true
    include_reward_shift: true
    include_transition_perturb: true

[2025-04-18 17:43:18,959][__main__][INFO] - System information:
[2025-04-18 17:43:18,960][__main__][INFO] -   Platform: Linux-6.11.0-21-generic-x86_64-with-glibc2.39
[2025-04-18 17:43:18,960][__main__][INFO] -   Python: 3.12.2
[2025-04-18 17:43:18,960][__main__][INFO] -   PyTorch: 2.5.1
[2025-04-18 17:43:18,960][__main__][INFO] -   CUDA Available: True
[2025-04-18 17:43:18,960][__main__][INFO] -   CUDA Version: 12.4
[2025-04-18 17:43:18,960][__main__][INFO] -   GPU: NVIDIA GeForce GTX 1080 Ti
[2025-04-18 17:43:18,967][__main__][INFO] - Env: ContinuousCartPole-v0  state_dim: 4  action_dim: 1  max_a: 1.0  min_a: -1.0  max_e_steps: 500
[2025-04-18 17:43:18,968][__main__][INFO] - Random Seed: 42
[2025-04-18 17:43:18,968][__main__][INFO] - Models will be saved to models/SAC_model/CPV0
[2025-04-18 17:43:42,837][__main__][INFO] - EnvName: CPV0, Steps: 1k, Episode Reward: 6
[2025-04-18 17:44:01,449][__main__][INFO] - EnvName: CPV0, Steps: 2k, Episode Reward: 17
[2025-04-18 17:44:24,825][__main__][INFO] - EnvName: CPV0, Steps: 3k, Episode Reward: 91
[2025-04-18 17:44:47,666][__main__][INFO] - EnvName: CPV0, Steps: 4k, Episode Reward: 218
[2025-04-18 17:45:10,404][__main__][INFO] - EnvName: CPV0, Steps: 5k, Episode Reward: 317
[2025-04-18 17:45:35,600][__main__][INFO] - EnvName: CPV0, Steps: 6k, Episode Reward: 301
[2025-04-18 17:45:57,865][__main__][INFO] - EnvName: CPV0, Steps: 7k, Episode Reward: 313
[2025-04-18 17:46:20,930][__main__][INFO] - EnvName: CPV0, Steps: 8k, Episode Reward: 361
[2025-04-18 17:46:44,746][__main__][INFO] - EnvName: CPV0, Steps: 9k, Episode Reward: 336
[2025-04-18 17:47:07,823][__main__][INFO] - EnvName: CPV0, Steps: 10k, Episode Reward: 366
[2025-04-18 17:47:33,453][__main__][INFO] - EnvName: CPV0, Steps: 11k, Episode Reward: 354
[2025-04-18 17:47:57,491][__main__][INFO] - EnvName: CPV0, Steps: 12k, Episode Reward: 324
[2025-04-18 17:48:19,504][__main__][INFO] - EnvName: CPV0, Steps: 13k, Episode Reward: 315
[2025-04-18 17:48:43,245][__main__][INFO] - EnvName: CPV0, Steps: 14k, Episode Reward: 369
[2025-04-18 17:49:07,051][__main__][INFO] - EnvName: CPV0, Steps: 15k, Episode Reward: 484
[2025-04-18 17:49:32,181][__main__][INFO] - EnvName: CPV0, Steps: 16k, Episode Reward: 500
[2025-04-18 17:49:55,863][__main__][INFO] - EnvName: CPV0, Steps: 17k, Episode Reward: 500
[2025-04-18 17:50:19,600][__main__][INFO] - EnvName: CPV0, Steps: 18k, Episode Reward: 500
[2025-04-18 17:50:45,407][__main__][INFO] - EnvName: CPV0, Steps: 19k, Episode Reward: 500
[2025-04-18 17:51:10,376][__main__][INFO] - EnvName: CPV0, Steps: 20k, Episode Reward: 500
[2025-04-18 17:51:10,380][__main__][INFO] - Training completed. Evaluating across 20 episodes
[2025-04-18 17:51:16,044][__main__][INFO] - Final evaluation - Mean: 500.00, Std: 0.00
[2025-04-18 17:51:16,044][__main__][INFO] - 90th percentile: 500.00, 10th percentile: 500.00
[2025-04-18 17:51:16,049][__main__][INFO] - Final model saved to models/SAC_model/CPV0
