[2025-04-18 17:43:18,959][__main__][INFO] - System information:
[2025-04-18 17:43:18,960][__main__][INFO] -   Platform: Linux-6.11.0-21-generic-x86_64-with-glibc2.39
[2025-04-18 17:43:18,960][__main__][INFO] -   Python: 3.12.2
[2025-04-18 17:43:18,960][__main__][INFO] -   PyTorch: 2.5.1
[2025-04-18 17:43:18,960][__main__][INFO] -   CUDA Available: True
[2025-04-18 17:43:18,960][__main__][INFO] -   CUDA Version: 12.4
[2025-04-18 17:43:18,960][__main__][INFO] -   GPU: NVIDIA GeForce GTX 1080 Ti
[2025-04-18 17:43:18,967][__main__][INFO] - Env: ContinuousCartPole-v0  state_dim: 4  action_dim: 1  max_a: 1.0  min_a: -1.0  max_e_steps: 500
[2025-04-18 17:43:18,968][__main__][INFO] - Random Seed: 42
[2025-04-18 17:43:18,968][__main__][INFO] - Models will be saved to models/SAC_model/CPV0
[2025-04-18 17:43:42,837][__main__][INFO] - EnvName: CPV0, Steps: 1k, Episode Reward: 6
[2025-04-18 17:44:01,449][__main__][INFO] - EnvName: CPV0, Steps: 2k, Episode Reward: 17
[2025-04-18 17:44:24,825][__main__][INFO] - EnvName: CPV0, Steps: 3k, Episode Reward: 91
[2025-04-18 17:44:47,666][__main__][INFO] - EnvName: CPV0, Steps: 4k, Episode Reward: 218
[2025-04-18 17:45:10,404][__main__][INFO] - EnvName: CPV0, Steps: 5k, Episode Reward: 317
[2025-04-18 17:45:35,600][__main__][INFO] - EnvName: CPV0, Steps: 6k, Episode Reward: 301
[2025-04-18 17:45:57,865][__main__][INFO] - EnvName: CPV0, Steps: 7k, Episode Reward: 313
[2025-04-18 17:46:20,930][__main__][INFO] - EnvName: CPV0, Steps: 8k, Episode Reward: 361
[2025-04-18 17:46:44,746][__main__][INFO] - EnvName: CPV0, Steps: 9k, Episode Reward: 336
[2025-04-18 17:47:07,823][__main__][INFO] - EnvName: CPV0, Steps: 10k, Episode Reward: 366
[2025-04-18 17:47:33,453][__main__][INFO] - EnvName: CPV0, Steps: 11k, Episode Reward: 354
[2025-04-18 17:47:57,491][__main__][INFO] - EnvName: CPV0, Steps: 12k, Episode Reward: 324
[2025-04-18 17:48:19,504][__main__][INFO] - EnvName: CPV0, Steps: 13k, Episode Reward: 315
[2025-04-18 17:48:43,245][__main__][INFO] - EnvName: CPV0, Steps: 14k, Episode Reward: 369
[2025-04-18 17:49:07,051][__main__][INFO] - EnvName: CPV0, Steps: 15k, Episode Reward: 484
[2025-04-18 17:49:32,181][__main__][INFO] - EnvName: CPV0, Steps: 16k, Episode Reward: 500
[2025-04-18 17:49:55,863][__main__][INFO] - EnvName: CPV0, Steps: 17k, Episode Reward: 500
[2025-04-18 17:50:19,600][__main__][INFO] - EnvName: CPV0, Steps: 18k, Episode Reward: 500
[2025-04-18 17:50:45,407][__main__][INFO] - EnvName: CPV0, Steps: 19k, Episode Reward: 500
[2025-04-18 17:51:10,376][__main__][INFO] - EnvName: CPV0, Steps: 20k, Episode Reward: 500
[2025-04-18 17:51:10,380][__main__][INFO] - Training completed. Evaluating across 20 episodes
[2025-04-18 17:51:16,044][__main__][INFO] - Final evaluation - Mean: 500.00, Std: 0.00
[2025-04-18 17:51:16,044][__main__][INFO] - 90th percentile: 500.00, 10th percentile: 500.00
[2025-04-18 17:51:16,049][__main__][INFO] - Final model saved to models/SAC_model/CPV0
