[2025-04-18 00:15:04,636][__main__][INFO] - Configuration:
device: cuda
mode: offline
write: false
debug_print: false
render: false
load_model: false
load_path: None
eval_model: false
save_model: true
data_path: /home/mx/DRAC/dataset/CPV0/TD3/no_noise/eps0.5
epsilon: 0.1
seed: 42
max_train_steps: 30000
save_interval: 10000
eval_interval: 1000
update_every: 10
explore_episode: 50
gamma: 0.99
tau: 0.005
net_arch:
- 256
- 256
net_layer: 1
n_critic: 2
a_lr: 0.005
c_lr: 5.0e-05
b_lr: 5.0e-05
g_lr: 0.0005
r_lr: 0.0005
l2_reg: 0
batch_size: 256
alpha: 0.12
adaptive_alpha: true
reward_adapt: true
robust: true
robust_optimizer: functional
noise: false
type: gaussian
adv: false
spread: 0.0
scale: 1.0
delta: 0.5
env_name: ContinuousCartPole
env_index: 1
env_mods:
  use_mods: false
  observation_noise:
    enabled: false
    type: gaussian
    level: 0.1
    frequency: 1.0
  action_perturb:
    enabled: false
    type: noise
    probability: 0.1
    level: 0.1
  reward_shift:
    enabled: false
    type: scale
    param: 0.9
    noise_level: 0.1
  transition_perturb:
    enabled: false
    type: teleport
    probability: 0.05
    level: 0.1
  param_shift:
    enabled: false
    train_apply: false
    eval_apply: true
    g_factor: 1.0
    m_factor: 1.0
    l_factor: 1.0
    len_factor: 1.0
    force_mag_factor: 1.0
    gravity_factor: 1.0
    wind_power: 0.0
    turbulence_power: 0.0
    engine_factor: 1.0
  custom:
    enabled: false
    spread: 0.0
    type: gaussian
    adv: false
  eval:
    use_modified: true
    scale_noise: false
    noise_scale_factor: 2.0
    include_action_perturb: true
    include_reward_shift: true
    include_transition_perturb: true

[2025-04-18 00:15:04,680][__main__][INFO] - System information:
[2025-04-18 00:15:04,680][__main__][INFO] -   Platform: Linux-6.11.0-21-generic-x86_64-with-glibc2.39
[2025-04-18 00:15:04,680][__main__][INFO] -   Python: 3.12.2
[2025-04-18 00:15:04,681][__main__][INFO] -   PyTorch: 2.5.1
[2025-04-18 00:15:04,681][__main__][INFO] -   CUDA Available: True
[2025-04-18 00:15:04,681][__main__][INFO] -   CUDA Version: 12.4
[2025-04-18 00:15:04,681][__main__][INFO] -   GPU: NVIDIA GeForce GTX 1080 Ti
[2025-04-18 00:15:04,688][__main__][INFO] - Env: ContinuousCartPole-v0  state_dim: 4  action_dim: 1  max_a: 1.0  min_a: -1.0  max_e_steps: 500
[2025-04-18 00:15:04,689][__main__][INFO] - Random Seed: 42
[2025-04-18 00:15:04,689][__main__][INFO] - Models will be saved to models/SAC_model/CPV0
[2025-04-18 00:15:46,949][__main__][INFO] - EnvName: CPV0, Steps: 1k, Episode Reward: 6
[2025-04-18 00:16:27,749][__main__][INFO] - EnvName: CPV0, Steps: 2k, Episode Reward: 6
[2025-04-18 00:17:09,096][__main__][INFO] - EnvName: CPV0, Steps: 3k, Episode Reward: 77
[2025-04-18 00:17:50,722][__main__][INFO] - EnvName: CPV0, Steps: 4k, Episode Reward: 125
[2025-04-18 00:18:32,069][__main__][INFO] - EnvName: CPV0, Steps: 5k, Episode Reward: 116
[2025-04-18 00:19:13,677][__main__][INFO] - EnvName: CPV0, Steps: 6k, Episode Reward: 118
[2025-04-18 00:19:55,293][__main__][INFO] - EnvName: CPV0, Steps: 7k, Episode Reward: 161
[2025-04-18 00:20:37,167][__main__][INFO] - EnvName: CPV0, Steps: 8k, Episode Reward: 172
[2025-04-18 00:21:19,123][__main__][INFO] - EnvName: CPV0, Steps: 9k, Episode Reward: 154
[2025-04-18 00:22:01,082][__main__][INFO] - EnvName: CPV0, Steps: 10k, Episode Reward: 153
[2025-04-18 00:22:42,772][__main__][INFO] - EnvName: CPV0, Steps: 11k, Episode Reward: 179
[2025-04-18 00:23:24,776][__main__][INFO] - EnvName: CPV0, Steps: 12k, Episode Reward: 175
[2025-04-18 00:24:06,763][__main__][INFO] - EnvName: CPV0, Steps: 13k, Episode Reward: 189
[2025-04-18 00:24:48,598][__main__][INFO] - EnvName: CPV0, Steps: 14k, Episode Reward: 173
[2025-04-18 00:25:30,690][__main__][INFO] - EnvName: CPV0, Steps: 15k, Episode Reward: 149
[2025-04-18 00:26:12,546][__main__][INFO] - EnvName: CPV0, Steps: 16k, Episode Reward: 140
[2025-04-18 00:26:54,824][__main__][INFO] - EnvName: CPV0, Steps: 17k, Episode Reward: 266
[2025-04-18 00:27:38,264][__main__][INFO] - EnvName: CPV0, Steps: 18k, Episode Reward: 500
[2025-04-18 00:28:22,627][__main__][INFO] - EnvName: CPV0, Steps: 19k, Episode Reward: 500
[2025-04-18 00:29:06,359][__main__][INFO] - EnvName: CPV0, Steps: 20k, Episode Reward: 500
[2025-04-18 00:29:49,968][__main__][INFO] - EnvName: CPV0, Steps: 21k, Episode Reward: 500
[2025-04-18 00:30:34,180][__main__][INFO] - EnvName: CPV0, Steps: 22k, Episode Reward: 500
[2025-04-18 00:31:17,622][__main__][INFO] - EnvName: CPV0, Steps: 23k, Episode Reward: 500
[2025-04-18 00:32:01,317][__main__][INFO] - EnvName: CPV0, Steps: 24k, Episode Reward: 500
[2025-04-18 00:32:45,563][__main__][INFO] - EnvName: CPV0, Steps: 25k, Episode Reward: 500
[2025-04-18 00:33:29,531][__main__][INFO] - EnvName: CPV0, Steps: 26k, Episode Reward: 500
[2025-04-18 00:34:13,514][__main__][INFO] - EnvName: CPV0, Steps: 27k, Episode Reward: 500
[2025-04-18 00:34:56,972][__main__][INFO] - EnvName: CPV0, Steps: 28k, Episode Reward: 500
[2025-04-18 00:35:40,593][__main__][INFO] - EnvName: CPV0, Steps: 29k, Episode Reward: 500
[2025-04-18 00:36:24,358][__main__][INFO] - EnvName: CPV0, Steps: 30k, Episode Reward: 500
[2025-04-18 00:36:24,363][__main__][INFO] - Training completed. Evaluating across 20 episodes
[2025-04-18 00:36:29,995][__main__][INFO] - Final evaluation - Mean: 500.00, Std: 0.00
[2025-04-18 00:36:29,995][__main__][INFO] - 90th percentile: 500.00, 10th percentile: 500.00
[2025-04-18 00:36:30,000][__main__][INFO] - Final model saved to models/SAC_model/CPV0
