[2025-04-06 15:14:53,030][__main__][INFO] - Configuration:
device: cuda
mode: offline
write: false
debug_print: false
render: false
load_model: false
load_path: None
eval_model: false
save_model: true
data_path: /home/mx/DRAC/outputs/SAC/2025-04-05/13-34-20/dataset
d4rl: false
epsilon: 0.1
seed: 42
max_train_steps: 75000
save_interval: 10000
eval_interval: 1000
update_every: 10
explore_episode: 50
gamma: 0.99
tau: 0.005
net_arch:
- 256
- 256
net_layer: 1
a_lr: 0.0001
c_lr: 0.0001
b_lr: 0.0005
g_lr: 0.0005
r_lr: 5.0e-05
l2_reg: 0.0
batch_size: 256
alpha: 0.12
adaptive_alpha: true
reward_adapt: true
robust: true
robust_optimizer: functional
noise: false
type: gaussian
adv: false
spread: 0.0
scale: 1.0
delta: 0.5
env_name: LunarLanderContinuous-v3
env_index: 2
env_mods:
  use_mods: false
  observation_noise:
    enabled: false
    type: gaussian
    level: 0.1
    frequency: 1.0
  action_perturb:
    enabled: false
    type: noise
    probability: 0.1
    level: 0.1
  reward_shift:
    enabled: false
    type: scale
    param: 0.9
    noise_level: 0.1
  transition_perturb:
    enabled: false
    type: teleport
    probability: 0.05
    level: 0.1
  param_shift:
    enabled: false
    train_apply: false
    eval_apply: true
    g_factor: 1.0
    m_factor: 1.0
    l_factor: 1.0
    len_factor: 1.0
    force_mag_factor: 1.0
    gravity_factor: 1.0
    wind_power: 0.0
    turbulence_power: 0.0
  custom:
    enabled: false
    spread: 0.0
    type: gaussian
    adv: false
  eval:
    use_modified: true
    scale_noise: false
    noise_scale_factor: 2.0
    include_action_perturb: true
    include_reward_shift: true
    include_transition_perturb: true

[2025-04-06 15:14:53,073][__main__][INFO] - System information:
[2025-04-06 15:14:53,073][__main__][INFO] -   Platform: Linux-6.11.0-21-generic-x86_64-with-glibc2.39
[2025-04-06 15:14:53,073][__main__][INFO] -   Python: 3.12.2
[2025-04-06 15:14:53,073][__main__][INFO] -   PyTorch: 2.5.1
[2025-04-06 15:14:53,073][__main__][INFO] -   CUDA Available: True
[2025-04-06 15:14:53,073][__main__][INFO] -   CUDA Version: 12.4
[2025-04-06 15:14:53,073][__main__][INFO] -   GPU: NVIDIA GeForce GTX 1080 Ti
[2025-04-06 15:14:53,079][__main__][INFO] - Env: LunarLanderContinuous-v3  state_dim: 8  action_dim: 2  max_a: 1.0  min_a: -1.0  max_e_steps: 1000
[2025-04-06 15:14:53,080][__main__][INFO] - Random Seed: 42
[2025-04-06 15:14:53,080][__main__][INFO] - Models will be saved to models/SAC_model/LLdV3
[2025-04-06 15:15:42,880][__main__][INFO] - EnvName: LLdV3, Steps: 1k, Episode Reward: -685
[2025-04-06 15:16:28,578][__main__][INFO] - EnvName: LLdV3, Steps: 2k, Episode Reward: -542
[2025-04-06 15:17:16,375][__main__][INFO] - EnvName: LLdV3, Steps: 3k, Episode Reward: -515
[2025-04-06 15:18:06,297][__main__][INFO] - EnvName: LLdV3, Steps: 4k, Episode Reward: -364
[2025-04-06 15:18:53,853][__main__][INFO] - EnvName: LLdV3, Steps: 5k, Episode Reward: -122
[2025-04-06 15:19:48,260][__main__][INFO] - EnvName: LLdV3, Steps: 6k, Episode Reward: -56
[2025-04-06 15:20:41,253][__main__][INFO] - EnvName: LLdV3, Steps: 7k, Episode Reward: -33
[2025-04-06 15:21:29,815][__main__][INFO] - EnvName: LLdV3, Steps: 8k, Episode Reward: -44
[2025-04-06 15:22:23,359][__main__][INFO] - EnvName: LLdV3, Steps: 9k, Episode Reward: -32
[2025-04-06 15:23:13,118][__main__][INFO] - EnvName: LLdV3, Steps: 10k, Episode Reward: -64
[2025-04-06 15:24:01,607][__main__][INFO] - EnvName: LLdV3, Steps: 11k, Episode Reward: -134
[2025-04-06 15:24:51,743][__main__][INFO] - EnvName: LLdV3, Steps: 12k, Episode Reward: -162
[2025-04-06 15:25:42,086][__main__][INFO] - EnvName: LLdV3, Steps: 13k, Episode Reward: -135
[2025-04-06 15:26:32,930][__main__][INFO] - EnvName: LLdV3, Steps: 14k, Episode Reward: -103
[2025-04-06 15:27:25,521][__main__][INFO] - EnvName: LLdV3, Steps: 15k, Episode Reward: -145
[2025-04-06 15:28:12,558][__main__][INFO] - EnvName: LLdV3, Steps: 16k, Episode Reward: -169
[2025-04-06 15:29:06,777][__main__][INFO] - EnvName: LLdV3, Steps: 17k, Episode Reward: 61
[2025-04-06 15:29:57,965][__main__][INFO] - EnvName: LLdV3, Steps: 18k, Episode Reward: -10
[2025-04-06 15:30:55,244][__main__][INFO] - EnvName: LLdV3, Steps: 19k, Episode Reward: 85
[2025-04-06 15:31:47,536][__main__][INFO] - EnvName: LLdV3, Steps: 20k, Episode Reward: 94
[2025-04-06 15:32:38,859][__main__][INFO] - EnvName: LLdV3, Steps: 21k, Episode Reward: -7
[2025-04-06 15:33:35,516][__main__][INFO] - EnvName: LLdV3, Steps: 22k, Episode Reward: -21
[2025-04-06 15:34:29,663][__main__][INFO] - EnvName: LLdV3, Steps: 23k, Episode Reward: 22
[2025-04-06 15:35:21,227][__main__][INFO] - EnvName: LLdV3, Steps: 24k, Episode Reward: 12
[2025-04-06 15:36:12,938][__main__][INFO] - EnvName: LLdV3, Steps: 25k, Episode Reward: 18
[2025-04-06 15:36:56,823][__main__][INFO] - EnvName: LLdV3, Steps: 26k, Episode Reward: -141
[2025-04-06 15:37:51,953][__main__][INFO] - EnvName: LLdV3, Steps: 27k, Episode Reward: -129
[2025-04-06 15:38:43,415][__main__][INFO] - EnvName: LLdV3, Steps: 28k, Episode Reward: -143
[2025-04-06 15:39:34,577][__main__][INFO] - EnvName: LLdV3, Steps: 29k, Episode Reward: -98
[2025-04-06 15:40:29,535][__main__][INFO] - EnvName: LLdV3, Steps: 30k, Episode Reward: -86
[2025-04-06 15:41:20,176][__main__][INFO] - EnvName: LLdV3, Steps: 31k, Episode Reward: -40
[2025-04-06 15:42:12,654][__main__][INFO] - EnvName: LLdV3, Steps: 32k, Episode Reward: -70
[2025-04-06 15:43:00,321][__main__][INFO] - EnvName: LLdV3, Steps: 33k, Episode Reward: -48
[2025-04-06 15:43:53,440][__main__][INFO] - EnvName: LLdV3, Steps: 34k, Episode Reward: 73
[2025-04-06 15:44:44,395][__main__][INFO] - EnvName: LLdV3, Steps: 35k, Episode Reward: -27
[2025-04-06 15:45:33,840][__main__][INFO] - EnvName: LLdV3, Steps: 36k, Episode Reward: 186
[2025-04-06 15:46:21,816][__main__][INFO] - EnvName: LLdV3, Steps: 37k, Episode Reward: 74
[2025-04-06 15:47:08,789][__main__][INFO] - EnvName: LLdV3, Steps: 38k, Episode Reward: 214
[2025-04-06 15:47:52,814][__main__][INFO] - EnvName: LLdV3, Steps: 39k, Episode Reward: 200
[2025-04-06 15:48:36,099][__main__][INFO] - EnvName: LLdV3, Steps: 40k, Episode Reward: 175
[2025-04-06 15:49:17,452][__main__][INFO] - EnvName: LLdV3, Steps: 41k, Episode Reward: 192
[2025-04-06 15:49:53,015][__main__][INFO] - EnvName: LLdV3, Steps: 42k, Episode Reward: 240
[2025-04-06 15:50:20,531][__main__][INFO] - EnvName: LLdV3, Steps: 43k, Episode Reward: 253
[2025-04-06 15:50:51,929][__main__][INFO] - EnvName: LLdV3, Steps: 44k, Episode Reward: 218
[2025-04-06 15:51:20,404][__main__][INFO] - EnvName: LLdV3, Steps: 45k, Episode Reward: 252
[2025-04-06 15:51:51,125][__main__][INFO] - EnvName: LLdV3, Steps: 46k, Episode Reward: 264
[2025-04-06 15:52:24,779][__main__][INFO] - EnvName: LLdV3, Steps: 47k, Episode Reward: 241
[2025-04-06 15:52:54,858][__main__][INFO] - EnvName: LLdV3, Steps: 48k, Episode Reward: 255
[2025-04-06 15:53:28,743][__main__][INFO] - EnvName: LLdV3, Steps: 49k, Episode Reward: 186
[2025-04-06 15:53:56,103][__main__][INFO] - EnvName: LLdV3, Steps: 50k, Episode Reward: 224
[2025-04-06 15:54:26,770][__main__][INFO] - EnvName: LLdV3, Steps: 51k, Episode Reward: 216
[2025-04-06 15:54:56,506][__main__][INFO] - EnvName: LLdV3, Steps: 52k, Episode Reward: 239
[2025-04-06 15:55:25,548][__main__][INFO] - EnvName: LLdV3, Steps: 53k, Episode Reward: 260
[2025-04-06 15:55:52,412][__main__][INFO] - EnvName: LLdV3, Steps: 54k, Episode Reward: 264
[2025-04-06 15:56:19,457][__main__][INFO] - EnvName: LLdV3, Steps: 55k, Episode Reward: 269
[2025-04-06 15:56:46,668][__main__][INFO] - EnvName: LLdV3, Steps: 56k, Episode Reward: 263
[2025-04-06 15:57:16,498][__main__][INFO] - EnvName: LLdV3, Steps: 57k, Episode Reward: 249
[2025-04-06 15:57:43,274][__main__][INFO] - EnvName: LLdV3, Steps: 58k, Episode Reward: 242
[2025-04-06 15:58:13,808][__main__][INFO] - EnvName: LLdV3, Steps: 59k, Episode Reward: 250
[2025-04-06 15:58:44,180][__main__][INFO] - EnvName: LLdV3, Steps: 60k, Episode Reward: 272
[2025-04-06 15:59:11,493][__main__][INFO] - EnvName: LLdV3, Steps: 61k, Episode Reward: 267
[2025-04-06 15:59:37,315][__main__][INFO] - EnvName: LLdV3, Steps: 62k, Episode Reward: 169
[2025-04-06 16:00:05,119][__main__][INFO] - EnvName: LLdV3, Steps: 63k, Episode Reward: 240
[2025-04-06 16:00:35,073][__main__][INFO] - EnvName: LLdV3, Steps: 64k, Episode Reward: 271
[2025-04-06 16:01:05,842][__main__][INFO] - EnvName: LLdV3, Steps: 65k, Episode Reward: 260
[2025-04-06 16:01:31,301][__main__][INFO] - EnvName: LLdV3, Steps: 66k, Episode Reward: 242
[2025-04-06 16:01:59,841][__main__][INFO] - EnvName: LLdV3, Steps: 67k, Episode Reward: 265
[2025-04-06 16:02:34,521][__main__][INFO] - EnvName: LLdV3, Steps: 68k, Episode Reward: 274
[2025-04-06 16:03:02,379][__main__][INFO] - EnvName: LLdV3, Steps: 69k, Episode Reward: 264
[2025-04-06 16:03:32,520][__main__][INFO] - EnvName: LLdV3, Steps: 70k, Episode Reward: 205
[2025-04-06 16:04:08,179][__main__][INFO] - EnvName: LLdV3, Steps: 71k, Episode Reward: 259
[2025-04-06 16:04:32,885][__main__][INFO] - EnvName: LLdV3, Steps: 72k, Episode Reward: 263
[2025-04-06 16:05:02,999][__main__][INFO] - EnvName: LLdV3, Steps: 73k, Episode Reward: 263
[2025-04-06 16:05:31,964][__main__][INFO] - EnvName: LLdV3, Steps: 74k, Episode Reward: 265
[2025-04-06 16:05:59,901][__main__][INFO] - EnvName: LLdV3, Steps: 75k, Episode Reward: 247
[2025-04-06 16:05:59,901][__main__][INFO] - Training completed. Evaluating across 20 episodes
[2025-04-06 16:06:04,078][__main__][INFO] - Final evaluation - Mean: 233.90, Std: 71.10
[2025-04-06 16:06:04,078][__main__][INFO] - 90th percentile: 287.30, 10th percentile: 200.50
[2025-04-06 16:06:04,083][__main__][INFO] - Final model saved to models/SAC_model/LLdV3
