[2025-04-15 01:36:03,006][__main__][INFO] - Configuration:
device: cuda
mode: continual
write: false
debug_print: false
render: false
load_model: false
load_path: None
eval_model: false
save_model: true
data_path: None
epsilon: 0.1
seed: 42
max_train_steps: 200000
save_interval: 10000
eval_interval: 1000
update_every: 10
explore_episode: 50
gamma: 0.99
tau: 0.005
net_arch:
- 400
- 300
net_layer: 1
a_lr: 0.0001
c_lr: 0.0001
b_lr: 0.0005
g_lr: 0.0005
r_lr: 5.0e-05
l2_reg: 0.0
batch_size: 256
alpha: 0.12
adaptive_alpha: true
reward_adapt: true
robust: false
robust_optimizer: functional
noise: false
type: gaussian
adv: false
spread: 0.0
scale: 1.0
delta: 0.0
env_name: LunarLanderContinuous-v3
env_index: 2
env_mods:
  use_mods: false
  observation_noise:
    enabled: false
    type: gaussian
    level: 0.1
    frequency: 1.0
  action_perturb:
    enabled: false
    type: noise
    probability: 0.1
    level: 0.1
  reward_shift:
    enabled: false
    type: scale
    param: 0.9
    noise_level: 0.1
  transition_perturb:
    enabled: false
    type: teleport
    probability: 0.05
    level: 0.1
  param_shift:
    enabled: false
    train_apply: false
    eval_apply: true
    g_factor: 1.0
    m_factor: 1.0
    l_factor: 1.0
    len_factor: 1.0
    force_mag_factor: 1.0
    gravity_factor: 1.0
    wind_power: 0.0
    turbulence_power: 0.0
    engine_factor: 1.0
  custom:
    enabled: false
    spread: 0.0
    type: gaussian
    adv: false
  eval:
    use_modified: true
    scale_noise: false
    noise_scale_factor: 2.0
    include_action_perturb: true
    include_reward_shift: true
    include_transition_perturb: true

[2025-04-15 01:36:03,050][__main__][INFO] - System information:
[2025-04-15 01:36:03,051][__main__][INFO] -   Platform: Linux-6.11.0-21-generic-x86_64-with-glibc2.39
[2025-04-15 01:36:03,051][__main__][INFO] -   Python: 3.12.2
[2025-04-15 01:36:03,051][__main__][INFO] -   PyTorch: 2.5.1
[2025-04-15 01:36:03,051][__main__][INFO] -   CUDA Available: True
[2025-04-15 01:36:03,051][__main__][INFO] -   CUDA Version: 12.4
[2025-04-15 01:36:03,051][__main__][INFO] -   GPU: NVIDIA GeForce GTX 1080 Ti
[2025-04-15 01:36:03,056][__main__][INFO] - Env: LunarLanderContinuous-v3  state_dim: 8  action_dim: 2  max_a: 1.0  min_a: -1.0  max_e_steps: 1000
[2025-04-15 01:36:03,057][__main__][INFO] - Random Seed: 42
[2025-04-15 01:36:03,057][__main__][INFO] - Models will be saved to models/SAC_model/LLdV3
[2025-04-15 01:36:04,070][__main__][INFO] - Episode 1 completed with reward -267.89 in 135 steps
[2025-04-15 01:36:04,124][__main__][INFO] - Episode 2 completed with reward -128.52 in 110 steps
[2025-04-15 01:36:04,167][__main__][INFO] - Episode 3 completed with reward -350.30 in 88 steps
[2025-04-15 01:36:04,222][__main__][INFO] - Episode 4 completed with reward -90.44 in 112 steps
[2025-04-15 01:36:04,257][__main__][INFO] - Episode 5 completed with reward -84.00 in 71 steps
[2025-04-15 01:36:04,325][__main__][INFO] - Episode 6 completed with reward -175.09 in 139 steps
[2025-04-15 01:36:04,379][__main__][INFO] - Episode 7 completed with reward -75.06 in 112 steps
[2025-04-15 01:36:04,452][__main__][INFO] - Episode 8 completed with reward -120.02 in 150 steps
[2025-04-15 01:36:04,489][__main__][INFO] - Episode 9 completed with reward -35.05 in 76 steps
[2025-04-15 01:36:05,205][__main__][INFO] - EnvName: LLdV3, Steps: 1k, Episodes: 10, Episode Reward: -130
[2025-04-15 01:36:05,250][__main__][INFO] - Episode 10 completed with reward -373.34 in 98 steps
[2025-04-15 01:36:05,287][__main__][INFO] - Episode 11 completed with reward -208.31 in 74 steps
[2025-04-15 01:36:05,352][__main__][INFO] - Episode 12 completed with reward -491.55 in 132 steps
[2025-04-15 01:36:05,401][__main__][INFO] - Episode 13 completed with reward -224.38 in 94 steps
[2025-04-15 01:36:05,448][__main__][INFO] - Episode 14 completed with reward -296.19 in 83 steps
[2025-04-15 01:36:05,492][__main__][INFO] - Episode 15 completed with reward -235.84 in 75 steps
[2025-04-15 01:36:05,555][__main__][INFO] - Episode 16 completed with reward -190.35 in 125 steps
[2025-04-15 01:36:05,601][__main__][INFO] - Episode 17 completed with reward -334.24 in 92 steps
[2025-04-15 01:36:05,657][__main__][INFO] - Episode 18 completed with reward -223.05 in 110 steps
[2025-04-15 01:36:06,343][__main__][INFO] - EnvName: LLdV3, Steps: 2k, Episodes: 19, Episode Reward: -201
[2025-04-15 01:36:06,360][__main__][INFO] - Episode 19 completed with reward -120.54 in 159 steps
[2025-04-15 01:36:06,424][__main__][INFO] - Episode 20 completed with reward -93.13 in 141 steps
[2025-04-15 01:36:06,464][__main__][INFO] - Episode 21 completed with reward -351.89 in 88 steps
[2025-04-15 01:36:06,509][__main__][INFO] - Episode 22 completed with reward -233.90 in 99 steps
[2025-04-15 01:36:06,541][__main__][INFO] - Episode 23 completed with reward -66.66 in 71 steps
[2025-04-15 01:36:06,585][__main__][INFO] - Episode 24 completed with reward -279.45 in 97 steps
[2025-04-15 01:36:06,635][__main__][INFO] - Episode 25 completed with reward -326.36 in 109 steps
[2025-04-15 01:36:06,699][__main__][INFO] - Episode 26 completed with reward -161.25 in 142 steps
[2025-04-15 01:36:06,749][__main__][INFO] - Episode 27 completed with reward -165.90 in 111 steps
[2025-04-15 01:36:06,795][__main__][INFO] - Episode 28 completed with reward -233.79 in 96 steps
[2025-04-15 01:36:07,452][__main__][INFO] - EnvName: LLdV3, Steps: 3k, Episodes: 29, Episode Reward: -169
[2025-04-15 01:36:07,482][__main__][INFO] - Episode 29 completed with reward -93.36 in 76 steps
[2025-04-15 01:36:07,531][__main__][INFO] - Episode 30 completed with reward -492.77 in 111 steps
[2025-04-15 01:36:07,580][__main__][INFO] - Episode 31 completed with reward -87.58 in 109 steps
[2025-04-15 01:36:07,646][__main__][INFO] - Episode 32 completed with reward -91.61 in 146 steps
[2025-04-15 01:36:07,712][__main__][INFO] - Episode 33 completed with reward -428.47 in 143 steps
[2025-04-15 01:36:07,755][__main__][INFO] - Episode 34 completed with reward -307.99 in 88 steps
[2025-04-15 01:36:07,799][__main__][INFO] - Episode 35 completed with reward -98.12 in 86 steps
[2025-04-15 01:36:07,861][__main__][INFO] - Episode 36 completed with reward -131.22 in 97 steps
[2025-04-15 01:36:07,927][__main__][INFO] - Episode 37 completed with reward -153.12 in 117 steps
[2025-04-15 01:36:08,548][__main__][INFO] - EnvName: LLdV3, Steps: 4k, Episodes: 38, Episode Reward: -126
[2025-04-15 01:36:08,572][__main__][INFO] - Episode 38 completed with reward -88.84 in 76 steps
[2025-04-15 01:36:08,620][__main__][INFO] - Episode 39 completed with reward -90.25 in 84 steps
[2025-04-15 01:36:08,683][__main__][INFO] - Episode 40 completed with reward -282.04 in 134 steps
[2025-04-15 01:36:08,720][__main__][INFO] - Episode 41 completed with reward -123.83 in 79 steps
[2025-04-15 01:36:08,769][__main__][INFO] - Episode 42 completed with reward -64.17 in 108 steps
[2025-04-15 01:36:08,813][__main__][INFO] - Episode 43 completed with reward -73.71 in 89 steps
[2025-04-15 01:36:08,866][__main__][INFO] - Episode 44 completed with reward -186.57 in 114 steps
[2025-04-15 01:36:08,924][__main__][INFO] - Episode 45 completed with reward -457.38 in 117 steps
[2025-04-15 01:36:08,962][__main__][INFO] - Episode 46 completed with reward -419.62 in 81 steps
[2025-04-15 01:36:09,009][__main__][INFO] - Episode 47 completed with reward 24.58 in 103 steps
[2025-04-15 01:36:10,238][__main__][INFO] - EnvName: LLdV3, Steps: 5k, Episodes: 48, Episode Reward: -214
[2025-04-15 01:36:10,264][__main__][INFO] - Episode 48 completed with reward -334.71 in 110 steps
[2025-04-15 01:36:10,315][__main__][INFO] - Episode 49 completed with reward -75.67 in 112 steps
[2025-04-15 01:36:10,359][__main__][INFO] - Episode 50 completed with reward -325.97 in 97 steps
[2025-04-15 01:36:10,413][__main__][INFO] - Episode 51 completed with reward -433.12 in 118 steps
[2025-04-15 01:36:10,463][__main__][INFO] - Episode 52 completed with reward -285.69 in 107 steps
[2025-04-15 01:36:10,499][__main__][INFO] - Episode 53 completed with reward -317.97 in 80 steps
[2025-04-15 01:36:10,549][__main__][INFO] - Episode 54 completed with reward -377.73 in 110 steps
[2025-04-15 01:36:10,602][__main__][INFO] - Episode 55 completed with reward -381.36 in 105 steps
[2025-04-15 01:36:10,680][__main__][INFO] - Episode 56 completed with reward -238.21 in 138 steps
[2025-04-15 01:36:11,505][__main__][INFO] - EnvName: LLdV3, Steps: 6k, Episodes: 57, Episode Reward: -268
[2025-04-15 01:36:11,519][__main__][INFO] - Episode 57 completed with reward -98.36 in 107 steps
[2025-04-15 01:36:11,562][__main__][INFO] - Episode 58 completed with reward -60.65 in 95 steps
[2025-04-15 01:36:11,626][__main__][INFO] - Episode 59 completed with reward -383.32 in 139 steps
[2025-04-15 01:36:11,661][__main__][INFO] - Episode 60 completed with reward -87.17 in 71 steps
[2025-04-15 01:36:11,715][__main__][INFO] - Episode 61 completed with reward -105.26 in 108 steps
[2025-04-15 01:36:11,796][__main__][INFO] - Episode 62 completed with reward -88.80 in 164 steps
[2025-04-15 01:36:11,872][__main__][INFO] - Episode 63 completed with reward -126.83 in 154 steps
[2025-04-15 01:36:11,918][__main__][INFO] - Episode 64 completed with reward -90.22 in 92 steps
[2025-04-15 01:36:11,963][__main__][INFO] - Episode 65 completed with reward -334.68 in 91 steps
[2025-04-15 01:36:12,566][__main__][INFO] - EnvName: LLdV3, Steps: 7k, Episodes: 66, Episode Reward: -142
[2025-04-15 01:36:12,591][__main__][INFO] - Episode 66 completed with reward -118.56 in 103 steps
[2025-04-15 01:36:12,640][__main__][INFO] - Episode 67 completed with reward -51.71 in 100 steps
[2025-04-15 01:36:12,683][__main__][INFO] - Episode 68 completed with reward -82.70 in 85 steps
[2025-04-15 01:36:12,739][__main__][INFO] - Episode 69 completed with reward -137.87 in 115 steps
[2025-04-15 01:36:12,783][__main__][INFO] - Episode 70 completed with reward -337.06 in 88 steps
[2025-04-15 01:36:12,828][__main__][INFO] - Episode 71 completed with reward -302.69 in 91 steps
[2025-04-15 01:36:12,867][__main__][INFO] - Episode 72 completed with reward -78.36 in 78 steps
[2025-04-15 01:36:12,908][__main__][INFO] - Episode 73 completed with reward -29.96 in 83 steps
[2025-04-15 01:36:12,951][__main__][INFO] - Episode 74 completed with reward -99.90 in 85 steps
[2025-04-15 01:36:12,997][__main__][INFO] - Episode 75 completed with reward -276.96 in 94 steps
[2025-04-15 01:36:13,045][__main__][INFO] - Episode 76 completed with reward -181.51 in 102 steps
[2025-04-15 01:36:13,817][__main__][INFO] - EnvName: LLdV3, Steps: 8k, Episodes: 77, Episode Reward: -140
[2025-04-15 01:36:13,852][__main__][INFO] - Episode 77 completed with reward -178.89 in 101 steps
[2025-04-15 01:36:13,904][__main__][INFO] - Episode 78 completed with reward -286.89 in 106 steps
[2025-04-15 01:36:13,942][__main__][INFO] - Episode 79 completed with reward -70.56 in 78 steps
[2025-04-15 01:36:13,995][__main__][INFO] - Episode 80 completed with reward -147.15 in 108 steps
[2025-04-15 01:36:14,040][__main__][INFO] - Episode 81 completed with reward -240.01 in 89 steps
[2025-04-15 01:36:14,083][__main__][INFO] - Episode 82 completed with reward -116.34 in 86 steps
[2025-04-15 01:36:14,125][__main__][INFO] - Episode 83 completed with reward -264.38 in 85 steps
[2025-04-15 01:36:14,182][__main__][INFO] - Episode 84 completed with reward -356.22 in 117 steps
[2025-04-15 01:36:14,228][__main__][INFO] - Episode 85 completed with reward -423.88 in 91 steps
[2025-04-15 01:36:14,277][__main__][INFO] - Episode 86 completed with reward -264.43 in 101 steps
[2025-04-15 01:36:14,987][__main__][INFO] - EnvName: LLdV3, Steps: 9k, Episodes: 87, Episode Reward: -150
[2025-04-15 01:36:15,002][__main__][INFO] - Episode 87 completed with reward -432.18 in 98 steps
[2025-04-15 01:36:15,050][__main__][INFO] - Episode 88 completed with reward -270.93 in 98 steps
[2025-04-15 01:36:15,087][__main__][INFO] - Episode 89 completed with reward -31.80 in 73 steps
[2025-04-15 01:36:15,132][__main__][INFO] - Episode 90 completed with reward -42.40 in 92 steps
[2025-04-15 01:36:15,184][__main__][INFO] - Episode 91 completed with reward -367.92 in 104 steps
[2025-04-15 01:36:15,246][__main__][INFO] - Episode 92 completed with reward -332.53 in 124 steps
[2025-04-15 01:36:15,297][__main__][INFO] - Episode 93 completed with reward -293.79 in 104 steps
[2025-04-15 01:36:15,339][__main__][INFO] - Episode 94 completed with reward -401.47 in 87 steps
[2025-04-15 01:36:15,397][__main__][INFO] - Episode 95 completed with reward -234.62 in 127 steps
[2025-04-15 01:36:15,445][__main__][INFO] - Episode 96 completed with reward -272.93 in 106 steps
[2025-04-15 01:36:16,095][__main__][INFO] - EnvName: LLdV3, Steps: 10k, Episodes: 97, Episode Reward: -202
[2025-04-15 01:36:16,123][__main__][INFO] - Episode 97 completed with reward -42.80 in 105 steps
[2025-04-15 01:36:16,185][__main__][INFO] - Episode 98 completed with reward -167.16 in 137 steps
[2025-04-15 01:36:16,235][__main__][INFO] - Episode 99 completed with reward -107.05 in 105 steps
[2025-04-15 01:36:16,281][__main__][INFO] - Episode 100 completed with reward -228.49 in 103 steps
[2025-04-15 01:36:16,339][__main__][INFO] - Episode 101 completed with reward -62.06 in 129 steps
[2025-04-15 01:36:16,396][__main__][INFO] - Episode 102 completed with reward -359.31 in 120 steps
[2025-04-15 01:36:16,442][__main__][INFO] - Episode 103 completed with reward -156.62 in 101 steps
[2025-04-15 01:36:16,496][__main__][INFO] - Episode 104 completed with reward -92.18 in 115 steps
[2025-04-15 01:36:16,547][__main__][INFO] - Episode 105 completed with reward -159.94 in 113 steps
[2025-04-15 01:36:17,241][__main__][INFO] - EnvName: LLdV3, Steps: 11k, Episodes: 106, Episode Reward: -235
[2025-04-15 01:36:17,259][__main__][INFO] - Episode 106 completed with reward -237.23 in 58 steps
[2025-04-15 01:36:17,307][__main__][INFO] - Episode 107 completed with reward -120.46 in 95 steps
[2025-04-15 01:36:17,348][__main__][INFO] - Episode 108 completed with reward -479.35 in 83 steps
[2025-04-15 01:36:17,394][__main__][INFO] - Episode 109 completed with reward -371.90 in 91 steps
[2025-04-15 01:36:17,442][__main__][INFO] - Episode 110 completed with reward -105.62 in 93 steps
[2025-04-15 01:36:17,503][__main__][INFO] - Episode 111 completed with reward -211.99 in 124 steps
[2025-04-15 01:36:17,562][__main__][INFO] - Episode 112 completed with reward -153.00 in 122 steps
[2025-04-15 01:36:17,611][__main__][INFO] - Episode 113 completed with reward -178.89 in 101 steps
[2025-04-15 01:36:17,648][__main__][INFO] - Episode 114 completed with reward -164.87 in 75 steps
[2025-04-15 01:36:17,698][__main__][INFO] - Episode 115 completed with reward -371.62 in 100 steps
[2025-04-15 01:36:18,531][__main__][INFO] - EnvName: LLdV3, Steps: 12k, Episodes: 116, Episode Reward: -260
[2025-04-15 01:36:18,571][__main__][INFO] - Episode 116 completed with reward -156.03 in 166 steps
[2025-04-15 01:36:18,605][__main__][INFO] - Episode 117 completed with reward -66.18 in 69 steps
[2025-04-15 01:36:18,656][__main__][INFO] - Episode 118 completed with reward -389.45 in 103 steps
[2025-04-15 01:36:18,719][__main__][INFO] - Episode 119 completed with reward -179.03 in 127 steps
[2025-04-15 01:36:18,774][__main__][INFO] - Episode 120 completed with reward -190.97 in 102 steps
[2025-04-15 01:36:18,835][__main__][INFO] - Episode 121 completed with reward -320.23 in 120 steps
[2025-04-15 01:36:18,891][__main__][INFO] - Episode 122 completed with reward -90.39 in 114 steps
[2025-04-15 01:36:18,939][__main__][INFO] - Episode 123 completed with reward -353.21 in 91 steps
[2025-04-15 01:36:18,988][__main__][INFO] - Episode 124 completed with reward -354.01 in 90 steps
[2025-04-15 01:36:19,712][__main__][INFO] - EnvName: LLdV3, Steps: 13k, Episodes: 125, Episode Reward: -202
[2025-04-15 01:36:19,731][__main__][INFO] - Episode 125 completed with reward -234.73 in 141 steps
[2025-04-15 01:36:19,771][__main__][INFO] - Episode 126 completed with reward -25.00 in 80 steps
[2025-04-15 01:36:19,811][__main__][INFO] - Episode 127 completed with reward -407.90 in 80 steps
[2025-04-15 01:36:19,871][__main__][INFO] - Episode 128 completed with reward -284.50 in 121 steps
[2025-04-15 01:36:19,917][__main__][INFO] - Episode 129 completed with reward -107.02 in 95 steps
[2025-04-15 01:36:19,961][__main__][INFO] - Episode 130 completed with reward -78.90 in 88 steps
[2025-04-15 01:36:20,017][__main__][INFO] - Episode 131 completed with reward -165.22 in 113 steps
[2025-04-15 01:36:20,052][__main__][INFO] - Episode 132 completed with reward -44.52 in 69 steps
[2025-04-15 01:36:20,100][__main__][INFO] - Episode 133 completed with reward -215.68 in 97 steps
[2025-04-15 01:36:20,150][__main__][INFO] - Episode 134 completed with reward -361.73 in 100 steps
[2025-04-15 01:36:20,188][__main__][INFO] - Episode 135 completed with reward -133.59 in 75 steps
[2025-04-15 01:36:20,844][__main__][INFO] - EnvName: LLdV3, Steps: 14k, Episodes: 136, Episode Reward: -193
[2025-04-15 01:36:20,865][__main__][INFO] - Episode 136 completed with reward -238.47 in 85 steps
[2025-04-15 01:36:20,922][__main__][INFO] - Episode 137 completed with reward -387.08 in 115 steps
[2025-04-15 01:36:20,973][__main__][INFO] - Episode 138 completed with reward -149.82 in 98 steps
[2025-04-15 01:36:21,048][__main__][INFO] - Episode 139 completed with reward -258.20 in 156 steps
[2025-04-15 01:36:21,131][__main__][INFO] - Episode 140 completed with reward -114.01 in 170 steps
[2025-04-15 01:36:21,187][__main__][INFO] - Episode 141 completed with reward -324.69 in 112 steps
[2025-04-15 01:36:21,228][__main__][INFO] - Episode 142 completed with reward -449.39 in 82 steps
[2025-04-15 01:36:21,272][__main__][INFO] - Episode 143 completed with reward -131.11 in 88 steps
[2025-04-15 01:36:21,314][__main__][INFO] - Episode 144 completed with reward -196.25 in 85 steps
[2025-04-15 01:36:22,119][__main__][INFO] - EnvName: LLdV3, Steps: 15k, Episodes: 145, Episode Reward: -244
[2025-04-15 01:36:22,142][__main__][INFO] - Episode 145 completed with reward -203.70 in 101 steps
[2025-04-15 01:36:22,184][__main__][INFO] - Episode 146 completed with reward -436.08 in 84 steps
[2025-04-15 01:36:22,274][__main__][INFO] - Episode 147 completed with reward -75.36 in 185 steps
[2025-04-15 01:36:22,322][__main__][INFO] - Episode 148 completed with reward -90.67 in 96 steps
[2025-04-15 01:36:22,402][__main__][INFO] - Episode 149 completed with reward -531.19 in 164 steps
[2025-04-15 01:36:22,490][__main__][INFO] - Episode 150 completed with reward -270.77 in 181 steps
[2025-04-15 01:36:22,526][__main__][INFO] - Episode 151 completed with reward -48.19 in 75 steps
[2025-04-15 01:36:22,578][__main__][INFO] - Episode 152 completed with reward -272.59 in 105 steps
[2025-04-15 01:36:23,231][__main__][INFO] - EnvName: LLdV3, Steps: 16k, Episodes: 153, Episode Reward: -173
[2025-04-15 01:36:23,265][__main__][INFO] - Episode 153 completed with reward -113.29 in 132 steps
[2025-04-15 01:36:23,320][__main__][INFO] - Episode 154 completed with reward -162.34 in 111 steps
[2025-04-15 01:36:23,382][__main__][INFO] - Episode 155 completed with reward -215.55 in 124 steps
[2025-04-15 01:36:23,418][__main__][INFO] - Episode 156 completed with reward -170.70 in 73 steps
[2025-04-15 01:36:23,486][__main__][INFO] - Episode 157 completed with reward -340.62 in 137 steps
[2025-04-15 01:36:23,552][__main__][INFO] - Episode 158 completed with reward -205.11 in 135 steps
[2025-04-15 01:36:23,601][__main__][INFO] - Episode 159 completed with reward -265.23 in 100 steps
[2025-04-15 01:36:23,636][__main__][INFO] - Episode 160 completed with reward -169.59 in 70 steps
[2025-04-15 01:36:23,682][__main__][INFO] - Episode 161 completed with reward -95.37 in 91 steps
[2025-04-15 01:36:24,455][__main__][INFO] - EnvName: LLdV3, Steps: 17k, Episodes: 162, Episode Reward: -182
[2025-04-15 01:36:24,479][__main__][INFO] - Episode 162 completed with reward -98.02 in 138 steps
[2025-04-15 01:36:24,516][__main__][INFO] - Episode 163 completed with reward -357.91 in 74 steps
[2025-04-15 01:36:24,590][__main__][INFO] - Episode 164 completed with reward -110.37 in 152 steps
[2025-04-15 01:36:24,625][__main__][INFO] - Episode 165 completed with reward -72.36 in 71 steps
[2025-04-15 01:36:24,683][__main__][INFO] - Episode 166 completed with reward -247.22 in 118 steps
[2025-04-15 01:36:24,738][__main__][INFO] - Episode 167 completed with reward -294.16 in 109 steps
[2025-04-15 01:36:24,781][__main__][INFO] - Episode 168 completed with reward -308.10 in 86 steps
[2025-04-15 01:36:24,826][__main__][INFO] - Episode 169 completed with reward -360.91 in 91 steps
[2025-04-15 01:36:24,922][__main__][INFO] - Episode 170 completed with reward -105.58 in 190 steps
[2025-04-15 01:36:25,594][__main__][INFO] - EnvName: LLdV3, Steps: 18k, Episodes: 171, Episode Reward: -222
[2025-04-15 01:36:25,624][__main__][INFO] - Episode 171 completed with reward -118.76 in 110 steps
[2025-04-15 01:36:25,680][__main__][INFO] - Episode 172 completed with reward -63.42 in 105 steps
[2025-04-15 01:36:25,727][__main__][INFO] - Episode 173 completed with reward -356.44 in 91 steps
[2025-04-15 01:36:25,785][__main__][INFO] - Episode 174 completed with reward -301.41 in 112 steps
[2025-04-15 01:36:25,856][__main__][INFO] - Episode 175 completed with reward -218.10 in 142 steps
[2025-04-15 01:36:25,904][__main__][INFO] - Episode 176 completed with reward -372.42 in 95 steps
[2025-04-15 01:36:25,986][__main__][INFO] - Episode 177 completed with reward -116.85 in 165 steps
[2025-04-15 01:36:26,750][__main__][INFO] - EnvName: LLdV3, Steps: 19k, Episodes: 178, Episode Reward: -228
[2025-04-15 01:36:26,750][__main__][INFO] - Episode 178 completed with reward -242.89 in 241 steps
[2025-04-15 01:36:26,796][__main__][INFO] - Episode 179 completed with reward -473.55 in 93 steps
[2025-04-15 01:36:26,834][__main__][INFO] - Episode 180 completed with reward -154.82 in 77 steps
[2025-04-15 01:36:26,874][__main__][INFO] - Episode 181 completed with reward -43.91 in 80 steps
[2025-04-15 01:36:26,915][__main__][INFO] - Episode 182 completed with reward -375.66 in 83 steps
[2025-04-15 01:36:26,969][__main__][INFO] - Episode 183 completed with reward -68.41 in 109 steps
[2025-04-15 01:36:27,020][__main__][INFO] - Episode 184 completed with reward -125.11 in 105 steps
[2025-04-15 01:36:27,059][__main__][INFO] - Episode 185 completed with reward -196.60 in 78 steps
[2025-04-15 01:36:27,111][__main__][INFO] - Episode 186 completed with reward -80.69 in 106 steps
[2025-04-15 01:36:27,148][__main__][INFO] - Episode 187 completed with reward -81.13 in 75 steps
[2025-04-15 01:36:27,214][__main__][INFO] - Episode 188 completed with reward -471.20 in 133 steps
[2025-04-15 01:36:28,172][__main__][INFO] - EnvName: LLdV3, Steps: 20k, Episodes: 189, Episode Reward: -236
[2025-04-15 01:36:28,196][__main__][INFO] - Episode 189 completed with reward -317.29 in 97 steps
[2025-04-15 01:36:28,235][__main__][INFO] - Episode 190 completed with reward -153.63 in 79 steps
[2025-04-15 01:36:28,300][__main__][INFO] - Episode 191 completed with reward -61.01 in 132 steps
[2025-04-15 01:36:28,365][__main__][INFO] - Episode 192 completed with reward -275.28 in 131 steps
[2025-04-15 01:36:28,418][__main__][INFO] - Episode 193 completed with reward -278.22 in 110 steps
[2025-04-15 01:36:28,457][__main__][INFO] - Episode 194 completed with reward -196.92 in 78 steps
[2025-04-15 01:36:28,497][__main__][INFO] - Episode 195 completed with reward -201.03 in 81 steps
[2025-04-15 01:36:28,548][__main__][INFO] - Episode 196 completed with reward -190.75 in 103 steps
[2025-04-15 01:36:28,591][__main__][INFO] - Episode 197 completed with reward -329.58 in 89 steps
[2025-04-15 01:36:28,649][__main__][INFO] - Episode 198 completed with reward -169.47 in 118 steps
[2025-04-15 01:36:29,547][__main__][INFO] - EnvName: LLdV3, Steps: 21k, Episodes: 199, Episode Reward: -199
[2025-04-15 01:36:29,573][__main__][INFO] - Episode 199 completed with reward -326.77 in 94 steps
[2025-04-15 01:36:29,646][__main__][INFO] - Episode 200 completed with reward -321.66 in 151 steps
[2025-04-15 01:36:29,723][__main__][INFO] - Episode 201 completed with reward -177.20 in 155 steps
[2025-04-15 01:36:29,811][__main__][INFO] - Episode 202 completed with reward -237.56 in 179 steps
[2025-04-15 01:36:29,870][__main__][INFO] - Episode 203 completed with reward -316.93 in 117 steps
[2025-04-15 01:36:29,914][__main__][INFO] - Episode 204 completed with reward -26.39 in 91 steps
[2025-04-15 01:36:29,956][__main__][INFO] - Episode 205 completed with reward -200.23 in 83 steps
[2025-04-15 01:36:30,010][__main__][INFO] - Episode 206 completed with reward -364.32 in 110 steps
[2025-04-15 01:36:30,721][__main__][INFO] - EnvName: LLdV3, Steps: 22k, Episodes: 207, Episode Reward: -214
[2025-04-15 01:36:30,732][__main__][INFO] - Episode 207 completed with reward -117.57 in 83 steps
[2025-04-15 01:36:30,778][__main__][INFO] - Episode 208 completed with reward -258.39 in 92 steps
[2025-04-15 01:36:30,842][__main__][INFO] - Episode 209 completed with reward -246.63 in 112 steps
[2025-04-15 01:36:30,881][__main__][INFO] - Episode 210 completed with reward -14.34 in 73 steps
[2025-04-15 01:36:30,930][__main__][INFO] - Episode 211 completed with reward -262.22 in 98 steps
[2025-04-15 01:36:30,991][__main__][INFO] - Episode 212 completed with reward -403.33 in 123 steps
[2025-04-15 01:36:31,037][__main__][INFO] - Episode 213 completed with reward -62.32 in 89 steps
[2025-04-15 01:36:31,102][__main__][INFO] - Episode 214 completed with reward -407.00 in 127 steps
[2025-04-15 01:36:31,185][__main__][INFO] - Episode 215 completed with reward -97.96 in 167 steps
[2025-04-15 01:36:31,229][__main__][INFO] - Episode 216 completed with reward -406.85 in 89 steps
[2025-04-15 01:36:31,805][__main__][INFO] - EnvName: LLdV3, Steps: 23k, Episodes: 217, Episode Reward: -189
[2025-04-15 01:36:31,840][__main__][INFO] - Episode 217 completed with reward -268.05 in 81 steps
[2025-04-15 01:36:31,920][__main__][INFO] - Episode 218 completed with reward -261.07 in 163 steps
[2025-04-15 01:36:31,969][__main__][INFO] - Episode 219 completed with reward -63.74 in 98 steps
[2025-04-15 01:36:32,030][__main__][INFO] - Episode 220 completed with reward -234.61 in 127 steps
[2025-04-15 01:36:32,096][__main__][INFO] - Episode 221 completed with reward -251.12 in 134 steps
[2025-04-15 01:36:32,166][__main__][INFO] - Episode 222 completed with reward -290.20 in 143 steps
[2025-04-15 01:36:32,213][__main__][INFO] - Episode 223 completed with reward -58.91 in 93 steps
[2025-04-15 01:36:32,254][__main__][INFO] - Episode 224 completed with reward -79.52 in 82 steps
[2025-04-15 01:36:32,982][__main__][INFO] - EnvName: LLdV3, Steps: 24k, Episodes: 225, Episode Reward: -174
[2025-04-15 01:36:32,988][__main__][INFO] - Episode 225 completed with reward -98.39 in 99 steps
[2025-04-15 01:36:33,046][__main__][INFO] - Episode 226 completed with reward -307.42 in 117 steps
[2025-04-15 01:36:33,083][__main__][INFO] - Episode 227 completed with reward -276.92 in 75 steps
[2025-04-15 01:36:33,205][__main__][INFO] - Episode 228 completed with reward -303.12 in 228 steps
[2025-04-15 01:36:33,254][__main__][INFO] - Episode 229 completed with reward -313.36 in 85 steps
[2025-04-15 01:36:33,288][__main__][INFO] - Episode 230 completed with reward -203.88 in 69 steps
[2025-04-15 01:36:33,344][__main__][INFO] - Episode 231 completed with reward -113.59 in 107 steps
[2025-04-15 01:36:33,413][__main__][INFO] - Episode 232 completed with reward -490.07 in 141 steps
[2025-04-15 01:36:33,466][__main__][INFO] - Episode 233 completed with reward -311.89 in 104 steps
[2025-04-15 01:36:34,275][__main__][INFO] - EnvName: LLdV3, Steps: 25k, Episodes: 234, Episode Reward: -172
[2025-04-15 01:36:34,314][__main__][INFO] - Episode 234 completed with reward -153.03 in 139 steps
[2025-04-15 01:36:34,372][__main__][INFO] - Episode 235 completed with reward -136.36 in 115 steps
[2025-04-15 01:36:34,440][__main__][INFO] - Episode 236 completed with reward -389.30 in 130 steps
[2025-04-15 01:36:34,507][__main__][INFO] - Episode 237 completed with reward -96.23 in 137 steps
[2025-04-15 01:36:34,556][__main__][INFO] - Episode 238 completed with reward -230.03 in 98 steps
[2025-04-15 01:36:34,603][__main__][INFO] - Episode 239 completed with reward -430.80 in 96 steps
[2025-04-15 01:36:34,658][__main__][INFO] - Episode 240 completed with reward -189.73 in 110 steps
[2025-04-15 01:36:34,704][__main__][INFO] - Episode 241 completed with reward -103.56 in 93 steps
[2025-04-15 01:36:34,753][__main__][INFO] - Episode 242 completed with reward -20.86 in 98 steps
[2025-04-15 01:36:35,412][__main__][INFO] - EnvName: LLdV3, Steps: 26k, Episodes: 243, Episode Reward: -212
[2025-04-15 01:36:35,437][__main__][INFO] - Episode 243 completed with reward -375.57 in 103 steps
[2025-04-15 01:36:35,481][__main__][INFO] - Episode 244 completed with reward -391.12 in 96 steps
[2025-04-15 01:36:35,519][__main__][INFO] - Episode 245 completed with reward -111.30 in 85 steps
[2025-04-15 01:36:35,574][__main__][INFO] - Episode 246 completed with reward -246.42 in 121 steps
[2025-04-15 01:36:35,613][__main__][INFO] - Episode 247 completed with reward -73.47 in 87 steps
[2025-04-15 01:36:35,658][__main__][INFO] - Episode 248 completed with reward -342.94 in 100 steps
[2025-04-15 01:36:35,697][__main__][INFO] - Episode 249 completed with reward -304.56 in 84 steps
[2025-04-15 01:36:35,735][__main__][INFO] - Episode 250 completed with reward -102.08 in 85 steps
[2025-04-15 01:36:35,803][__main__][INFO] - Episode 251 completed with reward -314.24 in 149 steps
[2025-04-15 01:36:35,849][__main__][INFO] - Episode 252 completed with reward -362.94 in 101 steps
[2025-04-15 01:36:36,470][__main__][INFO] - EnvName: LLdV3, Steps: 27k, Episodes: 253, Episode Reward: -202
[2025-04-15 01:36:36,495][__main__][INFO] - Episode 253 completed with reward -282.84 in 92 steps
[2025-04-15 01:36:36,551][__main__][INFO] - Episode 254 completed with reward -490.41 in 124 steps
[2025-04-15 01:36:36,585][__main__][INFO] - Episode 255 completed with reward -155.44 in 75 steps
[2025-04-15 01:36:36,620][__main__][INFO] - Episode 256 completed with reward -58.81 in 76 steps
[2025-04-15 01:36:36,671][__main__][INFO] - Episode 257 completed with reward -105.99 in 112 steps
[2025-04-15 01:36:36,721][__main__][INFO] - Episode 258 completed with reward -78.34 in 110 steps
[2025-04-15 01:36:36,794][__main__][INFO] - Episode 259 completed with reward -94.05 in 161 steps
[2025-04-15 01:36:36,831][__main__][INFO] - Episode 260 completed with reward -403.62 in 83 steps
[2025-04-15 01:36:36,865][__main__][INFO] - Episode 261 completed with reward -49.84 in 74 steps
[2025-04-15 01:36:36,915][__main__][INFO] - Episode 262 completed with reward -206.64 in 111 steps
[2025-04-15 01:36:38,068][__main__][INFO] - EnvName: LLdV3, Steps: 28k, Episodes: 263, Episode Reward: -199
[2025-04-15 01:36:38,090][__main__][INFO] - Episode 263 completed with reward -126.38 in 68 steps
[2025-04-15 01:36:38,124][__main__][INFO] - Episode 264 completed with reward -40.71 in 74 steps
[2025-04-15 01:36:38,156][__main__][INFO] - Episode 265 completed with reward -118.69 in 70 steps
[2025-04-15 01:36:38,189][__main__][INFO] - Episode 266 completed with reward -95.16 in 73 steps
[2025-04-15 01:36:38,229][__main__][INFO] - Episode 267 completed with reward -256.02 in 88 steps
[2025-04-15 01:36:38,269][__main__][INFO] - Episode 268 completed with reward -394.98 in 87 steps
[2025-04-15 01:36:38,314][__main__][INFO] - Episode 269 completed with reward -163.92 in 98 steps
[2025-04-15 01:36:38,352][__main__][INFO] - Episode 270 completed with reward -120.24 in 83 steps
[2025-04-15 01:36:38,392][__main__][INFO] - Episode 271 completed with reward -112.14 in 88 steps
[2025-04-15 01:36:38,449][__main__][INFO] - Episode 272 completed with reward -511.93 in 126 steps
[2025-04-15 01:36:38,503][__main__][INFO] - Episode 273 completed with reward -464.99 in 120 steps
[2025-04-15 01:36:39,015][__main__][INFO] - EnvName: LLdV3, Steps: 29k, Episodes: 274, Episode Reward: -154
[2025-04-15 01:36:39,041][__main__][INFO] - Episode 274 completed with reward -203.65 in 100 steps
[2025-04-15 01:36:39,093][__main__][INFO] - Episode 275 completed with reward -318.73 in 114 steps
[2025-04-15 01:36:39,143][__main__][INFO] - Episode 276 completed with reward -446.60 in 112 steps
[2025-04-15 01:36:39,207][__main__][INFO] - Episode 277 completed with reward -111.97 in 140 steps
[2025-04-15 01:36:39,246][__main__][INFO] - Episode 278 completed with reward -268.71 in 84 steps
[2025-04-15 01:36:39,290][__main__][INFO] - Episode 279 completed with reward -316.46 in 96 steps
[2025-04-15 01:36:39,338][__main__][INFO] - Episode 280 completed with reward -199.82 in 107 steps
[2025-04-15 01:36:39,382][__main__][INFO] - Episode 281 completed with reward -342.73 in 96 steps
[2025-04-15 01:36:39,431][__main__][INFO] - Episode 282 completed with reward -159.57 in 110 steps
[2025-04-15 01:36:40,122][__main__][INFO] - EnvName: LLdV3, Steps: 30k, Episodes: 283, Episode Reward: -188
[2025-04-15 01:36:40,160][__main__][INFO] - Episode 283 completed with reward -80.40 in 155 steps
[2025-04-15 01:36:40,200][__main__][INFO] - Episode 284 completed with reward -179.30 in 87 steps
[2025-04-15 01:36:40,270][__main__][INFO] - Episode 285 completed with reward -489.45 in 156 steps
[2025-04-15 01:36:40,314][__main__][INFO] - Episode 286 completed with reward -385.06 in 96 steps
[2025-04-15 01:36:40,352][__main__][INFO] - Episode 287 completed with reward -163.17 in 83 steps
[2025-04-15 01:36:40,394][__main__][INFO] - Episode 288 completed with reward -385.47 in 93 steps
[2025-04-15 01:36:40,458][__main__][INFO] - Episode 289 completed with reward -559.34 in 141 steps
[2025-04-15 01:36:40,503][__main__][INFO] - Episode 290 completed with reward -85.89 in 99 steps
[2025-04-15 01:36:40,563][__main__][INFO] - Episode 291 completed with reward -372.48 in 134 steps
[2025-04-15 01:36:41,276][__main__][INFO] - EnvName: LLdV3, Steps: 31k, Episodes: 292, Episode Reward: -206
[2025-04-15 01:36:41,323][__main__][INFO] - Episode 292 completed with reward -272.75 in 144 steps
[2025-04-15 01:36:41,383][__main__][INFO] - Episode 293 completed with reward -317.21 in 132 steps
[2025-04-15 01:36:41,442][__main__][INFO] - Episode 294 completed with reward -100.18 in 128 steps
[2025-04-15 01:36:41,490][__main__][INFO] - Episode 295 completed with reward -340.93 in 107 steps
[2025-04-15 01:36:41,532][__main__][INFO] - Episode 296 completed with reward -303.68 in 92 steps
[2025-04-15 01:36:41,569][__main__][INFO] - Episode 297 completed with reward -395.69 in 81 steps
[2025-04-15 01:36:41,623][__main__][INFO] - Episode 298 completed with reward -280.06 in 120 steps
[2025-04-15 01:36:41,667][__main__][INFO] - Episode 299 completed with reward -154.45 in 92 steps
[2025-04-15 01:36:42,325][__main__][INFO] - EnvName: LLdV3, Steps: 32k, Episodes: 300, Episode Reward: -336
[2025-04-15 01:36:42,334][__main__][INFO] - Episode 300 completed with reward -133.40 in 163 steps
[2025-04-15 01:36:42,396][__main__][INFO] - Episode 301 completed with reward -162.07 in 127 steps
[2025-04-15 01:36:42,436][__main__][INFO] - Episode 302 completed with reward -80.06 in 81 steps
[2025-04-15 01:36:42,493][__main__][INFO] - Episode 303 completed with reward -168.76 in 114 steps
[2025-04-15 01:36:42,549][__main__][INFO] - Episode 304 completed with reward -55.92 in 114 steps
[2025-04-15 01:36:42,588][__main__][INFO] - Episode 305 completed with reward -70.38 in 79 steps
[2025-04-15 01:36:42,632][__main__][INFO] - Episode 306 completed with reward -421.16 in 89 steps
[2025-04-15 01:36:42,719][__main__][INFO] - Episode 307 completed with reward -114.67 in 179 steps
[2025-04-15 01:36:42,792][__main__][INFO] - Episode 308 completed with reward -189.12 in 149 steps
[2025-04-15 01:36:43,559][__main__][INFO] - EnvName: LLdV3, Steps: 33k, Episodes: 309, Episode Reward: -241
[2025-04-15 01:36:43,575][__main__][INFO] - Episode 309 completed with reward -119.86 in 82 steps
[2025-04-15 01:36:43,616][__main__][INFO] - Episode 310 completed with reward -359.33 in 83 steps
[2025-04-15 01:36:43,671][__main__][INFO] - Episode 311 completed with reward -338.75 in 110 steps
[2025-04-15 01:36:43,710][__main__][INFO] - Episode 312 completed with reward -83.91 in 77 steps
[2025-04-15 01:36:43,763][__main__][INFO] - Episode 313 completed with reward -134.38 in 106 steps
[2025-04-15 01:36:43,818][__main__][INFO] - Episode 314 completed with reward -221.87 in 112 steps
[2025-04-15 01:36:43,860][__main__][INFO] - Episode 315 completed with reward -59.49 in 85 steps
[2025-04-15 01:36:43,915][__main__][INFO] - Episode 316 completed with reward -320.54 in 112 steps
[2025-04-15 01:36:43,968][__main__][INFO] - Episode 317 completed with reward -120.87 in 106 steps
[2025-04-15 01:36:43,999][__main__][INFO] - Episode 318 completed with reward -79.01 in 62 steps
[2025-04-15 01:36:44,055][__main__][INFO] - Episode 319 completed with reward -390.06 in 113 steps
[2025-04-15 01:36:44,895][__main__][INFO] - EnvName: LLdV3, Steps: 34k, Episodes: 320, Episode Reward: -220
[2025-04-15 01:36:44,950][__main__][INFO] - Episode 320 completed with reward -178.46 in 114 steps
[2025-04-15 01:36:44,991][__main__][INFO] - Episode 321 completed with reward -66.75 in 81 steps
[2025-04-15 01:36:45,039][__main__][INFO] - Episode 322 completed with reward -93.45 in 91 steps
[2025-04-15 01:36:45,104][__main__][INFO] - Episode 323 completed with reward -458.35 in 131 steps
[2025-04-15 01:36:45,153][__main__][INFO] - Episode 324 completed with reward -258.05 in 99 steps
[2025-04-15 01:36:45,215][__main__][INFO] - Episode 325 completed with reward -299.85 in 127 steps
[2025-04-15 01:36:45,268][__main__][INFO] - Episode 326 completed with reward -283.96 in 107 steps
[2025-04-15 01:36:45,321][__main__][INFO] - Episode 327 completed with reward -336.50 in 105 steps
[2025-04-15 01:36:45,358][__main__][INFO] - Episode 328 completed with reward -289.10 in 74 steps
[2025-04-15 01:36:46,118][__main__][INFO] - EnvName: LLdV3, Steps: 35k, Episodes: 329, Episode Reward: -229
[2025-04-15 01:36:46,120][__main__][INFO] - Episode 329 completed with reward -59.82 in 77 steps
[2025-04-15 01:36:46,189][__main__][INFO] - Episode 330 completed with reward -96.61 in 139 steps
[2025-04-15 01:36:46,244][__main__][INFO] - Episode 331 completed with reward -109.29 in 111 steps
[2025-04-15 01:36:46,281][__main__][INFO] - Episode 332 completed with reward -56.24 in 75 steps
[2025-04-15 01:36:46,320][__main__][INFO] - Episode 333 completed with reward -82.94 in 80 steps
[2025-04-15 01:36:46,408][__main__][INFO] - Episode 334 completed with reward -81.57 in 179 steps
[2025-04-15 01:36:46,464][__main__][INFO] - Episode 335 completed with reward -322.84 in 116 steps
[2025-04-15 01:36:46,517][__main__][INFO] - Episode 336 completed with reward -369.91 in 105 steps
[2025-04-15 01:36:46,552][__main__][INFO] - Episode 337 completed with reward -169.31 in 70 steps
[2025-04-15 01:36:46,602][__main__][INFO] - Episode 338 completed with reward -177.11 in 97 steps
[2025-04-15 01:36:47,386][__main__][INFO] - EnvName: LLdV3, Steps: 36k, Episodes: 339, Episode Reward: -206
[2025-04-15 01:36:47,424][__main__][INFO] - Episode 339 completed with reward -129.58 in 98 steps
[2025-04-15 01:36:47,471][__main__][INFO] - Episode 340 completed with reward -466.29 in 94 steps
[2025-04-15 01:36:47,529][__main__][INFO] - Episode 341 completed with reward -199.12 in 118 steps
[2025-04-15 01:36:47,589][__main__][INFO] - Episode 342 completed with reward -91.05 in 108 steps
[2025-04-15 01:36:47,638][__main__][INFO] - Episode 343 completed with reward -102.64 in 97 steps
[2025-04-15 01:36:47,723][__main__][INFO] - Episode 344 completed with reward -75.55 in 143 steps
[2025-04-15 01:36:47,775][__main__][INFO] - Episode 345 completed with reward -397.12 in 104 steps
[2025-04-15 01:36:47,859][__main__][INFO] - Episode 346 completed with reward -328.53 in 144 steps
[2025-04-15 01:36:47,902][__main__][INFO] - Episode 347 completed with reward -174.19 in 78 steps
[2025-04-15 01:36:48,647][__main__][INFO] - EnvName: LLdV3, Steps: 37k, Episodes: 348, Episode Reward: -238
[2025-04-15 01:36:48,684][__main__][INFO] - Episode 348 completed with reward -179.47 in 115 steps
[2025-04-15 01:36:48,742][__main__][INFO] - Episode 349 completed with reward -95.21 in 119 steps
[2025-04-15 01:36:48,790][__main__][INFO] - Episode 350 completed with reward -378.53 in 87 steps
[2025-04-15 01:36:48,840][__main__][INFO] - Episode 351 completed with reward -166.02 in 99 steps
[2025-04-15 01:36:48,890][__main__][INFO] - Episode 352 completed with reward -197.26 in 101 steps
[2025-04-15 01:36:48,930][__main__][INFO] - Episode 353 completed with reward -71.50 in 80 steps
[2025-04-15 01:36:48,998][__main__][INFO] - Episode 354 completed with reward -317.90 in 122 steps
[2025-04-15 01:36:49,049][__main__][INFO] - Episode 355 completed with reward -313.72 in 98 steps
[2025-04-15 01:36:49,112][__main__][INFO] - Episode 356 completed with reward -182.16 in 123 steps
[2025-04-15 01:36:49,154][__main__][INFO] - Episode 357 completed with reward -236.50 in 84 steps
[2025-04-15 01:36:49,842][__main__][INFO] - EnvName: LLdV3, Steps: 38k, Episodes: 358, Episode Reward: -267
[2025-04-15 01:36:49,897][__main__][INFO] - Episode 358 completed with reward -58.42 in 122 steps
[2025-04-15 01:36:49,930][__main__][INFO] - Episode 359 completed with reward -145.12 in 66 steps
[2025-04-15 01:36:49,990][__main__][INFO] - Episode 360 completed with reward -257.85 in 122 steps
[2025-04-15 01:36:50,079][__main__][INFO] - Episode 361 completed with reward -177.45 in 182 steps
[2025-04-15 01:36:50,150][__main__][INFO] - Episode 362 completed with reward -375.33 in 144 steps
[2025-04-15 01:36:50,201][__main__][INFO] - Episode 363 completed with reward -341.71 in 101 steps
[2025-04-15 01:36:50,246][__main__][INFO] - Episode 364 completed with reward -378.20 in 90 steps
[2025-04-15 01:36:50,317][__main__][INFO] - Episode 365 completed with reward -114.32 in 141 steps
[2025-04-15 01:36:51,059][__main__][INFO] - EnvName: LLdV3, Steps: 39k, Episodes: 366, Episode Reward: -240
[2025-04-15 01:36:51,087][__main__][INFO] - Episode 366 completed with reward -271.94 in 100 steps
[2025-04-15 01:36:51,128][__main__][INFO] - Episode 367 completed with reward -49.17 in 82 steps
[2025-04-15 01:36:51,179][__main__][INFO] - Episode 368 completed with reward -397.00 in 102 steps
[2025-04-15 01:36:51,212][__main__][INFO] - Episode 369 completed with reward -135.84 in 66 steps
[2025-04-15 01:36:51,268][__main__][INFO] - Episode 370 completed with reward -209.15 in 113 steps
[2025-04-15 01:36:51,329][__main__][INFO] - Episode 371 completed with reward -435.74 in 119 steps
[2025-04-15 01:36:51,422][__main__][INFO] - Episode 372 completed with reward -455.05 in 190 steps
[2025-04-15 01:36:51,471][__main__][INFO] - Episode 373 completed with reward -283.37 in 97 steps
[2025-04-15 01:36:51,515][__main__][INFO] - Episode 374 completed with reward -69.76 in 67 steps
[2025-04-15 01:36:52,186][__main__][INFO] - EnvName: LLdV3, Steps: 40k, Episodes: 375, Episode Reward: -167
[2025-04-15 01:36:52,195][__main__][INFO] - Episode 375 completed with reward -178.80 in 113 steps
[2025-04-15 01:36:52,242][__main__][INFO] - Episode 376 completed with reward -296.49 in 86 steps
[2025-04-15 01:36:52,328][__main__][INFO] - Episode 377 completed with reward -84.82 in 168 steps
[2025-04-15 01:36:52,377][__main__][INFO] - Episode 378 completed with reward -54.41 in 98 steps
[2025-04-15 01:36:52,432][__main__][INFO] - Episode 379 completed with reward -314.18 in 112 steps
[2025-04-15 01:36:52,482][__main__][INFO] - Episode 380 completed with reward -279.69 in 100 steps
[2025-04-15 01:36:52,527][__main__][INFO] - Episode 381 completed with reward -83.02 in 89 steps
[2025-04-15 01:36:52,567][__main__][INFO] - Episode 382 completed with reward -51.10 in 82 steps
[2025-04-15 01:36:52,644][__main__][INFO] - Episode 383 completed with reward -95.02 in 157 steps
[2025-04-15 01:36:52,694][__main__][INFO] - Episode 384 completed with reward -101.83 in 100 steps
[2025-04-15 01:36:53,409][__main__][INFO] - EnvName: LLdV3, Steps: 41k, Episodes: 385, Episode Reward: -218
[2025-04-15 01:36:53,479][__main__][INFO] - Episode 385 completed with reward -124.24 in 146 steps
[2025-04-15 01:36:53,518][__main__][INFO] - Episode 386 completed with reward -43.93 in 78 steps
[2025-04-15 01:36:53,570][__main__][INFO] - Episode 387 completed with reward -390.55 in 106 steps
[2025-04-15 01:36:53,613][__main__][INFO] - Episode 388 completed with reward -281.18 in 86 steps
[2025-04-15 01:36:53,667][__main__][INFO] - Episode 389 completed with reward -208.08 in 108 steps
[2025-04-15 01:36:53,756][__main__][INFO] - Episode 390 completed with reward -216.96 in 171 steps
[2025-04-15 01:36:53,812][__main__][INFO] - Episode 391 completed with reward -110.06 in 114 steps
[2025-04-15 01:36:53,874][__main__][INFO] - Episode 392 completed with reward -272.38 in 126 steps
[2025-04-15 01:36:54,472][__main__][INFO] - EnvName: LLdV3, Steps: 42k, Episodes: 393, Episode Reward: -216
[2025-04-15 01:36:54,503][__main__][INFO] - Episode 393 completed with reward -80.67 in 129 steps
[2025-04-15 01:36:54,549][__main__][INFO] - Episode 394 completed with reward -88.61 in 92 steps
[2025-04-15 01:36:54,605][__main__][INFO] - Episode 395 completed with reward -124.60 in 110 steps
[2025-04-15 01:36:54,653][__main__][INFO] - Episode 396 completed with reward -344.99 in 97 steps
[2025-04-15 01:36:54,737][__main__][INFO] - Episode 397 completed with reward -293.09 in 166 steps
[2025-04-15 01:36:54,794][__main__][INFO] - Episode 398 completed with reward -387.42 in 88 steps
[2025-04-15 01:36:54,860][__main__][INFO] - Episode 399 completed with reward -109.44 in 98 steps
[2025-04-15 01:36:54,936][__main__][INFO] - Episode 400 completed with reward -311.93 in 129 steps
[2025-04-15 01:36:54,976][__main__][INFO] - Episode 401 completed with reward -351.79 in 80 steps
[2025-04-15 01:36:55,721][__main__][INFO] - EnvName: LLdV3, Steps: 43k, Episodes: 402, Episode Reward: -151
[2025-04-15 01:36:55,749][__main__][INFO] - Episode 402 completed with reward -259.23 in 135 steps
[2025-04-15 01:36:55,817][__main__][INFO] - Episode 403 completed with reward -104.81 in 141 steps
[2025-04-15 01:36:55,867][__main__][INFO] - Episode 404 completed with reward -275.76 in 103 steps
[2025-04-15 01:36:55,908][__main__][INFO] - Episode 405 completed with reward -66.93 in 83 steps
[2025-04-15 01:36:55,990][__main__][INFO] - Episode 406 completed with reward -420.57 in 161 steps
[2025-04-15 01:36:56,047][__main__][INFO] - Episode 407 completed with reward -329.69 in 91 steps
[2025-04-15 01:36:56,086][__main__][INFO] - Episode 408 completed with reward -112.34 in 76 steps
[2025-04-15 01:36:56,147][__main__][INFO] - Episode 409 completed with reward -111.79 in 129 steps
[2025-04-15 01:36:56,184][__main__][INFO] - Episode 410 completed with reward -185.75 in 75 steps
[2025-04-15 01:36:56,768][__main__][INFO] - EnvName: LLdV3, Steps: 44k, Episodes: 411, Episode Reward: -163
[2025-04-15 01:36:56,774][__main__][INFO] - Episode 411 completed with reward -287.77 in 98 steps
[2025-04-15 01:36:56,815][__main__][INFO] - Episode 412 completed with reward -355.34 in 88 steps
[2025-04-15 01:36:56,881][__main__][INFO] - Episode 413 completed with reward -344.00 in 145 steps
[2025-04-15 01:36:56,935][__main__][INFO] - Episode 414 completed with reward -83.69 in 118 steps
[2025-04-15 01:36:56,977][__main__][INFO] - Episode 415 completed with reward -81.85 in 89 steps
[2025-04-15 01:36:57,022][__main__][INFO] - Episode 416 completed with reward -161.77 in 96 steps
[2025-04-15 01:36:57,078][__main__][INFO] - Episode 417 completed with reward -298.58 in 109 steps
[2025-04-15 01:36:57,116][__main__][INFO] - Episode 418 completed with reward -74.73 in 79 steps
[2025-04-15 01:36:57,163][__main__][INFO] - Episode 419 completed with reward -262.98 in 100 steps
[2025-04-15 01:36:57,196][__main__][INFO] - Episode 420 completed with reward -34.96 in 68 steps
[2025-04-15 01:36:57,807][__main__][INFO] - EnvName: LLdV3, Steps: 45k, Episodes: 421, Episode Reward: -170
[2025-04-15 01:36:57,817][__main__][INFO] - Episode 421 completed with reward -295.48 in 113 steps
[2025-04-15 01:36:57,881][__main__][INFO] - Episode 422 completed with reward -74.09 in 136 steps
[2025-04-15 01:36:57,918][__main__][INFO] - Episode 423 completed with reward -97.74 in 75 steps
[2025-04-15 01:36:57,980][__main__][INFO] - Episode 424 completed with reward -376.18 in 131 steps
[2025-04-15 01:36:58,026][__main__][INFO] - Episode 425 completed with reward -369.32 in 94 steps
[2025-04-15 01:36:58,072][__main__][INFO] - Episode 426 completed with reward -129.02 in 97 steps
[2025-04-15 01:36:58,126][__main__][INFO] - Episode 427 completed with reward -158.10 in 114 steps
[2025-04-15 01:36:58,173][__main__][INFO] - Episode 428 completed with reward -278.22 in 101 steps
[2025-04-15 01:36:58,219][__main__][INFO] - Episode 429 completed with reward -128.41 in 100 steps
[2025-04-15 01:36:58,943][__main__][INFO] - EnvName: LLdV3, Steps: 46k, Episodes: 430, Episode Reward: -227
[2025-04-15 01:36:58,945][__main__][INFO] - Episode 430 completed with reward -365.06 in 138 steps
[2025-04-15 01:36:58,991][__main__][INFO] - Episode 431 completed with reward -171.42 in 99 steps
[2025-04-15 01:36:59,029][__main__][INFO] - Episode 432 completed with reward -194.06 in 78 steps
[2025-04-15 01:36:59,075][__main__][INFO] - Episode 433 completed with reward -315.87 in 93 steps
[2025-04-15 01:36:59,130][__main__][INFO] - Episode 434 completed with reward -110.64 in 119 steps
[2025-04-15 01:36:59,171][__main__][INFO] - Episode 435 completed with reward -178.63 in 79 steps
[2025-04-15 01:36:59,234][__main__][INFO] - Episode 436 completed with reward -551.78 in 124 steps
[2025-04-15 01:36:59,285][__main__][INFO] - Episode 437 completed with reward -224.48 in 96 steps
[2025-04-15 01:37:00,165][__main__][INFO] - EnvName: LLdV3, Steps: 47k, Episodes: 438, Episode Reward: -209
[2025-04-15 01:37:00,511][__main__][INFO] - Episode 438 completed with reward -299.58 in 987 steps
[2025-04-15 01:37:00,570][__main__][INFO] - Episode 439 completed with reward -62.09 in 122 steps
[2025-04-15 01:37:00,626][__main__][INFO] - Episode 440 completed with reward -141.63 in 115 steps
[2025-04-15 01:37:01,481][__main__][INFO] - EnvName: LLdV3, Steps: 48k, Episodes: 441, Episode Reward: -171
[2025-04-15 01:37:01,490][__main__][INFO] - Episode 441 completed with reward -416.26 in 100 steps
[2025-04-15 01:37:01,544][__main__][INFO] - Episode 442 completed with reward -250.76 in 108 steps
[2025-04-15 01:37:01,597][__main__][INFO] - Episode 443 completed with reward -134.45 in 107 steps
[2025-04-15 01:37:01,631][__main__][INFO] - Episode 444 completed with reward -164.61 in 66 steps
[2025-04-15 01:37:01,717][__main__][INFO] - Episode 445 completed with reward -296.77 in 163 steps
[2025-04-15 01:37:01,773][__main__][INFO] - Episode 446 completed with reward -236.15 in 110 steps
[2025-04-15 01:37:01,845][__main__][INFO] - Episode 447 completed with reward -72.22 in 144 steps
[2025-04-15 01:37:01,896][__main__][INFO] - Episode 448 completed with reward -114.46 in 102 steps
[2025-04-15 01:37:01,932][__main__][INFO] - Episode 449 completed with reward -39.85 in 72 steps
[2025-04-15 01:37:01,984][__main__][INFO] - Episode 450 completed with reward -337.46 in 106 steps
[2025-04-15 01:37:02,639][__main__][INFO] - EnvName: LLdV3, Steps: 49k, Episodes: 451, Episode Reward: -248
[2025-04-15 01:37:02,674][__main__][INFO] - Episode 451 completed with reward -278.04 in 85 steps
[2025-04-15 01:37:02,738][__main__][INFO] - Episode 452 completed with reward -386.99 in 140 steps
[2025-04-15 01:37:02,776][__main__][INFO] - Episode 453 completed with reward -278.26 in 83 steps
[2025-04-15 01:37:02,814][__main__][INFO] - Episode 454 completed with reward -265.57 in 84 steps
[2025-04-15 01:37:02,848][__main__][INFO] - Episode 455 completed with reward -95.02 in 73 steps
[2025-04-15 01:37:02,928][__main__][INFO] - Episode 456 completed with reward -102.96 in 177 steps
[2025-04-15 01:37:02,963][__main__][INFO] - Episode 457 completed with reward -172.43 in 73 steps
[2025-04-15 01:37:03,010][__main__][INFO] - Episode 458 completed with reward -202.89 in 102 steps
[2025-04-15 01:37:03,069][__main__][INFO] - Episode 459 completed with reward -362.91 in 131 steps
[2025-04-15 01:37:03,896][__main__][INFO] - EnvName: LLdV3, Steps: 50k, Episodes: 460, Episode Reward: -125
[2025-04-15 01:37:04,231][__main__][INFO] - Episode 460 completed with reward -50.03 in 90 steps
[2025-04-15 01:37:06,233][__main__][INFO] - Episode 461 completed with reward -222.62 in 98 steps
[2025-04-15 01:37:08,159][__main__][INFO] - Episode 462 completed with reward -89.33 in 86 steps
[2025-04-15 01:37:12,122][__main__][INFO] - Episode 463 completed with reward -194.98 in 145 steps
[2025-04-15 01:37:15,120][__main__][INFO] - Episode 464 completed with reward -55.43 in 127 steps
[2025-04-15 01:37:17,125][__main__][INFO] - Episode 465 completed with reward -171.56 in 100 steps
[2025-04-15 01:37:19,809][__main__][INFO] - Episode 466 completed with reward -146.74 in 111 steps
[2025-04-15 01:37:22,420][__main__][INFO] - Episode 467 completed with reward -87.38 in 107 steps
[2025-04-15 01:37:28,339][__main__][INFO] - EnvName: LLdV3, Steps: 51k, Episodes: 468, Episode Reward: -145
[2025-04-15 01:37:28,586][__main__][INFO] - Episode 468 completed with reward -85.31 in 223 steps
[2025-04-15 01:37:31,542][__main__][INFO] - Episode 469 completed with reward -146.69 in 140 steps
[2025-04-15 01:37:35,741][__main__][INFO] - Episode 470 completed with reward -77.46 in 182 steps
[2025-04-15 01:37:46,562][__main__][INFO] - Episode 471 completed with reward -208.50 in 423 steps
[2025-04-15 01:37:54,804][__main__][INFO] - EnvName: LLdV3, Steps: 52k, Episodes: 472, Episode Reward: -146
[2025-04-15 01:37:55,701][__main__][INFO] - Episode 472 completed with reward -77.52 in 289 steps
[2025-04-15 01:37:59,588][__main__][INFO] - Episode 473 completed with reward -49.97 in 218 steps
[2025-04-15 01:38:07,042][__main__][INFO] - Episode 474 completed with reward -41.46 in 336 steps
[2025-04-15 01:38:13,048][__main__][INFO] - Episode 475 completed with reward -39.14 in 249 steps
[2025-04-15 01:38:20,765][__main__][INFO] - EnvName: LLdV3, Steps: 53k, Episodes: 476, Episode Reward: -158
[2025-04-15 01:38:37,025][__main__][INFO] - Episode 476 completed with reward -102.56 in 1000 steps
[2025-04-15 01:38:46,213][__main__][INFO] - EnvName: LLdV3, Steps: 54k, Episodes: 477, Episode Reward: -119
[2025-04-15 01:39:03,003][__main__][INFO] - Episode 477 completed with reward -127.98 in 1000 steps
[2025-04-15 01:39:12,645][__main__][INFO] - EnvName: LLdV3, Steps: 55k, Episodes: 478, Episode Reward: -105
[2025-04-15 01:39:31,944][__main__][INFO] - Episode 478 completed with reward -72.52 in 1000 steps
[2025-04-15 01:39:40,744][__main__][INFO] - EnvName: LLdV3, Steps: 56k, Episodes: 479, Episode Reward: -72
[2025-04-15 01:39:59,311][__main__][INFO] - Episode 479 completed with reward 63.19 in 1000 steps
[2025-04-15 01:40:08,811][__main__][INFO] - EnvName: LLdV3, Steps: 57k, Episodes: 480, Episode Reward: -58
[2025-04-15 01:40:28,223][__main__][INFO] - Episode 480 completed with reward -76.91 in 1000 steps
[2025-04-15 01:40:37,823][__main__][INFO] - EnvName: LLdV3, Steps: 58k, Episodes: 481, Episode Reward: -67
[2025-04-15 01:40:55,955][__main__][INFO] - Episode 481 completed with reward -12.97 in 1000 steps
[2025-04-15 01:41:04,276][__main__][INFO] - EnvName: LLdV3, Steps: 59k, Episodes: 482, Episode Reward: -47
[2025-04-15 01:41:24,515][__main__][INFO] - Episode 482 completed with reward 44.00 in 1000 steps
[2025-04-15 01:41:34,070][__main__][INFO] - EnvName: LLdV3, Steps: 60k, Episodes: 483, Episode Reward: -31
[2025-04-15 01:41:54,908][__main__][INFO] - Episode 483 completed with reward 0.22 in 1000 steps
[2025-04-15 01:42:02,991][__main__][INFO] - EnvName: LLdV3, Steps: 61k, Episodes: 484, Episode Reward: -58
[2025-04-15 01:42:22,512][__main__][INFO] - Episode 484 completed with reward -56.50 in 1000 steps
[2025-04-15 01:42:32,065][__main__][INFO] - EnvName: LLdV3, Steps: 62k, Episodes: 485, Episode Reward: -61
[2025-04-15 01:42:52,925][__main__][INFO] - Episode 485 completed with reward -72.59 in 1000 steps
[2025-04-15 01:43:01,733][__main__][INFO] - EnvName: LLdV3, Steps: 63k, Episodes: 486, Episode Reward: -60
[2025-04-15 01:43:19,593][__main__][INFO] - Episode 486 completed with reward -47.00 in 1000 steps
[2025-04-15 01:43:28,288][__main__][INFO] - EnvName: LLdV3, Steps: 64k, Episodes: 487, Episode Reward: -37
[2025-04-15 01:43:45,665][__main__][INFO] - Episode 487 completed with reward -15.69 in 1000 steps
[2025-04-15 01:43:54,199][__main__][INFO] - EnvName: LLdV3, Steps: 65k, Episodes: 488, Episode Reward: -44
[2025-04-15 01:44:10,897][__main__][INFO] - Episode 488 completed with reward 9.81 in 1000 steps
[2025-04-15 01:44:19,225][__main__][INFO] - EnvName: LLdV3, Steps: 66k, Episodes: 489, Episode Reward: -50
[2025-04-15 01:44:25,133][__main__][INFO] - Episode 489 completed with reward -36.84 in 457 steps
[2025-04-15 01:44:43,183][__main__][INFO] - EnvName: LLdV3, Steps: 67k, Episodes: 490, Episode Reward: -61
[2025-04-15 01:44:48,714][__main__][INFO] - Episode 490 completed with reward 37.33 in 1000 steps
[2025-04-15 01:45:05,532][__main__][INFO] - EnvName: LLdV3, Steps: 68k, Episodes: 491, Episode Reward: -103
[2025-04-15 01:45:11,912][__main__][INFO] - Episode 491 completed with reward -34.69 in 1000 steps
[2025-04-15 01:45:32,353][__main__][INFO] - EnvName: LLdV3, Steps: 69k, Episodes: 492, Episode Reward: -42
[2025-04-15 01:45:39,521][__main__][INFO] - Episode 492 completed with reward -16.64 in 1000 steps
[2025-04-15 01:46:00,917][__main__][INFO] - EnvName: LLdV3, Steps: 70k, Episodes: 493, Episode Reward: -80
[2025-04-15 01:46:07,665][__main__][INFO] - Episode 493 completed with reward -56.83 in 1000 steps
[2025-04-15 01:46:28,906][__main__][INFO] - EnvName: LLdV3, Steps: 71k, Episodes: 494, Episode Reward: -80
[2025-04-15 01:46:36,660][__main__][INFO] - Episode 494 completed with reward -66.05 in 1000 steps
[2025-04-15 01:46:58,907][__main__][INFO] - EnvName: LLdV3, Steps: 72k, Episodes: 495, Episode Reward: -82
[2025-04-15 01:47:05,845][__main__][INFO] - Episode 495 completed with reward -56.67 in 1000 steps
[2025-04-15 01:47:27,788][__main__][INFO] - EnvName: LLdV3, Steps: 73k, Episodes: 496, Episode Reward: -45
[2025-04-15 01:47:34,785][__main__][INFO] - Episode 496 completed with reward -57.58 in 1000 steps
[2025-04-15 01:47:56,220][__main__][INFO] - EnvName: LLdV3, Steps: 74k, Episodes: 497, Episode Reward: -176
[2025-04-15 01:48:01,956][__main__][INFO] - Episode 497 completed with reward -123.72 in 1000 steps
[2025-04-15 01:48:10,625][__main__][INFO] - Episode 498 completed with reward -214.82 in 450 steps
[2025-04-15 01:48:20,410][__main__][INFO] - EnvName: LLdV3, Steps: 75k, Episodes: 499, Episode Reward: -124
[2025-04-15 01:48:22,958][__main__][INFO] - Episode 499 completed with reward -58.35 in 385 steps
[2025-04-15 01:48:28,506][__main__][INFO] - Episode 500 completed with reward -99.78 in 301 steps
[2025-04-15 01:48:44,555][__main__][INFO] - EnvName: LLdV3, Steps: 76k, Episodes: 501, Episode Reward: -126
[2025-04-15 01:48:52,841][__main__][INFO] - Episode 501 completed with reward -103.95 in 1000 steps
[2025-04-15 01:49:07,554][__main__][INFO] - EnvName: LLdV3, Steps: 77k, Episodes: 502, Episode Reward: -60
[2025-04-15 01:49:15,843][__main__][INFO] - Episode 502 completed with reward -68.11 in 1000 steps
[2025-04-15 01:49:32,006][__main__][INFO] - EnvName: LLdV3, Steps: 78k, Episodes: 503, Episode Reward: -88
[2025-04-15 01:49:40,346][__main__][INFO] - Episode 503 completed with reward -24.09 in 1000 steps
[2025-04-15 01:49:57,901][__main__][INFO] - EnvName: LLdV3, Steps: 79k, Episodes: 504, Episode Reward: -65
[2025-04-15 01:50:05,792][__main__][INFO] - Episode 504 completed with reward -40.58 in 1000 steps
[2025-04-15 01:50:22,015][__main__][INFO] - EnvName: LLdV3, Steps: 80k, Episodes: 505, Episode Reward: -75
[2025-04-15 01:50:30,765][__main__][INFO] - Episode 505 completed with reward -25.46 in 1000 steps
[2025-04-15 01:50:47,685][__main__][INFO] - EnvName: LLdV3, Steps: 81k, Episodes: 506, Episode Reward: -71
[2025-04-15 01:50:56,474][__main__][INFO] - Episode 506 completed with reward -68.45 in 1000 steps
[2025-04-15 01:51:12,371][__main__][INFO] - EnvName: LLdV3, Steps: 82k, Episodes: 507, Episode Reward: -49
[2025-04-15 01:51:20,884][__main__][INFO] - Episode 507 completed with reward -26.02 in 1000 steps
[2025-04-15 01:51:37,850][__main__][INFO] - EnvName: LLdV3, Steps: 83k, Episodes: 508, Episode Reward: -94
[2025-04-15 01:51:46,239][__main__][INFO] - Episode 508 completed with reward -35.76 in 1000 steps
[2025-04-15 01:52:00,875][__main__][INFO] - EnvName: LLdV3, Steps: 84k, Episodes: 509, Episode Reward: -169
[2025-04-15 01:52:10,030][__main__][INFO] - Episode 509 completed with reward -2.84 in 1000 steps
[2025-04-15 01:52:25,241][__main__][INFO] - EnvName: LLdV3, Steps: 85k, Episodes: 510, Episode Reward: -187
[2025-04-15 01:52:34,045][__main__][INFO] - Episode 510 completed with reward -79.66 in 1000 steps
[2025-04-15 01:52:49,346][__main__][INFO] - EnvName: LLdV3, Steps: 86k, Episodes: 511, Episode Reward: -129
[2025-04-15 01:52:57,224][__main__][INFO] - Episode 511 completed with reward -66.53 in 1000 steps
[2025-04-15 01:53:11,620][__main__][INFO] - EnvName: LLdV3, Steps: 87k, Episodes: 512, Episode Reward: -112
[2025-04-15 01:53:20,120][__main__][INFO] - Episode 512 completed with reward -30.78 in 1000 steps
[2025-04-15 01:53:35,603][__main__][INFO] - EnvName: LLdV3, Steps: 88k, Episodes: 513, Episode Reward: -164
[2025-04-15 01:53:38,276][__main__][INFO] - Episode 513 completed with reward 112.78 in 683 steps
[2025-04-15 01:53:47,967][__main__][INFO] - Episode 514 completed with reward -205.08 in 570 steps
[2025-04-15 01:53:59,743][__main__][INFO] - EnvName: LLdV3, Steps: 89k, Episodes: 515, Episode Reward: -49
[2025-04-15 01:54:13,155][__main__][INFO] - Episode 515 completed with reward -49.21 in 1000 steps
[2025-04-15 01:54:24,272][__main__][INFO] - EnvName: LLdV3, Steps: 90k, Episodes: 516, Episode Reward: -37
[2025-04-15 01:54:38,099][__main__][INFO] - Episode 516 completed with reward 7.70 in 1000 steps
[2025-04-15 01:54:49,240][__main__][INFO] - EnvName: LLdV3, Steps: 91k, Episodes: 517, Episode Reward: -55
[2025-04-15 01:55:01,340][__main__][INFO] - Episode 517 completed with reward -74.54 in 1000 steps
[2025-04-15 01:55:12,635][__main__][INFO] - EnvName: LLdV3, Steps: 92k, Episodes: 518, Episode Reward: -44
[2025-04-15 01:55:26,272][__main__][INFO] - Episode 518 completed with reward -70.63 in 1000 steps
[2025-04-15 01:55:37,485][__main__][INFO] - EnvName: LLdV3, Steps: 93k, Episodes: 519, Episode Reward: -67
[2025-04-15 01:55:51,468][__main__][INFO] - Episode 519 completed with reward -64.39 in 1000 steps
[2025-04-15 01:56:02,136][__main__][INFO] - EnvName: LLdV3, Steps: 94k, Episodes: 520, Episode Reward: -54
[2025-04-15 01:56:15,548][__main__][INFO] - Episode 520 completed with reward -75.90 in 1000 steps
[2025-04-15 01:56:27,048][__main__][INFO] - EnvName: LLdV3, Steps: 95k, Episodes: 521, Episode Reward: -53
[2025-04-15 01:56:41,134][__main__][INFO] - Episode 521 completed with reward -38.85 in 1000 steps
[2025-04-15 01:56:52,624][__main__][INFO] - EnvName: LLdV3, Steps: 96k, Episodes: 522, Episode Reward: -71
[2025-04-15 01:57:04,624][__main__][INFO] - Episode 522 completed with reward -38.83 in 1000 steps
[2025-04-15 01:57:15,939][__main__][INFO] - EnvName: LLdV3, Steps: 97k, Episodes: 523, Episode Reward: -43
[2025-04-15 01:57:29,094][__main__][INFO] - Episode 523 completed with reward -38.11 in 1000 steps
[2025-04-15 01:57:40,615][__main__][INFO] - EnvName: LLdV3, Steps: 98k, Episodes: 524, Episode Reward: -69
[2025-04-15 01:57:52,878][__main__][INFO] - Episode 524 completed with reward -50.75 in 1000 steps
[2025-04-15 01:58:03,513][__main__][INFO] - EnvName: LLdV3, Steps: 99k, Episodes: 525, Episode Reward: -37
[2025-04-15 01:58:20,975][__main__][INFO] - Episode 525 completed with reward -51.84 in 1000 steps
[2025-04-15 01:58:34,069][__main__][INFO] - EnvName: LLdV3, Steps: 100k, Episodes: 526, Episode Reward: -52
[2025-04-15 01:58:50,717][__main__][INFO] - Episode 526 completed with reward -58.27 in 1000 steps
[2025-04-15 01:59:02,955][__main__][INFO] - EnvName: LLdV3, Steps: 101k, Episodes: 527, Episode Reward: -50
[2025-04-15 01:59:20,014][__main__][INFO] - Episode 527 completed with reward -28.40 in 1000 steps
[2025-04-15 01:59:32,708][__main__][INFO] - EnvName: LLdV3, Steps: 102k, Episodes: 528, Episode Reward: -66
[2025-04-15 01:59:50,420][__main__][INFO] - Episode 528 completed with reward -21.52 in 1000 steps
[2025-04-15 02:00:02,557][__main__][INFO] - EnvName: LLdV3, Steps: 103k, Episodes: 529, Episode Reward: -46
[2025-04-15 02:00:20,211][__main__][INFO] - Episode 529 completed with reward -30.89 in 1000 steps
[2025-04-15 02:00:33,043][__main__][INFO] - EnvName: LLdV3, Steps: 104k, Episodes: 530, Episode Reward: -50
[2025-04-15 02:00:50,275][__main__][INFO] - Episode 530 completed with reward -3.64 in 1000 steps
[2025-04-15 02:01:02,344][__main__][INFO] - EnvName: LLdV3, Steps: 105k, Episodes: 531, Episode Reward: -66
[2025-04-15 02:01:14,351][__main__][INFO] - Episode 531 completed with reward -98.66 in 804 steps
[2025-04-15 02:01:32,673][__main__][INFO] - EnvName: LLdV3, Steps: 106k, Episodes: 532, Episode Reward: -86
[2025-04-15 02:01:44,795][__main__][INFO] - Episode 532 completed with reward -41.74 in 1000 steps
[2025-04-15 02:02:01,920][__main__][INFO] - EnvName: LLdV3, Steps: 107k, Episodes: 533, Episode Reward: -64
[2025-04-15 02:02:14,148][__main__][INFO] - Episode 533 completed with reward -50.07 in 1000 steps
[2025-04-15 02:02:31,466][__main__][INFO] - EnvName: LLdV3, Steps: 108k, Episodes: 534, Episode Reward: -25
[2025-04-15 02:02:44,161][__main__][INFO] - Episode 534 completed with reward -21.00 in 1000 steps
[2025-04-15 02:03:00,417][__main__][INFO] - EnvName: LLdV3, Steps: 109k, Episodes: 535, Episode Reward: -48
[2025-04-15 02:03:12,960][__main__][INFO] - Episode 535 completed with reward -65.31 in 1000 steps
[2025-04-15 02:03:31,192][__main__][INFO] - EnvName: LLdV3, Steps: 110k, Episodes: 536, Episode Reward: -39
[2025-04-15 02:03:44,353][__main__][INFO] - Episode 536 completed with reward -63.31 in 1000 steps
[2025-04-15 02:04:01,751][__main__][INFO] - EnvName: LLdV3, Steps: 111k, Episodes: 537, Episode Reward: -74
[2025-04-15 02:04:13,364][__main__][INFO] - Episode 537 completed with reward -46.83 in 1000 steps
[2025-04-15 02:04:31,500][__main__][INFO] - EnvName: LLdV3, Steps: 112k, Episodes: 538, Episode Reward: -62
[2025-04-15 02:04:43,923][__main__][INFO] - Episode 538 completed with reward -39.25 in 1000 steps
[2025-04-15 02:05:01,633][__main__][INFO] - EnvName: LLdV3, Steps: 113k, Episodes: 539, Episode Reward: -17
[2025-04-15 02:05:13,513][__main__][INFO] - Episode 539 completed with reward -70.63 in 1000 steps
[2025-04-15 02:05:32,335][__main__][INFO] - EnvName: LLdV3, Steps: 114k, Episodes: 540, Episode Reward: -56
[2025-04-15 02:05:43,978][__main__][INFO] - Episode 540 completed with reward -35.32 in 1000 steps
[2025-04-15 02:06:00,526][__main__][INFO] - EnvName: LLdV3, Steps: 115k, Episodes: 541, Episode Reward: -50
[2025-04-15 02:06:09,042][__main__][INFO] - Episode 541 completed with reward 94.09 in 892 steps
[2025-04-15 02:06:30,365][__main__][INFO] - EnvName: LLdV3, Steps: 116k, Episodes: 542, Episode Reward: -59
[2025-04-15 02:06:39,269][__main__][INFO] - Episode 542 completed with reward -65.30 in 1000 steps
[2025-04-15 02:06:59,515][__main__][INFO] - EnvName: LLdV3, Steps: 117k, Episodes: 543, Episode Reward: -52
[2025-04-15 02:07:09,374][__main__][INFO] - Episode 543 completed with reward -51.92 in 1000 steps
[2025-04-15 02:07:30,799][__main__][INFO] - EnvName: LLdV3, Steps: 118k, Episodes: 544, Episode Reward: -5
[2025-04-15 02:07:40,313][__main__][INFO] - Episode 544 completed with reward -66.22 in 1000 steps
[2025-04-15 02:08:01,297][__main__][INFO] - EnvName: LLdV3, Steps: 119k, Episodes: 545, Episode Reward: -42
[2025-04-15 02:08:06,543][__main__][INFO] - Episode 545 completed with reward -187.35 in 846 steps
[2025-04-15 02:08:32,152][__main__][INFO] - EnvName: LLdV3, Steps: 120k, Episodes: 546, Episode Reward: -65
[2025-04-15 02:08:37,594][__main__][INFO] - Episode 546 completed with reward -69.07 in 1000 steps
[2025-04-15 02:09:01,751][__main__][INFO] - EnvName: LLdV3, Steps: 121k, Episodes: 547, Episode Reward: -57
[2025-04-15 02:09:07,113][__main__][INFO] - Episode 547 completed with reward -30.76 in 1000 steps
[2025-04-15 02:09:31,981][__main__][INFO] - EnvName: LLdV3, Steps: 122k, Episodes: 548, Episode Reward: -35
[2025-04-15 02:09:38,134][__main__][INFO] - Episode 548 completed with reward 2.06 in 1000 steps
[2025-04-15 02:10:01,855][__main__][INFO] - EnvName: LLdV3, Steps: 123k, Episodes: 549, Episode Reward: -27
[2025-04-15 02:10:02,488][__main__][INFO] - Episode 549 completed with reward 103.13 in 800 steps
[2025-04-15 02:10:31,623][__main__][INFO] - EnvName: LLdV3, Steps: 124k, Episodes: 550, Episode Reward: 16
[2025-04-15 02:10:32,663][__main__][INFO] - Episode 550 completed with reward -90.91 in 1000 steps
[2025-04-15 02:11:01,552][__main__][INFO] - EnvName: LLdV3, Steps: 125k, Episodes: 551, Episode Reward: -41
[2025-04-15 02:11:02,395][__main__][INFO] - Episode 551 completed with reward -23.03 in 1000 steps
[2025-04-15 02:11:31,726][__main__][INFO] - EnvName: LLdV3, Steps: 126k, Episodes: 552, Episode Reward: -38
[2025-04-15 02:11:32,605][__main__][INFO] - Episode 552 completed with reward -11.22 in 1000 steps
[2025-04-15 02:12:02,812][__main__][INFO] - EnvName: LLdV3, Steps: 127k, Episodes: 553, Episode Reward: -54
[2025-04-15 02:12:03,620][__main__][INFO] - Episode 553 completed with reward -52.48 in 1000 steps
[2025-04-15 02:12:33,130][__main__][INFO] - EnvName: LLdV3, Steps: 128k, Episodes: 554, Episode Reward: -44
[2025-04-15 02:12:34,273][__main__][INFO] - Episode 554 completed with reward -17.44 in 1000 steps
[2025-04-15 02:13:03,869][__main__][INFO] - EnvName: LLdV3, Steps: 129k, Episodes: 555, Episode Reward: 3
[2025-04-15 02:13:05,083][__main__][INFO] - Episode 555 completed with reward -1.28 in 1000 steps
[2025-04-15 02:13:34,976][__main__][INFO] - EnvName: LLdV3, Steps: 130k, Episodes: 556, Episode Reward: -52
[2025-04-15 02:13:36,216][__main__][INFO] - Episode 556 completed with reward -47.37 in 1000 steps
[2025-04-15 02:14:02,956][__main__][INFO] - EnvName: LLdV3, Steps: 131k, Episodes: 557, Episode Reward: -49
[2025-04-15 02:14:03,897][__main__][INFO] - Episode 557 completed with reward -39.44 in 1000 steps
[2025-04-15 02:14:32,979][__main__][INFO] - EnvName: LLdV3, Steps: 132k, Episodes: 558, Episode Reward: -17
[2025-04-15 02:14:34,208][__main__][INFO] - Episode 558 completed with reward -31.81 in 1000 steps
[2025-04-15 02:15:04,231][__main__][INFO] - EnvName: LLdV3, Steps: 133k, Episodes: 559, Episode Reward: -41
[2025-04-15 02:15:05,433][__main__][INFO] - Episode 559 completed with reward 3.82 in 1000 steps
[2025-04-15 02:15:32,810][__main__][INFO] - EnvName: LLdV3, Steps: 134k, Episodes: 560, Episode Reward: -21
[2025-04-15 02:15:34,073][__main__][INFO] - Episode 560 completed with reward 5.30 in 1000 steps
[2025-04-15 02:16:02,540][__main__][INFO] - EnvName: LLdV3, Steps: 135k, Episodes: 561, Episode Reward: -8
[2025-04-15 02:16:03,297][__main__][INFO] - Episode 561 completed with reward -51.36 in 1000 steps
[2025-04-15 02:16:33,671][__main__][INFO] - EnvName: LLdV3, Steps: 136k, Episodes: 562, Episode Reward: -33
[2025-04-15 02:16:34,648][__main__][INFO] - Episode 562 completed with reward -13.18 in 1000 steps
[2025-04-15 02:17:03,711][__main__][INFO] - EnvName: LLdV3, Steps: 137k, Episodes: 563, Episode Reward: -21
[2025-04-15 02:17:04,844][__main__][INFO] - Episode 563 completed with reward -20.88 in 1000 steps
[2025-04-15 02:17:35,509][__main__][INFO] - EnvName: LLdV3, Steps: 138k, Episodes: 564, Episode Reward: 47
[2025-04-15 02:17:36,456][__main__][INFO] - Episode 564 completed with reward -7.01 in 1000 steps
[2025-04-15 02:18:05,259][__main__][INFO] - EnvName: LLdV3, Steps: 139k, Episodes: 565, Episode Reward: -10
[2025-04-15 02:18:06,167][__main__][INFO] - Episode 565 completed with reward -30.88 in 1000 steps
[2025-04-15 02:18:35,561][__main__][INFO] - EnvName: LLdV3, Steps: 140k, Episodes: 566, Episode Reward: 0
[2025-04-15 02:18:36,622][__main__][INFO] - Episode 566 completed with reward -4.16 in 1000 steps
[2025-04-15 02:18:54,878][__main__][INFO] - Episode 567 completed with reward 162.37 in 745 steps
[2025-04-15 02:19:05,171][__main__][INFO] - EnvName: LLdV3, Steps: 141k, Episodes: 568, Episode Reward: 15
[2025-04-15 02:19:24,227][__main__][INFO] - Episode 568 completed with reward -17.28 in 1000 steps
[2025-04-15 02:19:35,752][__main__][INFO] - EnvName: LLdV3, Steps: 142k, Episodes: 569, Episode Reward: -1
[2025-04-15 02:19:54,904][__main__][INFO] - Episode 569 completed with reward -29.04 in 1000 steps
[2025-04-15 02:20:04,952][__main__][INFO] - EnvName: LLdV3, Steps: 143k, Episodes: 570, Episode Reward: -22
[2025-04-15 02:20:20,342][__main__][INFO] - Episode 570 completed with reward 163.81 in 847 steps
[2025-04-15 02:20:34,941][__main__][INFO] - EnvName: LLdV3, Steps: 144k, Episodes: 571, Episode Reward: 27
[2025-04-15 02:20:49,669][__main__][INFO] - Episode 571 completed with reward 78.16 in 1000 steps
[2025-04-15 02:21:03,448][__main__][INFO] - EnvName: LLdV3, Steps: 145k, Episodes: 572, Episode Reward: 57
[2025-04-15 02:21:19,485][__main__][INFO] - Episode 572 completed with reward 165.00 in 1000 steps
[2025-04-15 02:21:34,809][__main__][INFO] - EnvName: LLdV3, Steps: 146k, Episodes: 573, Episode Reward: 12
[2025-04-15 02:21:50,693][__main__][INFO] - Episode 573 completed with reward 75.03 in 1000 steps
[2025-04-15 02:22:04,973][__main__][INFO] - EnvName: LLdV3, Steps: 147k, Episodes: 574, Episode Reward: -10
[2025-04-15 02:22:20,673][__main__][INFO] - Episode 574 completed with reward 29.93 in 1000 steps
[2025-04-15 02:22:35,488][__main__][INFO] - EnvName: LLdV3, Steps: 148k, Episodes: 575, Episode Reward: 77
[2025-04-15 02:22:49,536][__main__][INFO] - Episode 575 completed with reward 52.70 in 1000 steps
[2025-04-15 02:23:04,784][__main__][INFO] - EnvName: LLdV3, Steps: 149k, Episodes: 576, Episode Reward: 58
[2025-04-15 02:23:16,768][__main__][INFO] - Episode 576 completed with reward 217.20 in 868 steps
[2025-04-15 02:23:34,806][__main__][INFO] - EnvName: LLdV3, Steps: 150k, Episodes: 577, Episode Reward: 132
[2025-04-15 02:23:46,696][__main__][INFO] - Episode 577 completed with reward 1.00 in 1000 steps
[2025-04-15 02:24:03,055][__main__][INFO] - EnvName: LLdV3, Steps: 151k, Episodes: 578, Episode Reward: 53
[2025-04-15 02:24:11,626][__main__][INFO] - Episode 578 completed with reward 169.79 in 853 steps
[2025-04-15 02:24:32,900][__main__][INFO] - EnvName: LLdV3, Steps: 152k, Episodes: 579, Episode Reward: 2
[2025-04-15 02:24:41,085][__main__][INFO] - Episode 579 completed with reward 4.94 in 1000 steps
[2025-04-15 02:24:54,471][__main__][INFO] - Episode 580 completed with reward 223.35 in 550 steps
[2025-04-15 02:25:01,872][__main__][INFO] - EnvName: LLdV3, Steps: 153k, Episodes: 581, Episode Reward: 46
[2025-04-15 02:25:24,901][__main__][INFO] - Episode 581 completed with reward 61.90 in 1000 steps
[2025-04-15 02:25:32,830][__main__][INFO] - EnvName: LLdV3, Steps: 154k, Episodes: 582, Episode Reward: 24
[2025-04-15 02:25:54,966][__main__][INFO] - Episode 582 completed with reward -3.02 in 1000 steps
[2025-04-15 02:26:02,103][__main__][INFO] - EnvName: LLdV3, Steps: 155k, Episodes: 583, Episode Reward: 10
[2025-04-15 02:26:24,674][__main__][INFO] - Episode 583 completed with reward 65.29 in 1000 steps
[2025-04-15 02:26:32,498][__main__][INFO] - EnvName: LLdV3, Steps: 156k, Episodes: 584, Episode Reward: 45
[2025-04-15 02:26:46,661][__main__][INFO] - Episode 584 completed with reward 180.24 in 663 steps
[2025-04-15 02:27:02,247][__main__][INFO] - EnvName: LLdV3, Steps: 157k, Episodes: 585, Episode Reward: 30
[2025-04-15 02:27:08,497][__main__][INFO] - Episode 585 completed with reward 167.46 in 684 steps
[2025-04-15 02:27:33,167][__main__][INFO] - EnvName: LLdV3, Steps: 158k, Episodes: 586, Episode Reward: 81
[2025-04-15 02:27:39,295][__main__][INFO] - Episode 586 completed with reward -5.73 in 1000 steps
[2025-04-15 02:28:00,563][__main__][INFO] - EnvName: LLdV3, Steps: 159k, Episodes: 587, Episode Reward: 166
[2025-04-15 02:28:06,658][__main__][INFO] - Episode 587 completed with reward 19.97 in 1000 steps
[2025-04-15 02:28:31,379][__main__][INFO] - EnvName: LLdV3, Steps: 160k, Episodes: 588, Episode Reward: -6
[2025-04-15 02:28:36,950][__main__][INFO] - Episode 588 completed with reward 126.67 in 978 steps
[2025-04-15 02:28:54,886][__main__][INFO] - Episode 589 completed with reward 206.62 in 746 steps
[2025-04-15 02:29:00,043][__main__][INFO] - EnvName: LLdV3, Steps: 161k, Episodes: 590, Episode Reward: 101
[2025-04-15 02:29:24,613][__main__][INFO] - Episode 590 completed with reward 34.54 in 1000 steps
[2025-04-15 02:29:30,089][__main__][INFO] - EnvName: LLdV3, Steps: 162k, Episodes: 591, Episode Reward: 93
[2025-04-15 02:29:54,427][__main__][INFO] - Episode 591 completed with reward 9.40 in 1000 steps
[2025-04-15 02:30:00,615][__main__][INFO] - EnvName: LLdV3, Steps: 163k, Episodes: 592, Episode Reward: 11
[2025-04-15 02:30:24,490][__main__][INFO] - Episode 592 completed with reward 24.14 in 1000 steps
[2025-04-15 02:30:29,839][__main__][INFO] - EnvName: LLdV3, Steps: 164k, Episodes: 593, Episode Reward: 136
[2025-04-15 02:30:50,747][__main__][INFO] - Episode 593 completed with reward -9.57 in 1000 steps
[2025-04-15 02:30:56,427][__main__][INFO] - EnvName: LLdV3, Steps: 165k, Episodes: 594, Episode Reward: 97
[2025-04-15 02:31:20,436][__main__][INFO] - Episode 594 completed with reward -17.29 in 1000 steps
[2025-04-15 02:31:25,616][__main__][INFO] - EnvName: LLdV3, Steps: 166k, Episodes: 595, Episode Reward: 157
[2025-04-15 02:31:38,980][__main__][INFO] - Episode 595 completed with reward 153.06 in 591 steps
[2025-04-15 02:31:55,087][__main__][INFO] - EnvName: LLdV3, Steps: 167k, Episodes: 596, Episode Reward: 101
[2025-04-15 02:32:07,996][__main__][INFO] - Episode 596 completed with reward 17.45 in 1000 steps
[2025-04-15 02:32:22,658][__main__][INFO] - EnvName: LLdV3, Steps: 168k, Episodes: 597, Episode Reward: 159
[2025-04-15 02:32:27,960][__main__][INFO] - Episode 597 completed with reward 157.61 in 654 steps
[2025-04-15 02:32:52,957][__main__][INFO] - EnvName: LLdV3, Steps: 169k, Episodes: 598, Episode Reward: 149
[2025-04-15 02:32:55,684][__main__][INFO] - Episode 598 completed with reward 113.74 in 914 steps
[2025-04-15 02:33:06,556][__main__][INFO] - Episode 599 completed with reward 211.44 in 471 steps
[2025-04-15 02:33:20,548][__main__][INFO] - EnvName: LLdV3, Steps: 170k, Episodes: 600, Episode Reward: 167
[2025-04-15 02:33:26,446][__main__][INFO] - Episode 600 completed with reward 141.05 in 625 steps
[2025-04-15 02:33:44,843][__main__][INFO] - Episode 601 completed with reward 184.02 in 722 steps
[2025-04-15 02:33:50,357][__main__][INFO] - EnvName: LLdV3, Steps: 171k, Episodes: 602, Episode Reward: 131
[2025-04-15 02:34:06,052][__main__][INFO] - Episode 602 completed with reward 145.94 in 790 steps
[2025-04-15 02:34:18,456][__main__][INFO] - EnvName: LLdV3, Steps: 172k, Episodes: 603, Episode Reward: 60
[2025-04-15 02:34:25,459][__main__][INFO] - Episode 603 completed with reward 164.15 in 533 steps
[2025-04-15 02:34:47,628][__main__][INFO] - EnvName: LLdV3, Steps: 173k, Episodes: 604, Episode Reward: 79
[2025-04-15 02:34:50,368][__main__][INFO] - Episode 604 completed with reward 129.15 in 846 steps
[2025-04-15 02:35:15,948][__main__][INFO] - EnvName: LLdV3, Steps: 174k, Episodes: 605, Episode Reward: 45
[2025-04-15 02:35:17,497][__main__][INFO] - Episode 605 completed with reward 40.80 in 931 steps
[2025-04-15 02:35:32,627][__main__][INFO] - Episode 606 completed with reward 165.03 in 640 steps
[2025-04-15 02:35:45,397][__main__][INFO] - EnvName: LLdV3, Steps: 175k, Episodes: 607, Episode Reward: 108
[2025-04-15 02:35:56,764][__main__][INFO] - Episode 607 completed with reward 145.96 in 823 steps
[2025-04-15 02:36:12,076][__main__][INFO] - EnvName: LLdV3, Steps: 176k, Episodes: 608, Episode Reward: 86
[2025-04-15 02:36:24,157][__main__][INFO] - Episode 608 completed with reward 118.68 in 972 steps
[2025-04-15 02:36:41,508][__main__][INFO] - EnvName: LLdV3, Steps: 177k, Episodes: 609, Episode Reward: 50
[2025-04-15 02:36:45,602][__main__][INFO] - Episode 609 completed with reward 161.13 in 670 steps
[2025-04-15 02:36:56,178][__main__][INFO] - Episode 610 completed with reward 193.53 in 465 steps
[2025-04-15 02:37:10,956][__main__][INFO] - EnvName: LLdV3, Steps: 178k, Episodes: 611, Episode Reward: 32
[2025-04-15 02:37:18,962][__main__][INFO] - Episode 611 completed with reward 91.95 in 702 steps
[2025-04-15 02:37:40,692][__main__][INFO] - EnvName: LLdV3, Steps: 179k, Episodes: 612, Episode Reward: 95
[2025-04-15 02:37:47,865][__main__][INFO] - Episode 612 completed with reward 94.29 in 965 steps
[2025-04-15 02:38:01,763][__main__][INFO] - Episode 613 completed with reward 184.04 in 684 steps
[2025-04-15 02:38:07,680][__main__][INFO] - EnvName: LLdV3, Steps: 180k, Episodes: 614, Episode Reward: 123
[2025-04-15 02:38:31,643][__main__][INFO] - Episode 614 completed with reward 28.02 in 1000 steps
[2025-04-15 02:38:37,674][__main__][INFO] - EnvName: LLdV3, Steps: 181k, Episodes: 615, Episode Reward: 45
[2025-04-15 02:38:52,497][__main__][INFO] - Episode 615 completed with reward 180.40 in 648 steps
[2025-04-15 02:39:05,614][__main__][INFO] - EnvName: LLdV3, Steps: 182k, Episodes: 616, Episode Reward: 159
[2025-04-15 02:39:19,900][__main__][INFO] - Episode 616 completed with reward 125.47 in 953 steps
[2025-04-15 02:39:35,861][__main__][INFO] - EnvName: LLdV3, Steps: 183k, Episodes: 617, Episode Reward: 77
[2025-04-15 02:39:50,000][__main__][INFO] - Episode 617 completed with reward 3.78 in 1000 steps
[2025-04-15 02:40:02,760][__main__][INFO] - EnvName: LLdV3, Steps: 184k, Episodes: 618, Episode Reward: 167
[2025-04-15 02:40:16,804][__main__][INFO] - Episode 618 completed with reward -33.41 in 1000 steps
[2025-04-15 02:40:31,619][__main__][INFO] - EnvName: LLdV3, Steps: 185k, Episodes: 619, Episode Reward: 138
[2025-04-15 02:40:38,512][__main__][INFO] - Episode 619 completed with reward 183.94 in 712 steps
[2025-04-15 02:40:51,399][__main__][INFO] - Episode 620 completed with reward 231.79 in 538 steps
[2025-04-15 02:41:00,226][__main__][INFO] - EnvName: LLdV3, Steps: 186k, Episodes: 621, Episode Reward: 65
[2025-04-15 02:41:20,677][__main__][INFO] - Episode 621 completed with reward -23.86 in 1000 steps
[2025-04-15 02:41:30,553][__main__][INFO] - EnvName: LLdV3, Steps: 187k, Episodes: 622, Episode Reward: 93
[2025-04-15 02:41:41,855][__main__][INFO] - Episode 622 completed with reward 169.01 in 671 steps
[2025-04-15 02:41:59,014][__main__][INFO] - EnvName: LLdV3, Steps: 188k, Episodes: 623, Episode Reward: 133
[2025-04-15 02:41:59,562][__main__][INFO] - Episode 623 completed with reward 206.32 in 540 steps
[2025-04-15 02:42:10,907][__main__][INFO] - Episode 624 completed with reward 264.59 in 444 steps
[2025-04-15 02:42:26,225][__main__][INFO] - EnvName: LLdV3, Steps: 189k, Episodes: 625, Episode Reward: 198
[2025-04-15 02:42:28,363][__main__][INFO] - Episode 625 completed with reward 188.24 in 627 steps
[2025-04-15 02:42:40,635][__main__][INFO] - Episode 626 completed with reward 232.23 in 468 steps
[2025-04-15 02:42:55,931][__main__][INFO] - EnvName: LLdV3, Steps: 190k, Episodes: 627, Episode Reward: 131
[2025-04-15 02:43:09,300][__main__][INFO] - Episode 627 completed with reward -6.31 in 1000 steps
[2025-04-15 02:43:23,707][__main__][INFO] - EnvName: LLdV3, Steps: 191k, Episodes: 628, Episode Reward: 157
[2025-04-15 02:43:37,444][__main__][INFO] - Episode 628 completed with reward -20.47 in 1000 steps
[2025-04-15 02:43:52,851][__main__][INFO] - EnvName: LLdV3, Steps: 192k, Episodes: 629, Episode Reward: 106
[2025-04-15 02:43:57,123][__main__][INFO] - Episode 629 completed with reward 178.55 in 661 steps
[2025-04-15 02:44:10,941][__main__][INFO] - Episode 630 completed with reward 184.22 in 598 steps
[2025-04-15 02:44:19,139][__main__][INFO] - EnvName: LLdV3, Steps: 193k, Episodes: 631, Episode Reward: 142
[2025-04-15 02:44:29,107][__main__][INFO] - Episode 631 completed with reward 273.32 in 578 steps
[2025-04-15 02:44:47,991][__main__][INFO] - EnvName: LLdV3, Steps: 194k, Episodes: 632, Episode Reward: 160
[2025-04-15 02:44:47,999][__main__][INFO] - Episode 632 completed with reward 174.67 in 583 steps
[2025-04-15 02:44:56,312][__main__][INFO] - Episode 633 completed with reward 246.41 in 347 steps
[2025-04-15 02:45:15,717][__main__][INFO] - EnvName: LLdV3, Steps: 195k, Episodes: 634, Episode Reward: 139
[2025-04-15 02:45:18,078][__main__][INFO] - Episode 634 completed with reward 138.49 in 752 steps
[2025-04-15 02:45:26,127][__main__][INFO] - Episode 635 completed with reward 256.92 in 339 steps
[2025-04-15 02:45:36,555][__main__][INFO] - Episode 636 completed with reward 248.49 in 437 steps
[2025-04-15 02:45:42,331][__main__][INFO] - EnvName: LLdV3, Steps: 196k, Episodes: 637, Episode Reward: 208
[2025-04-15 02:45:55,173][__main__][INFO] - Episode 637 completed with reward 166.83 in 685 steps
[2025-04-15 02:46:06,736][__main__][INFO] - EnvName: LLdV3, Steps: 197k, Episodes: 638, Episode Reward: 196
[2025-04-15 02:46:17,787][__main__][INFO] - Episode 638 completed with reward 154.71 in 897 steps
[2025-04-15 02:46:35,810][__main__][INFO] - EnvName: LLdV3, Steps: 198k, Episodes: 639, Episode Reward: 146
[2025-04-15 02:46:47,657][__main__][INFO] - Episode 639 completed with reward 6.45 in 1000 steps
[2025-04-15 02:47:03,840][__main__][INFO] - EnvName: LLdV3, Steps: 199k, Episodes: 640, Episode Reward: 119
[2025-04-15 02:47:15,092][__main__][INFO] - Episode 640 completed with reward 80.50 in 1000 steps
[2025-04-15 02:47:31,315][__main__][INFO] - EnvName: LLdV3, Steps: 200k, Episodes: 641, Episode Reward: 245
[2025-04-15 02:47:31,649][__main__][INFO] - Episode 641 completed with reward 202.29 in 573 steps
[2025-04-15 02:47:31,649][__main__][INFO] - Training completed. Evaluating across 20 episodes
[2025-04-15 02:47:41,022][__main__][INFO] - Final evaluation - Mean: 138.50, Std: 88.53
[2025-04-15 02:47:41,022][__main__][INFO] - 90th percentile: 228.00, 10th percentile: -2.30
[2025-04-15 02:47:41,028][__main__][INFO] - Final model saved to models/SAC_model/LLdV3
