[2025-04-06 14:17:04,726][__main__][INFO] - Configuration:
device: cuda
mode: offline
write: false
debug_print: false
render: false
load_model: false
load_path: None
eval_model: false
save_model: true
data_path: /home/mx/DRAC/outputs/SAC/2025-04-05/13-34-20/dataset
d4rl: false
epsilon: 0.1
seed: 42
max_train_steps: 50000
save_interval: 10000
eval_interval: 1000
update_every: 10
explore_episode: 50
gamma: 0.99
tau: 0.005
net_arch:
- 256
- 256
net_layer: 1
a_lr: 0.0001
c_lr: 0.0001
b_lr: 0.0005
g_lr: 0.0005
r_lr: 5.0e-05
l2_reg: 0.0
batch_size: 256
alpha: 0.12
adaptive_alpha: true
reward_adapt: true
robust: true
robust_optimizer: functional
noise: false
type: gaussian
adv: false
spread: 0.0
scale: 1.0
delta: 0.5
env_name: LunarLanderContinuous-v3
env_index: 2
env_mods:
  use_mods: false
  observation_noise:
    enabled: false
    type: gaussian
    level: 0.1
    frequency: 1.0
  action_perturb:
    enabled: false
    type: noise
    probability: 0.1
    level: 0.1
  reward_shift:
    enabled: false
    type: scale
    param: 0.9
    noise_level: 0.1
  transition_perturb:
    enabled: false
    type: teleport
    probability: 0.05
    level: 0.1
  param_shift:
    enabled: false
    train_apply: false
    eval_apply: true
    g_factor: 1.0
    m_factor: 1.0
    l_factor: 1.0
    len_factor: 1.0
    force_mag_factor: 1.0
    gravity_factor: 1.0
    wind_power: 0.0
    turbulence_power: 0.0
  custom:
    enabled: false
    spread: 0.0
    type: gaussian
    adv: false
  eval:
    use_modified: true
    scale_noise: false
    noise_scale_factor: 2.0
    include_action_perturb: true
    include_reward_shift: true
    include_transition_perturb: true

[2025-04-06 14:17:04,769][__main__][INFO] - System information:
[2025-04-06 14:17:04,769][__main__][INFO] -   Platform: Linux-6.11.0-21-generic-x86_64-with-glibc2.39
[2025-04-06 14:17:04,769][__main__][INFO] -   Python: 3.12.2
[2025-04-06 14:17:04,770][__main__][INFO] -   PyTorch: 2.5.1
[2025-04-06 14:17:04,770][__main__][INFO] -   CUDA Available: True
[2025-04-06 14:17:04,770][__main__][INFO] -   CUDA Version: 12.4
[2025-04-06 14:17:04,770][__main__][INFO] -   GPU: NVIDIA GeForce GTX 1080 Ti
[2025-04-06 14:17:04,775][__main__][INFO] - Env: LunarLanderContinuous-v3  state_dim: 8  action_dim: 2  max_a: 1.0  min_a: -1.0  max_e_steps: 1000
[2025-04-06 14:17:04,776][__main__][INFO] - Random Seed: 42
[2025-04-06 14:17:04,777][__main__][INFO] - Models will be saved to models/SAC_model/LLdV3
[2025-04-06 14:17:43,769][__main__][INFO] - EnvName: LLdV3, Steps: 1k, Episode Reward: -693
[2025-04-06 14:18:32,065][__main__][INFO] - EnvName: LLdV3, Steps: 2k, Episode Reward: -548
[2025-04-06 14:19:21,069][__main__][INFO] - EnvName: LLdV3, Steps: 3k, Episode Reward: -517
[2025-04-06 14:20:10,643][__main__][INFO] - EnvName: LLdV3, Steps: 4k, Episode Reward: -380
[2025-04-06 14:21:03,421][__main__][INFO] - EnvName: LLdV3, Steps: 5k, Episode Reward: -136
[2025-04-06 14:21:56,462][__main__][INFO] - EnvName: LLdV3, Steps: 6k, Episode Reward: -96
[2025-04-06 14:22:48,608][__main__][INFO] - EnvName: LLdV3, Steps: 7k, Episode Reward: 12
[2025-04-06 14:23:38,352][__main__][INFO] - EnvName: LLdV3, Steps: 8k, Episode Reward: -43
[2025-04-06 14:24:27,147][__main__][INFO] - EnvName: LLdV3, Steps: 9k, Episode Reward: -23
[2025-04-06 14:25:13,020][__main__][INFO] - EnvName: LLdV3, Steps: 10k, Episode Reward: -58
[2025-04-06 14:25:57,810][__main__][INFO] - EnvName: LLdV3, Steps: 11k, Episode Reward: -48
[2025-04-06 14:26:44,207][__main__][INFO] - EnvName: LLdV3, Steps: 12k, Episode Reward: -141
[2025-04-06 14:27:30,113][__main__][INFO] - EnvName: LLdV3, Steps: 13k, Episode Reward: -174
[2025-04-06 14:28:17,703][__main__][INFO] - EnvName: LLdV3, Steps: 14k, Episode Reward: -75
[2025-04-06 14:29:10,027][__main__][INFO] - EnvName: LLdV3, Steps: 15k, Episode Reward: -120
[2025-04-06 14:30:00,580][__main__][INFO] - EnvName: LLdV3, Steps: 16k, Episode Reward: -180
[2025-04-06 14:30:48,608][__main__][INFO] - EnvName: LLdV3, Steps: 17k, Episode Reward: 72
[2025-04-06 14:31:35,669][__main__][INFO] - EnvName: LLdV3, Steps: 18k, Episode Reward: 217
[2025-04-06 14:32:21,708][__main__][INFO] - EnvName: LLdV3, Steps: 19k, Episode Reward: 101
[2025-04-06 14:33:08,199][__main__][INFO] - EnvName: LLdV3, Steps: 20k, Episode Reward: 131
[2025-04-06 14:33:57,747][__main__][INFO] - EnvName: LLdV3, Steps: 21k, Episode Reward: 12
[2025-04-06 14:34:46,131][__main__][INFO] - EnvName: LLdV3, Steps: 22k, Episode Reward: 16
[2025-04-06 14:35:34,875][__main__][INFO] - EnvName: LLdV3, Steps: 23k, Episode Reward: -36
[2025-04-06 14:36:23,779][__main__][INFO] - EnvName: LLdV3, Steps: 24k, Episode Reward: 47
[2025-04-06 14:37:11,578][__main__][INFO] - EnvName: LLdV3, Steps: 25k, Episode Reward: -9
[2025-04-06 14:37:59,072][__main__][INFO] - EnvName: LLdV3, Steps: 26k, Episode Reward: -154
[2025-04-06 14:38:46,117][__main__][INFO] - EnvName: LLdV3, Steps: 27k, Episode Reward: -146
[2025-04-06 14:39:36,124][__main__][INFO] - EnvName: LLdV3, Steps: 28k, Episode Reward: -158
[2025-04-06 14:40:24,229][__main__][INFO] - EnvName: LLdV3, Steps: 29k, Episode Reward: -137
[2025-04-06 14:41:16,778][__main__][INFO] - EnvName: LLdV3, Steps: 30k, Episode Reward: -72
[2025-04-06 14:42:09,202][__main__][INFO] - EnvName: LLdV3, Steps: 31k, Episode Reward: -98
[2025-04-06 14:42:58,416][__main__][INFO] - EnvName: LLdV3, Steps: 32k, Episode Reward: -19
[2025-04-06 14:43:48,347][__main__][INFO] - EnvName: LLdV3, Steps: 33k, Episode Reward: -46
[2025-04-06 14:44:38,440][__main__][INFO] - EnvName: LLdV3, Steps: 34k, Episode Reward: 80
[2025-04-06 14:45:26,732][__main__][INFO] - EnvName: LLdV3, Steps: 35k, Episode Reward: 134
[2025-04-06 14:46:12,596][__main__][INFO] - EnvName: LLdV3, Steps: 36k, Episode Reward: 187
[2025-04-06 14:47:00,265][__main__][INFO] - EnvName: LLdV3, Steps: 37k, Episode Reward: 19
[2025-04-06 14:47:50,080][__main__][INFO] - EnvName: LLdV3, Steps: 38k, Episode Reward: 203
[2025-04-06 14:48:35,078][__main__][INFO] - EnvName: LLdV3, Steps: 39k, Episode Reward: 152
[2025-04-06 14:49:18,806][__main__][INFO] - EnvName: LLdV3, Steps: 40k, Episode Reward: 192
[2025-04-06 14:49:57,407][__main__][INFO] - EnvName: LLdV3, Steps: 41k, Episode Reward: 198
[2025-04-06 14:50:31,382][__main__][INFO] - EnvName: LLdV3, Steps: 42k, Episode Reward: 208
[2025-04-06 14:51:02,496][__main__][INFO] - EnvName: LLdV3, Steps: 43k, Episode Reward: 234
[2025-04-06 14:51:33,118][__main__][INFO] - EnvName: LLdV3, Steps: 44k, Episode Reward: 233
[2025-04-06 14:52:05,991][__main__][INFO] - EnvName: LLdV3, Steps: 45k, Episode Reward: 249
[2025-04-06 14:52:39,869][__main__][INFO] - EnvName: LLdV3, Steps: 46k, Episode Reward: 266
[2025-04-06 14:53:14,856][__main__][INFO] - EnvName: LLdV3, Steps: 47k, Episode Reward: 238
[2025-04-06 14:53:45,070][__main__][INFO] - EnvName: LLdV3, Steps: 48k, Episode Reward: 254
[2025-04-06 14:54:17,989][__main__][INFO] - EnvName: LLdV3, Steps: 49k, Episode Reward: 253
[2025-04-06 14:54:45,957][__main__][INFO] - EnvName: LLdV3, Steps: 50k, Episode Reward: 247
[2025-04-06 14:54:45,963][__main__][INFO] - Training completed. Evaluating across 20 episodes
[2025-04-06 14:54:50,377][__main__][INFO] - Final evaluation - Mean: 224.90, Std: 81.78
[2025-04-06 14:54:50,377][__main__][INFO] - 90th percentile: 289.80, 10th percentile: 133.30
[2025-04-06 14:54:50,382][__main__][INFO] - Final model saved to models/SAC_model/LLdV3
