[2025-04-05 20:54:37,362][__main__][INFO] - System information:
[2025-04-05 20:54:37,363][__main__][INFO] -   Platform: Linux-6.11.0-21-generic-x86_64-with-glibc2.39
[2025-04-05 20:54:37,363][__main__][INFO] -   Python: 3.12.2
[2025-04-05 20:54:37,363][__main__][INFO] -   PyTorch: 2.5.1
[2025-04-05 20:54:37,363][__main__][INFO] -   CUDA Available: True
[2025-04-05 20:54:37,363][__main__][INFO] -   CUDA Version: 12.4
[2025-04-05 20:54:37,363][__main__][INFO] -   GPU: NVIDIA GeForce GTX 1080 Ti
[2025-04-05 20:54:37,368][__main__][INFO] - Env: ContinuousCartPole-v0  state_dim: 4  action_dim: 1  max_a: 1.0  min_a: -1.0  max_e_steps: 500
[2025-04-05 20:54:37,369][__main__][INFO] - Random Seed: 42
[2025-04-05 20:54:37,370][__main__][INFO] - Models will be saved to models/FQI_model/CPV0
[2025-04-05 20:54:52,466][__main__][INFO] - Training iterations: 0. State VAE loss: 0.128.
[2025-04-05 20:56:37,008][__main__][INFO] - EnvName: CPV0, Steps: 2k, Episode Reward: (179.9, 40.8324625757497)
[2025-04-05 21:00:08,139][__main__][INFO] - EnvName: CPV0, Steps: 4k, Episode Reward: (500.0, 0.0)
[2025-04-05 21:03:38,478][__main__][INFO] - EnvName: CPV0, Steps: 6k, Episode Reward: (500.0, 0.0)
[2025-04-05 21:07:09,622][__main__][INFO] - EnvName: CPV0, Steps: 8k, Episode Reward: (450.6, 81.70214195478599)
[2025-04-05 21:10:41,748][__main__][INFO] - EnvName: CPV0, Steps: 10k, Episode Reward: (500.0, 0.0)
[2025-04-05 21:10:41,763][__main__][INFO] - Training completed. Evaluating across 20 episodes
[2025-04-05 21:10:51,858][__main__][INFO] - Final evaluation - Mean: 250.00, Std: 250.00
[2025-04-05 21:10:51,858][__main__][INFO] - 90th percentile: 500.00, 10th percentile: 0.00
[2025-04-05 21:10:51,897][__main__][INFO] - Final model saved to models/SAC_model/CPV0
