[2025-04-06 13:27:35,030][__main__][INFO] - Configuration:
device: cuda
mode: offline
write: false
debug_print: false
render: false
load_model: false
load_path: None
eval_model: false
save_model: true
data_path: /home/mx/DRAC/outputs/SAC/2025-04-05/13-34-20/dataset
d4rl: false
epsilon: 0.1
seed: 42
max_train_steps: 200000
save_interval: 10000
eval_interval: 1000
update_every: 10
explore_episode: 50
gamma: 0.99
tau: 0.005
net_arch:
- 256
- 256
net_layer: 1
a_lr: 0.0001
c_lr: 0.0001
b_lr: 0.0005
g_lr: 0.0005
r_lr: 5.0e-05
l2_reg: 0.0
batch_size: 256
alpha: 0.12
adaptive_alpha: true
reward_adapt: true
robust: true
robust_optimizer: functional
noise: false
type: gaussian
adv: false
spread: 0.0
scale: 1.0
delta: 0.25
env_name: LunarLanderContinuous-v3
env_index: 2
env_mods:
  use_mods: false
  observation_noise:
    enabled: false
    type: gaussian
    level: 0.1
    frequency: 1.0
  action_perturb:
    enabled: false
    type: noise
    probability: 0.1
    level: 0.1
  reward_shift:
    enabled: false
    type: scale
    param: 0.9
    noise_level: 0.1
  transition_perturb:
    enabled: false
    type: teleport
    probability: 0.05
    level: 0.1
  param_shift:
    enabled: false
    train_apply: false
    eval_apply: true
    g_factor: 1.0
    m_factor: 1.0
    l_factor: 1.0
    len_factor: 1.0
    force_mag_factor: 1.0
    gravity_factor: 1.0
    wind_power: 0.0
    turbulence_power: 0.0
  custom:
    enabled: false
    spread: 0.0
    type: gaussian
    adv: false
  eval:
    use_modified: true
    scale_noise: false
    noise_scale_factor: 2.0
    include_action_perturb: true
    include_reward_shift: true
    include_transition_perturb: true

[2025-04-06 13:27:35,074][__main__][INFO] - System information:
[2025-04-06 13:27:35,074][__main__][INFO] -   Platform: Linux-6.11.0-21-generic-x86_64-with-glibc2.39
[2025-04-06 13:27:35,074][__main__][INFO] -   Python: 3.12.2
[2025-04-06 13:27:35,074][__main__][INFO] -   PyTorch: 2.5.1
[2025-04-06 13:27:35,074][__main__][INFO] -   CUDA Available: True
[2025-04-06 13:27:35,074][__main__][INFO] -   CUDA Version: 12.4
[2025-04-06 13:27:35,074][__main__][INFO] -   GPU: NVIDIA GeForce GTX 1080 Ti
[2025-04-06 13:27:35,079][__main__][INFO] - Env: LunarLanderContinuous-v3  state_dim: 8  action_dim: 2  max_a: 1.0  min_a: -1.0  max_e_steps: 1000
[2025-04-06 13:27:35,080][__main__][INFO] - Random Seed: 42
[2025-04-06 13:27:35,080][__main__][INFO] - Models will be saved to models/SAC_model/LLdV3
[2025-04-06 13:28:18,418][__main__][INFO] - EnvName: LLdV3, Steps: 1k, Episode Reward: -908
[2025-04-06 13:29:05,593][__main__][INFO] - EnvName: LLdV3, Steps: 2k, Episode Reward: -802
[2025-04-06 13:29:49,798][__main__][INFO] - EnvName: LLdV3, Steps: 3k, Episode Reward: -457
[2025-04-06 13:30:34,351][__main__][INFO] - EnvName: LLdV3, Steps: 4k, Episode Reward: -351
[2025-04-06 13:31:24,537][__main__][INFO] - EnvName: LLdV3, Steps: 5k, Episode Reward: -176
[2025-04-06 13:32:16,055][__main__][INFO] - EnvName: LLdV3, Steps: 6k, Episode Reward: -48
[2025-04-06 13:32:59,653][__main__][INFO] - EnvName: LLdV3, Steps: 7k, Episode Reward: -90
[2025-04-06 13:33:48,176][__main__][INFO] - EnvName: LLdV3, Steps: 8k, Episode Reward: 18
[2025-04-06 13:34:35,302][__main__][INFO] - EnvName: LLdV3, Steps: 9k, Episode Reward: -30
[2025-04-06 13:35:27,164][__main__][INFO] - EnvName: LLdV3, Steps: 10k, Episode Reward: -56
[2025-04-06 13:36:14,137][__main__][INFO] - EnvName: LLdV3, Steps: 11k, Episode Reward: -30
[2025-04-06 13:37:05,480][__main__][INFO] - EnvName: LLdV3, Steps: 12k, Episode Reward: -55
[2025-04-06 13:37:57,997][__main__][INFO] - EnvName: LLdV3, Steps: 13k, Episode Reward: -79
[2025-04-06 13:38:55,729][__main__][INFO] - EnvName: LLdV3, Steps: 14k, Episode Reward: -79
[2025-04-06 13:39:41,177][__main__][INFO] - EnvName: LLdV3, Steps: 15k, Episode Reward: -59
[2025-04-06 13:40:30,918][__main__][INFO] - EnvName: LLdV3, Steps: 16k, Episode Reward: -77
[2025-04-06 13:41:20,614][__main__][INFO] - EnvName: LLdV3, Steps: 17k, Episode Reward: -23
[2025-04-06 13:41:59,661][__main__][INFO] - EnvName: LLdV3, Steps: 18k, Episode Reward: -144
[2025-04-06 13:42:50,435][__main__][INFO] - EnvName: LLdV3, Steps: 19k, Episode Reward: -48
[2025-04-06 13:43:41,500][__main__][INFO] - EnvName: LLdV3, Steps: 20k, Episode Reward: 124
[2025-04-06 13:44:25,871][__main__][INFO] - EnvName: LLdV3, Steps: 21k, Episode Reward: 156
[2025-04-06 13:45:12,763][__main__][INFO] - EnvName: LLdV3, Steps: 22k, Episode Reward: 63
[2025-04-06 13:45:59,441][__main__][INFO] - EnvName: LLdV3, Steps: 23k, Episode Reward: -42
[2025-04-06 13:46:48,985][__main__][INFO] - EnvName: LLdV3, Steps: 24k, Episode Reward: -34
[2025-04-06 13:47:35,727][__main__][INFO] - EnvName: LLdV3, Steps: 25k, Episode Reward: -20
[2025-04-06 13:48:27,604][__main__][INFO] - EnvName: LLdV3, Steps: 26k, Episode Reward: -50
[2025-04-06 13:49:09,350][__main__][INFO] - EnvName: LLdV3, Steps: 27k, Episode Reward: -94
[2025-04-06 13:50:00,227][__main__][INFO] - EnvName: LLdV3, Steps: 28k, Episode Reward: -45
[2025-04-06 13:50:47,768][__main__][INFO] - EnvName: LLdV3, Steps: 29k, Episode Reward: -96
[2025-04-06 13:51:41,580][__main__][INFO] - EnvName: LLdV3, Steps: 30k, Episode Reward: -25
[2025-04-06 13:52:32,351][__main__][INFO] - EnvName: LLdV3, Steps: 31k, Episode Reward: 5
[2025-04-06 13:53:22,150][__main__][INFO] - EnvName: LLdV3, Steps: 32k, Episode Reward: 44
[2025-04-06 13:54:10,603][__main__][INFO] - EnvName: LLdV3, Steps: 33k, Episode Reward: -137
[2025-04-06 13:55:04,285][__main__][INFO] - EnvName: LLdV3, Steps: 34k, Episode Reward: -36
[2025-04-06 13:55:55,211][__main__][INFO] - EnvName: LLdV3, Steps: 35k, Episode Reward: -35
[2025-04-06 13:56:44,280][__main__][INFO] - EnvName: LLdV3, Steps: 36k, Episode Reward: -34
[2025-04-06 13:57:32,886][__main__][INFO] - EnvName: LLdV3, Steps: 37k, Episode Reward: -22
[2025-04-06 13:58:21,538][__main__][INFO] - EnvName: LLdV3, Steps: 38k, Episode Reward: 53
[2025-04-06 13:59:17,138][__main__][INFO] - EnvName: LLdV3, Steps: 39k, Episode Reward: -19
[2025-04-06 14:00:10,885][__main__][INFO] - EnvName: LLdV3, Steps: 40k, Episode Reward: 163
[2025-04-06 14:00:57,991][__main__][INFO] - EnvName: LLdV3, Steps: 41k, Episode Reward: 181
[2025-04-06 14:01:43,262][__main__][INFO] - EnvName: LLdV3, Steps: 42k, Episode Reward: 203
[2025-04-06 14:02:31,441][__main__][INFO] - EnvName: LLdV3, Steps: 43k, Episode Reward: 114
[2025-04-06 14:03:23,126][__main__][INFO] - EnvName: LLdV3, Steps: 44k, Episode Reward: 201
[2025-04-06 14:04:11,610][__main__][INFO] - EnvName: LLdV3, Steps: 45k, Episode Reward: 121
[2025-04-06 14:05:01,442][__main__][INFO] - EnvName: LLdV3, Steps: 46k, Episode Reward: 225
[2025-04-06 14:05:47,113][__main__][INFO] - EnvName: LLdV3, Steps: 47k, Episode Reward: 235
[2025-04-06 14:06:35,097][__main__][INFO] - EnvName: LLdV3, Steps: 48k, Episode Reward: 227
[2025-04-06 14:07:18,662][__main__][INFO] - EnvName: LLdV3, Steps: 49k, Episode Reward: 234
[2025-04-06 14:08:06,284][__main__][INFO] - EnvName: LLdV3, Steps: 50k, Episode Reward: 239
[2025-04-06 14:08:52,942][__main__][INFO] - EnvName: LLdV3, Steps: 51k, Episode Reward: 243
[2025-04-06 14:09:34,807][__main__][INFO] - EnvName: LLdV3, Steps: 52k, Episode Reward: 234
[2025-04-06 14:10:18,092][__main__][INFO] - EnvName: LLdV3, Steps: 53k, Episode Reward: 232
[2025-04-06 14:11:11,286][__main__][INFO] - EnvName: LLdV3, Steps: 54k, Episode Reward: 243
[2025-04-06 14:11:57,822][__main__][INFO] - EnvName: LLdV3, Steps: 55k, Episode Reward: 237
[2025-04-06 14:12:38,568][__main__][INFO] - EnvName: LLdV3, Steps: 56k, Episode Reward: 205
[2025-04-06 14:13:22,718][__main__][INFO] - EnvName: LLdV3, Steps: 57k, Episode Reward: 226
[2025-04-06 14:14:15,458][__main__][INFO] - EnvName: LLdV3, Steps: 58k, Episode Reward: 230
[2025-04-06 14:14:57,275][__main__][INFO] - EnvName: LLdV3, Steps: 59k, Episode Reward: 212
[2025-04-06 14:15:36,952][__main__][INFO] - EnvName: LLdV3, Steps: 60k, Episode Reward: 223
[2025-04-06 14:16:26,884][__main__][INFO] - EnvName: LLdV3, Steps: 61k, Episode Reward: 232
