[2025-04-18 14:50:11,085][__main__][INFO] - System information:
[2025-04-18 14:50:11,085][__main__][INFO] -   Platform: Linux-6.11.0-21-generic-x86_64-with-glibc2.39
[2025-04-18 14:50:11,085][__main__][INFO] -   Python: 3.12.2
[2025-04-18 14:50:11,085][__main__][INFO] -   PyTorch: 2.5.1
[2025-04-18 14:50:11,085][__main__][INFO] -   CUDA Available: True
[2025-04-18 14:50:11,085][__main__][INFO] -   CUDA Version: 12.4
[2025-04-18 14:50:11,085][__main__][INFO] -   GPU: NVIDIA GeForce GTX 1080 Ti
[2025-04-18 14:50:11,092][__main__][INFO] - Env: ContinuousCartPole-v0  state_dim: 4  action_dim: 1  max_a: 1.0  min_a: -1.0  max_e_steps: 500
[2025-04-18 14:50:11,093][__main__][INFO] - Random Seed: 42
[2025-04-18 14:50:11,093][__main__][INFO] - Models will be saved to models/SAC_model/CPV0
[2025-04-18 14:50:53,811][__main__][INFO] - EnvName: CPV0, Steps: 1k, Episode Reward: 14
[2025-04-18 14:51:36,849][__main__][INFO] - EnvName: CPV0, Steps: 2k, Episode Reward: 174
[2025-04-18 14:52:19,949][__main__][INFO] - EnvName: CPV0, Steps: 3k, Episode Reward: 202
[2025-04-18 14:53:04,533][__main__][INFO] - EnvName: CPV0, Steps: 4k, Episode Reward: 341
[2025-04-18 14:53:47,901][__main__][INFO] - EnvName: CPV0, Steps: 5k, Episode Reward: 352
[2025-04-18 14:54:30,194][__main__][INFO] - EnvName: CPV0, Steps: 6k, Episode Reward: 441
[2025-04-18 14:55:14,490][__main__][INFO] - EnvName: CPV0, Steps: 7k, Episode Reward: 500
[2025-04-18 14:55:57,309][__main__][INFO] - EnvName: CPV0, Steps: 8k, Episode Reward: 500
[2025-04-18 14:56:40,159][__main__][INFO] - EnvName: CPV0, Steps: 9k, Episode Reward: 500
[2025-04-18 14:57:23,267][__main__][INFO] - EnvName: CPV0, Steps: 10k, Episode Reward: 500
[2025-04-18 14:58:05,458][__main__][INFO] - EnvName: CPV0, Steps: 11k, Episode Reward: 500
[2025-04-18 14:58:49,138][__main__][INFO] - EnvName: CPV0, Steps: 12k, Episode Reward: 500
[2025-04-18 14:59:32,392][__main__][INFO] - EnvName: CPV0, Steps: 13k, Episode Reward: 500
[2025-04-18 15:00:17,243][__main__][INFO] - EnvName: CPV0, Steps: 14k, Episode Reward: 500
[2025-04-18 15:01:02,530][__main__][INFO] - EnvName: CPV0, Steps: 15k, Episode Reward: 500
[2025-04-18 15:01:47,615][__main__][INFO] - EnvName: CPV0, Steps: 16k, Episode Reward: 500
[2025-04-18 15:02:33,234][__main__][INFO] - EnvName: CPV0, Steps: 17k, Episode Reward: 500
[2025-04-18 15:03:18,445][__main__][INFO] - EnvName: CPV0, Steps: 18k, Episode Reward: 500
[2025-04-18 15:04:03,929][__main__][INFO] - EnvName: CPV0, Steps: 19k, Episode Reward: 500
[2025-04-18 15:04:49,228][__main__][INFO] - EnvName: CPV0, Steps: 20k, Episode Reward: 500
[2025-04-18 15:04:49,233][__main__][INFO] - Training completed. Evaluating across 20 episodes
[2025-04-18 15:04:55,652][__main__][INFO] - Final evaluation - Mean: 500.00, Std: 0.00
[2025-04-18 15:04:55,652][__main__][INFO] - 90th percentile: 500.00, 10th percentile: 500.00
[2025-04-18 15:04:55,659][__main__][INFO] - Final model saved to models/SAC_model/CPV0
