[2025-03-24 16:24:57,037][__main__][INFO] - System information:
[2025-03-24 16:24:57,037][__main__][INFO] -   Platform: Linux-6.11.0-19-generic-x86_64-with-glibc2.39
[2025-03-24 16:24:57,037][__main__][INFO] -   Python: 3.12.2
[2025-03-24 16:24:57,037][__main__][INFO] -   PyTorch: 2.5.1
[2025-03-24 16:24:57,037][__main__][INFO] -   CUDA Available: True
[2025-03-24 16:24:57,037][__main__][INFO] -   CUDA Version: 12.4
[2025-03-24 16:24:57,037][__main__][INFO] -   GPU: NVIDIA GeForce GTX 1080 Ti
[2025-03-24 16:24:57,156][__main__][INFO] - Env: HalfCheetah-v5  state_dim: 17  action_dim: 6  max_a: 1.0  min_a: -1.0  max_e_steps: 1000
[2025-03-24 16:24:57,157][__main__][INFO] - Random Seed: 42
[2025-03-24 16:24:57,157][__main__][INFO] - Models will be saved to models/SAC_model/HCv5
[2025-03-24 16:25:04,956][__main__][INFO] - EnvName: HCv5, Steps: 1k, Episodes: 1, Episode Reward: -1
[2025-03-24 16:25:04,957][__main__][INFO] - Episode 1 completed with reward -346.65 in 1000 steps
[2025-03-24 16:25:11,545][__main__][INFO] - EnvName: HCv5, Steps: 2k, Episodes: 2, Episode Reward: -2
[2025-03-24 16:25:11,545][__main__][INFO] - Episode 2 completed with reward -139.12 in 1000 steps
[2025-03-24 16:25:18,152][__main__][INFO] - EnvName: HCv5, Steps: 3k, Episodes: 3, Episode Reward: -1
[2025-03-24 16:25:18,153][__main__][INFO] - Episode 3 completed with reward -204.07 in 1000 steps
[2025-03-24 16:25:24,697][__main__][INFO] - EnvName: HCv5, Steps: 4k, Episodes: 4, Episode Reward: -1
[2025-03-24 16:25:24,697][__main__][INFO] - Episode 4 completed with reward -388.38 in 1000 steps
[2025-03-24 16:25:31,293][__main__][INFO] - EnvName: HCv5, Steps: 5k, Episodes: 5, Episode Reward: -1
[2025-03-24 16:25:31,293][__main__][INFO] - Episode 5 completed with reward -314.40 in 1000 steps
[2025-03-24 16:25:37,902][__main__][INFO] - EnvName: HCv5, Steps: 6k, Episodes: 6, Episode Reward: -1
[2025-03-24 16:25:37,903][__main__][INFO] - Episode 6 completed with reward -313.40 in 1000 steps
[2025-03-24 16:25:44,499][__main__][INFO] - EnvName: HCv5, Steps: 7k, Episodes: 7, Episode Reward: -1
[2025-03-24 16:25:44,499][__main__][INFO] - Episode 7 completed with reward -327.17 in 1000 steps
[2025-03-24 16:25:51,115][__main__][INFO] - EnvName: HCv5, Steps: 8k, Episodes: 8, Episode Reward: -1
[2025-03-24 16:25:51,115][__main__][INFO] - Episode 8 completed with reward -275.55 in 1000 steps
[2025-03-24 16:25:57,759][__main__][INFO] - EnvName: HCv5, Steps: 9k, Episodes: 9, Episode Reward: -2
[2025-03-24 16:25:57,760][__main__][INFO] - Episode 9 completed with reward -162.25 in 1000 steps
[2025-03-24 16:26:04,397][__main__][INFO] - EnvName: HCv5, Steps: 10k, Episodes: 10, Episode Reward: -1
[2025-03-24 16:26:04,402][__main__][INFO] - Episode 10 completed with reward -222.71 in 1000 steps
[2025-03-24 16:26:11,017][__main__][INFO] - EnvName: HCv5, Steps: 11k, Episodes: 11, Episode Reward: -1
[2025-03-24 16:26:11,017][__main__][INFO] - Episode 11 completed with reward -310.33 in 1000 steps
[2025-03-24 16:26:17,655][__main__][INFO] - EnvName: HCv5, Steps: 12k, Episodes: 12, Episode Reward: -2
[2025-03-24 16:26:17,655][__main__][INFO] - Episode 12 completed with reward -262.64 in 1000 steps
[2025-03-24 16:26:24,175][__main__][INFO] - EnvName: HCv5, Steps: 13k, Episodes: 13, Episode Reward: -1
[2025-03-24 16:26:24,175][__main__][INFO] - Episode 13 completed with reward -270.38 in 1000 steps
[2025-03-24 16:26:30,733][__main__][INFO] - EnvName: HCv5, Steps: 14k, Episodes: 14, Episode Reward: -1
[2025-03-24 16:26:30,733][__main__][INFO] - Episode 14 completed with reward -390.49 in 1000 steps
[2025-03-24 16:26:37,295][__main__][INFO] - EnvName: HCv5, Steps: 15k, Episodes: 15, Episode Reward: -2
[2025-03-24 16:26:37,296][__main__][INFO] - Episode 15 completed with reward -233.27 in 1000 steps
[2025-03-24 16:26:43,930][__main__][INFO] - EnvName: HCv5, Steps: 16k, Episodes: 16, Episode Reward: -1
[2025-03-24 16:26:43,930][__main__][INFO] - Episode 16 completed with reward -453.02 in 1000 steps
[2025-03-24 16:26:50,510][__main__][INFO] - EnvName: HCv5, Steps: 17k, Episodes: 17, Episode Reward: -1
[2025-03-24 16:26:50,510][__main__][INFO] - Episode 17 completed with reward -154.57 in 1000 steps
[2025-03-24 16:26:57,142][__main__][INFO] - EnvName: HCv5, Steps: 18k, Episodes: 18, Episode Reward: -2
[2025-03-24 16:26:57,143][__main__][INFO] - Episode 18 completed with reward -245.18 in 1000 steps
[2025-03-24 16:27:03,696][__main__][INFO] - EnvName: HCv5, Steps: 19k, Episodes: 19, Episode Reward: -1
[2025-03-24 16:27:03,697][__main__][INFO] - Episode 19 completed with reward -117.57 in 1000 steps
[2025-03-24 16:27:10,266][__main__][INFO] - EnvName: HCv5, Steps: 20k, Episodes: 20, Episode Reward: -1
[2025-03-24 16:27:10,271][__main__][INFO] - Episode 20 completed with reward -288.61 in 1000 steps
[2025-03-24 16:27:16,843][__main__][INFO] - EnvName: HCv5, Steps: 21k, Episodes: 21, Episode Reward: -2
[2025-03-24 16:27:16,843][__main__][INFO] - Episode 21 completed with reward -233.40 in 1000 steps
[2025-03-24 16:27:23,453][__main__][INFO] - EnvName: HCv5, Steps: 22k, Episodes: 22, Episode Reward: -1
[2025-03-24 16:27:23,454][__main__][INFO] - Episode 22 completed with reward -203.15 in 1000 steps
[2025-03-24 16:27:30,083][__main__][INFO] - EnvName: HCv5, Steps: 23k, Episodes: 23, Episode Reward: -1
[2025-03-24 16:27:30,083][__main__][INFO] - Episode 23 completed with reward -223.56 in 1000 steps
[2025-03-24 16:27:36,701][__main__][INFO] - EnvName: HCv5, Steps: 24k, Episodes: 24, Episode Reward: -1
[2025-03-24 16:27:36,702][__main__][INFO] - Episode 24 completed with reward -183.94 in 1000 steps
[2025-03-24 16:27:43,344][__main__][INFO] - EnvName: HCv5, Steps: 25k, Episodes: 25, Episode Reward: -1
[2025-03-24 16:27:43,345][__main__][INFO] - Episode 25 completed with reward -209.66 in 1000 steps
[2025-03-24 16:27:50,002][__main__][INFO] - EnvName: HCv5, Steps: 26k, Episodes: 26, Episode Reward: -1
[2025-03-24 16:27:50,002][__main__][INFO] - Episode 26 completed with reward -258.73 in 1000 steps
[2025-03-24 16:27:56,574][__main__][INFO] - EnvName: HCv5, Steps: 27k, Episodes: 27, Episode Reward: -1
[2025-03-24 16:27:56,574][__main__][INFO] - Episode 27 completed with reward -370.53 in 1000 steps
[2025-03-24 16:28:03,142][__main__][INFO] - EnvName: HCv5, Steps: 28k, Episodes: 28, Episode Reward: -1
[2025-03-24 16:28:03,143][__main__][INFO] - Episode 28 completed with reward -341.23 in 1000 steps
[2025-03-24 16:28:09,651][__main__][INFO] - EnvName: HCv5, Steps: 29k, Episodes: 29, Episode Reward: -1
[2025-03-24 16:28:09,651][__main__][INFO] - Episode 29 completed with reward -383.15 in 1000 steps
[2025-03-24 16:28:16,250][__main__][INFO] - EnvName: HCv5, Steps: 30k, Episodes: 30, Episode Reward: -1
[2025-03-24 16:28:16,255][__main__][INFO] - Episode 30 completed with reward -276.59 in 1000 steps
[2025-03-24 16:28:22,833][__main__][INFO] - EnvName: HCv5, Steps: 31k, Episodes: 31, Episode Reward: -1
[2025-03-24 16:28:22,833][__main__][INFO] - Episode 31 completed with reward -257.05 in 1000 steps
[2025-03-24 16:28:29,417][__main__][INFO] - EnvName: HCv5, Steps: 32k, Episodes: 32, Episode Reward: -1
[2025-03-24 16:28:29,417][__main__][INFO] - Episode 32 completed with reward -260.47 in 1000 steps
[2025-03-24 16:28:36,014][__main__][INFO] - EnvName: HCv5, Steps: 33k, Episodes: 33, Episode Reward: -1
[2025-03-24 16:28:36,015][__main__][INFO] - Episode 33 completed with reward -287.62 in 1000 steps
[2025-03-24 16:28:42,610][__main__][INFO] - EnvName: HCv5, Steps: 34k, Episodes: 34, Episode Reward: -1
[2025-03-24 16:28:42,610][__main__][INFO] - Episode 34 completed with reward -289.01 in 1000 steps
[2025-03-24 16:28:49,358][__main__][INFO] - EnvName: HCv5, Steps: 35k, Episodes: 35, Episode Reward: -1
[2025-03-24 16:28:49,359][__main__][INFO] - Episode 35 completed with reward -350.08 in 1000 steps
[2025-03-24 16:28:55,960][__main__][INFO] - EnvName: HCv5, Steps: 36k, Episodes: 36, Episode Reward: -1
[2025-03-24 16:28:55,961][__main__][INFO] - Episode 36 completed with reward -151.00 in 1000 steps
[2025-03-24 16:29:02,519][__main__][INFO] - EnvName: HCv5, Steps: 37k, Episodes: 37, Episode Reward: -2
[2025-03-24 16:29:02,519][__main__][INFO] - Episode 37 completed with reward -294.61 in 1000 steps
[2025-03-24 16:29:09,083][__main__][INFO] - EnvName: HCv5, Steps: 38k, Episodes: 38, Episode Reward: -2
[2025-03-24 16:29:09,084][__main__][INFO] - Episode 38 completed with reward -212.17 in 1000 steps
[2025-03-24 16:29:15,664][__main__][INFO] - EnvName: HCv5, Steps: 39k, Episodes: 39, Episode Reward: -1
[2025-03-24 16:29:15,665][__main__][INFO] - Episode 39 completed with reward -235.26 in 1000 steps
[2025-03-24 16:29:22,243][__main__][INFO] - EnvName: HCv5, Steps: 40k, Episodes: 40, Episode Reward: -1
[2025-03-24 16:29:22,248][__main__][INFO] - Episode 40 completed with reward -327.49 in 1000 steps
[2025-03-24 16:29:28,944][__main__][INFO] - EnvName: HCv5, Steps: 41k, Episodes: 41, Episode Reward: -1
[2025-03-24 16:29:28,945][__main__][INFO] - Episode 41 completed with reward -304.04 in 1000 steps
[2025-03-24 16:29:35,523][__main__][INFO] - EnvName: HCv5, Steps: 42k, Episodes: 42, Episode Reward: -2
[2025-03-24 16:29:35,523][__main__][INFO] - Episode 42 completed with reward -150.29 in 1000 steps
[2025-03-24 16:29:42,112][__main__][INFO] - EnvName: HCv5, Steps: 43k, Episodes: 43, Episode Reward: -1
[2025-03-24 16:29:42,113][__main__][INFO] - Episode 43 completed with reward -197.64 in 1000 steps
[2025-03-24 16:29:48,688][__main__][INFO] - EnvName: HCv5, Steps: 44k, Episodes: 44, Episode Reward: -1
[2025-03-24 16:29:48,689][__main__][INFO] - Episode 44 completed with reward -212.28 in 1000 steps
[2025-03-24 16:29:55,284][__main__][INFO] - EnvName: HCv5, Steps: 45k, Episodes: 45, Episode Reward: -1
[2025-03-24 16:29:55,285][__main__][INFO] - Episode 45 completed with reward -329.38 in 1000 steps
[2025-03-24 16:30:01,914][__main__][INFO] - EnvName: HCv5, Steps: 46k, Episodes: 46, Episode Reward: -1
[2025-03-24 16:30:01,914][__main__][INFO] - Episode 46 completed with reward -229.31 in 1000 steps
[2025-03-24 16:30:08,538][__main__][INFO] - EnvName: HCv5, Steps: 47k, Episodes: 47, Episode Reward: -2
[2025-03-24 16:30:08,539][__main__][INFO] - Episode 47 completed with reward -228.75 in 1000 steps
[2025-03-24 16:30:15,125][__main__][INFO] - EnvName: HCv5, Steps: 48k, Episodes: 48, Episode Reward: -2
[2025-03-24 16:30:15,126][__main__][INFO] - Episode 48 completed with reward -238.19 in 1000 steps
[2025-03-24 16:30:21,677][__main__][INFO] - EnvName: HCv5, Steps: 49k, Episodes: 49, Episode Reward: -1
[2025-03-24 16:30:21,678][__main__][INFO] - Episode 49 completed with reward -198.28 in 1000 steps
[2025-03-24 16:30:28,717][__main__][INFO] - EnvName: HCv5, Steps: 50k, Episodes: 50, Episode Reward: -1
[2025-03-24 16:30:28,722][__main__][INFO] - Episode 50 completed with reward -141.27 in 1000 steps
[2025-03-24 16:30:56,912][__main__][INFO] - EnvName: HCv5, Steps: 51k, Episodes: 51, Episode Reward: -39
[2025-03-24 16:30:56,913][__main__][INFO] - Episode 51 completed with reward -170.34 in 1000 steps
[2025-03-24 16:31:23,589][__main__][INFO] - EnvName: HCv5, Steps: 52k, Episodes: 52, Episode Reward: -19
[2025-03-24 16:31:23,589][__main__][INFO] - Episode 52 completed with reward -171.72 in 1000 steps
[2025-03-24 16:31:50,372][__main__][INFO] - EnvName: HCv5, Steps: 53k, Episodes: 53, Episode Reward: -152
[2025-03-24 16:31:50,373][__main__][INFO] - Episode 53 completed with reward -279.92 in 1000 steps
[2025-03-24 16:32:15,947][__main__][INFO] - EnvName: HCv5, Steps: 54k, Episodes: 54, Episode Reward: -83
[2025-03-24 16:32:15,948][__main__][INFO] - Episode 54 completed with reward -299.39 in 1000 steps
[2025-03-24 16:32:42,896][__main__][INFO] - EnvName: HCv5, Steps: 55k, Episodes: 55, Episode Reward: -83
[2025-03-24 16:32:42,897][__main__][INFO] - Episode 55 completed with reward -241.12 in 1000 steps
[2025-03-24 16:33:09,319][__main__][INFO] - EnvName: HCv5, Steps: 56k, Episodes: 56, Episode Reward: -319
[2025-03-24 16:33:09,320][__main__][INFO] - Episode 56 completed with reward -236.15 in 1000 steps
[2025-03-24 16:33:35,607][__main__][INFO] - EnvName: HCv5, Steps: 57k, Episodes: 57, Episode Reward: -85
[2025-03-24 16:33:35,608][__main__][INFO] - Episode 57 completed with reward -265.17 in 1000 steps
[2025-03-24 16:34:01,636][__main__][INFO] - EnvName: HCv5, Steps: 58k, Episodes: 58, Episode Reward: -146
[2025-03-24 16:34:01,637][__main__][INFO] - Episode 58 completed with reward -287.27 in 1000 steps
[2025-03-24 16:34:28,734][__main__][INFO] - EnvName: HCv5, Steps: 59k, Episodes: 59, Episode Reward: -227
[2025-03-24 16:34:28,735][__main__][INFO] - Episode 59 completed with reward -214.30 in 1000 steps
[2025-03-24 16:34:55,654][__main__][INFO] - EnvName: HCv5, Steps: 60k, Episodes: 60, Episode Reward: -291
[2025-03-24 16:34:55,659][__main__][INFO] - Episode 60 completed with reward -255.88 in 1000 steps
[2025-03-24 16:35:22,546][__main__][INFO] - EnvName: HCv5, Steps: 61k, Episodes: 61, Episode Reward: -348
[2025-03-24 16:35:22,546][__main__][INFO] - Episode 61 completed with reward -283.53 in 1000 steps
[2025-03-24 16:35:48,999][__main__][INFO] - EnvName: HCv5, Steps: 62k, Episodes: 62, Episode Reward: -352
[2025-03-24 16:35:49,000][__main__][INFO] - Episode 62 completed with reward -468.03 in 1000 steps
[2025-03-24 16:36:14,114][__main__][INFO] - EnvName: HCv5, Steps: 63k, Episodes: 63, Episode Reward: -492
[2025-03-24 16:36:14,115][__main__][INFO] - Episode 63 completed with reward -466.31 in 1000 steps
[2025-03-24 16:36:42,682][__main__][INFO] - EnvName: HCv5, Steps: 64k, Episodes: 64, Episode Reward: -466
[2025-03-24 16:36:42,682][__main__][INFO] - Episode 64 completed with reward -422.93 in 1000 steps
[2025-03-24 16:37:09,505][__main__][INFO] - EnvName: HCv5, Steps: 65k, Episodes: 65, Episode Reward: -422
[2025-03-24 16:37:09,505][__main__][INFO] - Episode 65 completed with reward -381.20 in 1000 steps
[2025-03-24 16:37:37,007][__main__][INFO] - EnvName: HCv5, Steps: 66k, Episodes: 66, Episode Reward: -404
[2025-03-24 16:37:37,008][__main__][INFO] - Episode 66 completed with reward -440.92 in 1000 steps
[2025-03-24 16:38:03,049][__main__][INFO] - EnvName: HCv5, Steps: 67k, Episodes: 67, Episode Reward: -338
[2025-03-24 16:38:03,049][__main__][INFO] - Episode 67 completed with reward -299.73 in 1000 steps
[2025-03-24 16:38:29,789][__main__][INFO] - EnvName: HCv5, Steps: 68k, Episodes: 68, Episode Reward: -463
[2025-03-24 16:38:29,789][__main__][INFO] - Episode 68 completed with reward -303.55 in 1000 steps
[2025-03-24 16:38:55,631][__main__][INFO] - EnvName: HCv5, Steps: 69k, Episodes: 69, Episode Reward: -369
[2025-03-24 16:38:55,632][__main__][INFO] - Episode 69 completed with reward -460.85 in 1000 steps
[2025-03-24 16:39:20,491][__main__][INFO] - EnvName: HCv5, Steps: 70k, Episodes: 70, Episode Reward: -250
[2025-03-24 16:39:20,496][__main__][INFO] - Episode 70 completed with reward -411.87 in 1000 steps
[2025-03-24 16:39:46,420][__main__][INFO] - EnvName: HCv5, Steps: 71k, Episodes: 71, Episode Reward: -303
[2025-03-24 16:39:46,421][__main__][INFO] - Episode 71 completed with reward -431.09 in 1000 steps
[2025-03-24 16:40:12,889][__main__][INFO] - EnvName: HCv5, Steps: 72k, Episodes: 72, Episode Reward: -353
[2025-03-24 16:40:12,889][__main__][INFO] - Episode 72 completed with reward -288.38 in 1000 steps
[2025-03-24 16:40:41,017][__main__][INFO] - EnvName: HCv5, Steps: 73k, Episodes: 73, Episode Reward: -556
[2025-03-24 16:40:41,018][__main__][INFO] - Episode 73 completed with reward -360.54 in 1000 steps
[2025-03-24 16:41:07,168][__main__][INFO] - EnvName: HCv5, Steps: 74k, Episodes: 74, Episode Reward: -330
[2025-03-24 16:41:07,169][__main__][INFO] - Episode 74 completed with reward -582.07 in 1000 steps
[2025-03-24 16:41:35,395][__main__][INFO] - EnvName: HCv5, Steps: 75k, Episodes: 75, Episode Reward: 102
[2025-03-24 16:41:35,395][__main__][INFO] - Episode 75 completed with reward -390.56 in 1000 steps
[2025-03-24 16:42:01,727][__main__][INFO] - EnvName: HCv5, Steps: 76k, Episodes: 76, Episode Reward: -297
[2025-03-24 16:42:01,728][__main__][INFO] - Episode 76 completed with reward 45.51 in 1000 steps
[2025-03-24 16:42:29,534][__main__][INFO] - EnvName: HCv5, Steps: 77k, Episodes: 77, Episode Reward: -329
[2025-03-24 16:42:29,534][__main__][INFO] - Episode 77 completed with reward -356.42 in 1000 steps
[2025-03-24 16:42:57,653][__main__][INFO] - EnvName: HCv5, Steps: 78k, Episodes: 78, Episode Reward: -191
[2025-03-24 16:42:57,653][__main__][INFO] - Episode 78 completed with reward -35.90 in 1000 steps
[2025-03-24 16:43:25,736][__main__][INFO] - EnvName: HCv5, Steps: 79k, Episodes: 79, Episode Reward: 107
[2025-03-24 16:43:25,736][__main__][INFO] - Episode 79 completed with reward 186.64 in 1000 steps
[2025-03-24 16:43:52,747][__main__][INFO] - EnvName: HCv5, Steps: 80k, Episodes: 80, Episode Reward: 111
[2025-03-24 16:43:52,752][__main__][INFO] - Episode 80 completed with reward 88.17 in 1000 steps
[2025-03-24 16:44:19,126][__main__][INFO] - EnvName: HCv5, Steps: 81k, Episodes: 81, Episode Reward: 184
[2025-03-24 16:44:19,127][__main__][INFO] - Episode 81 completed with reward 227.95 in 1000 steps
[2025-03-24 16:44:45,516][__main__][INFO] - EnvName: HCv5, Steps: 82k, Episodes: 82, Episode Reward: 104
[2025-03-24 16:44:45,517][__main__][INFO] - Episode 82 completed with reward 220.77 in 1000 steps
[2025-03-24 16:45:13,199][__main__][INFO] - EnvName: HCv5, Steps: 83k, Episodes: 83, Episode Reward: 205
[2025-03-24 16:45:13,199][__main__][INFO] - Episode 83 completed with reward 282.59 in 1000 steps
[2025-03-24 16:45:41,192][__main__][INFO] - EnvName: HCv5, Steps: 84k, Episodes: 84, Episode Reward: 110
[2025-03-24 16:45:41,193][__main__][INFO] - Episode 84 completed with reward 502.06 in 1000 steps
[2025-03-24 16:46:06,555][__main__][INFO] - EnvName: HCv5, Steps: 85k, Episodes: 85, Episode Reward: 225
[2025-03-24 16:46:06,555][__main__][INFO] - Episode 85 completed with reward 219.73 in 1000 steps
[2025-03-24 16:46:33,326][__main__][INFO] - EnvName: HCv5, Steps: 86k, Episodes: 86, Episode Reward: 407
[2025-03-24 16:46:33,327][__main__][INFO] - Episode 86 completed with reward 113.02 in 1000 steps
[2025-03-24 16:46:59,934][__main__][INFO] - EnvName: HCv5, Steps: 87k, Episodes: 87, Episode Reward: 384
[2025-03-24 16:46:59,935][__main__][INFO] - Episode 87 completed with reward 657.25 in 1000 steps
[2025-03-24 16:47:28,170][__main__][INFO] - EnvName: HCv5, Steps: 88k, Episodes: 88, Episode Reward: 542
[2025-03-24 16:47:28,171][__main__][INFO] - Episode 88 completed with reward 553.80 in 1000 steps
[2025-03-24 16:47:56,083][__main__][INFO] - EnvName: HCv5, Steps: 89k, Episodes: 89, Episode Reward: 585
[2025-03-24 16:47:56,084][__main__][INFO] - Episode 89 completed with reward 515.20 in 1000 steps
[2025-03-24 16:48:24,195][__main__][INFO] - EnvName: HCv5, Steps: 90k, Episodes: 90, Episode Reward: 780
[2025-03-24 16:48:24,200][__main__][INFO] - Episode 90 completed with reward 918.55 in 1000 steps
[2025-03-24 16:48:50,939][__main__][INFO] - EnvName: HCv5, Steps: 91k, Episodes: 91, Episode Reward: 994
[2025-03-24 16:48:50,940][__main__][INFO] - Episode 91 completed with reward 1057.70 in 1000 steps
[2025-03-24 16:49:18,163][__main__][INFO] - EnvName: HCv5, Steps: 92k, Episodes: 92, Episode Reward: 1134
[2025-03-24 16:49:18,164][__main__][INFO] - Episode 92 completed with reward 1012.04 in 1000 steps
[2025-03-24 16:49:45,072][__main__][INFO] - EnvName: HCv5, Steps: 93k, Episodes: 93, Episode Reward: 1100
[2025-03-24 16:49:45,073][__main__][INFO] - Episode 93 completed with reward 979.06 in 1000 steps
[2025-03-24 16:50:12,481][__main__][INFO] - EnvName: HCv5, Steps: 94k, Episodes: 94, Episode Reward: 1278
[2025-03-24 16:50:12,481][__main__][INFO] - Episode 94 completed with reward 1156.88 in 1000 steps
[2025-03-24 16:50:39,826][__main__][INFO] - EnvName: HCv5, Steps: 95k, Episodes: 95, Episode Reward: 1343
[2025-03-24 16:50:39,827][__main__][INFO] - Episode 95 completed with reward 1341.62 in 1000 steps
[2025-03-24 16:51:05,687][__main__][INFO] - EnvName: HCv5, Steps: 96k, Episodes: 96, Episode Reward: 1629
[2025-03-24 16:51:05,688][__main__][INFO] - Episode 96 completed with reward 1580.11 in 1000 steps
[2025-03-24 16:51:33,600][__main__][INFO] - EnvName: HCv5, Steps: 97k, Episodes: 97, Episode Reward: 1519
[2025-03-24 16:51:33,600][__main__][INFO] - Episode 97 completed with reward 1420.71 in 1000 steps
[2025-03-24 16:52:00,442][__main__][INFO] - EnvName: HCv5, Steps: 98k, Episodes: 98, Episode Reward: 1606
[2025-03-24 16:52:00,442][__main__][INFO] - Episode 98 completed with reward 1599.10 in 1000 steps
[2025-03-24 16:52:27,306][__main__][INFO] - EnvName: HCv5, Steps: 99k, Episodes: 99, Episode Reward: 1843
[2025-03-24 16:52:27,307][__main__][INFO] - Episode 99 completed with reward 1684.90 in 1000 steps
[2025-03-24 16:52:54,110][__main__][INFO] - EnvName: HCv5, Steps: 100k, Episodes: 100, Episode Reward: 1847
[2025-03-24 16:52:54,115][__main__][INFO] - Episode 100 completed with reward 1607.09 in 1000 steps
[2025-03-24 16:53:19,132][__main__][INFO] - EnvName: HCv5, Steps: 101k, Episodes: 101, Episode Reward: 2080
[2025-03-24 16:53:19,133][__main__][INFO] - Episode 101 completed with reward 1839.61 in 1000 steps
[2025-03-24 16:53:45,936][__main__][INFO] - EnvName: HCv5, Steps: 102k, Episodes: 102, Episode Reward: 1986
[2025-03-24 16:53:45,936][__main__][INFO] - Episode 102 completed with reward 1928.93 in 1000 steps
[2025-03-24 16:54:12,044][__main__][INFO] - EnvName: HCv5, Steps: 103k, Episodes: 103, Episode Reward: 2329
[2025-03-24 16:54:12,045][__main__][INFO] - Episode 103 completed with reward 2116.19 in 1000 steps
[2025-03-24 16:54:37,758][__main__][INFO] - EnvName: HCv5, Steps: 104k, Episodes: 104, Episode Reward: 2322
[2025-03-24 16:54:37,759][__main__][INFO] - Episode 104 completed with reward 2242.99 in 1000 steps
[2025-03-24 16:55:05,154][__main__][INFO] - EnvName: HCv5, Steps: 105k, Episodes: 105, Episode Reward: 2510
[2025-03-24 16:55:05,154][__main__][INFO] - Episode 105 completed with reward 2360.00 in 1000 steps
[2025-03-24 16:55:33,364][__main__][INFO] - EnvName: HCv5, Steps: 106k, Episodes: 106, Episode Reward: 2609
[2025-03-24 16:55:33,364][__main__][INFO] - Episode 106 completed with reward 2116.04 in 1000 steps
[2025-03-24 16:56:02,482][__main__][INFO] - EnvName: HCv5, Steps: 107k, Episodes: 107, Episode Reward: 2470
[2025-03-24 16:56:02,483][__main__][INFO] - Episode 107 completed with reward 2271.23 in 1000 steps
[2025-03-24 16:56:31,058][__main__][INFO] - EnvName: HCv5, Steps: 108k, Episodes: 108, Episode Reward: 2597
[2025-03-24 16:56:31,059][__main__][INFO] - Episode 108 completed with reward 2307.72 in 1000 steps
[2025-03-24 16:56:59,855][__main__][INFO] - EnvName: HCv5, Steps: 109k, Episodes: 109, Episode Reward: 2885
[2025-03-24 16:56:59,855][__main__][INFO] - Episode 109 completed with reward 2516.01 in 1000 steps
[2025-03-24 16:57:27,919][__main__][INFO] - EnvName: HCv5, Steps: 110k, Episodes: 110, Episode Reward: 2633
[2025-03-24 16:57:27,924][__main__][INFO] - Episode 110 completed with reward 2489.45 in 1000 steps
[2025-03-24 16:57:56,244][__main__][INFO] - EnvName: HCv5, Steps: 111k, Episodes: 111, Episode Reward: 2845
[2025-03-24 16:57:56,245][__main__][INFO] - Episode 111 completed with reward 2701.92 in 1000 steps
[2025-03-24 16:58:21,531][__main__][INFO] - EnvName: HCv5, Steps: 112k, Episodes: 112, Episode Reward: 2772
[2025-03-24 16:58:21,532][__main__][INFO] - Episode 112 completed with reward 2733.01 in 1000 steps
[2025-03-24 16:58:50,478][__main__][INFO] - EnvName: HCv5, Steps: 113k, Episodes: 113, Episode Reward: 2777
[2025-03-24 16:58:50,478][__main__][INFO] - Episode 113 completed with reward 2621.33 in 1000 steps
[2025-03-24 16:59:18,994][__main__][INFO] - EnvName: HCv5, Steps: 114k, Episodes: 114, Episode Reward: 2767
[2025-03-24 16:59:18,995][__main__][INFO] - Episode 114 completed with reward 2791.18 in 1000 steps
[2025-03-24 16:59:48,057][__main__][INFO] - EnvName: HCv5, Steps: 115k, Episodes: 115, Episode Reward: 2939
[2025-03-24 16:59:48,057][__main__][INFO] - Episode 115 completed with reward 3002.81 in 1000 steps
[2025-03-24 17:00:16,162][__main__][INFO] - EnvName: HCv5, Steps: 116k, Episodes: 116, Episode Reward: 3099
[2025-03-24 17:00:16,163][__main__][INFO] - Episode 116 completed with reward 2889.26 in 1000 steps
[2025-03-24 17:00:43,877][__main__][INFO] - EnvName: HCv5, Steps: 117k, Episodes: 117, Episode Reward: 3008
[2025-03-24 17:00:43,878][__main__][INFO] - Episode 117 completed with reward 2739.57 in 1000 steps
[2025-03-24 17:01:11,691][__main__][INFO] - EnvName: HCv5, Steps: 118k, Episodes: 118, Episode Reward: 3115
[2025-03-24 17:01:11,691][__main__][INFO] - Episode 118 completed with reward 2964.29 in 1000 steps
[2025-03-24 17:01:40,268][__main__][INFO] - EnvName: HCv5, Steps: 119k, Episodes: 119, Episode Reward: 3033
[2025-03-24 17:01:40,268][__main__][INFO] - Episode 119 completed with reward 3032.85 in 1000 steps
[2025-03-24 17:02:08,255][__main__][INFO] - EnvName: HCv5, Steps: 120k, Episodes: 120, Episode Reward: 3025
[2025-03-24 17:02:08,261][__main__][INFO] - Episode 120 completed with reward 2792.37 in 1000 steps
[2025-03-24 17:02:36,658][__main__][INFO] - EnvName: HCv5, Steps: 121k, Episodes: 121, Episode Reward: 3004
[2025-03-24 17:02:36,658][__main__][INFO] - Episode 121 completed with reward 2832.80 in 1000 steps
[2025-03-24 17:03:05,556][__main__][INFO] - EnvName: HCv5, Steps: 122k, Episodes: 122, Episode Reward: 3049
[2025-03-24 17:03:05,556][__main__][INFO] - Episode 122 completed with reward 2924.30 in 1000 steps
[2025-03-24 17:03:34,821][__main__][INFO] - EnvName: HCv5, Steps: 123k, Episodes: 123, Episode Reward: 3016
[2025-03-24 17:03:34,821][__main__][INFO] - Episode 123 completed with reward 3099.71 in 1000 steps
[2025-03-24 17:04:03,201][__main__][INFO] - EnvName: HCv5, Steps: 124k, Episodes: 124, Episode Reward: 2978
[2025-03-24 17:04:03,201][__main__][INFO] - Episode 124 completed with reward 3134.07 in 1000 steps
[2025-03-24 17:04:31,898][__main__][INFO] - EnvName: HCv5, Steps: 125k, Episodes: 125, Episode Reward: 3130
[2025-03-24 17:04:31,898][__main__][INFO] - Episode 125 completed with reward 3120.83 in 1000 steps
[2025-03-24 17:05:00,444][__main__][INFO] - EnvName: HCv5, Steps: 126k, Episodes: 126, Episode Reward: 3039
[2025-03-24 17:05:00,445][__main__][INFO] - Episode 126 completed with reward 2968.13 in 1000 steps
[2025-03-24 17:05:28,965][__main__][INFO] - EnvName: HCv5, Steps: 127k, Episodes: 127, Episode Reward: 3259
[2025-03-24 17:05:28,966][__main__][INFO] - Episode 127 completed with reward 3016.55 in 1000 steps
[2025-03-24 17:05:57,877][__main__][INFO] - EnvName: HCv5, Steps: 128k, Episodes: 128, Episode Reward: 3272
[2025-03-24 17:05:57,877][__main__][INFO] - Episode 128 completed with reward 2877.95 in 1000 steps
[2025-03-24 17:06:26,346][__main__][INFO] - EnvName: HCv5, Steps: 129k, Episodes: 129, Episode Reward: 3268
[2025-03-24 17:06:26,346][__main__][INFO] - Episode 129 completed with reward 2986.00 in 1000 steps
[2025-03-24 17:06:55,120][__main__][INFO] - EnvName: HCv5, Steps: 130k, Episodes: 130, Episode Reward: 3257
[2025-03-24 17:06:55,124][__main__][INFO] - Episode 130 completed with reward 3044.06 in 1000 steps
[2025-03-24 17:07:24,758][__main__][INFO] - EnvName: HCv5, Steps: 131k, Episodes: 131, Episode Reward: 3066
[2025-03-24 17:07:24,758][__main__][INFO] - Episode 131 completed with reward 3346.23 in 1000 steps
[2025-03-24 17:07:53,320][__main__][INFO] - EnvName: HCv5, Steps: 132k, Episodes: 132, Episode Reward: 3302
[2025-03-24 17:07:53,321][__main__][INFO] - Episode 132 completed with reward 3045.56 in 1000 steps
[2025-03-24 17:08:22,390][__main__][INFO] - EnvName: HCv5, Steps: 133k, Episodes: 133, Episode Reward: 3378
[2025-03-24 17:08:22,391][__main__][INFO] - Episode 133 completed with reward 3403.21 in 1000 steps
[2025-03-24 17:08:51,601][__main__][INFO] - EnvName: HCv5, Steps: 134k, Episodes: 134, Episode Reward: 3375
[2025-03-24 17:08:51,601][__main__][INFO] - Episode 134 completed with reward 3442.17 in 1000 steps
[2025-03-24 17:09:20,189][__main__][INFO] - EnvName: HCv5, Steps: 135k, Episodes: 135, Episode Reward: 3439
[2025-03-24 17:09:20,189][__main__][INFO] - Episode 135 completed with reward 3478.55 in 1000 steps
[2025-03-24 17:09:48,334][__main__][INFO] - EnvName: HCv5, Steps: 136k, Episodes: 136, Episode Reward: 3419
[2025-03-24 17:09:48,334][__main__][INFO] - Episode 136 completed with reward 3210.22 in 1000 steps
[2025-03-24 17:10:16,605][__main__][INFO] - EnvName: HCv5, Steps: 137k, Episodes: 137, Episode Reward: 3458
[2025-03-24 17:10:16,606][__main__][INFO] - Episode 137 completed with reward 3430.21 in 1000 steps
[2025-03-24 17:10:45,667][__main__][INFO] - EnvName: HCv5, Steps: 138k, Episodes: 138, Episode Reward: 3325
[2025-03-24 17:10:45,668][__main__][INFO] - Episode 138 completed with reward 3430.92 in 1000 steps
[2025-03-24 17:11:12,684][__main__][INFO] - EnvName: HCv5, Steps: 139k, Episodes: 139, Episode Reward: 3425
[2025-03-24 17:11:12,684][__main__][INFO] - Episode 139 completed with reward 3344.01 in 1000 steps
[2025-03-24 17:11:41,932][__main__][INFO] - EnvName: HCv5, Steps: 140k, Episodes: 140, Episode Reward: 3426
[2025-03-24 17:11:41,937][__main__][INFO] - Episode 140 completed with reward 3390.32 in 1000 steps
[2025-03-24 17:12:09,720][__main__][INFO] - EnvName: HCv5, Steps: 141k, Episodes: 141, Episode Reward: 3433
[2025-03-24 17:12:09,721][__main__][INFO] - Episode 141 completed with reward 3366.98 in 1000 steps
[2025-03-24 17:12:39,087][__main__][INFO] - EnvName: HCv5, Steps: 142k, Episodes: 142, Episode Reward: 3288
[2025-03-24 17:12:39,088][__main__][INFO] - Episode 142 completed with reward 3413.48 in 1000 steps
[2025-03-24 17:13:07,716][__main__][INFO] - EnvName: HCv5, Steps: 143k, Episodes: 143, Episode Reward: 3450
[2025-03-24 17:13:07,717][__main__][INFO] - Episode 143 completed with reward 3010.50 in 1000 steps
[2025-03-24 17:13:35,884][__main__][INFO] - EnvName: HCv5, Steps: 144k, Episodes: 144, Episode Reward: 3525
[2025-03-24 17:13:35,885][__main__][INFO] - Episode 144 completed with reward 3394.12 in 1000 steps
[2025-03-24 17:14:05,984][__main__][INFO] - EnvName: HCv5, Steps: 145k, Episodes: 145, Episode Reward: 3656
[2025-03-24 17:14:05,985][__main__][INFO] - Episode 145 completed with reward 3389.10 in 1000 steps
[2025-03-24 17:14:34,924][__main__][INFO] - EnvName: HCv5, Steps: 146k, Episodes: 146, Episode Reward: 3475
[2025-03-24 17:14:34,925][__main__][INFO] - Episode 146 completed with reward 3327.89 in 1000 steps
[2025-03-24 17:15:04,670][__main__][INFO] - EnvName: HCv5, Steps: 147k, Episodes: 147, Episode Reward: 3657
[2025-03-24 17:15:04,671][__main__][INFO] - Episode 147 completed with reward 3439.69 in 1000 steps
[2025-03-24 17:15:34,986][__main__][INFO] - EnvName: HCv5, Steps: 148k, Episodes: 148, Episode Reward: 3545
[2025-03-24 17:15:34,987][__main__][INFO] - Episode 148 completed with reward 3705.60 in 1000 steps
[2025-03-24 17:16:04,528][__main__][INFO] - EnvName: HCv5, Steps: 149k, Episodes: 149, Episode Reward: 3733
[2025-03-24 17:16:04,529][__main__][INFO] - Episode 149 completed with reward 3379.24 in 1000 steps
[2025-03-24 17:16:34,042][__main__][INFO] - EnvName: HCv5, Steps: 150k, Episodes: 150, Episode Reward: 3669
[2025-03-24 17:16:34,046][__main__][INFO] - Episode 150 completed with reward 3539.67 in 1000 steps
[2025-03-24 17:17:03,040][__main__][INFO] - EnvName: HCv5, Steps: 151k, Episodes: 151, Episode Reward: 3768
[2025-03-24 17:17:03,040][__main__][INFO] - Episode 151 completed with reward 3582.89 in 1000 steps
[2025-03-24 17:17:33,949][__main__][INFO] - EnvName: HCv5, Steps: 152k, Episodes: 152, Episode Reward: 3707
[2025-03-24 17:17:33,950][__main__][INFO] - Episode 152 completed with reward 3856.61 in 1000 steps
[2025-03-24 17:18:03,809][__main__][INFO] - EnvName: HCv5, Steps: 153k, Episodes: 153, Episode Reward: 3804
[2025-03-24 17:18:03,810][__main__][INFO] - Episode 153 completed with reward 3701.96 in 1000 steps
[2025-03-24 17:18:33,514][__main__][INFO] - EnvName: HCv5, Steps: 154k, Episodes: 154, Episode Reward: 3716
[2025-03-24 17:18:33,514][__main__][INFO] - Episode 154 completed with reward 3710.51 in 1000 steps
[2025-03-24 17:19:04,010][__main__][INFO] - EnvName: HCv5, Steps: 155k, Episodes: 155, Episode Reward: 3968
[2025-03-24 17:19:04,010][__main__][INFO] - Episode 155 completed with reward 3626.43 in 1000 steps
[2025-03-24 17:19:34,349][__main__][INFO] - EnvName: HCv5, Steps: 156k, Episodes: 156, Episode Reward: 3820
[2025-03-24 17:19:34,350][__main__][INFO] - Episode 156 completed with reward 3703.08 in 1000 steps
[2025-03-24 17:20:03,727][__main__][INFO] - EnvName: HCv5, Steps: 157k, Episodes: 157, Episode Reward: 3875
[2025-03-24 17:20:03,728][__main__][INFO] - Episode 157 completed with reward 3656.09 in 1000 steps
[2025-03-24 17:20:34,265][__main__][INFO] - EnvName: HCv5, Steps: 158k, Episodes: 158, Episode Reward: 3889
[2025-03-24 17:20:34,266][__main__][INFO] - Episode 158 completed with reward 3586.19 in 1000 steps
[2025-03-24 17:21:04,606][__main__][INFO] - EnvName: HCv5, Steps: 159k, Episodes: 159, Episode Reward: 3939
[2025-03-24 17:21:04,606][__main__][INFO] - Episode 159 completed with reward 3793.97 in 1000 steps
[2025-03-24 17:21:33,281][__main__][INFO] - EnvName: HCv5, Steps: 160k, Episodes: 160, Episode Reward: 3883
[2025-03-24 17:21:33,286][__main__][INFO] - Episode 160 completed with reward 3672.53 in 1000 steps
[2025-03-24 17:22:01,154][__main__][INFO] - EnvName: HCv5, Steps: 161k, Episodes: 161, Episode Reward: 4052
[2025-03-24 17:22:01,154][__main__][INFO] - Episode 161 completed with reward 3860.35 in 1000 steps
[2025-03-24 17:22:31,082][__main__][INFO] - EnvName: HCv5, Steps: 162k, Episodes: 162, Episode Reward: 4138
[2025-03-24 17:22:31,082][__main__][INFO] - Episode 162 completed with reward 4029.33 in 1000 steps
[2025-03-24 17:23:00,182][__main__][INFO] - EnvName: HCv5, Steps: 163k, Episodes: 163, Episode Reward: 4195
[2025-03-24 17:23:00,183][__main__][INFO] - Episode 163 completed with reward 3922.90 in 1000 steps
[2025-03-24 17:23:30,641][__main__][INFO] - EnvName: HCv5, Steps: 164k, Episodes: 164, Episode Reward: 4152
[2025-03-24 17:23:30,641][__main__][INFO] - Episode 164 completed with reward 4011.01 in 1000 steps
[2025-03-24 17:23:59,536][__main__][INFO] - EnvName: HCv5, Steps: 165k, Episodes: 165, Episode Reward: 4116
[2025-03-24 17:23:59,536][__main__][INFO] - Episode 165 completed with reward 4061.04 in 1000 steps
[2025-03-24 17:24:28,338][__main__][INFO] - EnvName: HCv5, Steps: 166k, Episodes: 166, Episode Reward: 4216
[2025-03-24 17:24:28,338][__main__][INFO] - Episode 166 completed with reward 4042.33 in 1000 steps
[2025-03-24 17:24:57,197][__main__][INFO] - EnvName: HCv5, Steps: 167k, Episodes: 167, Episode Reward: 4236
[2025-03-24 17:24:57,198][__main__][INFO] - Episode 167 completed with reward 4124.33 in 1000 steps
[2025-03-24 17:25:26,648][__main__][INFO] - EnvName: HCv5, Steps: 168k, Episodes: 168, Episode Reward: 4231
[2025-03-24 17:25:26,649][__main__][INFO] - Episode 168 completed with reward 3938.22 in 1000 steps
[2025-03-24 17:25:57,178][__main__][INFO] - EnvName: HCv5, Steps: 169k, Episodes: 169, Episode Reward: 4317
[2025-03-24 17:25:57,178][__main__][INFO] - Episode 169 completed with reward 3934.56 in 1000 steps
[2025-03-24 17:26:26,102][__main__][INFO] - EnvName: HCv5, Steps: 170k, Episodes: 170, Episode Reward: 4230
[2025-03-24 17:26:26,107][__main__][INFO] - Episode 170 completed with reward 3959.66 in 1000 steps
[2025-03-24 17:26:55,629][__main__][INFO] - EnvName: HCv5, Steps: 171k, Episodes: 171, Episode Reward: 4210
[2025-03-24 17:26:55,629][__main__][INFO] - Episode 171 completed with reward 3907.67 in 1000 steps
[2025-03-24 17:27:25,803][__main__][INFO] - EnvName: HCv5, Steps: 172k, Episodes: 172, Episode Reward: 4283
[2025-03-24 17:27:25,803][__main__][INFO] - Episode 172 completed with reward 4230.31 in 1000 steps
[2025-03-24 17:27:54,866][__main__][INFO] - EnvName: HCv5, Steps: 173k, Episodes: 173, Episode Reward: 4306
[2025-03-24 17:27:54,866][__main__][INFO] - Episode 173 completed with reward 3957.55 in 1000 steps
[2025-03-24 17:28:25,206][__main__][INFO] - EnvName: HCv5, Steps: 174k, Episodes: 174, Episode Reward: 4351
[2025-03-24 17:28:25,206][__main__][INFO] - Episode 174 completed with reward 3990.97 in 1000 steps
[2025-03-24 17:28:55,717][__main__][INFO] - EnvName: HCv5, Steps: 175k, Episodes: 175, Episode Reward: 4382
[2025-03-24 17:28:55,718][__main__][INFO] - Episode 175 completed with reward 4064.02 in 1000 steps
[2025-03-24 17:29:26,019][__main__][INFO] - EnvName: HCv5, Steps: 176k, Episodes: 176, Episode Reward: 4350
[2025-03-24 17:29:26,019][__main__][INFO] - Episode 176 completed with reward 4028.94 in 1000 steps
[2025-03-24 17:29:55,452][__main__][INFO] - EnvName: HCv5, Steps: 177k, Episodes: 177, Episode Reward: 4274
[2025-03-24 17:29:55,453][__main__][INFO] - Episode 177 completed with reward 4093.79 in 1000 steps
[2025-03-24 17:30:25,660][__main__][INFO] - EnvName: HCv5, Steps: 178k, Episodes: 178, Episode Reward: 4353
[2025-03-24 17:30:25,660][__main__][INFO] - Episode 178 completed with reward 4071.82 in 1000 steps
[2025-03-24 17:30:54,517][__main__][INFO] - EnvName: HCv5, Steps: 179k, Episodes: 179, Episode Reward: 4334
[2025-03-24 17:30:54,518][__main__][INFO] - Episode 179 completed with reward 4057.58 in 1000 steps
[2025-03-24 17:31:22,539][__main__][INFO] - EnvName: HCv5, Steps: 180k, Episodes: 180, Episode Reward: 4346
[2025-03-24 17:31:22,544][__main__][INFO] - Episode 180 completed with reward 4131.58 in 1000 steps
[2025-03-24 17:31:52,728][__main__][INFO] - EnvName: HCv5, Steps: 181k, Episodes: 181, Episode Reward: 4364
[2025-03-24 17:31:52,728][__main__][INFO] - Episode 181 completed with reward 4118.39 in 1000 steps
[2025-03-24 17:32:21,419][__main__][INFO] - EnvName: HCv5, Steps: 182k, Episodes: 182, Episode Reward: 4393
[2025-03-24 17:32:21,420][__main__][INFO] - Episode 182 completed with reward 4231.33 in 1000 steps
[2025-03-24 17:32:52,089][__main__][INFO] - EnvName: HCv5, Steps: 183k, Episodes: 183, Episode Reward: 4377
[2025-03-24 17:32:52,089][__main__][INFO] - Episode 183 completed with reward 4274.78 in 1000 steps
[2025-03-24 17:33:20,510][__main__][INFO] - EnvName: HCv5, Steps: 184k, Episodes: 184, Episode Reward: 4342
[2025-03-24 17:33:20,511][__main__][INFO] - Episode 184 completed with reward 4268.61 in 1000 steps
[2025-03-24 17:33:49,467][__main__][INFO] - EnvName: HCv5, Steps: 185k, Episodes: 185, Episode Reward: 4496
[2025-03-24 17:33:49,467][__main__][INFO] - Episode 185 completed with reward 4240.14 in 1000 steps
[2025-03-24 17:34:17,846][__main__][INFO] - EnvName: HCv5, Steps: 186k, Episodes: 186, Episode Reward: 4470
[2025-03-24 17:34:17,847][__main__][INFO] - Episode 186 completed with reward 4295.63 in 1000 steps
[2025-03-24 17:34:47,418][__main__][INFO] - EnvName: HCv5, Steps: 187k, Episodes: 187, Episode Reward: 4512
[2025-03-24 17:34:47,418][__main__][INFO] - Episode 187 completed with reward 4198.69 in 1000 steps
[2025-03-24 17:35:17,931][__main__][INFO] - EnvName: HCv5, Steps: 188k, Episodes: 188, Episode Reward: 4385
[2025-03-24 17:35:17,931][__main__][INFO] - Episode 188 completed with reward 4266.20 in 1000 steps
[2025-03-24 17:35:48,186][__main__][INFO] - EnvName: HCv5, Steps: 189k, Episodes: 189, Episode Reward: 4432
[2025-03-24 17:35:48,187][__main__][INFO] - Episode 189 completed with reward 4159.51 in 1000 steps
[2025-03-24 17:36:17,766][__main__][INFO] - EnvName: HCv5, Steps: 190k, Episodes: 190, Episode Reward: 4539
[2025-03-24 17:36:17,771][__main__][INFO] - Episode 190 completed with reward 4262.86 in 1000 steps
[2025-03-24 17:36:47,318][__main__][INFO] - EnvName: HCv5, Steps: 191k, Episodes: 191, Episode Reward: 4545
[2025-03-24 17:36:47,319][__main__][INFO] - Episode 191 completed with reward 3917.27 in 1000 steps
[2025-03-24 17:37:16,594][__main__][INFO] - EnvName: HCv5, Steps: 192k, Episodes: 192, Episode Reward: 4428
[2025-03-24 17:37:16,595][__main__][INFO] - Episode 192 completed with reward 4325.58 in 1000 steps
[2025-03-24 17:37:47,002][__main__][INFO] - EnvName: HCv5, Steps: 193k, Episodes: 193, Episode Reward: 4457
[2025-03-24 17:37:47,002][__main__][INFO] - Episode 193 completed with reward 4156.97 in 1000 steps
[2025-03-24 17:38:16,704][__main__][INFO] - EnvName: HCv5, Steps: 194k, Episodes: 194, Episode Reward: 4458
[2025-03-24 17:38:16,704][__main__][INFO] - Episode 194 completed with reward 4192.28 in 1000 steps
[2025-03-24 17:38:46,009][__main__][INFO] - EnvName: HCv5, Steps: 195k, Episodes: 195, Episode Reward: 4417
[2025-03-24 17:38:46,010][__main__][INFO] - Episode 195 completed with reward 4324.96 in 1000 steps
[2025-03-24 17:39:15,556][__main__][INFO] - EnvName: HCv5, Steps: 196k, Episodes: 196, Episode Reward: 4492
[2025-03-24 17:39:15,556][__main__][INFO] - Episode 196 completed with reward 4247.33 in 1000 steps
[2025-03-24 17:39:42,308][__main__][INFO] - EnvName: HCv5, Steps: 197k, Episodes: 197, Episode Reward: 4458
[2025-03-24 17:39:42,309][__main__][INFO] - Episode 197 completed with reward 4206.43 in 1000 steps
[2025-03-24 17:40:12,366][__main__][INFO] - EnvName: HCv5, Steps: 198k, Episodes: 198, Episode Reward: 4531
[2025-03-24 17:40:12,367][__main__][INFO] - Episode 198 completed with reward 4066.78 in 1000 steps
[2025-03-24 17:40:41,904][__main__][INFO] - EnvName: HCv5, Steps: 199k, Episodes: 199, Episode Reward: 4494
[2025-03-24 17:40:41,904][__main__][INFO] - Episode 199 completed with reward 4219.72 in 1000 steps
[2025-03-24 17:41:10,035][__main__][INFO] - EnvName: HCv5, Steps: 200k, Episodes: 200, Episode Reward: 4559
[2025-03-24 17:41:10,040][__main__][INFO] - Episode 200 completed with reward 4290.57 in 1000 steps
[2025-03-24 17:41:38,996][__main__][INFO] - EnvName: HCv5, Steps: 201k, Episodes: 201, Episode Reward: 4575
[2025-03-24 17:41:38,997][__main__][INFO] - Episode 201 completed with reward 4304.75 in 1000 steps
[2025-03-24 17:42:07,362][__main__][INFO] - EnvName: HCv5, Steps: 202k, Episodes: 202, Episode Reward: 4574
[2025-03-24 17:42:07,363][__main__][INFO] - Episode 202 completed with reward 4456.66 in 1000 steps
[2025-03-24 17:42:38,164][__main__][INFO] - EnvName: HCv5, Steps: 203k, Episodes: 203, Episode Reward: 4603
[2025-03-24 17:42:38,165][__main__][INFO] - Episode 203 completed with reward 4450.16 in 1000 steps
[2025-03-24 17:43:08,643][__main__][INFO] - EnvName: HCv5, Steps: 204k, Episodes: 204, Episode Reward: 4530
[2025-03-24 17:43:08,644][__main__][INFO] - Episode 204 completed with reward 4320.54 in 1000 steps
[2025-03-24 17:43:38,701][__main__][INFO] - EnvName: HCv5, Steps: 205k, Episodes: 205, Episode Reward: 4525
[2025-03-24 17:43:38,701][__main__][INFO] - Episode 205 completed with reward 4265.05 in 1000 steps
[2025-03-24 17:44:09,329][__main__][INFO] - EnvName: HCv5, Steps: 206k, Episodes: 206, Episode Reward: 4571
[2025-03-24 17:44:09,329][__main__][INFO] - Episode 206 completed with reward 4359.47 in 1000 steps
[2025-03-24 17:44:37,749][__main__][INFO] - EnvName: HCv5, Steps: 207k, Episodes: 207, Episode Reward: 4588
[2025-03-24 17:44:37,749][__main__][INFO] - Episode 207 completed with reward 4515.55 in 1000 steps
[2025-03-24 17:45:07,320][__main__][INFO] - EnvName: HCv5, Steps: 208k, Episodes: 208, Episode Reward: 4544
[2025-03-24 17:45:07,320][__main__][INFO] - Episode 208 completed with reward 4543.23 in 1000 steps
[2025-03-24 17:45:35,716][__main__][INFO] - EnvName: HCv5, Steps: 209k, Episodes: 209, Episode Reward: 4620
[2025-03-24 17:45:35,717][__main__][INFO] - Episode 209 completed with reward 4214.83 in 1000 steps
[2025-03-24 17:46:05,506][__main__][INFO] - EnvName: HCv5, Steps: 210k, Episodes: 210, Episode Reward: 4634
[2025-03-24 17:46:05,510][__main__][INFO] - Episode 210 completed with reward 4323.47 in 1000 steps
[2025-03-24 17:46:35,913][__main__][INFO] - EnvName: HCv5, Steps: 211k, Episodes: 211, Episode Reward: 4617
[2025-03-24 17:46:35,914][__main__][INFO] - Episode 211 completed with reward 4249.20 in 1000 steps
[2025-03-24 17:47:03,418][__main__][INFO] - EnvName: HCv5, Steps: 212k, Episodes: 212, Episode Reward: 4599
[2025-03-24 17:47:03,419][__main__][INFO] - Episode 212 completed with reward 4436.94 in 1000 steps
[2025-03-24 17:47:33,605][__main__][INFO] - EnvName: HCv5, Steps: 213k, Episodes: 213, Episode Reward: 4587
[2025-03-24 17:47:33,606][__main__][INFO] - Episode 213 completed with reward 4387.79 in 1000 steps
[2025-03-24 17:48:02,886][__main__][INFO] - EnvName: HCv5, Steps: 214k, Episodes: 214, Episode Reward: 4630
[2025-03-24 17:48:02,887][__main__][INFO] - Episode 214 completed with reward 4405.79 in 1000 steps
[2025-03-24 17:48:31,742][__main__][INFO] - EnvName: HCv5, Steps: 215k, Episodes: 215, Episode Reward: 4644
[2025-03-24 17:48:31,743][__main__][INFO] - Episode 215 completed with reward 4378.73 in 1000 steps
[2025-03-24 17:49:00,400][__main__][INFO] - EnvName: HCv5, Steps: 216k, Episodes: 216, Episode Reward: 4654
[2025-03-24 17:49:00,400][__main__][INFO] - Episode 216 completed with reward 4413.84 in 1000 steps
[2025-03-24 17:49:29,941][__main__][INFO] - EnvName: HCv5, Steps: 217k, Episodes: 217, Episode Reward: 4699
[2025-03-24 17:49:29,941][__main__][INFO] - Episode 217 completed with reward 4272.96 in 1000 steps
[2025-03-24 17:49:59,919][__main__][INFO] - EnvName: HCv5, Steps: 218k, Episodes: 218, Episode Reward: 4691
[2025-03-24 17:49:59,920][__main__][INFO] - Episode 218 completed with reward 4301.97 in 1000 steps
[2025-03-24 17:50:29,486][__main__][INFO] - EnvName: HCv5, Steps: 219k, Episodes: 219, Episode Reward: 4689
[2025-03-24 17:50:29,487][__main__][INFO] - Episode 219 completed with reward 4473.17 in 1000 steps
[2025-03-24 17:50:59,811][__main__][INFO] - EnvName: HCv5, Steps: 220k, Episodes: 220, Episode Reward: 4801
[2025-03-24 17:50:59,815][__main__][INFO] - Episode 220 completed with reward 4569.43 in 1000 steps
[2025-03-24 17:51:29,184][__main__][INFO] - EnvName: HCv5, Steps: 221k, Episodes: 221, Episode Reward: 4629
[2025-03-24 17:51:29,185][__main__][INFO] - Episode 221 completed with reward 4470.60 in 1000 steps
[2025-03-24 17:51:58,747][__main__][INFO] - EnvName: HCv5, Steps: 222k, Episodes: 222, Episode Reward: 4647
[2025-03-24 17:51:58,747][__main__][INFO] - Episode 222 completed with reward 4533.31 in 1000 steps
[2025-03-24 17:52:29,518][__main__][INFO] - EnvName: HCv5, Steps: 223k, Episodes: 223, Episode Reward: 4657
[2025-03-24 17:52:29,518][__main__][INFO] - Episode 223 completed with reward 4510.56 in 1000 steps
[2025-03-24 17:52:59,708][__main__][INFO] - EnvName: HCv5, Steps: 224k, Episodes: 224, Episode Reward: 4742
[2025-03-24 17:52:59,709][__main__][INFO] - Episode 224 completed with reward 4502.63 in 1000 steps
[2025-03-24 17:53:27,863][__main__][INFO] - EnvName: HCv5, Steps: 225k, Episodes: 225, Episode Reward: 4722
[2025-03-24 17:53:27,863][__main__][INFO] - Episode 225 completed with reward 4709.77 in 1000 steps
[2025-03-24 17:53:57,438][__main__][INFO] - EnvName: HCv5, Steps: 226k, Episodes: 226, Episode Reward: 4770
[2025-03-24 17:53:57,438][__main__][INFO] - Episode 226 completed with reward 4546.25 in 1000 steps
[2025-03-24 17:54:26,696][__main__][INFO] - EnvName: HCv5, Steps: 227k, Episodes: 227, Episode Reward: 4728
[2025-03-24 17:54:26,697][__main__][INFO] - Episode 227 completed with reward 4391.79 in 1000 steps
[2025-03-24 17:54:56,080][__main__][INFO] - EnvName: HCv5, Steps: 228k, Episodes: 228, Episode Reward: 4725
[2025-03-24 17:54:56,081][__main__][INFO] - Episode 228 completed with reward 4574.12 in 1000 steps
[2025-03-24 17:55:26,516][__main__][INFO] - EnvName: HCv5, Steps: 229k, Episodes: 229, Episode Reward: 4776
[2025-03-24 17:55:26,516][__main__][INFO] - Episode 229 completed with reward 4576.12 in 1000 steps
[2025-03-24 17:55:55,533][__main__][INFO] - EnvName: HCv5, Steps: 230k, Episodes: 230, Episode Reward: 4820
[2025-03-24 17:55:55,538][__main__][INFO] - Episode 230 completed with reward 4510.41 in 1000 steps
[2025-03-24 17:56:24,231][__main__][INFO] - EnvName: HCv5, Steps: 231k, Episodes: 231, Episode Reward: 4768
[2025-03-24 17:56:24,232][__main__][INFO] - Episode 231 completed with reward 4531.73 in 1000 steps
[2025-03-24 17:56:53,099][__main__][INFO] - EnvName: HCv5, Steps: 232k, Episodes: 232, Episode Reward: 4875
[2025-03-24 17:56:53,099][__main__][INFO] - Episode 232 completed with reward 4613.60 in 1000 steps
[2025-03-24 17:57:21,484][__main__][INFO] - EnvName: HCv5, Steps: 233k, Episodes: 233, Episode Reward: 4862
[2025-03-24 17:57:21,485][__main__][INFO] - Episode 233 completed with reward 4544.57 in 1000 steps
[2025-03-24 17:57:50,602][__main__][INFO] - EnvName: HCv5, Steps: 234k, Episodes: 234, Episode Reward: 4901
[2025-03-24 17:57:50,602][__main__][INFO] - Episode 234 completed with reward 4471.95 in 1000 steps
[2025-03-24 17:58:20,072][__main__][INFO] - EnvName: HCv5, Steps: 235k, Episodes: 235, Episode Reward: 4982
[2025-03-24 17:58:20,072][__main__][INFO] - Episode 235 completed with reward 4650.39 in 1000 steps
[2025-03-24 17:58:49,640][__main__][INFO] - EnvName: HCv5, Steps: 236k, Episodes: 236, Episode Reward: 4887
[2025-03-24 17:58:49,640][__main__][INFO] - Episode 236 completed with reward 4663.44 in 1000 steps
[2025-03-24 17:59:18,854][__main__][INFO] - EnvName: HCv5, Steps: 237k, Episodes: 237, Episode Reward: 4842
[2025-03-24 17:59:18,855][__main__][INFO] - Episode 237 completed with reward 4646.65 in 1000 steps
[2025-03-24 17:59:44,210][__main__][INFO] - EnvName: HCv5, Steps: 238k, Episodes: 238, Episode Reward: 4828
[2025-03-24 17:59:44,210][__main__][INFO] - Episode 238 completed with reward 4464.84 in 1000 steps
[2025-03-24 18:00:07,415][__main__][INFO] - EnvName: HCv5, Steps: 239k, Episodes: 239, Episode Reward: 4835
[2025-03-24 18:00:07,415][__main__][INFO] - Episode 239 completed with reward 4545.61 in 1000 steps
[2025-03-24 18:00:30,223][__main__][INFO] - EnvName: HCv5, Steps: 240k, Episodes: 240, Episode Reward: 4918
[2025-03-24 18:00:30,227][__main__][INFO] - Episode 240 completed with reward 4753.65 in 1000 steps
[2025-03-24 18:00:55,055][__main__][INFO] - EnvName: HCv5, Steps: 241k, Episodes: 241, Episode Reward: 4755
[2025-03-24 18:00:55,055][__main__][INFO] - Episode 241 completed with reward 4699.22 in 1000 steps
[2025-03-24 18:01:18,561][__main__][INFO] - EnvName: HCv5, Steps: 242k, Episodes: 242, Episode Reward: 4903
[2025-03-24 18:01:18,561][__main__][INFO] - Episode 242 completed with reward 4690.65 in 1000 steps
[2025-03-24 18:01:42,430][__main__][INFO] - EnvName: HCv5, Steps: 243k, Episodes: 243, Episode Reward: 4938
[2025-03-24 18:01:42,430][__main__][INFO] - Episode 243 completed with reward 4613.92 in 1000 steps
[2025-03-24 18:02:05,201][__main__][INFO] - EnvName: HCv5, Steps: 244k, Episodes: 244, Episode Reward: 4759
[2025-03-24 18:02:05,202][__main__][INFO] - Episode 244 completed with reward 4744.25 in 1000 steps
[2025-03-24 18:02:27,426][__main__][INFO] - EnvName: HCv5, Steps: 245k, Episodes: 245, Episode Reward: 4807
[2025-03-24 18:02:27,427][__main__][INFO] - Episode 245 completed with reward 4688.83 in 1000 steps
[2025-03-24 18:02:50,426][__main__][INFO] - EnvName: HCv5, Steps: 246k, Episodes: 246, Episode Reward: 4822
[2025-03-24 18:02:50,427][__main__][INFO] - Episode 246 completed with reward 4528.65 in 1000 steps
[2025-03-24 18:03:14,255][__main__][INFO] - EnvName: HCv5, Steps: 247k, Episodes: 247, Episode Reward: 4821
[2025-03-24 18:03:14,256][__main__][INFO] - Episode 247 completed with reward 4718.50 in 1000 steps
[2025-03-24 18:03:38,231][__main__][INFO] - EnvName: HCv5, Steps: 248k, Episodes: 248, Episode Reward: 4868
[2025-03-24 18:03:38,232][__main__][INFO] - Episode 248 completed with reward 4621.44 in 1000 steps
[2025-03-24 18:04:01,045][__main__][INFO] - EnvName: HCv5, Steps: 249k, Episodes: 249, Episode Reward: 4941
[2025-03-24 18:04:01,046][__main__][INFO] - Episode 249 completed with reward 4610.65 in 1000 steps
[2025-03-24 18:04:24,784][__main__][INFO] - EnvName: HCv5, Steps: 250k, Episodes: 250, Episode Reward: 4909
[2025-03-24 18:04:24,790][__main__][INFO] - Episode 250 completed with reward 4745.56 in 1000 steps
[2025-03-24 18:04:48,369][__main__][INFO] - EnvName: HCv5, Steps: 251k, Episodes: 251, Episode Reward: 4909
[2025-03-24 18:04:48,370][__main__][INFO] - Episode 251 completed with reward 4577.97 in 1000 steps
[2025-03-24 18:05:11,745][__main__][INFO] - EnvName: HCv5, Steps: 252k, Episodes: 252, Episode Reward: 4945
[2025-03-24 18:05:11,745][__main__][INFO] - Episode 252 completed with reward 4693.40 in 1000 steps
[2025-03-24 18:05:36,723][__main__][INFO] - EnvName: HCv5, Steps: 253k, Episodes: 253, Episode Reward: 4846
[2025-03-24 18:05:36,724][__main__][INFO] - Episode 253 completed with reward 4700.47 in 1000 steps
[2025-03-24 18:06:00,614][__main__][INFO] - EnvName: HCv5, Steps: 254k, Episodes: 254, Episode Reward: 4880
[2025-03-24 18:06:00,614][__main__][INFO] - Episode 254 completed with reward 4727.92 in 1000 steps
[2025-03-24 18:06:25,261][__main__][INFO] - EnvName: HCv5, Steps: 255k, Episodes: 255, Episode Reward: 4851
[2025-03-24 18:06:25,262][__main__][INFO] - Episode 255 completed with reward 4664.97 in 1000 steps
[2025-03-24 18:06:47,056][__main__][INFO] - EnvName: HCv5, Steps: 256k, Episodes: 256, Episode Reward: 4865
[2025-03-24 18:06:47,056][__main__][INFO] - Episode 256 completed with reward 4884.92 in 1000 steps
[2025-03-24 18:07:09,589][__main__][INFO] - EnvName: HCv5, Steps: 257k, Episodes: 257, Episode Reward: 4941
[2025-03-24 18:07:09,590][__main__][INFO] - Episode 257 completed with reward 4720.65 in 1000 steps
[2025-03-24 18:07:32,163][__main__][INFO] - EnvName: HCv5, Steps: 258k, Episodes: 258, Episode Reward: 4965
[2025-03-24 18:07:32,164][__main__][INFO] - Episode 258 completed with reward 4804.69 in 1000 steps
[2025-03-24 18:07:56,014][__main__][INFO] - EnvName: HCv5, Steps: 259k, Episodes: 259, Episode Reward: 4932
[2025-03-24 18:07:56,015][__main__][INFO] - Episode 259 completed with reward 4679.02 in 1000 steps
[2025-03-24 18:08:19,366][__main__][INFO] - EnvName: HCv5, Steps: 260k, Episodes: 260, Episode Reward: 4906
[2025-03-24 18:08:19,371][__main__][INFO] - Episode 260 completed with reward 4599.32 in 1000 steps
[2025-03-24 18:08:42,413][__main__][INFO] - EnvName: HCv5, Steps: 261k, Episodes: 261, Episode Reward: 4918
[2025-03-24 18:08:42,414][__main__][INFO] - Episode 261 completed with reward 4688.79 in 1000 steps
[2025-03-24 18:09:05,153][__main__][INFO] - EnvName: HCv5, Steps: 262k, Episodes: 262, Episode Reward: 4939
[2025-03-24 18:09:05,154][__main__][INFO] - Episode 262 completed with reward 4648.58 in 1000 steps
[2025-03-24 18:09:28,450][__main__][INFO] - EnvName: HCv5, Steps: 263k, Episodes: 263, Episode Reward: 4944
[2025-03-24 18:09:28,451][__main__][INFO] - Episode 263 completed with reward 4637.06 in 1000 steps
[2025-03-24 18:09:53,898][__main__][INFO] - EnvName: HCv5, Steps: 264k, Episodes: 264, Episode Reward: 4893
[2025-03-24 18:09:53,899][__main__][INFO] - Episode 264 completed with reward 4841.16 in 1000 steps
[2025-03-24 18:10:16,607][__main__][INFO] - EnvName: HCv5, Steps: 265k, Episodes: 265, Episode Reward: 4938
[2025-03-24 18:10:16,608][__main__][INFO] - Episode 265 completed with reward 4886.69 in 1000 steps
[2025-03-24 18:10:38,659][__main__][INFO] - EnvName: HCv5, Steps: 266k, Episodes: 266, Episode Reward: 4867
[2025-03-24 18:10:38,660][__main__][INFO] - Episode 266 completed with reward 4724.03 in 1000 steps
[2025-03-24 18:11:01,128][__main__][INFO] - EnvName: HCv5, Steps: 267k, Episodes: 267, Episode Reward: 5025
[2025-03-24 18:11:01,128][__main__][INFO] - Episode 267 completed with reward 4525.86 in 1000 steps
[2025-03-24 18:11:25,362][__main__][INFO] - EnvName: HCv5, Steps: 268k, Episodes: 268, Episode Reward: 4875
[2025-03-24 18:11:25,362][__main__][INFO] - Episode 268 completed with reward 4797.26 in 1000 steps
[2025-03-24 18:11:48,261][__main__][INFO] - EnvName: HCv5, Steps: 269k, Episodes: 269, Episode Reward: 4968
[2025-03-24 18:11:48,262][__main__][INFO] - Episode 269 completed with reward 4707.00 in 1000 steps
[2025-03-24 18:12:11,498][__main__][INFO] - EnvName: HCv5, Steps: 270k, Episodes: 270, Episode Reward: 5022
[2025-03-24 18:12:11,502][__main__][INFO] - Episode 270 completed with reward 4899.63 in 1000 steps
[2025-03-24 18:12:34,943][__main__][INFO] - EnvName: HCv5, Steps: 271k, Episodes: 271, Episode Reward: 4976
[2025-03-24 18:12:34,944][__main__][INFO] - Episode 271 completed with reward 4665.35 in 1000 steps
[2025-03-24 18:12:58,910][__main__][INFO] - EnvName: HCv5, Steps: 272k, Episodes: 272, Episode Reward: 4939
[2025-03-24 18:12:58,911][__main__][INFO] - Episode 272 completed with reward 4583.74 in 1000 steps
[2025-03-24 18:13:23,345][__main__][INFO] - EnvName: HCv5, Steps: 273k, Episodes: 273, Episode Reward: 5023
[2025-03-24 18:13:23,346][__main__][INFO] - Episode 273 completed with reward 4910.82 in 1000 steps
[2025-03-24 18:13:49,679][__main__][INFO] - EnvName: HCv5, Steps: 274k, Episodes: 274, Episode Reward: 4879
[2025-03-24 18:13:49,680][__main__][INFO] - Episode 274 completed with reward 5026.46 in 1000 steps
[2025-03-24 18:14:12,841][__main__][INFO] - EnvName: HCv5, Steps: 275k, Episodes: 275, Episode Reward: 4935
[2025-03-24 18:14:12,842][__main__][INFO] - Episode 275 completed with reward 4824.09 in 1000 steps
[2025-03-24 18:14:34,377][__main__][INFO] - EnvName: HCv5, Steps: 276k, Episodes: 276, Episode Reward: 4956
[2025-03-24 18:14:34,377][__main__][INFO] - Episode 276 completed with reward 4793.71 in 1000 steps
[2025-03-24 18:14:59,059][__main__][INFO] - EnvName: HCv5, Steps: 277k, Episodes: 277, Episode Reward: 4920
[2025-03-24 18:14:59,059][__main__][INFO] - Episode 277 completed with reward 4755.01 in 1000 steps
[2025-03-24 18:15:24,095][__main__][INFO] - EnvName: HCv5, Steps: 278k, Episodes: 278, Episode Reward: 5013
[2025-03-24 18:15:24,095][__main__][INFO] - Episode 278 completed with reward 4971.13 in 1000 steps
[2025-03-24 18:15:47,387][__main__][INFO] - EnvName: HCv5, Steps: 279k, Episodes: 279, Episode Reward: 5013
[2025-03-24 18:15:47,388][__main__][INFO] - Episode 279 completed with reward 4848.33 in 1000 steps
[2025-03-24 18:16:09,806][__main__][INFO] - EnvName: HCv5, Steps: 280k, Episodes: 280, Episode Reward: 5092
[2025-03-24 18:16:09,810][__main__][INFO] - Episode 280 completed with reward 4918.71 in 1000 steps
[2025-03-24 18:16:32,584][__main__][INFO] - EnvName: HCv5, Steps: 281k, Episodes: 281, Episode Reward: 5083
[2025-03-24 18:16:32,585][__main__][INFO] - Episode 281 completed with reward 4659.56 in 1000 steps
[2025-03-24 18:16:54,576][__main__][INFO] - EnvName: HCv5, Steps: 282k, Episodes: 282, Episode Reward: 5058
[2025-03-24 18:16:54,576][__main__][INFO] - Episode 282 completed with reward 4735.04 in 1000 steps
[2025-03-24 18:17:17,843][__main__][INFO] - EnvName: HCv5, Steps: 283k, Episodes: 283, Episode Reward: 5045
[2025-03-24 18:17:17,843][__main__][INFO] - Episode 283 completed with reward 4900.38 in 1000 steps
[2025-03-24 18:17:41,381][__main__][INFO] - EnvName: HCv5, Steps: 284k, Episodes: 284, Episode Reward: 5061
[2025-03-24 18:17:41,382][__main__][INFO] - Episode 284 completed with reward 4864.78 in 1000 steps
[2025-03-24 18:18:03,398][__main__][INFO] - EnvName: HCv5, Steps: 285k, Episodes: 285, Episode Reward: 5109
[2025-03-24 18:18:03,399][__main__][INFO] - Episode 285 completed with reward 4922.63 in 1000 steps
[2025-03-24 18:18:25,041][__main__][INFO] - EnvName: HCv5, Steps: 286k, Episodes: 286, Episode Reward: 5008
[2025-03-24 18:18:25,042][__main__][INFO] - Episode 286 completed with reward 4882.43 in 1000 steps
[2025-03-24 18:18:48,793][__main__][INFO] - EnvName: HCv5, Steps: 287k, Episodes: 287, Episode Reward: 5270
[2025-03-24 18:18:48,793][__main__][INFO] - Episode 287 completed with reward 4909.35 in 1000 steps
[2025-03-24 18:19:13,202][__main__][INFO] - EnvName: HCv5, Steps: 288k, Episodes: 288, Episode Reward: 5156
[2025-03-24 18:19:13,202][__main__][INFO] - Episode 288 completed with reward 5056.01 in 1000 steps
[2025-03-24 18:19:38,064][__main__][INFO] - EnvName: HCv5, Steps: 289k, Episodes: 289, Episode Reward: 5056
[2025-03-24 18:19:38,064][__main__][INFO] - Episode 289 completed with reward 4879.19 in 1000 steps
[2025-03-24 18:20:01,459][__main__][INFO] - EnvName: HCv5, Steps: 290k, Episodes: 290, Episode Reward: 5118
[2025-03-24 18:20:01,464][__main__][INFO] - Episode 290 completed with reward 4872.27 in 1000 steps
[2025-03-24 18:20:24,924][__main__][INFO] - EnvName: HCv5, Steps: 291k, Episodes: 291, Episode Reward: 5148
[2025-03-24 18:20:24,924][__main__][INFO] - Episode 291 completed with reward 4872.54 in 1000 steps
[2025-03-24 18:20:48,011][__main__][INFO] - EnvName: HCv5, Steps: 292k, Episodes: 292, Episode Reward: 5290
[2025-03-24 18:20:48,012][__main__][INFO] - Episode 292 completed with reward 4958.25 in 1000 steps
[2025-03-24 18:21:11,215][__main__][INFO] - EnvName: HCv5, Steps: 293k, Episodes: 293, Episode Reward: 5263
[2025-03-24 18:21:11,216][__main__][INFO] - Episode 293 completed with reward 4870.28 in 1000 steps
[2025-03-24 18:21:33,377][__main__][INFO] - EnvName: HCv5, Steps: 294k, Episodes: 294, Episode Reward: 5160
[2025-03-24 18:21:33,378][__main__][INFO] - Episode 294 completed with reward 4862.50 in 1000 steps
[2025-03-24 18:21:56,405][__main__][INFO] - EnvName: HCv5, Steps: 295k, Episodes: 295, Episode Reward: 5168
[2025-03-24 18:21:56,405][__main__][INFO] - Episode 295 completed with reward 4946.30 in 1000 steps
[2025-03-24 18:22:19,264][__main__][INFO] - EnvName: HCv5, Steps: 296k, Episodes: 296, Episode Reward: 5219
[2025-03-24 18:22:19,265][__main__][INFO] - Episode 296 completed with reward 5032.11 in 1000 steps
[2025-03-24 18:22:42,522][__main__][INFO] - EnvName: HCv5, Steps: 297k, Episodes: 297, Episode Reward: 5169
[2025-03-24 18:22:42,523][__main__][INFO] - Episode 297 completed with reward 5054.67 in 1000 steps
[2025-03-24 18:23:05,816][__main__][INFO] - EnvName: HCv5, Steps: 298k, Episodes: 298, Episode Reward: 5165
[2025-03-24 18:23:05,817][__main__][INFO] - Episode 298 completed with reward 4926.16 in 1000 steps
[2025-03-24 18:23:27,683][__main__][INFO] - EnvName: HCv5, Steps: 299k, Episodes: 299, Episode Reward: 5225
[2025-03-24 18:23:27,684][__main__][INFO] - Episode 299 completed with reward 4795.76 in 1000 steps
[2025-03-24 18:23:49,016][__main__][INFO] - EnvName: HCv5, Steps: 300k, Episodes: 300, Episode Reward: 5225
[2025-03-24 18:23:49,021][__main__][INFO] - Episode 300 completed with reward 4898.82 in 1000 steps
[2025-03-24 18:24:12,583][__main__][INFO] - EnvName: HCv5, Steps: 301k, Episodes: 301, Episode Reward: 5260
[2025-03-24 18:24:12,583][__main__][INFO] - Episode 301 completed with reward 4872.59 in 1000 steps
[2025-03-24 18:24:34,692][__main__][INFO] - EnvName: HCv5, Steps: 302k, Episodes: 302, Episode Reward: 5178
[2025-03-24 18:24:34,692][__main__][INFO] - Episode 302 completed with reward 5109.96 in 1000 steps
[2025-03-24 18:24:57,691][__main__][INFO] - EnvName: HCv5, Steps: 303k, Episodes: 303, Episode Reward: 5140
[2025-03-24 18:24:57,692][__main__][INFO] - Episode 303 completed with reward 4972.22 in 1000 steps
[2025-03-24 18:25:22,495][__main__][INFO] - EnvName: HCv5, Steps: 304k, Episodes: 304, Episode Reward: 5204
[2025-03-24 18:25:22,496][__main__][INFO] - Episode 304 completed with reward 4975.16 in 1000 steps
[2025-03-24 18:25:46,760][__main__][INFO] - EnvName: HCv5, Steps: 305k, Episodes: 305, Episode Reward: 5186
[2025-03-24 18:25:46,760][__main__][INFO] - Episode 305 completed with reward 5060.91 in 1000 steps
[2025-03-24 18:26:10,894][__main__][INFO] - EnvName: HCv5, Steps: 306k, Episodes: 306, Episode Reward: 5173
[2025-03-24 18:26:10,895][__main__][INFO] - Episode 306 completed with reward 5011.67 in 1000 steps
[2025-03-24 18:26:34,003][__main__][INFO] - EnvName: HCv5, Steps: 307k, Episodes: 307, Episode Reward: 5166
[2025-03-24 18:26:34,004][__main__][INFO] - Episode 307 completed with reward 5017.74 in 1000 steps
[2025-03-24 18:26:56,694][__main__][INFO] - EnvName: HCv5, Steps: 308k, Episodes: 308, Episode Reward: 5258
[2025-03-24 18:26:56,695][__main__][INFO] - Episode 308 completed with reward 5162.10 in 1000 steps
[2025-03-24 18:27:20,775][__main__][INFO] - EnvName: HCv5, Steps: 309k, Episodes: 309, Episode Reward: 5198
[2025-03-24 18:27:20,775][__main__][INFO] - Episode 309 completed with reward 5065.59 in 1000 steps
[2025-03-24 18:27:44,343][__main__][INFO] - EnvName: HCv5, Steps: 310k, Episodes: 310, Episode Reward: 5254
[2025-03-24 18:27:44,348][__main__][INFO] - Episode 310 completed with reward 5075.65 in 1000 steps
[2025-03-24 18:28:07,033][__main__][INFO] - EnvName: HCv5, Steps: 311k, Episodes: 311, Episode Reward: 5208
[2025-03-24 18:28:07,033][__main__][INFO] - Episode 311 completed with reward 5101.69 in 1000 steps
[2025-03-24 18:28:30,455][__main__][INFO] - EnvName: HCv5, Steps: 312k, Episodes: 312, Episode Reward: 5252
[2025-03-24 18:28:30,455][__main__][INFO] - Episode 312 completed with reward 5149.90 in 1000 steps
[2025-03-24 18:28:53,884][__main__][INFO] - EnvName: HCv5, Steps: 313k, Episodes: 313, Episode Reward: 5319
[2025-03-24 18:28:53,885][__main__][INFO] - Episode 313 completed with reward 4942.21 in 1000 steps
[2025-03-24 18:29:18,509][__main__][INFO] - EnvName: HCv5, Steps: 314k, Episodes: 314, Episode Reward: 5315
[2025-03-24 18:29:18,510][__main__][INFO] - Episode 314 completed with reward 5061.11 in 1000 steps
[2025-03-24 18:29:42,502][__main__][INFO] - EnvName: HCv5, Steps: 315k, Episodes: 315, Episode Reward: 5324
[2025-03-24 18:29:42,503][__main__][INFO] - Episode 315 completed with reward 5003.13 in 1000 steps
[2025-03-24 18:30:06,788][__main__][INFO] - EnvName: HCv5, Steps: 316k, Episodes: 316, Episode Reward: 5346
[2025-03-24 18:30:06,789][__main__][INFO] - Episode 316 completed with reward 5127.70 in 1000 steps
[2025-03-24 18:30:30,751][__main__][INFO] - EnvName: HCv5, Steps: 317k, Episodes: 317, Episode Reward: 5336
[2025-03-24 18:30:30,752][__main__][INFO] - Episode 317 completed with reward 5145.83 in 1000 steps
[2025-03-24 18:30:55,177][__main__][INFO] - EnvName: HCv5, Steps: 318k, Episodes: 318, Episode Reward: 5391
[2025-03-24 18:30:55,178][__main__][INFO] - Episode 318 completed with reward 5078.44 in 1000 steps
[2025-03-24 18:31:18,950][__main__][INFO] - EnvName: HCv5, Steps: 319k, Episodes: 319, Episode Reward: 5405
[2025-03-24 18:31:18,950][__main__][INFO] - Episode 319 completed with reward 5106.27 in 1000 steps
[2025-03-24 18:31:43,447][__main__][INFO] - EnvName: HCv5, Steps: 320k, Episodes: 320, Episode Reward: 5336
[2025-03-24 18:31:43,451][__main__][INFO] - Episode 320 completed with reward 5153.05 in 1000 steps
[2025-03-24 18:32:05,963][__main__][INFO] - EnvName: HCv5, Steps: 321k, Episodes: 321, Episode Reward: 5351
[2025-03-24 18:32:05,963][__main__][INFO] - Episode 321 completed with reward 5252.08 in 1000 steps
[2025-03-24 18:32:28,875][__main__][INFO] - EnvName: HCv5, Steps: 322k, Episodes: 322, Episode Reward: 5365
[2025-03-24 18:32:28,876][__main__][INFO] - Episode 322 completed with reward 5174.43 in 1000 steps
[2025-03-24 18:32:52,182][__main__][INFO] - EnvName: HCv5, Steps: 323k, Episodes: 323, Episode Reward: 5363
[2025-03-24 18:32:52,183][__main__][INFO] - Episode 323 completed with reward 5192.14 in 1000 steps
[2025-03-24 18:33:15,356][__main__][INFO] - EnvName: HCv5, Steps: 324k, Episodes: 324, Episode Reward: 5392
[2025-03-24 18:33:15,357][__main__][INFO] - Episode 324 completed with reward 5112.30 in 1000 steps
[2025-03-24 18:33:39,662][__main__][INFO] - EnvName: HCv5, Steps: 325k, Episodes: 325, Episode Reward: 5335
[2025-03-24 18:33:39,663][__main__][INFO] - Episode 325 completed with reward 5128.58 in 1000 steps
[2025-03-24 18:34:02,954][__main__][INFO] - EnvName: HCv5, Steps: 326k, Episodes: 326, Episode Reward: 5505
[2025-03-24 18:34:02,954][__main__][INFO] - Episode 326 completed with reward 5317.98 in 1000 steps
[2025-03-24 18:34:26,189][__main__][INFO] - EnvName: HCv5, Steps: 327k, Episodes: 327, Episode Reward: 5431
[2025-03-24 18:34:26,190][__main__][INFO] - Episode 327 completed with reward 5209.72 in 1000 steps
[2025-03-24 18:34:49,412][__main__][INFO] - EnvName: HCv5, Steps: 328k, Episodes: 328, Episode Reward: 5380
[2025-03-24 18:34:49,413][__main__][INFO] - Episode 328 completed with reward 5038.36 in 1000 steps
[2025-03-24 18:35:13,420][__main__][INFO] - EnvName: HCv5, Steps: 329k, Episodes: 329, Episode Reward: 5450
[2025-03-24 18:35:13,420][__main__][INFO] - Episode 329 completed with reward 5098.43 in 1000 steps
[2025-03-24 18:35:37,070][__main__][INFO] - EnvName: HCv5, Steps: 330k, Episodes: 330, Episode Reward: 5376
[2025-03-24 18:35:37,075][__main__][INFO] - Episode 330 completed with reward 5067.83 in 1000 steps
[2025-03-24 18:36:02,062][__main__][INFO] - EnvName: HCv5, Steps: 331k, Episodes: 331, Episode Reward: 5532
[2025-03-24 18:36:02,062][__main__][INFO] - Episode 331 completed with reward 5141.67 in 1000 steps
[2025-03-24 18:36:25,967][__main__][INFO] - EnvName: HCv5, Steps: 332k, Episodes: 332, Episode Reward: 5481
[2025-03-24 18:36:25,968][__main__][INFO] - Episode 332 completed with reward 5443.50 in 1000 steps
[2025-03-24 18:36:48,393][__main__][INFO] - EnvName: HCv5, Steps: 333k, Episodes: 333, Episode Reward: 5454
[2025-03-24 18:36:48,394][__main__][INFO] - Episode 333 completed with reward 5092.41 in 1000 steps
[2025-03-24 18:37:11,880][__main__][INFO] - EnvName: HCv5, Steps: 334k, Episodes: 334, Episode Reward: 5452
[2025-03-24 18:37:11,880][__main__][INFO] - Episode 334 completed with reward 5108.38 in 1000 steps
[2025-03-24 18:37:35,340][__main__][INFO] - EnvName: HCv5, Steps: 335k, Episodes: 335, Episode Reward: 5437
[2025-03-24 18:37:35,341][__main__][INFO] - Episode 335 completed with reward 5270.76 in 1000 steps
[2025-03-24 18:38:00,062][__main__][INFO] - EnvName: HCv5, Steps: 336k, Episodes: 336, Episode Reward: 5480
[2025-03-24 18:38:00,063][__main__][INFO] - Episode 336 completed with reward 5184.80 in 1000 steps
[2025-03-24 18:38:26,230][__main__][INFO] - EnvName: HCv5, Steps: 337k, Episodes: 337, Episode Reward: 5539
[2025-03-24 18:38:26,230][__main__][INFO] - Episode 337 completed with reward 5180.67 in 1000 steps
[2025-03-24 18:38:51,972][__main__][INFO] - EnvName: HCv5, Steps: 338k, Episodes: 338, Episode Reward: 5484
[2025-03-24 18:38:51,973][__main__][INFO] - Episode 338 completed with reward 5046.65 in 1000 steps
[2025-03-24 18:39:17,456][__main__][INFO] - EnvName: HCv5, Steps: 339k, Episodes: 339, Episode Reward: 5528
[2025-03-24 18:39:17,456][__main__][INFO] - Episode 339 completed with reward 5228.95 in 1000 steps
[2025-03-24 18:39:41,534][__main__][INFO] - EnvName: HCv5, Steps: 340k, Episodes: 340, Episode Reward: 5489
[2025-03-24 18:39:41,538][__main__][INFO] - Episode 340 completed with reward 5133.40 in 1000 steps
[2025-03-24 18:40:06,337][__main__][INFO] - EnvName: HCv5, Steps: 341k, Episodes: 341, Episode Reward: 5483
[2025-03-24 18:40:06,338][__main__][INFO] - Episode 341 completed with reward 5194.90 in 1000 steps
[2025-03-24 18:40:30,086][__main__][INFO] - EnvName: HCv5, Steps: 342k, Episodes: 342, Episode Reward: 5666
[2025-03-24 18:40:30,086][__main__][INFO] - Episode 342 completed with reward 5222.09 in 1000 steps
[2025-03-24 18:40:53,894][__main__][INFO] - EnvName: HCv5, Steps: 343k, Episodes: 343, Episode Reward: 5497
[2025-03-24 18:40:53,894][__main__][INFO] - Episode 343 completed with reward 5258.03 in 1000 steps
[2025-03-24 18:41:16,983][__main__][INFO] - EnvName: HCv5, Steps: 344k, Episodes: 344, Episode Reward: 5563
[2025-03-24 18:41:16,983][__main__][INFO] - Episode 344 completed with reward 5417.54 in 1000 steps
[2025-03-24 18:41:41,412][__main__][INFO] - EnvName: HCv5, Steps: 345k, Episodes: 345, Episode Reward: 5714
[2025-03-24 18:41:41,413][__main__][INFO] - Episode 345 completed with reward 5373.93 in 1000 steps
[2025-03-24 18:42:05,239][__main__][INFO] - EnvName: HCv5, Steps: 346k, Episodes: 346, Episode Reward: 5626
[2025-03-24 18:42:05,240][__main__][INFO] - Episode 346 completed with reward 5369.29 in 1000 steps
[2025-03-24 18:42:29,232][__main__][INFO] - EnvName: HCv5, Steps: 347k, Episodes: 347, Episode Reward: 5711
[2025-03-24 18:42:29,233][__main__][INFO] - Episode 347 completed with reward 5371.61 in 1000 steps
[2025-03-24 18:42:53,212][__main__][INFO] - EnvName: HCv5, Steps: 348k, Episodes: 348, Episode Reward: 5536
[2025-03-24 18:42:53,212][__main__][INFO] - Episode 348 completed with reward 5202.94 in 1000 steps
[2025-03-24 18:43:15,513][__main__][INFO] - EnvName: HCv5, Steps: 349k, Episodes: 349, Episode Reward: 5606
[2025-03-24 18:43:15,514][__main__][INFO] - Episode 349 completed with reward 5195.20 in 1000 steps
[2025-03-24 18:43:38,944][__main__][INFO] - EnvName: HCv5, Steps: 350k, Episodes: 350, Episode Reward: 5664
[2025-03-24 18:43:38,949][__main__][INFO] - Episode 350 completed with reward 5311.90 in 1000 steps
[2025-03-24 18:44:02,640][__main__][INFO] - EnvName: HCv5, Steps: 351k, Episodes: 351, Episode Reward: 5697
[2025-03-24 18:44:02,641][__main__][INFO] - Episode 351 completed with reward 5444.10 in 1000 steps
[2025-03-24 18:44:25,116][__main__][INFO] - EnvName: HCv5, Steps: 352k, Episodes: 352, Episode Reward: 5744
[2025-03-24 18:44:25,117][__main__][INFO] - Episode 352 completed with reward 5312.52 in 1000 steps
[2025-03-24 18:44:49,295][__main__][INFO] - EnvName: HCv5, Steps: 353k, Episodes: 353, Episode Reward: 5768
[2025-03-24 18:44:49,296][__main__][INFO] - Episode 353 completed with reward 5516.27 in 1000 steps
[2025-03-24 18:45:14,489][__main__][INFO] - EnvName: HCv5, Steps: 354k, Episodes: 354, Episode Reward: 5620
[2025-03-24 18:45:14,490][__main__][INFO] - Episode 354 completed with reward 5510.13 in 1000 steps
[2025-03-24 18:45:40,193][__main__][INFO] - EnvName: HCv5, Steps: 355k, Episodes: 355, Episode Reward: 5623
[2025-03-24 18:45:40,193][__main__][INFO] - Episode 355 completed with reward 5430.73 in 1000 steps
[2025-03-24 18:46:06,227][__main__][INFO] - EnvName: HCv5, Steps: 356k, Episodes: 356, Episode Reward: 5671
[2025-03-24 18:46:06,228][__main__][INFO] - Episode 356 completed with reward 5365.39 in 1000 steps
[2025-03-24 18:46:28,036][__main__][INFO] - EnvName: HCv5, Steps: 357k, Episodes: 357, Episode Reward: 5673
[2025-03-24 18:46:28,037][__main__][INFO] - Episode 357 completed with reward 5526.24 in 1000 steps
[2025-03-24 18:46:50,876][__main__][INFO] - EnvName: HCv5, Steps: 358k, Episodes: 358, Episode Reward: 5645
[2025-03-24 18:46:50,876][__main__][INFO] - Episode 358 completed with reward 5486.24 in 1000 steps
[2025-03-24 18:47:15,273][__main__][INFO] - EnvName: HCv5, Steps: 359k, Episodes: 359, Episode Reward: 5774
[2025-03-24 18:47:15,273][__main__][INFO] - Episode 359 completed with reward 5338.83 in 1000 steps
[2025-03-24 18:47:39,241][__main__][INFO] - EnvName: HCv5, Steps: 360k, Episodes: 360, Episode Reward: 5710
[2025-03-24 18:47:39,246][__main__][INFO] - Episode 360 completed with reward 5473.20 in 1000 steps
[2025-03-24 18:48:03,798][__main__][INFO] - EnvName: HCv5, Steps: 361k, Episodes: 361, Episode Reward: 5730
[2025-03-24 18:48:03,798][__main__][INFO] - Episode 361 completed with reward 5376.77 in 1000 steps
[2025-03-24 18:48:27,557][__main__][INFO] - EnvName: HCv5, Steps: 362k, Episodes: 362, Episode Reward: 5557
[2025-03-24 18:48:27,558][__main__][INFO] - Episode 362 completed with reward 5430.52 in 1000 steps
[2025-03-24 18:48:52,114][__main__][INFO] - EnvName: HCv5, Steps: 363k, Episodes: 363, Episode Reward: 5651
[2025-03-24 18:48:52,114][__main__][INFO] - Episode 363 completed with reward 5561.17 in 1000 steps
[2025-03-24 18:49:14,064][__main__][INFO] - EnvName: HCv5, Steps: 364k, Episodes: 364, Episode Reward: 5700
[2025-03-24 18:49:14,065][__main__][INFO] - Episode 364 completed with reward 5502.37 in 1000 steps
[2025-03-24 18:49:37,690][__main__][INFO] - EnvName: HCv5, Steps: 365k, Episodes: 365, Episode Reward: 5615
[2025-03-24 18:49:37,691][__main__][INFO] - Episode 365 completed with reward 5380.23 in 1000 steps
[2025-03-24 18:50:00,866][__main__][INFO] - EnvName: HCv5, Steps: 366k, Episodes: 366, Episode Reward: 5724
[2025-03-24 18:50:00,867][__main__][INFO] - Episode 366 completed with reward 5432.29 in 1000 steps
[2025-03-24 18:50:25,830][__main__][INFO] - EnvName: HCv5, Steps: 367k, Episodes: 367, Episode Reward: 5709
[2025-03-24 18:50:25,830][__main__][INFO] - Episode 367 completed with reward 5509.30 in 1000 steps
[2025-03-24 18:50:49,600][__main__][INFO] - EnvName: HCv5, Steps: 368k, Episodes: 368, Episode Reward: 5708
[2025-03-24 18:50:49,601][__main__][INFO] - Episode 368 completed with reward 5444.36 in 1000 steps
[2025-03-24 18:51:13,107][__main__][INFO] - EnvName: HCv5, Steps: 369k, Episodes: 369, Episode Reward: 5822
[2025-03-24 18:51:13,108][__main__][INFO] - Episode 369 completed with reward 5634.65 in 1000 steps
[2025-03-24 18:51:36,724][__main__][INFO] - EnvName: HCv5, Steps: 370k, Episodes: 370, Episode Reward: 5749
[2025-03-24 18:51:36,729][__main__][INFO] - Episode 370 completed with reward 5582.22 in 1000 steps
[2025-03-24 18:51:59,768][__main__][INFO] - EnvName: HCv5, Steps: 371k, Episodes: 371, Episode Reward: 5714
[2025-03-24 18:51:59,769][__main__][INFO] - Episode 371 completed with reward 5559.21 in 1000 steps
[2025-03-24 18:52:22,702][__main__][INFO] - EnvName: HCv5, Steps: 372k, Episodes: 372, Episode Reward: 5754
[2025-03-24 18:52:22,703][__main__][INFO] - Episode 372 completed with reward 5381.74 in 1000 steps
[2025-03-24 18:52:46,843][__main__][INFO] - EnvName: HCv5, Steps: 373k, Episodes: 373, Episode Reward: 5848
[2025-03-24 18:52:46,843][__main__][INFO] - Episode 373 completed with reward 5601.26 in 1000 steps
[2025-03-24 18:53:10,029][__main__][INFO] - EnvName: HCv5, Steps: 374k, Episodes: 374, Episode Reward: 5904
[2025-03-24 18:53:10,030][__main__][INFO] - Episode 374 completed with reward 5609.35 in 1000 steps
[2025-03-24 18:53:32,655][__main__][INFO] - EnvName: HCv5, Steps: 375k, Episodes: 375, Episode Reward: 5823
[2025-03-24 18:53:32,655][__main__][INFO] - Episode 375 completed with reward 5584.40 in 1000 steps
[2025-03-24 18:53:57,481][__main__][INFO] - EnvName: HCv5, Steps: 376k, Episodes: 376, Episode Reward: 5748
[2025-03-24 18:53:57,481][__main__][INFO] - Episode 376 completed with reward 5644.48 in 1000 steps
[2025-03-24 18:54:21,123][__main__][INFO] - EnvName: HCv5, Steps: 377k, Episodes: 377, Episode Reward: 5658
[2025-03-24 18:54:21,124][__main__][INFO] - Episode 377 completed with reward 5606.92 in 1000 steps
[2025-03-24 18:54:44,006][__main__][INFO] - EnvName: HCv5, Steps: 378k, Episodes: 378, Episode Reward: 5843
[2025-03-24 18:54:44,007][__main__][INFO] - Episode 378 completed with reward 5672.49 in 1000 steps
[2025-03-24 18:55:07,898][__main__][INFO] - EnvName: HCv5, Steps: 379k, Episodes: 379, Episode Reward: 5785
[2025-03-24 18:55:07,898][__main__][INFO] - Episode 379 completed with reward 5471.57 in 1000 steps
[2025-03-24 18:55:30,756][__main__][INFO] - EnvName: HCv5, Steps: 380k, Episodes: 380, Episode Reward: 5805
[2025-03-24 18:55:30,761][__main__][INFO] - Episode 380 completed with reward 5643.20 in 1000 steps
[2025-03-24 18:55:54,576][__main__][INFO] - EnvName: HCv5, Steps: 381k, Episodes: 381, Episode Reward: 5710
[2025-03-24 18:55:54,576][__main__][INFO] - Episode 381 completed with reward 5696.95 in 1000 steps
[2025-03-24 18:56:16,617][__main__][INFO] - EnvName: HCv5, Steps: 382k, Episodes: 382, Episode Reward: 5814
[2025-03-24 18:56:16,618][__main__][INFO] - Episode 382 completed with reward 5761.56 in 1000 steps
[2025-03-24 18:56:40,496][__main__][INFO] - EnvName: HCv5, Steps: 383k, Episodes: 383, Episode Reward: 5832
[2025-03-24 18:56:40,496][__main__][INFO] - Episode 383 completed with reward 5658.72 in 1000 steps
[2025-03-24 18:57:04,470][__main__][INFO] - EnvName: HCv5, Steps: 384k, Episodes: 384, Episode Reward: 5913
[2025-03-24 18:57:04,470][__main__][INFO] - Episode 384 completed with reward 5525.66 in 1000 steps
[2025-03-24 18:57:28,964][__main__][INFO] - EnvName: HCv5, Steps: 385k, Episodes: 385, Episode Reward: 5862
[2025-03-24 18:57:28,964][__main__][INFO] - Episode 385 completed with reward 5703.82 in 1000 steps
[2025-03-24 18:57:53,029][__main__][INFO] - EnvName: HCv5, Steps: 386k, Episodes: 386, Episode Reward: 5822
[2025-03-24 18:57:53,030][__main__][INFO] - Episode 386 completed with reward 5687.90 in 1000 steps
[2025-03-24 18:58:16,822][__main__][INFO] - EnvName: HCv5, Steps: 387k, Episodes: 387, Episode Reward: 5679
[2025-03-24 18:58:16,822][__main__][INFO] - Episode 387 completed with reward 5686.47 in 1000 steps
[2025-03-24 18:58:41,541][__main__][INFO] - EnvName: HCv5, Steps: 388k, Episodes: 388, Episode Reward: 5955
[2025-03-24 18:58:41,541][__main__][INFO] - Episode 388 completed with reward 5634.68 in 1000 steps
[2025-03-24 18:59:05,191][__main__][INFO] - EnvName: HCv5, Steps: 389k, Episodes: 389, Episode Reward: 6027
[2025-03-24 18:59:05,192][__main__][INFO] - Episode 389 completed with reward 5625.61 in 1000 steps
[2025-03-24 18:59:28,288][__main__][INFO] - EnvName: HCv5, Steps: 390k, Episodes: 390, Episode Reward: 5843
[2025-03-24 18:59:28,292][__main__][INFO] - Episode 390 completed with reward 5692.29 in 1000 steps
[2025-03-24 18:59:52,330][__main__][INFO] - EnvName: HCv5, Steps: 391k, Episodes: 391, Episode Reward: 5967
[2025-03-24 18:59:52,331][__main__][INFO] - Episode 391 completed with reward 5590.60 in 1000 steps
[2025-03-24 19:00:16,771][__main__][INFO] - EnvName: HCv5, Steps: 392k, Episodes: 392, Episode Reward: 5851
[2025-03-24 19:00:16,772][__main__][INFO] - Episode 392 completed with reward 5782.60 in 1000 steps
[2025-03-24 19:00:40,063][__main__][INFO] - EnvName: HCv5, Steps: 393k, Episodes: 393, Episode Reward: 5817
[2025-03-24 19:00:40,064][__main__][INFO] - Episode 393 completed with reward 5812.95 in 1000 steps
[2025-03-24 19:01:04,086][__main__][INFO] - EnvName: HCv5, Steps: 394k, Episodes: 394, Episode Reward: 5897
[2025-03-24 19:01:04,087][__main__][INFO] - Episode 394 completed with reward 6046.48 in 1000 steps
[2025-03-24 19:01:29,391][__main__][INFO] - EnvName: HCv5, Steps: 395k, Episodes: 395, Episode Reward: 5971
[2025-03-24 19:01:29,391][__main__][INFO] - Episode 395 completed with reward 5822.38 in 1000 steps
[2025-03-24 19:01:53,532][__main__][INFO] - EnvName: HCv5, Steps: 396k, Episodes: 396, Episode Reward: 5979
[2025-03-24 19:01:53,533][__main__][INFO] - Episode 396 completed with reward 5843.45 in 1000 steps
[2025-03-24 19:02:16,119][__main__][INFO] - EnvName: HCv5, Steps: 397k, Episodes: 397, Episode Reward: 6212
[2025-03-24 19:02:16,120][__main__][INFO] - Episode 397 completed with reward 5841.16 in 1000 steps
[2025-03-24 19:02:38,947][__main__][INFO] - EnvName: HCv5, Steps: 398k, Episodes: 398, Episode Reward: 6004
[2025-03-24 19:02:38,947][__main__][INFO] - Episode 398 completed with reward 5779.84 in 1000 steps
[2025-03-24 19:03:01,888][__main__][INFO] - EnvName: HCv5, Steps: 399k, Episodes: 399, Episode Reward: 5911
[2025-03-24 19:03:01,888][__main__][INFO] - Episode 399 completed with reward 5964.05 in 1000 steps
[2025-03-24 19:03:25,815][__main__][INFO] - EnvName: HCv5, Steps: 400k, Episodes: 400, Episode Reward: 5987
[2025-03-24 19:03:25,820][__main__][INFO] - Episode 400 completed with reward 5886.19 in 1000 steps
[2025-03-24 19:03:25,820][__main__][INFO] - Training completed. Evaluating across 20 episodes
[2025-03-24 19:03:36,695][__main__][INFO] - Final evaluation - Mean: 6041.90, Std: 137.92
[2025-03-24 19:03:36,695][__main__][INFO] - 90th percentile: 6218.90, 10th percentile: 5886.80
[2025-03-24 19:03:36,700][__main__][INFO] - Final model saved to models/SAC_model/HCv5
