[2025-04-14 23:27:07,734][__main__][INFO] - System information:
[2025-04-14 23:27:07,734][__main__][INFO] -   Platform: Linux-6.11.0-21-generic-x86_64-with-glibc2.39
[2025-04-14 23:27:07,734][__main__][INFO] -   Python: 3.12.2
[2025-04-14 23:27:07,734][__main__][INFO] -   PyTorch: 2.5.1
[2025-04-14 23:27:07,734][__main__][INFO] -   CUDA Available: True
[2025-04-14 23:27:07,734][__main__][INFO] -   CUDA Version: 12.4
[2025-04-14 23:27:07,734][__main__][INFO] -   GPU: NVIDIA GeForce GTX 1080 Ti
[2025-04-14 23:27:07,740][__main__][INFO] - Env: Pendulum-v1  state_dim: 3  action_dim: 1  max_a: 2.0  min_a: -2.0  max_e_steps: 200
[2025-04-14 23:27:07,741][__main__][INFO] - Random Seed: 42
[2025-04-14 23:27:07,742][__main__][INFO] - Models will be saved to models/SAC_model/PV1
[2025-04-14 23:27:35,170][__main__][INFO] - EnvName: PV1, Steps: 1k, Episode Reward: -1612
[2025-04-14 23:27:59,281][__main__][INFO] - EnvName: PV1, Steps: 2k, Episode Reward: -916
[2025-04-14 23:28:25,271][__main__][INFO] - EnvName: PV1, Steps: 3k, Episode Reward: -199
[2025-04-14 23:28:50,359][__main__][INFO] - EnvName: PV1, Steps: 4k, Episode Reward: -171
[2025-04-14 23:29:15,100][__main__][INFO] - EnvName: PV1, Steps: 5k, Episode Reward: -180
[2025-04-14 23:29:40,574][__main__][INFO] - EnvName: PV1, Steps: 6k, Episode Reward: -179
[2025-04-14 23:30:04,669][__main__][INFO] - EnvName: PV1, Steps: 7k, Episode Reward: -120
[2025-04-14 23:30:28,989][__main__][INFO] - EnvName: PV1, Steps: 8k, Episode Reward: -179
[2025-04-14 23:30:54,199][__main__][INFO] - EnvName: PV1, Steps: 9k, Episode Reward: -107
[2025-04-14 23:31:17,753][__main__][INFO] - EnvName: PV1, Steps: 10k, Episode Reward: -153
[2025-04-14 23:31:43,918][__main__][INFO] - EnvName: PV1, Steps: 11k, Episode Reward: -187
[2025-04-14 23:32:07,819][__main__][INFO] - EnvName: PV1, Steps: 12k, Episode Reward: -186
[2025-04-14 23:32:33,711][__main__][INFO] - EnvName: PV1, Steps: 13k, Episode Reward: -168
[2025-04-14 23:32:58,609][__main__][INFO] - EnvName: PV1, Steps: 14k, Episode Reward: -159
[2025-04-14 23:33:23,376][__main__][INFO] - EnvName: PV1, Steps: 15k, Episode Reward: -128
[2025-04-14 23:33:49,627][__main__][INFO] - EnvName: PV1, Steps: 16k, Episode Reward: -143
[2025-04-14 23:34:14,010][__main__][INFO] - EnvName: PV1, Steps: 17k, Episode Reward: -109
[2025-04-14 23:34:40,069][__main__][INFO] - EnvName: PV1, Steps: 18k, Episode Reward: -191
[2025-04-14 23:35:05,681][__main__][INFO] - EnvName: PV1, Steps: 19k, Episode Reward: -179
[2025-04-14 23:35:31,252][__main__][INFO] - EnvName: PV1, Steps: 20k, Episode Reward: -167
[2025-04-14 23:35:31,257][__main__][INFO] - Training completed. Evaluating across 20 episodes
[2025-04-14 23:35:33,421][__main__][INFO] - Final evaluation - Mean: -169.25, Std: 82.74
[2025-04-14 23:35:33,422][__main__][INFO] - 90th percentile: -117.80, 10th percentile: -254.10
[2025-04-14 23:35:33,426][__main__][INFO] - Final model saved to models/SAC_model/PV1
