[2025-04-17 22:36:28,465][__main__][INFO] - Configuration:
device: cuda
mode: offline
write: false
debug_print: false
render: false
load_model: false
load_path: None
eval_model: false
save_model: true
data_path: /home/mx/DRAC/dataset/CPV0/TD3/no_noise/eps0.5
epsilon: 0.1
seed: 42
max_train_steps: 20000
save_interval: 10000
eval_interval: 1000
update_every: 10
explore_episode: 50
gamma: 0.99
tau: 0.005
net_arch:
- 256
- 256
net_layer: 1
n_critic: 2
a_lr: 0.005
c_lr: 5.0e-05
b_lr: 5.0e-05
g_lr: 0.0005
r_lr: 0.0005
l2_reg: 0
batch_size: 256
alpha: 0.12
adaptive_alpha: true
reward_adapt: true
robust: true
robust_optimizer: functional
noise: false
type: gaussian
adv: false
spread: 0.0
scale: 1.0
delta: 0.5
env_name: ContinuousCartPole
env_index: 1
env_mods:
  use_mods: false
  observation_noise:
    enabled: false
    type: gaussian
    level: 0.1
    frequency: 1.0
  action_perturb:
    enabled: false
    type: noise
    probability: 0.1
    level: 0.1
  reward_shift:
    enabled: false
    type: scale
    param: 0.9
    noise_level: 0.1
  transition_perturb:
    enabled: false
    type: teleport
    probability: 0.05
    level: 0.1
  param_shift:
    enabled: false
    train_apply: false
    eval_apply: true
    g_factor: 1.0
    m_factor: 1.0
    l_factor: 1.0
    len_factor: 1.0
    force_mag_factor: 1.0
    gravity_factor: 1.0
    wind_power: 0.0
    turbulence_power: 0.0
    engine_factor: 1.0
  custom:
    enabled: false
    spread: 0.0
    type: gaussian
    adv: false
  eval:
    use_modified: true
    scale_noise: false
    noise_scale_factor: 2.0
    include_action_perturb: true
    include_reward_shift: true
    include_transition_perturb: true

[2025-04-17 22:36:28,511][__main__][INFO] - System information:
[2025-04-17 22:36:28,511][__main__][INFO] -   Platform: Linux-6.11.0-21-generic-x86_64-with-glibc2.39
[2025-04-17 22:36:28,511][__main__][INFO] -   Python: 3.12.2
[2025-04-17 22:36:28,511][__main__][INFO] -   PyTorch: 2.5.1
[2025-04-17 22:36:28,512][__main__][INFO] -   CUDA Available: True
[2025-04-17 22:36:28,512][__main__][INFO] -   CUDA Version: 12.4
[2025-04-17 22:36:28,512][__main__][INFO] -   GPU: NVIDIA GeForce GTX 1080 Ti
[2025-04-17 22:36:28,518][__main__][INFO] - Env: ContinuousCartPole-v0  state_dim: 4  action_dim: 1  max_a: 1.0  min_a: -1.0  max_e_steps: 500
[2025-04-17 22:36:28,519][__main__][INFO] - Random Seed: 42
[2025-04-17 22:36:28,519][__main__][INFO] - Models will be saved to models/SAC_model/CPV0
[2025-04-17 22:37:10,262][__main__][INFO] - EnvName: CPV0, Steps: 1k, Episode Reward: 6
[2025-04-17 22:37:51,165][__main__][INFO] - EnvName: CPV0, Steps: 2k, Episode Reward: 6
[2025-04-17 22:38:32,164][__main__][INFO] - EnvName: CPV0, Steps: 3k, Episode Reward: 63
[2025-04-17 22:39:13,562][__main__][INFO] - EnvName: CPV0, Steps: 4k, Episode Reward: 143
[2025-04-17 22:39:55,007][__main__][INFO] - EnvName: CPV0, Steps: 5k, Episode Reward: 132
[2025-04-17 22:40:36,579][__main__][INFO] - EnvName: CPV0, Steps: 6k, Episode Reward: 139
[2025-04-17 22:41:17,905][__main__][INFO] - EnvName: CPV0, Steps: 7k, Episode Reward: 142
[2025-04-17 22:41:59,726][__main__][INFO] - EnvName: CPV0, Steps: 8k, Episode Reward: 163
[2025-04-17 22:42:41,450][__main__][INFO] - EnvName: CPV0, Steps: 9k, Episode Reward: 149
[2025-04-17 22:43:22,568][__main__][INFO] - EnvName: CPV0, Steps: 10k, Episode Reward: 132
[2025-04-17 22:44:03,622][__main__][INFO] - EnvName: CPV0, Steps: 11k, Episode Reward: 140
[2025-04-17 22:44:45,172][__main__][INFO] - EnvName: CPV0, Steps: 12k, Episode Reward: 142
[2025-04-17 22:45:27,222][__main__][INFO] - EnvName: CPV0, Steps: 13k, Episode Reward: 201
[2025-04-17 22:46:08,826][__main__][INFO] - EnvName: CPV0, Steps: 14k, Episode Reward: 222
[2025-04-17 22:46:50,048][__main__][INFO] - EnvName: CPV0, Steps: 15k, Episode Reward: 145
[2025-04-17 22:47:30,932][__main__][INFO] - EnvName: CPV0, Steps: 16k, Episode Reward: 146
[2025-04-17 22:48:12,623][__main__][INFO] - EnvName: CPV0, Steps: 17k, Episode Reward: 275
[2025-04-17 22:48:55,582][__main__][INFO] - EnvName: CPV0, Steps: 18k, Episode Reward: 500
[2025-04-17 22:49:39,782][__main__][INFO] - EnvName: CPV0, Steps: 19k, Episode Reward: 500
[2025-04-17 22:50:27,351][__main__][INFO] - EnvName: CPV0, Steps: 20k, Episode Reward: 500
[2025-04-17 22:50:27,355][__main__][INFO] - Training completed. Evaluating across 20 episodes
[2025-04-17 22:50:32,818][__main__][INFO] - Final evaluation - Mean: 500.00, Std: 0.00
[2025-04-17 22:50:32,819][__main__][INFO] - 90th percentile: 500.00, 10th percentile: 500.00
[2025-04-17 22:50:32,824][__main__][INFO] - Final model saved to models/SAC_model/CPV0
