[2025-04-18 17:59:02,606][__main__][INFO] - System information:
[2025-04-18 17:59:02,606][__main__][INFO] -   Platform: Linux-6.11.0-21-generic-x86_64-with-glibc2.39
[2025-04-18 17:59:02,606][__main__][INFO] -   Python: 3.12.2
[2025-04-18 17:59:02,606][__main__][INFO] -   PyTorch: 2.5.1
[2025-04-18 17:59:02,606][__main__][INFO] -   CUDA Available: True
[2025-04-18 17:59:02,606][__main__][INFO] -   CUDA Version: 12.4
[2025-04-18 17:59:02,606][__main__][INFO] -   GPU: NVIDIA GeForce GTX 1080 Ti
[2025-04-18 17:59:02,615][__main__][INFO] - Env: ContinuousCartPole-v0  state_dim: 4  action_dim: 1  max_a: 1.0  min_a: -1.0  max_e_steps: 500
[2025-04-18 17:59:02,616][__main__][INFO] - Random Seed: 42
[2025-04-18 17:59:02,616][__main__][INFO] - Models will be saved to models/SAC_model/CPV0
[2025-04-18 17:59:51,558][__main__][INFO] - EnvName: CPV0, Steps: 1k, Episode Reward: 6
[2025-04-18 18:00:38,658][__main__][INFO] - EnvName: CPV0, Steps: 2k, Episode Reward: 20
[2025-04-18 18:01:24,636][__main__][INFO] - EnvName: CPV0, Steps: 3k, Episode Reward: 55
[2025-04-18 18:02:10,248][__main__][INFO] - EnvName: CPV0, Steps: 4k, Episode Reward: 212
[2025-04-18 18:02:57,275][__main__][INFO] - EnvName: CPV0, Steps: 5k, Episode Reward: 290
[2025-04-18 18:03:43,903][__main__][INFO] - EnvName: CPV0, Steps: 6k, Episode Reward: 335
[2025-04-18 18:04:33,184][__main__][INFO] - EnvName: CPV0, Steps: 7k, Episode Reward: 377
[2025-04-18 18:05:23,005][__main__][INFO] - EnvName: CPV0, Steps: 8k, Episode Reward: 403
[2025-04-18 18:06:12,589][__main__][INFO] - EnvName: CPV0, Steps: 9k, Episode Reward: 443
[2025-04-18 18:07:00,089][__main__][INFO] - EnvName: CPV0, Steps: 10k, Episode Reward: 309
[2025-04-18 18:07:45,523][__main__][INFO] - EnvName: CPV0, Steps: 11k, Episode Reward: 434
[2025-04-18 18:08:33,057][__main__][INFO] - EnvName: CPV0, Steps: 12k, Episode Reward: 453
[2025-04-18 18:09:20,551][__main__][INFO] - EnvName: CPV0, Steps: 13k, Episode Reward: 296
[2025-04-18 18:10:08,197][__main__][INFO] - EnvName: CPV0, Steps: 14k, Episode Reward: 407
[2025-04-18 18:10:56,157][__main__][INFO] - EnvName: CPV0, Steps: 15k, Episode Reward: 431
[2025-04-18 18:11:43,683][__main__][INFO] - EnvName: CPV0, Steps: 16k, Episode Reward: 388
[2025-04-18 18:12:32,870][__main__][INFO] - EnvName: CPV0, Steps: 17k, Episode Reward: 500
[2025-04-18 18:13:22,532][__main__][INFO] - EnvName: CPV0, Steps: 18k, Episode Reward: 500
[2025-04-18 18:14:12,618][__main__][INFO] - EnvName: CPV0, Steps: 19k, Episode Reward: 485
[2025-04-18 18:15:01,276][__main__][INFO] - EnvName: CPV0, Steps: 20k, Episode Reward: 500
[2025-04-18 18:15:01,281][__main__][INFO] - Training completed. Evaluating across 20 episodes
[2025-04-18 18:15:06,671][__main__][INFO] - Final evaluation - Mean: 500.00, Std: 0.00
[2025-04-18 18:15:06,672][__main__][INFO] - 90th percentile: 500.00, 10th percentile: 500.00
[2025-04-18 18:15:06,677][__main__][INFO] - Final model saved to models/SAC_model/CPV0
