[2025-04-05 15:01:16,572][__main__][INFO] - Configuration:
device: cuda
mode: offline
write: false
debug_print: false
render: false
load_model: false
load_path: None
eval_model: false
save_model: true
data_path: /home/mx/DRAC/dataset/CPV0/no_noise_eps0.5
epsilon: 0.1
seed: 42
max_train_steps: 20000
save_interval: 10000
eval_interval: 1000
update_every: 10
explore_episode: 50
gamma: 0.99
tau: 0.005
net_arch:
- 256
- 256
net_layer: 1
a_lr: 0.005
c_lr: 5.0e-05
b_lr: 5.0e-05
g_lr: 0.0005
r_lr: 0.0005
l2_reg: 0
batch_size: 256
alpha: 0.12
adaptive_alpha: true
reward_adapt: true
robust: true
robust_optimizer: functional
noise: false
type: gaussian
adv: false
spread: 0.0
scale: 1.0
delta: 0.75
env_name: ContinuousCartPole
env_index: 1
env_mods:
  use_mods: false
  observation_noise:
    enabled: false
    type: gaussian
    level: 0.1
    frequency: 1.0
  action_perturb:
    enabled: false
    type: noise
    probability: 0.1
    level: 0.1
  reward_shift:
    enabled: false
    type: scale
    param: 0.9
    noise_level: 0.1
  transition_perturb:
    enabled: false
    type: teleport
    probability: 0.05
    level: 0.1
  param_shift:
    enabled: false
    train_apply: false
    eval_apply: true
    g_factor: 1.0
    m_factor: 1.0
    l_factor: 1.0
    len_factor: 1.0
    force_mag_factor: 1.0
    gravity_factor: 1.0
    wind_power: 0.0
    turbulence_power: 0.0
  custom:
    enabled: false
    spread: 0.0
    type: gaussian
    adv: false
  eval:
    use_modified: true
    scale_noise: false
    noise_scale_factor: 2.0
    include_action_perturb: true
    include_reward_shift: true
    include_transition_perturb: true

[2025-04-05 15:01:16,614][__main__][INFO] - System information:
[2025-04-05 15:01:16,615][__main__][INFO] -   Platform: Linux-6.11.0-21-generic-x86_64-with-glibc2.39
[2025-04-05 15:01:16,615][__main__][INFO] -   Python: 3.12.2
[2025-04-05 15:01:16,615][__main__][INFO] -   PyTorch: 2.5.1
[2025-04-05 15:01:16,615][__main__][INFO] -   CUDA Available: True
[2025-04-05 15:01:16,615][__main__][INFO] -   CUDA Version: 12.4
[2025-04-05 15:01:16,615][__main__][INFO] -   GPU: NVIDIA GeForce GTX 1080 Ti
[2025-04-05 15:01:16,622][__main__][INFO] - Env: ContinuousCartPole-v0  state_dim: 4  action_dim: 1  max_a: 1.0  min_a: -1.0  max_e_steps: 500
[2025-04-05 15:01:16,623][__main__][INFO] - Random Seed: 42
[2025-04-05 15:01:16,624][__main__][INFO] - Models will be saved to models/SAC_model/CPV0
[2025-04-05 15:02:02,376][__main__][INFO] - EnvName: CPV0, Steps: 1k, Episode Reward: 6
[2025-04-05 15:02:48,568][__main__][INFO] - EnvName: CPV0, Steps: 2k, Episode Reward: 17
[2025-04-05 15:03:30,831][__main__][INFO] - EnvName: CPV0, Steps: 3k, Episode Reward: 35
[2025-04-05 15:04:18,599][__main__][INFO] - EnvName: CPV0, Steps: 4k, Episode Reward: 54
[2025-04-05 15:05:04,063][__main__][INFO] - EnvName: CPV0, Steps: 5k, Episode Reward: 66
[2025-04-05 15:05:47,906][__main__][INFO] - EnvName: CPV0, Steps: 6k, Episode Reward: 190
[2025-04-05 15:06:34,033][__main__][INFO] - EnvName: CPV0, Steps: 7k, Episode Reward: 446
[2025-04-05 15:07:17,338][__main__][INFO] - EnvName: CPV0, Steps: 8k, Episode Reward: 355
[2025-04-05 15:08:02,973][__main__][INFO] - EnvName: CPV0, Steps: 9k, Episode Reward: 286
[2025-04-05 15:08:48,966][__main__][INFO] - EnvName: CPV0, Steps: 10k, Episode Reward: 500
[2025-04-05 15:09:33,712][__main__][INFO] - EnvName: CPV0, Steps: 11k, Episode Reward: 500
[2025-04-05 15:10:17,408][__main__][INFO] - EnvName: CPV0, Steps: 12k, Episode Reward: 500
[2025-04-05 15:11:04,340][__main__][INFO] - EnvName: CPV0, Steps: 13k, Episode Reward: 500
[2025-04-05 15:11:49,833][__main__][INFO] - EnvName: CPV0, Steps: 14k, Episode Reward: 500
[2025-04-05 15:12:32,093][__main__][INFO] - EnvName: CPV0, Steps: 15k, Episode Reward: 500
[2025-04-05 15:13:16,625][__main__][INFO] - EnvName: CPV0, Steps: 16k, Episode Reward: 500
[2025-04-05 15:14:01,582][__main__][INFO] - EnvName: CPV0, Steps: 17k, Episode Reward: 500
[2025-04-05 15:14:47,924][__main__][INFO] - EnvName: CPV0, Steps: 18k, Episode Reward: 500
[2025-04-05 15:15:33,750][__main__][INFO] - EnvName: CPV0, Steps: 19k, Episode Reward: 500
[2025-04-05 15:16:18,248][__main__][INFO] - EnvName: CPV0, Steps: 20k, Episode Reward: 500
[2025-04-05 15:16:18,253][__main__][INFO] - Training completed. Evaluating across 20 episodes
[2025-04-05 15:16:23,559][__main__][INFO] - Final evaluation - Mean: 500.00, Std: 0.00
[2025-04-05 15:16:23,559][__main__][INFO] - 90th percentile: 500.00, 10th percentile: 500.00
[2025-04-05 15:16:23,564][__main__][INFO] - Final model saved to models/SAC_model/CPV0
