[2025-04-06 14:18:10,230][__main__][INFO] - System information:
[2025-04-06 14:18:10,230][__main__][INFO] -   Platform: Linux-6.11.0-21-generic-x86_64-with-glibc2.39
[2025-04-06 14:18:10,230][__main__][INFO] -   Python: 3.12.2
[2025-04-06 14:18:10,230][__main__][INFO] -   PyTorch: 2.5.1
[2025-04-06 14:18:10,230][__main__][INFO] -   CUDA Available: True
[2025-04-06 14:18:10,230][__main__][INFO] -   CUDA Version: 12.4
[2025-04-06 14:18:10,230][__main__][INFO] -   GPU: NVIDIA GeForce GTX 1080 Ti
[2025-04-06 14:18:10,237][__main__][INFO] - Env: LunarLanderContinuous-v3  state_dim: 8  action_dim: 2  max_a: 1.0  min_a: -1.0  max_e_steps: 1000
[2025-04-06 14:18:10,238][__main__][INFO] - Random Seed: 42
[2025-04-06 14:18:10,238][__main__][INFO] - Models will be saved to models/SAC_model/LLdV3
[2025-04-06 14:19:00,287][__main__][INFO] - EnvName: LLdV3, Steps: 1k, Episode Reward: -911
[2025-04-06 14:19:43,415][__main__][INFO] - EnvName: LLdV3, Steps: 2k, Episode Reward: -680
[2025-04-06 14:20:34,302][__main__][INFO] - EnvName: LLdV3, Steps: 3k, Episode Reward: -522
[2025-04-06 14:21:27,573][__main__][INFO] - EnvName: LLdV3, Steps: 4k, Episode Reward: -360
[2025-04-06 14:22:22,142][__main__][INFO] - EnvName: LLdV3, Steps: 5k, Episode Reward: -66
[2025-04-06 14:23:12,737][__main__][INFO] - EnvName: LLdV3, Steps: 6k, Episode Reward: -92
[2025-04-06 14:24:03,511][__main__][INFO] - EnvName: LLdV3, Steps: 7k, Episode Reward: -46
[2025-04-06 14:24:52,193][__main__][INFO] - EnvName: LLdV3, Steps: 8k, Episode Reward: -78
[2025-04-06 14:25:38,079][__main__][INFO] - EnvName: LLdV3, Steps: 9k, Episode Reward: -53
[2025-04-06 14:26:19,977][__main__][INFO] - EnvName: LLdV3, Steps: 10k, Episode Reward: -79
[2025-04-06 14:27:02,790][__main__][INFO] - EnvName: LLdV3, Steps: 11k, Episode Reward: -161
[2025-04-06 14:27:46,928][__main__][INFO] - EnvName: LLdV3, Steps: 12k, Episode Reward: -137
[2025-04-06 14:28:29,716][__main__][INFO] - EnvName: LLdV3, Steps: 13k, Episode Reward: -181
[2025-04-06 14:29:17,393][__main__][INFO] - EnvName: LLdV3, Steps: 14k, Episode Reward: -105
[2025-04-06 14:30:04,463][__main__][INFO] - EnvName: LLdV3, Steps: 15k, Episode Reward: -94
[2025-04-06 14:30:50,337][__main__][INFO] - EnvName: LLdV3, Steps: 16k, Episode Reward: -149
[2025-04-06 14:31:39,170][__main__][INFO] - EnvName: LLdV3, Steps: 17k, Episode Reward: 10
[2025-04-06 14:32:31,245][__main__][INFO] - EnvName: LLdV3, Steps: 18k, Episode Reward: 183
[2025-04-06 14:33:19,798][__main__][INFO] - EnvName: LLdV3, Steps: 19k, Episode Reward: 141
[2025-04-06 14:34:06,135][__main__][INFO] - EnvName: LLdV3, Steps: 20k, Episode Reward: 141
[2025-04-06 14:34:52,540][__main__][INFO] - EnvName: LLdV3, Steps: 21k, Episode Reward: 181
[2025-04-06 14:35:41,402][__main__][INFO] - EnvName: LLdV3, Steps: 22k, Episode Reward: -14
[2025-04-06 14:36:29,440][__main__][INFO] - EnvName: LLdV3, Steps: 23k, Episode Reward: -65
[2025-04-06 14:37:15,464][__main__][INFO] - EnvName: LLdV3, Steps: 24k, Episode Reward: -110
[2025-04-06 14:38:03,689][__main__][INFO] - EnvName: LLdV3, Steps: 25k, Episode Reward: -13
[2025-04-06 14:38:49,618][__main__][INFO] - EnvName: LLdV3, Steps: 26k, Episode Reward: -151
[2025-04-06 14:39:35,858][__main__][INFO] - EnvName: LLdV3, Steps: 27k, Episode Reward: -179
[2025-04-06 14:40:21,422][__main__][INFO] - EnvName: LLdV3, Steps: 28k, Episode Reward: -106
[2025-04-06 14:41:07,335][__main__][INFO] - EnvName: LLdV3, Steps: 29k, Episode Reward: -133
[2025-04-06 14:41:50,514][__main__][INFO] - EnvName: LLdV3, Steps: 30k, Episode Reward: -97
[2025-04-06 14:42:32,299][__main__][INFO] - EnvName: LLdV3, Steps: 31k, Episode Reward: -67
[2025-04-06 14:43:12,059][__main__][INFO] - EnvName: LLdV3, Steps: 32k, Episode Reward: -64
[2025-04-06 14:43:52,597][__main__][INFO] - EnvName: LLdV3, Steps: 33k, Episode Reward: -71
[2025-04-06 14:44:27,688][__main__][INFO] - EnvName: LLdV3, Steps: 34k, Episode Reward: 9
[2025-04-06 14:45:02,515][__main__][INFO] - EnvName: LLdV3, Steps: 35k, Episode Reward: -28
[2025-04-06 14:45:36,333][__main__][INFO] - EnvName: LLdV3, Steps: 36k, Episode Reward: 87
[2025-04-06 14:46:11,338][__main__][INFO] - EnvName: LLdV3, Steps: 37k, Episode Reward: -49
[2025-04-06 14:46:42,784][__main__][INFO] - EnvName: LLdV3, Steps: 38k, Episode Reward: 204
[2025-04-06 14:47:15,531][__main__][INFO] - EnvName: LLdV3, Steps: 39k, Episode Reward: 31
[2025-04-06 14:47:51,980][__main__][INFO] - EnvName: LLdV3, Steps: 40k, Episode Reward: 110
[2025-04-06 14:48:23,625][__main__][INFO] - EnvName: LLdV3, Steps: 41k, Episode Reward: 195
[2025-04-06 14:48:57,604][__main__][INFO] - EnvName: LLdV3, Steps: 42k, Episode Reward: 263
[2025-04-06 14:49:30,929][__main__][INFO] - EnvName: LLdV3, Steps: 43k, Episode Reward: 176
[2025-04-06 14:50:01,650][__main__][INFO] - EnvName: LLdV3, Steps: 44k, Episode Reward: 192
[2025-04-06 14:50:29,869][__main__][INFO] - EnvName: LLdV3, Steps: 45k, Episode Reward: 255
[2025-04-06 14:50:59,715][__main__][INFO] - EnvName: LLdV3, Steps: 46k, Episode Reward: 256
[2025-04-06 14:51:32,288][__main__][INFO] - EnvName: LLdV3, Steps: 47k, Episode Reward: 238
[2025-04-06 14:52:01,434][__main__][INFO] - EnvName: LLdV3, Steps: 48k, Episode Reward: 248
[2025-04-06 14:52:31,538][__main__][INFO] - EnvName: LLdV3, Steps: 49k, Episode Reward: 235
[2025-04-06 14:53:02,397][__main__][INFO] - EnvName: LLdV3, Steps: 50k, Episode Reward: 185
[2025-04-06 14:53:02,402][__main__][INFO] - Training completed. Evaluating across 20 episodes
[2025-04-06 14:53:07,617][__main__][INFO] - Final evaluation - Mean: 214.15, Std: 96.08
[2025-04-06 14:53:07,617][__main__][INFO] - 90th percentile: 296.70, 10th percentile: 20.80
[2025-04-06 14:53:07,622][__main__][INFO] - Final model saved to models/SAC_model/LLdV3
