[2025-04-09 00:37:24,732][__main__][INFO] - System information:
[2025-04-09 00:37:24,732][__main__][INFO] -   Platform: Linux-6.11.0-21-generic-x86_64-with-glibc2.39
[2025-04-09 00:37:24,732][__main__][INFO] -   Python: 3.12.2
[2025-04-09 00:37:24,732][__main__][INFO] -   PyTorch: 2.5.1
[2025-04-09 00:37:24,732][__main__][INFO] -   CUDA Available: True
[2025-04-09 00:37:24,732][__main__][INFO] -   CUDA Version: 12.4
[2025-04-09 00:37:24,732][__main__][INFO] -   GPU: NVIDIA GeForce GTX 1080 Ti
[2025-04-09 00:37:24,818][__main__][INFO] - Env: HalfCheetah-v5  state_dim: 17  action_dim: 6  max_a: 1.0  min_a: -1.0  max_e_steps: 1000
[2025-04-09 00:37:24,820][__main__][INFO] - Random Seed: 42
[2025-04-09 00:37:24,820][__main__][INFO] - Models will be saved to models/SAC_model/HCv5
[2025-04-09 00:37:25,716][__main__][INFO] - Loading pre-trained model
[2025-04-09 00:38:42,177][__main__][INFO] - Data collected: 100000 in 100 episodes.
[2025-04-09 00:39:58,575][__main__][INFO] - Data collected: 200000 in 200 episodes.
[2025-04-09 00:41:14,667][__main__][INFO] - Data collected: 300000 in 300 episodes.
[2025-04-09 00:42:30,501][__main__][INFO] - Data collected: 400000 in 400 episodes.
[2025-04-09 00:43:46,514][__main__][INFO] - Data collected: 500000 in 500 episodes.
[2025-04-09 00:45:02,433][__main__][INFO] - Data collected: 600000 in 600 episodes.
[2025-04-09 00:46:18,932][__main__][INFO] - Data collected: 700000 in 700 episodes.
[2025-04-09 00:47:34,928][__main__][INFO] - Data collected: 800000 in 800 episodes.
[2025-04-09 00:48:51,044][__main__][INFO] - Data collected: 900000 in 900 episodes.
[2025-04-09 00:50:07,368][__main__][INFO] - Data collected: 1000000 in 1000 episodes.
[2025-04-09 00:50:07,532][__main__][INFO] - Training completed. Evaluating across 20 episodes
[2025-04-09 00:50:18,841][__main__][INFO] - Final evaluation - Mean: 5989.25, Std: 74.35
[2025-04-09 00:50:18,841][__main__][INFO] - 90th percentile: 6109.20, 10th percentile: 5882.80
[2025-04-09 00:50:18,846][__main__][INFO] - Final model saved to models/SAC_model/HCv5
