[2025-04-18 10:54:34,636][__main__][INFO] - Configuration:
device: cuda
mode: generate
model: TD3
write: false
debug_print: false
render: false
load_model: true
load_path: /home/mx/DRAC/pre_train_model/LLDV3/TD3/model.d3
eval_model: false
save_model: true
data_path: None
epsilon: 0.5
seed: 42
max_train_steps: 1000000
save_interval: 10000
eval_interval: 1000
update_every: 50
learning_starts: 10000
gamma: 0.98
tau: 0.005
net_arch:
- 256
- 256
net_layer: 1
a_lr: 0.001
c_lr: 0.001
l2_reg: 0
batch_size: 256
reward_adapt: true
noise: false
type: gaussian
adv: false
spread: 0.0
scale: 1.0
delta: 0.0
env_name: LunarLanderContinuous-v3
env_index: 2
env_mods:
  use_mods: false
  observation_noise:
    enabled: false
    type: gaussian
    level: 0.1
    frequency: 1.0
  action_perturb:
    enabled: false
    type: noise
    probability: 0.1
    level: 0.1
  reward_shift:
    enabled: false
    type: scale
    param: 0.9
    noise_level: 0.1
  transition_perturb:
    enabled: false
    type: teleport
    probability: 0.05
    level: 0.1
  param_shift:
    enabled: false
    train_apply: false
    eval_apply: true
    g_factor: 1.0
    m_factor: 1.0
    l_factor: 1.0
    len_factor: 1.0
    force_mag_factor: 1.0
    gravity_factor: 1.0
    wind_power: 0.0
    turbulence_power: 0.0
    engine_factor: 1.0
  custom:
    enabled: false
    spread: 0.0
    type: gaussian
    adv: false
  eval:
    use_modified: true
    scale_noise: false
    noise_scale_factor: 2.0
    include_action_perturb: true
    include_reward_shift: true
    include_transition_perturb: true

[2025-04-18 10:54:34,717][__main__][INFO] - System information:
[2025-04-18 10:54:34,717][__main__][INFO] -   Platform: Linux-6.11.0-21-generic-x86_64-with-glibc2.10
[2025-04-18 10:54:34,717][__main__][INFO] -   Python: 3.8.19
[2025-04-18 10:54:34,717][__main__][INFO] -   PyTorch: 2.4.1+cu121
[2025-04-18 10:54:34,717][__main__][INFO] -   CUDA Available: True
[2025-04-18 10:54:34,717][__main__][INFO] -   CUDA Version: 12.1
[2025-04-18 10:54:34,717][__main__][INFO] -   GPU: NVIDIA GeForce GTX 1080 Ti
[2025-04-18 10:54:34,725][__main__][INFO] - Env: LunarLanderContinuous-v3  state_dim: 8  action_dim: 2  max_a: 1.0  min_a: -1.0  max_e_steps: 1000
[2025-04-18 10:54:34,727][__main__][INFO] - Random Seed: 42
[2025-04-18 10:54:34,727][__main__][INFO] - Models will be saved to models/d3rl_model/LLdV3
[2025-04-18 10:54:34,727][__main__][INFO] - Loading pre-trained model
[2025-04-18 10:55:22,739][__main__][INFO] - Data collected: 50336 in 100 episodes.
[2025-04-18 10:56:00,366][__main__][INFO] - Data collected: 100868 in 200 episodes.
[2025-04-18 10:56:35,701][__main__][INFO] - Data collected: 148414 in 300 episodes.
[2025-04-18 10:57:13,054][__main__][INFO] - Data collected: 198177 in 400 episodes.
[2025-04-18 10:57:49,121][__main__][INFO] - Data collected: 248160 in 500 episodes.
[2025-04-18 10:58:29,819][__main__][INFO] - Data collected: 302813 in 600 episodes.
[2025-04-18 10:59:01,534][__main__][INFO] - Data collected: 345297 in 700 episodes.
[2025-04-18 10:59:30,454][__main__][INFO] - Data collected: 385350 in 800 episodes.
[2025-04-18 11:00:01,633][__main__][INFO] - Data collected: 427823 in 900 episodes.
[2025-04-18 11:00:37,171][__main__][INFO] - Data collected: 476380 in 1000 episodes.
[2025-04-18 11:01:12,351][__main__][INFO] - Data collected: 522418 in 1100 episodes.
[2025-04-18 11:01:45,787][__main__][INFO] - Data collected: 568383 in 1200 episodes.
[2025-04-18 11:02:22,193][__main__][INFO] - Data collected: 614482 in 1300 episodes.
[2025-04-18 11:02:56,189][__main__][INFO] - Data collected: 659743 in 1400 episodes.
[2025-04-18 11:03:30,026][__main__][INFO] - Data collected: 705934 in 1500 episodes.
[2025-04-18 11:04:05,301][__main__][INFO] - Data collected: 751420 in 1600 episodes.
[2025-04-18 11:04:41,621][__main__][INFO] - Data collected: 800953 in 1700 episodes.
[2025-04-18 11:05:21,289][__main__][INFO] - Data collected: 853776 in 1800 episodes.
[2025-04-18 11:06:00,230][__main__][INFO] - Data collected: 906640 in 1900 episodes.
[2025-04-18 11:06:38,271][__main__][INFO] - Data collected: 958894 in 2000 episodes.
[2025-04-18 11:07:09,165][__main__][INFO] - Training completed. Evaluating across 20 episodes
[2025-04-18 11:07:13,038][__main__][INFO] - Final evaluation - Mean: 208.15, Std: 72.32
[2025-04-18 11:07:13,038][__main__][INFO] - 90th percentile: 249.80, 10th percentile: 192.00
