[2025-04-05 15:01:16,614][__main__][INFO] - System information:
[2025-04-05 15:01:16,615][__main__][INFO] -   Platform: Linux-6.11.0-21-generic-x86_64-with-glibc2.39
[2025-04-05 15:01:16,615][__main__][INFO] -   Python: 3.12.2
[2025-04-05 15:01:16,615][__main__][INFO] -   PyTorch: 2.5.1
[2025-04-05 15:01:16,615][__main__][INFO] -   CUDA Available: True
[2025-04-05 15:01:16,615][__main__][INFO] -   CUDA Version: 12.4
[2025-04-05 15:01:16,615][__main__][INFO] -   GPU: NVIDIA GeForce GTX 1080 Ti
[2025-04-05 15:01:16,622][__main__][INFO] - Env: ContinuousCartPole-v0  state_dim: 4  action_dim: 1  max_a: 1.0  min_a: -1.0  max_e_steps: 500
[2025-04-05 15:01:16,623][__main__][INFO] - Random Seed: 42
[2025-04-05 15:01:16,624][__main__][INFO] - Models will be saved to models/SAC_model/CPV0
[2025-04-05 15:02:02,376][__main__][INFO] - EnvName: CPV0, Steps: 1k, Episode Reward: 6
[2025-04-05 15:02:48,568][__main__][INFO] - EnvName: CPV0, Steps: 2k, Episode Reward: 17
[2025-04-05 15:03:30,831][__main__][INFO] - EnvName: CPV0, Steps: 3k, Episode Reward: 35
[2025-04-05 15:04:18,599][__main__][INFO] - EnvName: CPV0, Steps: 4k, Episode Reward: 54
[2025-04-05 15:05:04,063][__main__][INFO] - EnvName: CPV0, Steps: 5k, Episode Reward: 66
[2025-04-05 15:05:47,906][__main__][INFO] - EnvName: CPV0, Steps: 6k, Episode Reward: 190
[2025-04-05 15:06:34,033][__main__][INFO] - EnvName: CPV0, Steps: 7k, Episode Reward: 446
[2025-04-05 15:07:17,338][__main__][INFO] - EnvName: CPV0, Steps: 8k, Episode Reward: 355
[2025-04-05 15:08:02,973][__main__][INFO] - EnvName: CPV0, Steps: 9k, Episode Reward: 286
[2025-04-05 15:08:48,966][__main__][INFO] - EnvName: CPV0, Steps: 10k, Episode Reward: 500
[2025-04-05 15:09:33,712][__main__][INFO] - EnvName: CPV0, Steps: 11k, Episode Reward: 500
[2025-04-05 15:10:17,408][__main__][INFO] - EnvName: CPV0, Steps: 12k, Episode Reward: 500
[2025-04-05 15:11:04,340][__main__][INFO] - EnvName: CPV0, Steps: 13k, Episode Reward: 500
[2025-04-05 15:11:49,833][__main__][INFO] - EnvName: CPV0, Steps: 14k, Episode Reward: 500
[2025-04-05 15:12:32,093][__main__][INFO] - EnvName: CPV0, Steps: 15k, Episode Reward: 500
[2025-04-05 15:13:16,625][__main__][INFO] - EnvName: CPV0, Steps: 16k, Episode Reward: 500
[2025-04-05 15:14:01,582][__main__][INFO] - EnvName: CPV0, Steps: 17k, Episode Reward: 500
[2025-04-05 15:14:47,924][__main__][INFO] - EnvName: CPV0, Steps: 18k, Episode Reward: 500
[2025-04-05 15:15:33,750][__main__][INFO] - EnvName: CPV0, Steps: 19k, Episode Reward: 500
[2025-04-05 15:16:18,248][__main__][INFO] - EnvName: CPV0, Steps: 20k, Episode Reward: 500
[2025-04-05 15:16:18,253][__main__][INFO] - Training completed. Evaluating across 20 episodes
[2025-04-05 15:16:23,559][__main__][INFO] - Final evaluation - Mean: 500.00, Std: 0.00
[2025-04-05 15:16:23,559][__main__][INFO] - 90th percentile: 500.00, 10th percentile: 500.00
[2025-04-05 15:16:23,564][__main__][INFO] - Final model saved to models/SAC_model/CPV0
