[2025-04-16 12:15:57,138][__main__][INFO] - Configuration:
device: cuda
mode: offline
write: false
debug_print: false
render: false
load_model: false
load_path: None
eval_model: false
save_model: true
data_path: ./dataset/PV1/no_noise/eps0.5
seed: 42
eval_freq: 1000
eval_interval: 1000
save_interval: 1000
max_trn_steps: 10000
max_vae_trn_step: 2000
data_size: 1000000
d4rl: false
d4rl_v2: false
d4rl_expert: false
mixed: false
comment: ''
video: false
batch_size: 500
gamma: 0.99
tau: 0.005
lmbda: 0.75
phi: 0.1
adam_eps: 1.0e-06
adam_lr: 0.0003
actor_lr: 0.0005
critic_lr: 0.0005
n_action: 100
n_action_execute: 100
backup: QL
ql_noise: 0.15
automatic_beta: false
beta_percentile: 2.0
beta: -0.4
vmin: 0
reward_adapt: true
robust: false
robust_optimizer: functional
rho: 0.5
noise: false
type: gaussian
adv: false
spread: 0.0
scale: 1.0
env_name: Pendulum-v1
env_index: 0
env_mods:
  use_mods: false
  observation_noise:
    enabled: false
    type: gaussian
    level: 0.1
    frequency: 1.0
  action_perturb:
    enabled: false
    type: noise
    probability: 0.1
    level: 0.1
  reward_shift:
    enabled: false
    type: scale
    param: 0.9
    noise_level: 0.1
  transition_perturb:
    enabled: false
    type: teleport
    probability: 0.05
    level: 0.1
  param_shift:
    enabled: false
    train_apply: false
    eval_apply: true
    g_factor: 1.0
    m_factor: 1.0
    l_factor: 1.0
    len_factor: 1.0
    force_mag_factor: 1.0
    gravity_factor: 1.0
    wind_power: 0.0
    turbulence_power: 0.0
    engine_factor: 1.0
  custom:
    enabled: false
    spread: 0.0
    type: gaussian
    adv: false
  eval:
    use_modified: true
    scale_noise: false
    noise_scale_factor: 2.0
    include_action_perturb: true
    include_reward_shift: true
    include_transition_perturb: true

[2025-04-16 12:15:57,182][__main__][INFO] - System information:
[2025-04-16 12:15:57,182][__main__][INFO] -   Platform: Linux-6.11.0-21-generic-x86_64-with-glibc2.39
[2025-04-16 12:15:57,182][__main__][INFO] -   Python: 3.12.2
[2025-04-16 12:15:57,182][__main__][INFO] -   PyTorch: 2.5.1
[2025-04-16 12:15:57,182][__main__][INFO] -   CUDA Available: True
[2025-04-16 12:15:57,182][__main__][INFO] -   CUDA Version: 12.4
[2025-04-16 12:15:57,182][__main__][INFO] -   GPU: NVIDIA GeForce GTX 1080 Ti
[2025-04-16 12:15:57,189][__main__][INFO] - Env: Pendulum-v1  state_dim: 3  action_dim: 1  max_a: 2.0  min_a: -2.0  max_e_steps: 200
[2025-04-16 12:15:57,190][__main__][INFO] - Random Seed: 42
[2025-04-16 12:15:57,191][__main__][INFO] - Models will be saved to models/FQI_model/PV1
[2025-04-16 12:16:14,848][__main__][INFO] - Training iterations: 0. State VAE loss: 0.357.
[2025-04-16 12:16:29,305][__main__][INFO] - Training iterations: 1000. State VAE loss: 0.324.
[2025-04-16 12:17:26,699][__main__][INFO] - EnvName: PV1, Steps: 3k, Episode Reward: -731.6473122661478
[2025-04-16 12:18:24,498][__main__][INFO] - EnvName: PV1, Steps: 4k, Episode Reward: -225.06576177611745
[2025-04-16 12:19:22,386][__main__][INFO] - EnvName: PV1, Steps: 5k, Episode Reward: -146.73026579357952
[2025-04-16 12:20:20,363][__main__][INFO] - EnvName: PV1, Steps: 6k, Episode Reward: -269.4570004606971
[2025-04-16 12:21:18,723][__main__][INFO] - EnvName: PV1, Steps: 7k, Episode Reward: -237.22156217006037
[2025-04-16 12:22:16,408][__main__][INFO] - EnvName: PV1, Steps: 8k, Episode Reward: -238.4724556045844
[2025-04-16 12:23:14,635][__main__][INFO] - EnvName: PV1, Steps: 9k, Episode Reward: -154.50066534206135
[2025-04-16 12:24:13,753][__main__][INFO] - EnvName: PV1, Steps: 10k, Episode Reward: -285.8726410834318
[2025-04-16 12:24:13,792][__main__][INFO] - Training completed. Evaluating across 20 episodes
[2025-04-16 12:24:17,490][__main__][INFO] - Final evaluation - Mean: -460.79, Std: 458.66
[2025-04-16 12:24:17,490][__main__][INFO] - 90th percentile: -107.81, 10th percentile: -1044.35
[2025-04-16 12:24:17,520][__main__][INFO] - Final model saved to models/SAC_model/PV1
