[2025-04-18 14:05:22,613] Starting SAC training with configuration: ContinuousCartPole
[2025-04-18 14:05:22,681] System: Linux-6.11.0-21-generic-x86_64-with-glibc2.39, PyTorch: 2.5.1, GPU: NVIDIA GeForce GTX 1080 Ti
[2025-04-18 14:20:11,140] --------------------------------------------------
[2025-04-18 14:20:11,140] TRAINING COMPLETED
[2025-04-18 14:20:11,141] Environment: ContinuousCartPole-v0
[2025-04-18 14:20:11,141] Total steps: 20000
[2025-04-18 14:20:11,141] Total episodes: 0
[2025-04-18 14:20:11,141] Final evaluation over 20 episodes:
[2025-04-18 14:20:11,141]   Mean reward: 500.00 ± 0.00
[2025-04-18 14:20:11,141]   90th percentile: 500.00
[2025-04-18 14:20:11,141]   10th percentile: 500.00
[2025-04-18 14:20:11,141] --------------------------------------------------
[2025-04-18 14:34:44,145] Starting SAC training with configuration: ContinuousCartPole
[2025-04-18 14:34:44,188] System: Linux-6.11.0-21-generic-x86_64-with-glibc2.39, PyTorch: 2.5.1, GPU: NVIDIA GeForce GTX 1080 Ti
[2025-04-18 14:49:29,832] --------------------------------------------------
[2025-04-18 14:49:29,832] TRAINING COMPLETED
[2025-04-18 14:49:29,833] Environment: ContinuousCartPole-v0
[2025-04-18 14:49:29,833] Total steps: 20000
[2025-04-18 14:49:29,833] Total episodes: 0
[2025-04-18 14:49:29,833] Final evaluation over 20 episodes:
[2025-04-18 14:49:29,833]   Mean reward: 500.00 ± 0.00
[2025-04-18 14:49:29,833]   90th percentile: 500.00
[2025-04-18 14:49:29,833]   10th percentile: 500.00
[2025-04-18 14:49:29,833] --------------------------------------------------
