[2025-04-18 14:05:22,680][__main__][INFO] - System information:
[2025-04-18 14:05:22,680][__main__][INFO] -   Platform: Linux-6.11.0-21-generic-x86_64-with-glibc2.39
[2025-04-18 14:05:22,681][__main__][INFO] -   Python: 3.12.2
[2025-04-18 14:05:22,681][__main__][INFO] -   PyTorch: 2.5.1
[2025-04-18 14:05:22,681][__main__][INFO] -   CUDA Available: True
[2025-04-18 14:05:22,681][__main__][INFO] -   CUDA Version: 12.4
[2025-04-18 14:05:22,681][__main__][INFO] -   GPU: NVIDIA GeForce GTX 1080 Ti
[2025-04-18 14:05:22,686][__main__][INFO] - Env: ContinuousCartPole-v0  state_dim: 4  action_dim: 1  max_a: 1.0  min_a: -1.0  max_e_steps: 500
[2025-04-18 14:05:22,687][__main__][INFO] - Random Seed: 42
[2025-04-18 14:05:22,688][__main__][INFO] - Models will be saved to models/SAC_model/CPV0
[2025-04-18 14:06:05,476][__main__][INFO] - EnvName: CPV0, Steps: 1k, Episode Reward: 16
[2025-04-18 14:06:48,264][__main__][INFO] - EnvName: CPV0, Steps: 2k, Episode Reward: 173
[2025-04-18 14:07:31,336][__main__][INFO] - EnvName: CPV0, Steps: 3k, Episode Reward: 176
[2025-04-18 14:08:14,967][__main__][INFO] - EnvName: CPV0, Steps: 4k, Episode Reward: 308
[2025-04-18 14:08:59,365][__main__][INFO] - EnvName: CPV0, Steps: 5k, Episode Reward: 397
[2025-04-18 14:09:44,722][__main__][INFO] - EnvName: CPV0, Steps: 6k, Episode Reward: 500
[2025-04-18 14:10:28,938][__main__][INFO] - EnvName: CPV0, Steps: 7k, Episode Reward: 500
[2025-04-18 14:11:13,791][__main__][INFO] - EnvName: CPV0, Steps: 8k, Episode Reward: 500
[2025-04-18 14:11:58,310][__main__][INFO] - EnvName: CPV0, Steps: 9k, Episode Reward: 500
[2025-04-18 14:12:43,227][__main__][INFO] - EnvName: CPV0, Steps: 10k, Episode Reward: 500
[2025-04-18 14:13:28,739][__main__][INFO] - EnvName: CPV0, Steps: 11k, Episode Reward: 500
[2025-04-18 14:14:12,713][__main__][INFO] - EnvName: CPV0, Steps: 12k, Episode Reward: 500
[2025-04-18 14:14:56,294][__main__][INFO] - EnvName: CPV0, Steps: 13k, Episode Reward: 500
[2025-04-18 14:15:40,481][__main__][INFO] - EnvName: CPV0, Steps: 14k, Episode Reward: 500
[2025-04-18 14:16:24,070][__main__][INFO] - EnvName: CPV0, Steps: 15k, Episode Reward: 500
[2025-04-18 14:17:09,167][__main__][INFO] - EnvName: CPV0, Steps: 16k, Episode Reward: 500
[2025-04-18 14:17:53,858][__main__][INFO] - EnvName: CPV0, Steps: 17k, Episode Reward: 500
[2025-04-18 14:18:37,877][__main__][INFO] - EnvName: CPV0, Steps: 18k, Episode Reward: 500
[2025-04-18 14:19:22,361][__main__][INFO] - EnvName: CPV0, Steps: 19k, Episode Reward: 500
[2025-04-18 14:20:05,547][__main__][INFO] - EnvName: CPV0, Steps: 20k, Episode Reward: 500
[2025-04-18 14:20:05,552][__main__][INFO] - Training completed. Evaluating across 20 episodes
[2025-04-18 14:20:11,140][__main__][INFO] - Final evaluation - Mean: 500.00, Std: 0.00
[2025-04-18 14:20:11,140][__main__][INFO] - 90th percentile: 500.00, 10th percentile: 500.00
[2025-04-18 14:20:11,145][__main__][INFO] - Final model saved to models/SAC_model/CPV0
[2025-04-18 14:34:44,188][__main__][INFO] - System information:
[2025-04-18 14:34:44,188][__main__][INFO] -   Platform: Linux-6.11.0-21-generic-x86_64-with-glibc2.39
[2025-04-18 14:34:44,188][__main__][INFO] -   Python: 3.12.2
[2025-04-18 14:34:44,188][__main__][INFO] -   PyTorch: 2.5.1
[2025-04-18 14:34:44,188][__main__][INFO] -   CUDA Available: True
[2025-04-18 14:34:44,188][__main__][INFO] -   CUDA Version: 12.4
[2025-04-18 14:34:44,188][__main__][INFO] -   GPU: NVIDIA GeForce GTX 1080 Ti
[2025-04-18 14:34:44,194][__main__][INFO] - Env: ContinuousCartPole-v0  state_dim: 4  action_dim: 1  max_a: 1.0  min_a: -1.0  max_e_steps: 500
[2025-04-18 14:34:44,195][__main__][INFO] - Random Seed: 42
[2025-04-18 14:34:44,195][__main__][INFO] - Models will be saved to models/SAC_model/CPV0
[2025-04-18 14:35:27,882][__main__][INFO] - EnvName: CPV0, Steps: 1k, Episode Reward: 16
[2025-04-18 14:36:10,342][__main__][INFO] - EnvName: CPV0, Steps: 2k, Episode Reward: 175
[2025-04-18 14:36:52,389][__main__][INFO] - EnvName: CPV0, Steps: 3k, Episode Reward: 183
[2025-04-18 14:37:35,542][__main__][INFO] - EnvName: CPV0, Steps: 4k, Episode Reward: 326
[2025-04-18 14:38:18,893][__main__][INFO] - EnvName: CPV0, Steps: 5k, Episode Reward: 374
[2025-04-18 14:39:02,827][__main__][INFO] - EnvName: CPV0, Steps: 6k, Episode Reward: 500
[2025-04-18 14:39:47,434][__main__][INFO] - EnvName: CPV0, Steps: 7k, Episode Reward: 500
[2025-04-18 14:40:31,648][__main__][INFO] - EnvName: CPV0, Steps: 8k, Episode Reward: 500
[2025-04-18 14:41:15,536][__main__][INFO] - EnvName: CPV0, Steps: 9k, Episode Reward: 500
[2025-04-18 14:42:00,395][__main__][INFO] - EnvName: CPV0, Steps: 10k, Episode Reward: 500
[2025-04-18 14:42:44,083][__main__][INFO] - EnvName: CPV0, Steps: 11k, Episode Reward: 500
[2025-04-18 14:43:28,801][__main__][INFO] - EnvName: CPV0, Steps: 12k, Episode Reward: 500
[2025-04-18 14:44:13,035][__main__][INFO] - EnvName: CPV0, Steps: 13k, Episode Reward: 500
[2025-04-18 14:44:58,109][__main__][INFO] - EnvName: CPV0, Steps: 14k, Episode Reward: 500
[2025-04-18 14:45:41,967][__main__][INFO] - EnvName: CPV0, Steps: 15k, Episode Reward: 500
[2025-04-18 14:46:26,672][__main__][INFO] - EnvName: CPV0, Steps: 16k, Episode Reward: 500
[2025-04-18 14:47:11,110][__main__][INFO] - EnvName: CPV0, Steps: 17k, Episode Reward: 500
[2025-04-18 14:47:55,062][__main__][INFO] - EnvName: CPV0, Steps: 18k, Episode Reward: 500
[2025-04-18 14:48:39,581][__main__][INFO] - EnvName: CPV0, Steps: 19k, Episode Reward: 500
[2025-04-18 14:49:23,712][__main__][INFO] - EnvName: CPV0, Steps: 20k, Episode Reward: 500
[2025-04-18 14:49:23,717][__main__][INFO] - Training completed. Evaluating across 20 episodes
[2025-04-18 14:49:29,832][__main__][INFO] - Final evaluation - Mean: 500.00, Std: 0.00
[2025-04-18 14:49:29,832][__main__][INFO] - 90th percentile: 500.00, 10th percentile: 500.00
[2025-04-18 14:49:29,838][__main__][INFO] - Final model saved to models/SAC_model/CPV0
