[2025-04-06 15:14:08,685][__main__][INFO] - System information:
[2025-04-06 15:14:08,686][__main__][INFO] -   Platform: Linux-6.11.0-21-generic-x86_64-with-glibc2.39
[2025-04-06 15:14:08,686][__main__][INFO] -   Python: 3.12.2
[2025-04-06 15:14:08,686][__main__][INFO] -   PyTorch: 2.5.1
[2025-04-06 15:14:08,686][__main__][INFO] -   CUDA Available: True
[2025-04-06 15:14:08,686][__main__][INFO] -   CUDA Version: 12.4
[2025-04-06 15:14:08,686][__main__][INFO] -   GPU: NVIDIA GeForce GTX 1080 Ti
[2025-04-06 15:14:08,691][__main__][INFO] - Env: LunarLanderContinuous-v3  state_dim: 8  action_dim: 2  max_a: 1.0  min_a: -1.0  max_e_steps: 1000
[2025-04-06 15:14:08,692][__main__][INFO] - Random Seed: 42
[2025-04-06 15:14:08,693][__main__][INFO] - Models will be saved to models/SAC_model/LLdV3
[2025-04-06 15:14:36,214][__main__][INFO] - EnvName: LLdV3, Steps: 1k, Episode Reward: -651
[2025-04-06 15:15:01,995][__main__][INFO] - EnvName: LLdV3, Steps: 2k, Episode Reward: -722
[2025-04-06 15:15:26,040][__main__][INFO] - EnvName: LLdV3, Steps: 3k, Episode Reward: -523
[2025-04-06 15:15:49,665][__main__][INFO] - EnvName: LLdV3, Steps: 4k, Episode Reward: -375
[2025-04-06 15:16:15,122][__main__][INFO] - EnvName: LLdV3, Steps: 5k, Episode Reward: -346
[2025-04-06 15:16:40,252][__main__][INFO] - EnvName: LLdV3, Steps: 6k, Episode Reward: -198
[2025-04-06 15:17:05,468][__main__][INFO] - EnvName: LLdV3, Steps: 7k, Episode Reward: -124
[2025-04-06 15:17:33,903][__main__][INFO] - EnvName: LLdV3, Steps: 8k, Episode Reward: -120
[2025-04-06 15:18:02,435][__main__][INFO] - EnvName: LLdV3, Steps: 9k, Episode Reward: -93
[2025-04-06 15:18:31,868][__main__][INFO] - EnvName: LLdV3, Steps: 10k, Episode Reward: -108
[2025-04-06 15:19:01,249][__main__][INFO] - EnvName: LLdV3, Steps: 11k, Episode Reward: -83
[2025-04-06 15:19:27,947][__main__][INFO] - EnvName: LLdV3, Steps: 12k, Episode Reward: -92
[2025-04-06 15:19:54,442][__main__][INFO] - EnvName: LLdV3, Steps: 13k, Episode Reward: -88
[2025-04-06 15:20:24,747][__main__][INFO] - EnvName: LLdV3, Steps: 14k, Episode Reward: -78
[2025-04-06 15:20:51,910][__main__][INFO] - EnvName: LLdV3, Steps: 15k, Episode Reward: -140
[2025-04-06 15:21:18,733][__main__][INFO] - EnvName: LLdV3, Steps: 16k, Episode Reward: -120
[2025-04-06 15:21:49,014][__main__][INFO] - EnvName: LLdV3, Steps: 17k, Episode Reward: -137
[2025-04-06 15:22:19,046][__main__][INFO] - EnvName: LLdV3, Steps: 18k, Episode Reward: -99
[2025-04-06 15:22:45,945][__main__][INFO] - EnvName: LLdV3, Steps: 19k, Episode Reward: -51
[2025-04-06 15:23:16,045][__main__][INFO] - EnvName: LLdV3, Steps: 20k, Episode Reward: -99
[2025-04-06 15:23:42,585][__main__][INFO] - EnvName: LLdV3, Steps: 21k, Episode Reward: -117
[2025-04-06 15:24:12,830][__main__][INFO] - EnvName: LLdV3, Steps: 22k, Episode Reward: -88
[2025-04-06 15:24:42,248][__main__][INFO] - EnvName: LLdV3, Steps: 23k, Episode Reward: -117
[2025-04-06 15:25:08,900][__main__][INFO] - EnvName: LLdV3, Steps: 24k, Episode Reward: -85
[2025-04-06 15:25:38,794][__main__][INFO] - EnvName: LLdV3, Steps: 25k, Episode Reward: -83
[2025-04-06 15:26:05,106][__main__][INFO] - EnvName: LLdV3, Steps: 26k, Episode Reward: -62
[2025-04-06 15:26:35,743][__main__][INFO] - EnvName: LLdV3, Steps: 27k, Episode Reward: -28
[2025-04-06 15:27:03,377][__main__][INFO] - EnvName: LLdV3, Steps: 28k, Episode Reward: -30
[2025-04-06 15:27:33,232][__main__][INFO] - EnvName: LLdV3, Steps: 29k, Episode Reward: -20
[2025-04-06 15:28:02,456][__main__][INFO] - EnvName: LLdV3, Steps: 30k, Episode Reward: -51
[2025-04-06 15:28:31,853][__main__][INFO] - EnvName: LLdV3, Steps: 31k, Episode Reward: -3
[2025-04-06 15:28:59,988][__main__][INFO] - EnvName: LLdV3, Steps: 32k, Episode Reward: -36
[2025-04-06 15:29:28,725][__main__][INFO] - EnvName: LLdV3, Steps: 33k, Episode Reward: -25
[2025-04-06 15:29:56,585][__main__][INFO] - EnvName: LLdV3, Steps: 34k, Episode Reward: 61
[2025-04-06 15:30:27,654][__main__][INFO] - EnvName: LLdV3, Steps: 35k, Episode Reward: -25
[2025-04-06 15:30:55,589][__main__][INFO] - EnvName: LLdV3, Steps: 36k, Episode Reward: -13
[2025-04-06 15:31:22,880][__main__][INFO] - EnvName: LLdV3, Steps: 37k, Episode Reward: 64
[2025-04-06 15:31:50,764][__main__][INFO] - EnvName: LLdV3, Steps: 38k, Episode Reward: -38
[2025-04-06 15:32:18,342][__main__][INFO] - EnvName: LLdV3, Steps: 39k, Episode Reward: -181
[2025-04-06 15:32:43,834][__main__][INFO] - EnvName: LLdV3, Steps: 40k, Episode Reward: -600
[2025-04-06 15:33:13,088][__main__][INFO] - EnvName: LLdV3, Steps: 41k, Episode Reward: -529
[2025-04-06 15:33:38,840][__main__][INFO] - EnvName: LLdV3, Steps: 42k, Episode Reward: -386
[2025-04-06 15:34:07,186][__main__][INFO] - EnvName: LLdV3, Steps: 43k, Episode Reward: -215
[2025-04-06 15:34:35,596][__main__][INFO] - EnvName: LLdV3, Steps: 44k, Episode Reward: -1285
[2025-04-06 15:35:01,497][__main__][INFO] - EnvName: LLdV3, Steps: 45k, Episode Reward: -708
[2025-04-06 15:35:29,625][__main__][INFO] - EnvName: LLdV3, Steps: 46k, Episode Reward: -505
[2025-04-06 15:35:54,195][__main__][INFO] - EnvName: LLdV3, Steps: 47k, Episode Reward: -79
[2025-04-06 15:36:21,925][__main__][INFO] - EnvName: LLdV3, Steps: 48k, Episode Reward: 9
[2025-04-06 15:36:49,695][__main__][INFO] - EnvName: LLdV3, Steps: 49k, Episode Reward: -377
[2025-04-06 15:37:15,868][__main__][INFO] - EnvName: LLdV3, Steps: 50k, Episode Reward: -223
[2025-04-06 15:37:44,905][__main__][INFO] - EnvName: LLdV3, Steps: 51k, Episode Reward: 32
[2025-04-06 15:38:10,210][__main__][INFO] - EnvName: LLdV3, Steps: 52k, Episode Reward: 161
[2025-04-06 15:38:35,688][__main__][INFO] - EnvName: LLdV3, Steps: 53k, Episode Reward: 77
[2025-04-06 15:39:04,179][__main__][INFO] - EnvName: LLdV3, Steps: 54k, Episode Reward: 85
[2025-04-06 15:39:33,283][__main__][INFO] - EnvName: LLdV3, Steps: 55k, Episode Reward: 87
[2025-04-06 15:39:59,234][__main__][INFO] - EnvName: LLdV3, Steps: 56k, Episode Reward: 80
[2025-04-06 15:40:27,975][__main__][INFO] - EnvName: LLdV3, Steps: 57k, Episode Reward: 147
[2025-04-06 15:40:53,791][__main__][INFO] - EnvName: LLdV3, Steps: 58k, Episode Reward: 177
[2025-04-06 15:41:19,856][__main__][INFO] - EnvName: LLdV3, Steps: 59k, Episode Reward: 39
[2025-04-06 15:41:47,720][__main__][INFO] - EnvName: LLdV3, Steps: 60k, Episode Reward: 170
[2025-04-06 15:42:15,031][__main__][INFO] - EnvName: LLdV3, Steps: 61k, Episode Reward: 8
[2025-04-06 15:42:44,472][__main__][INFO] - EnvName: LLdV3, Steps: 62k, Episode Reward: 32
[2025-04-06 15:43:09,172][__main__][INFO] - EnvName: LLdV3, Steps: 63k, Episode Reward: 61
[2025-04-06 15:43:40,388][__main__][INFO] - EnvName: LLdV3, Steps: 64k, Episode Reward: 44
[2025-04-06 15:44:08,425][__main__][INFO] - EnvName: LLdV3, Steps: 65k, Episode Reward: -28
[2025-04-06 15:44:34,981][__main__][INFO] - EnvName: LLdV3, Steps: 66k, Episode Reward: 75
[2025-04-06 15:45:01,015][__main__][INFO] - EnvName: LLdV3, Steps: 67k, Episode Reward: 67
[2025-04-06 15:45:27,114][__main__][INFO] - EnvName: LLdV3, Steps: 68k, Episode Reward: -20
[2025-04-06 15:45:52,677][__main__][INFO] - EnvName: LLdV3, Steps: 69k, Episode Reward: 166
[2025-04-06 15:46:15,679][__main__][INFO] - EnvName: LLdV3, Steps: 70k, Episode Reward: 87
[2025-04-06 15:46:43,263][__main__][INFO] - EnvName: LLdV3, Steps: 71k, Episode Reward: 114
[2025-04-06 15:47:08,070][__main__][INFO] - EnvName: LLdV3, Steps: 72k, Episode Reward: 121
[2025-04-06 15:47:34,028][__main__][INFO] - EnvName: LLdV3, Steps: 73k, Episode Reward: 125
[2025-04-06 15:47:59,833][__main__][INFO] - EnvName: LLdV3, Steps: 74k, Episode Reward: 144
[2025-04-06 15:48:29,247][__main__][INFO] - EnvName: LLdV3, Steps: 75k, Episode Reward: 65
[2025-04-06 15:48:29,247][__main__][INFO] - Training completed. Evaluating across 20 episodes
[2025-04-06 15:48:38,612][__main__][INFO] - Final evaluation - Mean: 85.60, Std: 125.39
[2025-04-06 15:48:38,613][__main__][INFO] - 90th percentile: 214.20, 10th percentile: -84.30
[2025-04-06 15:48:38,618][__main__][INFO] - Final model saved to models/SAC_model/LLdV3
