[2025-04-16 11:57:22,543][__main__][INFO] - System information:
[2025-04-16 11:57:22,543][__main__][INFO] -   Platform: Linux-6.11.0-21-generic-x86_64-with-glibc2.39
[2025-04-16 11:57:22,543][__main__][INFO] -   Python: 3.12.2
[2025-04-16 11:57:22,543][__main__][INFO] -   PyTorch: 2.5.1
[2025-04-16 11:57:22,544][__main__][INFO] -   CUDA Available: True
[2025-04-16 11:57:22,544][__main__][INFO] -   CUDA Version: 12.4
[2025-04-16 11:57:22,544][__main__][INFO] -   GPU: NVIDIA GeForce GTX 1080 Ti
[2025-04-16 11:57:22,549][__main__][INFO] - Env: ContinuousCartPole-v0  state_dim: 4  action_dim: 1  max_a: 1.0  min_a: -1.0  max_e_steps: 500
[2025-04-16 11:57:22,550][__main__][INFO] - Random Seed: 42
[2025-04-16 11:57:22,550][__main__][INFO] - Models will be saved to models/FQI_model/CPV0
[2025-04-16 11:57:31,192][__main__][INFO] - Training iterations: 0. State VAE loss: 0.139.
[2025-04-16 11:58:25,249][__main__][INFO] - EnvName: CPV0, Steps: 1k, Episode Reward: (210.2, 6.013318551349163)
[2025-04-16 11:59:22,163][__main__][INFO] - EnvName: CPV0, Steps: 1k, Episode Reward: (500.0, 0.0)
[2025-04-16 12:00:18,817][__main__][INFO] - EnvName: CPV0, Steps: 2k, Episode Reward: (500.0, 0.0)
[2025-04-16 12:01:15,844][__main__][INFO] - EnvName: CPV0, Steps: 2k, Episode Reward: (464.9, 54.15800956460642)
[2025-04-16 12:02:13,062][__main__][INFO] - EnvName: CPV0, Steps: 3k, Episode Reward: (500.0, 0.0)
[2025-04-16 12:03:10,317][__main__][INFO] - EnvName: CPV0, Steps: 3k, Episode Reward: (500.0, 0.0)
[2025-04-16 12:04:07,281][__main__][INFO] - EnvName: CPV0, Steps: 4k, Episode Reward: (500.0, 0.0)
[2025-04-16 12:04:07,339][__main__][INFO] - Training completed. Evaluating across 20 episodes
[2025-04-16 12:04:16,926][__main__][INFO] - Final evaluation - Mean: 250.00, Std: 250.00
[2025-04-16 12:04:16,926][__main__][INFO] - 90th percentile: 500.00, 10th percentile: 0.00
[2025-04-16 12:04:16,951][__main__][INFO] - Final model saved to models/SAC_model/CPV0
