[2025-03-29 23:07:53,319][__main__][INFO] - Configuration:
device: cuda
mode: continuous
write: false
debug_print: false
render: false
load_model: false
load_path: None
eval_model: false
save_model: true
data_path: None
epsilon: 0.1
seed: 42
max_train_steps: 50000
save_interval: 10000
eval_interval: 1000
update_every: 50
explore_episode: 50
gamma: 0.99
tau: 0.005
net_arch:
- 256
- 256
net_layer: 1
a_lr: 0.005
c_lr: 5.0e-05
b_lr: 5.0e-05
g_lr: 0.0005
r_lr: 5.0e-05
l2_reg: 0.001
batch_size: 256
alpha: 0.12
adaptive_alpha: true
reward_adapt: true
robust: true
robust_optimizer: functional
noise: false
type: gaussian
adv: false
spread: 0.0
scale: 1.0
delta: 0.3
env_name: Pendulum-v1
env_index: 0
env_mods:
  use_mods: false
  observation_noise:
    enabled: false
    type: gaussian
    level: 0.1
    frequency: 1.0
  action_perturb:
    enabled: false
    type: noise
    probability: 0.1
    level: 0.1
  reward_shift:
    enabled: false
    type: scale
    param: 0.9
    noise_level: 0.1
  transition_perturb:
    enabled: false
    type: teleport
    probability: 0.05
    level: 0.1
  param_shift:
    enabled: false
    train_apply: false
    eval_apply: true
    g_factor: 1.0
    m_factor: 1.0
    l_factor: 1.0
    gravity_factor: 1.0
    wind_power: 0.0
    turbulence_power: 0.0
  custom:
    enabled: false
    spread: 0.0
    type: gaussian
    adv: false
  eval:
    use_modified: true
    scale_noise: false
    noise_scale_factor: 2.0
    include_action_perturb: true
    include_reward_shift: true
    include_transition_perturb: true

[2025-03-29 23:07:53,363][__main__][INFO] - System information:
[2025-03-29 23:07:53,363][__main__][INFO] -   Platform: Linux-6.11.0-19-generic-x86_64-with-glibc2.39
[2025-03-29 23:07:53,363][__main__][INFO] -   Python: 3.12.2
[2025-03-29 23:07:53,363][__main__][INFO] -   PyTorch: 2.5.1
[2025-03-29 23:07:53,363][__main__][INFO] -   CUDA Available: True
[2025-03-29 23:07:53,363][__main__][INFO] -   CUDA Version: 12.4
[2025-03-29 23:07:53,364][__main__][INFO] -   GPU: NVIDIA GeForce GTX 1080 Ti
[2025-03-29 23:07:53,369][__main__][INFO] - Env: Pendulum-v1  state_dim: 3  action_dim: 1  max_a: 2.0  min_a: -2.0  max_e_steps: 200
[2025-03-29 23:07:53,371][__main__][INFO] - Random Seed: 42
[2025-03-29 23:07:53,371][__main__][INFO] - Models will be saved to models/SAC_model/PV1
[2025-03-29 23:07:54,567][__main__][INFO] - Episode 1 completed with reward -1278.78 in 200 steps
[2025-03-29 23:07:54,737][__main__][INFO] - Episode 2 completed with reward -970.40 in 200 steps
[2025-03-29 23:07:54,926][__main__][INFO] - Episode 3 completed with reward -1375.05 in 200 steps
[2025-03-29 23:07:55,136][__main__][INFO] - Episode 4 completed with reward -911.18 in 200 steps
[2025-03-29 23:07:57,539][__main__][INFO] - EnvName: PV1, Steps: 1k, Episodes: 5, Episode Reward: -1464
[2025-03-29 23:07:57,539][__main__][INFO] - Episode 5 completed with reward -1571.30 in 200 steps
[2025-03-29 23:07:57,707][__main__][INFO] - Episode 6 completed with reward -1194.79 in 200 steps
[2025-03-29 23:07:57,885][__main__][INFO] - Episode 7 completed with reward -967.94 in 200 steps
[2025-03-29 23:07:58,048][__main__][INFO] - Episode 8 completed with reward -1255.74 in 200 steps
[2025-03-29 23:07:58,231][__main__][INFO] - Episode 9 completed with reward -1277.21 in 200 steps
[2025-03-29 23:08:00,433][__main__][INFO] - EnvName: PV1, Steps: 2k, Episodes: 10, Episode Reward: -1395
[2025-03-29 23:08:00,433][__main__][INFO] - Episode 10 completed with reward -1701.81 in 200 steps
[2025-03-29 23:08:00,538][__main__][INFO] - Episode 11 completed with reward -967.23 in 200 steps
[2025-03-29 23:08:00,644][__main__][INFO] - Episode 12 completed with reward -1782.59 in 200 steps
[2025-03-29 23:08:00,747][__main__][INFO] - Episode 13 completed with reward -1240.50 in 200 steps
[2025-03-29 23:08:00,851][__main__][INFO] - Episode 14 completed with reward -1242.27 in 200 steps
[2025-03-29 23:08:02,695][__main__][INFO] - EnvName: PV1, Steps: 3k, Episodes: 15, Episode Reward: -1380
[2025-03-29 23:08:02,695][__main__][INFO] - Episode 15 completed with reward -1345.63 in 200 steps
[2025-03-29 23:08:02,870][__main__][INFO] - Episode 16 completed with reward -1040.21 in 200 steps
[2025-03-29 23:08:03,046][__main__][INFO] - Episode 17 completed with reward -874.04 in 200 steps
[2025-03-29 23:08:03,214][__main__][INFO] - Episode 18 completed with reward -964.57 in 200 steps
[2025-03-29 23:08:03,393][__main__][INFO] - Episode 19 completed with reward -896.02 in 200 steps
[2025-03-29 23:08:05,723][__main__][INFO] - EnvName: PV1, Steps: 4k, Episodes: 20, Episode Reward: -1512
[2025-03-29 23:08:05,724][__main__][INFO] - Episode 20 completed with reward -885.24 in 200 steps
[2025-03-29 23:08:05,884][__main__][INFO] - Episode 21 completed with reward -976.24 in 200 steps
[2025-03-29 23:08:06,061][__main__][INFO] - Episode 22 completed with reward -884.61 in 200 steps
[2025-03-29 23:08:06,246][__main__][INFO] - Episode 23 completed with reward -1683.23 in 200 steps
[2025-03-29 23:08:06,410][__main__][INFO] - Episode 24 completed with reward -1493.47 in 200 steps
[2025-03-29 23:08:08,688][__main__][INFO] - EnvName: PV1, Steps: 5k, Episodes: 25, Episode Reward: -1339
[2025-03-29 23:08:08,689][__main__][INFO] - Episode 25 completed with reward -1696.38 in 200 steps
[2025-03-29 23:08:08,843][__main__][INFO] - Episode 26 completed with reward -855.11 in 200 steps
[2025-03-29 23:08:09,015][__main__][INFO] - Episode 27 completed with reward -900.98 in 200 steps
[2025-03-29 23:08:09,185][__main__][INFO] - Episode 28 completed with reward -1065.54 in 200 steps
[2025-03-29 23:08:09,350][__main__][INFO] - Episode 29 completed with reward -977.40 in 200 steps
[2025-03-29 23:08:11,607][__main__][INFO] - EnvName: PV1, Steps: 6k, Episodes: 30, Episode Reward: -1440
[2025-03-29 23:08:11,608][__main__][INFO] - Episode 30 completed with reward -1268.36 in 200 steps
[2025-03-29 23:08:11,788][__main__][INFO] - Episode 31 completed with reward -1402.82 in 200 steps
[2025-03-29 23:08:11,926][__main__][INFO] - Episode 32 completed with reward -1010.36 in 200 steps
[2025-03-29 23:08:12,103][__main__][INFO] - Episode 33 completed with reward -1435.33 in 200 steps
[2025-03-29 23:08:12,288][__main__][INFO] - Episode 34 completed with reward -1201.93 in 200 steps
[2025-03-29 23:08:14,678][__main__][INFO] - EnvName: PV1, Steps: 7k, Episodes: 35, Episode Reward: -1431
[2025-03-29 23:08:14,679][__main__][INFO] - Episode 35 completed with reward -1243.81 in 200 steps
[2025-03-29 23:08:14,847][__main__][INFO] - Episode 36 completed with reward -1150.36 in 200 steps
[2025-03-29 23:08:15,022][__main__][INFO] - Episode 37 completed with reward -979.20 in 200 steps
[2025-03-29 23:08:15,179][__main__][INFO] - Episode 38 completed with reward -1544.84 in 200 steps
[2025-03-29 23:08:15,341][__main__][INFO] - Episode 39 completed with reward -1273.91 in 200 steps
[2025-03-29 23:08:17,672][__main__][INFO] - EnvName: PV1, Steps: 8k, Episodes: 40, Episode Reward: -1342
[2025-03-29 23:08:17,673][__main__][INFO] - Episode 40 completed with reward -916.80 in 200 steps
[2025-03-29 23:08:17,828][__main__][INFO] - Episode 41 completed with reward -1855.31 in 200 steps
[2025-03-29 23:08:17,958][__main__][INFO] - Episode 42 completed with reward -846.64 in 200 steps
[2025-03-29 23:08:18,131][__main__][INFO] - Episode 43 completed with reward -1094.75 in 200 steps
[2025-03-29 23:08:18,290][__main__][INFO] - Episode 44 completed with reward -1612.86 in 200 steps
[2025-03-29 23:08:20,509][__main__][INFO] - EnvName: PV1, Steps: 9k, Episodes: 45, Episode Reward: -1446
[2025-03-29 23:08:20,510][__main__][INFO] - Episode 45 completed with reward -890.00 in 200 steps
[2025-03-29 23:08:20,660][__main__][INFO] - Episode 46 completed with reward -1138.72 in 200 steps
[2025-03-29 23:08:20,814][__main__][INFO] - Episode 47 completed with reward -1082.24 in 200 steps
[2025-03-29 23:08:20,997][__main__][INFO] - Episode 48 completed with reward -891.88 in 200 steps
[2025-03-29 23:08:21,174][__main__][INFO] - Episode 49 completed with reward -1117.03 in 200 steps
[2025-03-29 23:08:26,234][__main__][INFO] - EnvName: PV1, Steps: 10k, Episodes: 50, Episode Reward: -1320
[2025-03-29 23:08:26,239][__main__][INFO] - Episode 50 completed with reward -866.81 in 200 steps
[2025-03-29 23:08:36,423][__main__][INFO] - Episode 51 completed with reward -1153.57 in 200 steps
[2025-03-29 23:08:46,311][__main__][INFO] - Episode 52 completed with reward -1765.04 in 200 steps
[2025-03-29 23:08:56,006][__main__][INFO] - Episode 53 completed with reward -1479.73 in 200 steps
[2025-03-29 23:09:06,271][__main__][INFO] - Episode 54 completed with reward -1381.19 in 200 steps
[2025-03-29 23:09:18,431][__main__][INFO] - EnvName: PV1, Steps: 11k, Episodes: 55, Episode Reward: -1703
[2025-03-29 23:09:18,432][__main__][INFO] - Episode 55 completed with reward -1605.51 in 200 steps
[2025-03-29 23:09:28,743][__main__][INFO] - Episode 56 completed with reward -1393.24 in 200 steps
[2025-03-29 23:09:39,074][__main__][INFO] - Episode 57 completed with reward -1742.52 in 200 steps
[2025-03-29 23:09:48,755][__main__][INFO] - Episode 58 completed with reward -1027.24 in 200 steps
[2025-03-29 23:09:58,762][__main__][INFO] - Episode 59 completed with reward -1289.70 in 200 steps
[2025-03-29 23:10:11,190][__main__][INFO] - EnvName: PV1, Steps: 12k, Episodes: 60, Episode Reward: -1175
[2025-03-29 23:10:11,191][__main__][INFO] - Episode 60 completed with reward -1384.63 in 200 steps
[2025-03-29 23:10:21,484][__main__][INFO] - Episode 61 completed with reward -1283.87 in 200 steps
[2025-03-29 23:10:31,655][__main__][INFO] - Episode 62 completed with reward -874.58 in 200 steps
[2025-03-29 23:10:41,803][__main__][INFO] - Episode 63 completed with reward -1022.74 in 200 steps
[2025-03-29 23:10:52,049][__main__][INFO] - Episode 64 completed with reward -750.72 in 200 steps
[2025-03-29 23:11:04,330][__main__][INFO] - EnvName: PV1, Steps: 13k, Episodes: 65, Episode Reward: -594
[2025-03-29 23:11:04,331][__main__][INFO] - Episode 65 completed with reward -959.84 in 200 steps
[2025-03-29 23:11:14,574][__main__][INFO] - Episode 66 completed with reward -392.08 in 200 steps
[2025-03-29 23:11:24,583][__main__][INFO] - Episode 67 completed with reward -752.23 in 200 steps
[2025-03-29 23:11:34,532][__main__][INFO] - Episode 68 completed with reward -835.35 in 200 steps
[2025-03-29 23:11:44,722][__main__][INFO] - Episode 69 completed with reward -1006.62 in 200 steps
[2025-03-29 23:11:57,278][__main__][INFO] - EnvName: PV1, Steps: 14k, Episodes: 70, Episode Reward: -534
[2025-03-29 23:11:57,279][__main__][INFO] - Episode 70 completed with reward -878.44 in 200 steps
[2025-03-29 23:12:07,082][__main__][INFO] - Episode 71 completed with reward -734.88 in 200 steps
[2025-03-29 23:12:17,397][__main__][INFO] - Episode 72 completed with reward -365.71 in 200 steps
[2025-03-29 23:12:27,050][__main__][INFO] - Episode 73 completed with reward -127.13 in 200 steps
[2025-03-29 23:12:37,203][__main__][INFO] - Episode 74 completed with reward -809.26 in 200 steps
[2025-03-29 23:12:49,606][__main__][INFO] - EnvName: PV1, Steps: 15k, Episodes: 75, Episode Reward: -336
[2025-03-29 23:12:49,607][__main__][INFO] - Episode 75 completed with reward -252.04 in 200 steps
[2025-03-29 23:12:59,787][__main__][INFO] - Episode 76 completed with reward -249.03 in 200 steps
[2025-03-29 23:13:09,655][__main__][INFO] - Episode 77 completed with reward -352.16 in 200 steps
[2025-03-29 23:13:19,265][__main__][INFO] - Episode 78 completed with reward -354.57 in 200 steps
[2025-03-29 23:13:29,570][__main__][INFO] - Episode 79 completed with reward -248.59 in 200 steps
[2025-03-29 23:13:41,826][__main__][INFO] - EnvName: PV1, Steps: 16k, Episodes: 80, Episode Reward: -402
[2025-03-29 23:13:41,826][__main__][INFO] - Episode 80 completed with reward -127.43 in 200 steps
[2025-03-29 23:13:52,085][__main__][INFO] - Episode 81 completed with reward -249.38 in 200 steps
[2025-03-29 23:14:01,920][__main__][INFO] - Episode 82 completed with reward -125.90 in 200 steps
[2025-03-29 23:14:12,093][__main__][INFO] - Episode 83 completed with reward -119.81 in 200 steps
[2025-03-29 23:14:22,194][__main__][INFO] - Episode 84 completed with reward -240.44 in 200 steps
[2025-03-29 23:14:34,501][__main__][INFO] - EnvName: PV1, Steps: 17k, Episodes: 85, Episode Reward: -594
[2025-03-29 23:14:34,502][__main__][INFO] - Episode 85 completed with reward -572.15 in 200 steps
[2025-03-29 23:14:44,673][__main__][INFO] - Episode 86 completed with reward -352.87 in 200 steps
[2025-03-29 23:14:54,771][__main__][INFO] - Episode 87 completed with reward -520.23 in 200 steps
[2025-03-29 23:15:04,595][__main__][INFO] - Episode 88 completed with reward -400.33 in 200 steps
[2025-03-29 23:15:14,714][__main__][INFO] - Episode 89 completed with reward -1211.55 in 200 steps
[2025-03-29 23:15:27,421][__main__][INFO] - EnvName: PV1, Steps: 18k, Episodes: 90, Episode Reward: -501
[2025-03-29 23:15:27,422][__main__][INFO] - Episode 90 completed with reward -387.32 in 200 steps
[2025-03-29 23:15:37,422][__main__][INFO] - Episode 91 completed with reward -247.62 in 200 steps
[2025-03-29 23:15:47,037][__main__][INFO] - Episode 92 completed with reward -359.51 in 200 steps
[2025-03-29 23:15:57,424][__main__][INFO] - Episode 93 completed with reward -368.85 in 200 steps
[2025-03-29 23:16:07,378][__main__][INFO] - Episode 94 completed with reward -1.40 in 200 steps
[2025-03-29 23:16:19,801][__main__][INFO] - EnvName: PV1, Steps: 19k, Episodes: 95, Episode Reward: -772
[2025-03-29 23:16:19,802][__main__][INFO] - Episode 95 completed with reward -235.21 in 200 steps
[2025-03-29 23:16:29,834][__main__][INFO] - Episode 96 completed with reward -245.62 in 200 steps
[2025-03-29 23:16:39,782][__main__][INFO] - Episode 97 completed with reward -127.46 in 200 steps
[2025-03-29 23:16:50,018][__main__][INFO] - Episode 98 completed with reward -129.10 in 200 steps
[2025-03-29 23:17:00,449][__main__][INFO] - Episode 99 completed with reward -1234.88 in 200 steps
[2025-03-29 23:17:12,818][__main__][INFO] - EnvName: PV1, Steps: 20k, Episodes: 100, Episode Reward: -292
[2025-03-29 23:17:12,823][__main__][INFO] - Episode 100 completed with reward -117.20 in 200 steps
[2025-03-29 23:17:23,133][__main__][INFO] - Episode 101 completed with reward -345.80 in 200 steps
[2025-03-29 23:17:32,891][__main__][INFO] - Episode 102 completed with reward -2.93 in 200 steps
[2025-03-29 23:17:42,868][__main__][INFO] - Episode 103 completed with reward -125.58 in 200 steps
[2025-03-29 23:17:52,686][__main__][INFO] - Episode 104 completed with reward -128.07 in 200 steps
[2025-03-29 23:18:05,373][__main__][INFO] - EnvName: PV1, Steps: 21k, Episodes: 105, Episode Reward: -135
[2025-03-29 23:18:05,373][__main__][INFO] - Episode 105 completed with reward -121.65 in 200 steps
[2025-03-29 23:18:15,640][__main__][INFO] - Episode 106 completed with reward -345.18 in 200 steps
[2025-03-29 23:18:24,972][__main__][INFO] - Episode 107 completed with reward -265.74 in 200 steps
[2025-03-29 23:18:34,980][__main__][INFO] - Episode 108 completed with reward -233.77 in 200 steps
[2025-03-29 23:18:45,072][__main__][INFO] - Episode 109 completed with reward -335.16 in 200 steps
[2025-03-29 23:18:57,333][__main__][INFO] - EnvName: PV1, Steps: 22k, Episodes: 110, Episode Reward: -97
[2025-03-29 23:18:57,333][__main__][INFO] - Episode 110 completed with reward -0.64 in 200 steps
[2025-03-29 23:19:07,558][__main__][INFO] - Episode 111 completed with reward -117.57 in 200 steps
[2025-03-29 23:19:17,013][__main__][INFO] - Episode 112 completed with reward -236.46 in 200 steps
[2025-03-29 23:19:27,186][__main__][INFO] - Episode 113 completed with reward -125.82 in 200 steps
[2025-03-29 23:19:37,270][__main__][INFO] - Episode 114 completed with reward -124.15 in 200 steps
[2025-03-29 23:19:49,652][__main__][INFO] - EnvName: PV1, Steps: 23k, Episodes: 115, Episode Reward: -145
[2025-03-29 23:19:49,653][__main__][INFO] - Episode 115 completed with reward -235.92 in 200 steps
[2025-03-29 23:19:59,693][__main__][INFO] - Episode 116 completed with reward -124.31 in 200 steps
[2025-03-29 23:20:09,181][__main__][INFO] - Episode 117 completed with reward -355.38 in 200 steps
[2025-03-29 23:20:19,095][__main__][INFO] - Episode 118 completed with reward -118.04 in 200 steps
[2025-03-29 23:20:29,562][__main__][INFO] - Episode 119 completed with reward -3.45 in 200 steps
[2025-03-29 23:20:41,891][__main__][INFO] - EnvName: PV1, Steps: 24k, Episodes: 120, Episode Reward: -152
[2025-03-29 23:20:41,892][__main__][INFO] - Episode 120 completed with reward -1.14 in 200 steps
[2025-03-29 23:20:52,058][__main__][INFO] - Episode 121 completed with reward -230.29 in 200 steps
[2025-03-29 23:21:01,689][__main__][INFO] - Episode 122 completed with reward -123.60 in 200 steps
[2025-03-29 23:21:11,809][__main__][INFO] - Episode 123 completed with reward -234.26 in 200 steps
[2025-03-29 23:21:22,095][__main__][INFO] - Episode 124 completed with reward -1.06 in 200 steps
[2025-03-29 23:21:34,614][__main__][INFO] - EnvName: PV1, Steps: 25k, Episodes: 125, Episode Reward: -175
[2025-03-29 23:21:34,615][__main__][INFO] - Episode 125 completed with reward -122.30 in 200 steps
[2025-03-29 23:21:44,825][__main__][INFO] - Episode 126 completed with reward -239.87 in 200 steps
[2025-03-29 23:21:54,644][__main__][INFO] - Episode 127 completed with reward -117.54 in 200 steps
[2025-03-29 23:22:04,887][__main__][INFO] - Episode 128 completed with reward -0.99 in 200 steps
[2025-03-29 23:22:15,255][__main__][INFO] - Episode 129 completed with reward -115.28 in 200 steps
[2025-03-29 23:22:27,943][__main__][INFO] - EnvName: PV1, Steps: 26k, Episodes: 130, Episode Reward: -143
[2025-03-29 23:22:27,944][__main__][INFO] - Episode 130 completed with reward -241.55 in 200 steps
[2025-03-29 23:22:38,270][__main__][INFO] - Episode 131 completed with reward -124.08 in 200 steps
[2025-03-29 23:22:48,253][__main__][INFO] - Episode 132 completed with reward -235.98 in 200 steps
[2025-03-29 23:22:58,525][__main__][INFO] - Episode 133 completed with reward -230.00 in 200 steps
[2025-03-29 23:23:08,739][__main__][INFO] - Episode 134 completed with reward -128.78 in 200 steps
[2025-03-29 23:23:21,209][__main__][INFO] - EnvName: PV1, Steps: 27k, Episodes: 135, Episode Reward: -122
[2025-03-29 23:23:21,210][__main__][INFO] - Episode 135 completed with reward -243.74 in 200 steps
[2025-03-29 23:23:31,413][__main__][INFO] - Episode 136 completed with reward -1.01 in 200 steps
[2025-03-29 23:23:41,180][__main__][INFO] - Episode 137 completed with reward -120.62 in 200 steps
[2025-03-29 23:23:51,606][__main__][INFO] - Episode 138 completed with reward -229.12 in 200 steps
[2025-03-29 23:24:01,842][__main__][INFO] - Episode 139 completed with reward -125.66 in 200 steps
[2025-03-29 23:24:14,118][__main__][INFO] - EnvName: PV1, Steps: 28k, Episodes: 140, Episode Reward: -154
[2025-03-29 23:24:14,119][__main__][INFO] - Episode 140 completed with reward -118.26 in 200 steps
[2025-03-29 23:24:24,512][__main__][INFO] - Episode 141 completed with reward -118.65 in 200 steps
[2025-03-29 23:24:34,227][__main__][INFO] - Episode 142 completed with reward -223.66 in 200 steps
[2025-03-29 23:24:44,419][__main__][INFO] - Episode 143 completed with reward -357.84 in 200 steps
[2025-03-29 23:24:54,643][__main__][INFO] - Episode 144 completed with reward -118.49 in 200 steps
[2025-03-29 23:25:07,256][__main__][INFO] - EnvName: PV1, Steps: 29k, Episodes: 145, Episode Reward: -188
[2025-03-29 23:25:07,256][__main__][INFO] - Episode 145 completed with reward -2.24 in 200 steps
[2025-03-29 23:25:17,495][__main__][INFO] - Episode 146 completed with reward -116.95 in 200 steps
[2025-03-29 23:25:27,149][__main__][INFO] - Episode 147 completed with reward -236.13 in 200 steps
[2025-03-29 23:25:37,324][__main__][INFO] - Episode 148 completed with reward -1.02 in 200 steps
[2025-03-29 23:25:47,619][__main__][INFO] - Episode 149 completed with reward -1.06 in 200 steps
[2025-03-29 23:25:59,994][__main__][INFO] - EnvName: PV1, Steps: 30k, Episodes: 150, Episode Reward: -141
[2025-03-29 23:25:59,999][__main__][INFO] - Episode 150 completed with reward -230.79 in 200 steps
[2025-03-29 23:26:10,409][__main__][INFO] - Episode 151 completed with reward -121.28 in 200 steps
[2025-03-29 23:26:20,169][__main__][INFO] - Episode 152 completed with reward -0.83 in 200 steps
[2025-03-29 23:26:30,333][__main__][INFO] - Episode 153 completed with reward -233.81 in 200 steps
[2025-03-29 23:26:40,696][__main__][INFO] - Episode 154 completed with reward -224.45 in 200 steps
[2025-03-29 23:26:53,173][__main__][INFO] - EnvName: PV1, Steps: 31k, Episodes: 155, Episode Reward: -128
[2025-03-29 23:26:53,174][__main__][INFO] - Episode 155 completed with reward -237.41 in 200 steps
[2025-03-29 23:27:03,304][__main__][INFO] - Episode 156 completed with reward -227.45 in 200 steps
[2025-03-29 23:27:12,915][__main__][INFO] - Episode 157 completed with reward -115.13 in 200 steps
[2025-03-29 23:27:23,229][__main__][INFO] - Episode 158 completed with reward -120.19 in 200 steps
[2025-03-29 23:27:33,506][__main__][INFO] - Episode 159 completed with reward -122.63 in 200 steps
[2025-03-29 23:27:46,184][__main__][INFO] - EnvName: PV1, Steps: 32k, Episodes: 160, Episode Reward: -182
[2025-03-29 23:27:46,184][__main__][INFO] - Episode 160 completed with reward -353.12 in 200 steps
[2025-03-29 23:27:56,479][__main__][INFO] - Episode 161 completed with reward -121.54 in 200 steps
[2025-03-29 23:28:06,186][__main__][INFO] - Episode 162 completed with reward -118.24 in 200 steps
[2025-03-29 23:28:16,282][__main__][INFO] - Episode 163 completed with reward -2.47 in 200 steps
[2025-03-29 23:28:26,457][__main__][INFO] - Episode 164 completed with reward -238.82 in 200 steps
[2025-03-29 23:28:39,058][__main__][INFO] - EnvName: PV1, Steps: 33k, Episodes: 165, Episode Reward: -130
[2025-03-29 23:28:39,059][__main__][INFO] - Episode 165 completed with reward -238.99 in 200 steps
[2025-03-29 23:28:49,583][__main__][INFO] - Episode 166 completed with reward -118.90 in 200 steps
[2025-03-29 23:28:59,451][__main__][INFO] - Episode 167 completed with reward -231.06 in 200 steps
[2025-03-29 23:29:09,644][__main__][INFO] - Episode 168 completed with reward -118.92 in 200 steps
[2025-03-29 23:29:20,018][__main__][INFO] - Episode 169 completed with reward -118.60 in 200 steps
[2025-03-29 23:29:32,337][__main__][INFO] - EnvName: PV1, Steps: 34k, Episodes: 170, Episode Reward: -123
[2025-03-29 23:29:32,337][__main__][INFO] - Episode 170 completed with reward -3.41 in 200 steps
[2025-03-29 23:29:42,488][__main__][INFO] - Episode 171 completed with reward -2.97 in 200 steps
[2025-03-29 23:29:51,984][__main__][INFO] - Episode 172 completed with reward -121.86 in 200 steps
[2025-03-29 23:30:02,117][__main__][INFO] - Episode 173 completed with reward -232.97 in 200 steps
[2025-03-29 23:30:12,297][__main__][INFO] - Episode 174 completed with reward -254.15 in 200 steps
[2025-03-29 23:30:24,990][__main__][INFO] - EnvName: PV1, Steps: 35k, Episodes: 175, Episode Reward: -165
[2025-03-29 23:30:24,991][__main__][INFO] - Episode 175 completed with reward -230.36 in 200 steps
[2025-03-29 23:30:35,199][__main__][INFO] - Episode 176 completed with reward -235.44 in 200 steps
[2025-03-29 23:30:44,980][__main__][INFO] - Episode 177 completed with reward -358.89 in 200 steps
[2025-03-29 23:30:55,260][__main__][INFO] - Episode 178 completed with reward -120.76 in 200 steps
[2025-03-29 23:31:05,691][__main__][INFO] - Episode 179 completed with reward -239.88 in 200 steps
[2025-03-29 23:31:18,175][__main__][INFO] - EnvName: PV1, Steps: 36k, Episodes: 180, Episode Reward: -174
[2025-03-29 23:31:18,176][__main__][INFO] - Episode 180 completed with reward -130.10 in 200 steps
[2025-03-29 23:31:28,460][__main__][INFO] - Episode 181 completed with reward -123.90 in 200 steps
[2025-03-29 23:31:38,123][__main__][INFO] - Episode 182 completed with reward -235.60 in 200 steps
[2025-03-29 23:31:48,315][__main__][INFO] - Episode 183 completed with reward -1.25 in 200 steps
[2025-03-29 23:31:58,869][__main__][INFO] - Episode 184 completed with reward -124.69 in 200 steps
[2025-03-29 23:32:11,336][__main__][INFO] - EnvName: PV1, Steps: 37k, Episodes: 185, Episode Reward: -186
[2025-03-29 23:32:11,337][__main__][INFO] - Episode 185 completed with reward -120.23 in 200 steps
[2025-03-29 23:32:21,686][__main__][INFO] - Episode 186 completed with reward -0.65 in 200 steps
[2025-03-29 23:32:31,656][__main__][INFO] - Episode 187 completed with reward -121.40 in 200 steps
[2025-03-29 23:32:42,114][__main__][INFO] - Episode 188 completed with reward -228.36 in 200 steps
[2025-03-29 23:32:52,740][__main__][INFO] - Episode 189 completed with reward -359.62 in 200 steps
[2025-03-29 23:33:05,212][__main__][INFO] - EnvName: PV1, Steps: 38k, Episodes: 190, Episode Reward: -142
[2025-03-29 23:33:05,213][__main__][INFO] - Episode 190 completed with reward -126.03 in 200 steps
[2025-03-29 23:33:15,669][__main__][INFO] - Episode 191 completed with reward -125.43 in 200 steps
[2025-03-29 23:33:25,361][__main__][INFO] - Episode 192 completed with reward -236.29 in 200 steps
[2025-03-29 23:33:35,845][__main__][INFO] - Episode 193 completed with reward -118.70 in 200 steps
[2025-03-29 23:33:45,918][__main__][INFO] - Episode 194 completed with reward -0.94 in 200 steps
[2025-03-29 23:33:58,764][__main__][INFO] - EnvName: PV1, Steps: 39k, Episodes: 195, Episode Reward: -130
[2025-03-29 23:33:58,765][__main__][INFO] - Episode 195 completed with reward -120.68 in 200 steps
[2025-03-29 23:34:09,140][__main__][INFO] - Episode 196 completed with reward -1.48 in 200 steps
[2025-03-29 23:34:18,923][__main__][INFO] - Episode 197 completed with reward -3.92 in 200 steps
[2025-03-29 23:34:29,413][__main__][INFO] - Episode 198 completed with reward -350.65 in 200 steps
[2025-03-29 23:34:39,844][__main__][INFO] - Episode 199 completed with reward -122.52 in 200 steps
[2025-03-29 23:34:52,444][__main__][INFO] - EnvName: PV1, Steps: 40k, Episodes: 200, Episode Reward: -153
[2025-03-29 23:34:52,449][__main__][INFO] - Episode 200 completed with reward -116.61 in 200 steps
[2025-03-29 23:35:02,588][__main__][INFO] - Episode 201 completed with reward -248.01 in 200 steps
[2025-03-29 23:35:12,167][__main__][INFO] - Episode 202 completed with reward -1.16 in 200 steps
[2025-03-29 23:35:22,509][__main__][INFO] - Episode 203 completed with reward -232.53 in 200 steps
[2025-03-29 23:35:33,143][__main__][INFO] - Episode 204 completed with reward -125.15 in 200 steps
[2025-03-29 23:35:45,812][__main__][INFO] - EnvName: PV1, Steps: 41k, Episodes: 205, Episode Reward: -144
[2025-03-29 23:35:45,813][__main__][INFO] - Episode 205 completed with reward -116.70 in 200 steps
[2025-03-29 23:35:56,008][__main__][INFO] - Episode 206 completed with reward -116.56 in 200 steps
[2025-03-29 23:36:05,879][__main__][INFO] - Episode 207 completed with reward -121.73 in 200 steps
[2025-03-29 23:36:16,180][__main__][INFO] - Episode 208 completed with reward -223.48 in 200 steps
[2025-03-29 23:36:26,508][__main__][INFO] - Episode 209 completed with reward -118.54 in 200 steps
[2025-03-29 23:36:39,195][__main__][INFO] - EnvName: PV1, Steps: 42k, Episodes: 210, Episode Reward: -155
[2025-03-29 23:36:39,196][__main__][INFO] - Episode 210 completed with reward -126.41 in 200 steps
[2025-03-29 23:36:49,292][__main__][INFO] - Episode 211 completed with reward -4.48 in 200 steps
[2025-03-29 23:36:59,146][__main__][INFO] - Episode 212 completed with reward -118.62 in 200 steps
[2025-03-29 23:37:09,271][__main__][INFO] - Episode 213 completed with reward -2.37 in 200 steps
[2025-03-29 23:37:19,617][__main__][INFO] - Episode 214 completed with reward -117.99 in 200 steps
[2025-03-29 23:37:32,115][__main__][INFO] - EnvName: PV1, Steps: 43k, Episodes: 215, Episode Reward: -213
[2025-03-29 23:37:32,116][__main__][INFO] - Episode 215 completed with reward -117.54 in 200 steps
[2025-03-29 23:37:42,251][__main__][INFO] - Episode 216 completed with reward -116.68 in 200 steps
[2025-03-29 23:37:52,050][__main__][INFO] - Episode 217 completed with reward -123.21 in 200 steps
[2025-03-29 23:38:02,280][__main__][INFO] - Episode 218 completed with reward -124.59 in 200 steps
[2025-03-29 23:38:12,402][__main__][INFO] - Episode 219 completed with reward -230.08 in 200 steps
[2025-03-29 23:38:24,930][__main__][INFO] - EnvName: PV1, Steps: 44k, Episodes: 220, Episode Reward: -162
[2025-03-29 23:38:24,930][__main__][INFO] - Episode 220 completed with reward -121.77 in 200 steps
[2025-03-29 23:38:35,407][__main__][INFO] - Episode 221 completed with reward -118.46 in 200 steps
[2025-03-29 23:38:45,021][__main__][INFO] - Episode 222 completed with reward -120.89 in 200 steps
[2025-03-29 23:38:55,268][__main__][INFO] - Episode 223 completed with reward -123.46 in 200 steps
[2025-03-29 23:39:05,470][__main__][INFO] - Episode 224 completed with reward -119.64 in 200 steps
[2025-03-29 23:39:17,929][__main__][INFO] - EnvName: PV1, Steps: 45k, Episodes: 225, Episode Reward: -100
[2025-03-29 23:39:17,930][__main__][INFO] - Episode 225 completed with reward -117.15 in 200 steps
[2025-03-29 23:39:28,165][__main__][INFO] - Episode 226 completed with reward -127.82 in 200 steps
[2025-03-29 23:39:37,609][__main__][INFO] - Episode 227 completed with reward -239.13 in 200 steps
[2025-03-29 23:39:47,605][__main__][INFO] - Episode 228 completed with reward -120.47 in 200 steps
[2025-03-29 23:39:57,504][__main__][INFO] - Episode 229 completed with reward -126.14 in 200 steps
[2025-03-29 23:40:09,675][__main__][INFO] - EnvName: PV1, Steps: 46k, Episodes: 230, Episode Reward: -169
[2025-03-29 23:40:09,675][__main__][INFO] - Episode 230 completed with reward -115.03 in 200 steps
[2025-03-29 23:40:19,851][__main__][INFO] - Episode 231 completed with reward -125.61 in 200 steps
[2025-03-29 23:40:29,328][__main__][INFO] - Episode 232 completed with reward -119.60 in 200 steps
[2025-03-29 23:40:39,466][__main__][INFO] - Episode 233 completed with reward -323.80 in 200 steps
[2025-03-29 23:40:49,682][__main__][INFO] - Episode 234 completed with reward -228.00 in 200 steps
[2025-03-29 23:41:02,040][__main__][INFO] - EnvName: PV1, Steps: 47k, Episodes: 235, Episode Reward: -84
[2025-03-29 23:41:02,041][__main__][INFO] - Episode 235 completed with reward -123.52 in 200 steps
[2025-03-29 23:41:12,262][__main__][INFO] - Episode 236 completed with reward -1.07 in 200 steps
[2025-03-29 23:41:21,954][__main__][INFO] - Episode 237 completed with reward -120.45 in 200 steps
[2025-03-29 23:41:32,267][__main__][INFO] - Episode 238 completed with reward -290.42 in 200 steps
[2025-03-29 23:41:42,549][__main__][INFO] - Episode 239 completed with reward -341.73 in 200 steps
[2025-03-29 23:41:55,145][__main__][INFO] - EnvName: PV1, Steps: 48k, Episodes: 240, Episode Reward: -180
[2025-03-29 23:41:55,145][__main__][INFO] - Episode 240 completed with reward -1.54 in 200 steps
[2025-03-29 23:42:05,348][__main__][INFO] - Episode 241 completed with reward -124.49 in 200 steps
[2025-03-29 23:42:14,308][__main__][INFO] - Episode 242 completed with reward -118.81 in 200 steps
[2025-03-29 23:42:22,382][__main__][INFO] - Episode 243 completed with reward -125.47 in 200 steps
[2025-03-29 23:42:30,104][__main__][INFO] - Episode 244 completed with reward -230.25 in 200 steps
[2025-03-29 23:42:39,551][__main__][INFO] - EnvName: PV1, Steps: 49k, Episodes: 245, Episode Reward: -109
[2025-03-29 23:42:39,551][__main__][INFO] - Episode 245 completed with reward -2.56 in 200 steps
[2025-03-29 23:42:47,421][__main__][INFO] - Episode 246 completed with reward -240.61 in 200 steps
[2025-03-29 23:42:55,678][__main__][INFO] - Episode 247 completed with reward -118.84 in 200 steps
[2025-03-29 23:43:04,135][__main__][INFO] - Episode 248 completed with reward -125.27 in 200 steps
[2025-03-29 23:43:12,324][__main__][INFO] - Episode 249 completed with reward -123.59 in 200 steps
[2025-03-29 23:43:21,612][__main__][INFO] - EnvName: PV1, Steps: 50k, Episodes: 250, Episode Reward: -107
[2025-03-29 23:43:21,616][__main__][INFO] - Episode 250 completed with reward -117.21 in 200 steps
[2025-03-29 23:43:21,617][__main__][INFO] - Training completed. Evaluating across 20 episodes
[2025-03-29 23:43:23,818][__main__][INFO] - Final evaluation - Mean: -155.00, Std: 105.91
[2025-03-29 23:43:23,818][__main__][INFO] - 90th percentile: -1.00, 10th percentile: -296.00
[2025-03-29 23:43:23,823][__main__][INFO] - Final model saved to models/SAC_model/PV1
