[2025-04-05 14:20:26,374][__main__][INFO] - System information:
[2025-04-05 14:20:26,375][__main__][INFO] -   Platform: Linux-6.11.0-21-generic-x86_64-with-glibc2.39
[2025-04-05 14:20:26,375][__main__][INFO] -   Python: 3.12.2
[2025-04-05 14:20:26,375][__main__][INFO] -   PyTorch: 2.5.1
[2025-04-05 14:20:26,375][__main__][INFO] -   CUDA Available: True
[2025-04-05 14:20:26,375][__main__][INFO] -   CUDA Version: 12.4
[2025-04-05 14:20:26,375][__main__][INFO] -   GPU: NVIDIA GeForce GTX 1080 Ti
[2025-04-05 14:20:26,380][__main__][INFO] - Env: ContinuousCartPole-v0  state_dim: 4  action_dim: 1  max_a: 1.0  min_a: -1.0  max_e_steps: 500
[2025-04-05 14:20:26,381][__main__][INFO] - Random Seed: 42
[2025-04-05 14:20:26,381][__main__][INFO] - Models will be saved to models/SAC_model/CPV0
[2025-04-05 14:20:48,430][__main__][INFO] - EnvName: CPV0, Steps: 1k, Episode Reward: 6
[2025-04-05 14:21:13,363][__main__][INFO] - EnvName: CPV0, Steps: 2k, Episode Reward: 14
[2025-04-05 14:21:38,880][__main__][INFO] - EnvName: CPV0, Steps: 3k, Episode Reward: 46
[2025-04-05 14:21:59,645][__main__][INFO] - EnvName: CPV0, Steps: 4k, Episode Reward: 65
[2025-04-05 14:22:24,061][__main__][INFO] - EnvName: CPV0, Steps: 5k, Episode Reward: 87
[2025-04-05 14:22:48,598][__main__][INFO] - EnvName: CPV0, Steps: 6k, Episode Reward: 113
[2025-04-05 14:23:13,397][__main__][INFO] - EnvName: CPV0, Steps: 7k, Episode Reward: 205
[2025-04-05 14:23:40,463][__main__][INFO] - EnvName: CPV0, Steps: 8k, Episode Reward: 401
[2025-04-05 14:24:05,527][__main__][INFO] - EnvName: CPV0, Steps: 9k, Episode Reward: 500
[2025-04-05 14:24:33,347][__main__][INFO] - EnvName: CPV0, Steps: 10k, Episode Reward: 500
[2025-04-05 14:24:58,910][__main__][INFO] - EnvName: CPV0, Steps: 11k, Episode Reward: 500
[2025-04-05 14:25:26,828][__main__][INFO] - EnvName: CPV0, Steps: 12k, Episode Reward: 500
[2025-04-05 14:25:53,740][__main__][INFO] - EnvName: CPV0, Steps: 13k, Episode Reward: 500
[2025-04-05 14:26:19,309][__main__][INFO] - EnvName: CPV0, Steps: 14k, Episode Reward: 500
[2025-04-05 14:26:46,452][__main__][INFO] - EnvName: CPV0, Steps: 15k, Episode Reward: 500
[2025-04-05 14:27:12,469][__main__][INFO] - EnvName: CPV0, Steps: 16k, Episode Reward: 500
[2025-04-05 14:27:40,448][__main__][INFO] - EnvName: CPV0, Steps: 17k, Episode Reward: 500
[2025-04-05 14:28:05,784][__main__][INFO] - EnvName: CPV0, Steps: 18k, Episode Reward: 500
[2025-04-05 14:28:33,390][__main__][INFO] - EnvName: CPV0, Steps: 19k, Episode Reward: 500
[2025-04-05 14:29:00,582][__main__][INFO] - EnvName: CPV0, Steps: 20k, Episode Reward: 500
[2025-04-05 14:29:00,587][__main__][INFO] - Training completed. Evaluating across 20 episodes
[2025-04-05 14:29:05,985][__main__][INFO] - Final evaluation - Mean: 500.00, Std: 0.00
[2025-04-05 14:29:05,986][__main__][INFO] - 90th percentile: 500.00, 10th percentile: 500.00
[2025-04-05 14:29:05,990][__main__][INFO] - Final model saved to models/SAC_model/CPV0
