[2025-03-30 13:39:02,179][__main__][INFO] - Configuration:
device: cuda
mode: continuous
write: false
debug_print: false
render: false
load_model: false
load_path: None
eval_model: false
save_model: true
data_path: None
epsilon: 0.1
seed: 42
max_train_steps: 50000
save_interval: 10000
eval_interval: 1000
update_every: 50
explore_episode: 50
gamma: 0.99
tau: 0.005
net_arch:
- 256
- 256
net_layer: 1
a_lr: 0.005
c_lr: 5.0e-05
b_lr: 5.0e-05
g_lr: 0.0005
r_lr: 5.0e-05
l2_reg: 0.001
batch_size: 256
alpha: 0.12
adaptive_alpha: true
reward_adapt: true
robust: true
robust_optimizer: functional
noise: false
type: gaussian
adv: false
spread: 0.0
scale: 1.0
delta: 0.7
env_name: Pendulum-v1
env_index: 0
env_mods:
  use_mods: false
  observation_noise:
    enabled: false
    type: gaussian
    level: 0.1
    frequency: 1.0
  action_perturb:
    enabled: false
    type: noise
    probability: 0.1
    level: 0.1
  reward_shift:
    enabled: false
    type: scale
    param: 0.9
    noise_level: 0.1
  transition_perturb:
    enabled: false
    type: teleport
    probability: 0.05
    level: 0.1
  param_shift:
    enabled: false
    train_apply: false
    eval_apply: true
    g_factor: 1.0
    m_factor: 1.0
    l_factor: 1.0
    gravity_factor: 1.0
    wind_power: 0.0
    turbulence_power: 0.0
  custom:
    enabled: false
    spread: 0.0
    type: gaussian
    adv: false
  eval:
    use_modified: true
    scale_noise: false
    noise_scale_factor: 2.0
    include_action_perturb: true
    include_reward_shift: true
    include_transition_perturb: true

[2025-03-30 13:39:02,223][__main__][INFO] - System information:
[2025-03-30 13:39:02,223][__main__][INFO] -   Platform: Linux-6.11.0-19-generic-x86_64-with-glibc2.39
[2025-03-30 13:39:02,223][__main__][INFO] -   Python: 3.12.2
[2025-03-30 13:39:02,223][__main__][INFO] -   PyTorch: 2.5.1
[2025-03-30 13:39:02,223][__main__][INFO] -   CUDA Available: True
[2025-03-30 13:39:02,223][__main__][INFO] -   CUDA Version: 12.4
[2025-03-30 13:39:02,223][__main__][INFO] -   GPU: NVIDIA GeForce GTX 1080 Ti
[2025-03-30 13:39:02,228][__main__][INFO] - Env: Pendulum-v1  state_dim: 3  action_dim: 1  max_a: 2.0  min_a: -2.0  max_e_steps: 200
[2025-03-30 13:39:02,229][__main__][INFO] - Random Seed: 42
[2025-03-30 13:39:02,229][__main__][INFO] - Models will be saved to models/SAC_model/PV1
[2025-03-30 13:39:03,215][__main__][INFO] - Episode 1 completed with reward -1278.78 in 200 steps
[2025-03-30 13:39:03,302][__main__][INFO] - Episode 2 completed with reward -970.40 in 200 steps
[2025-03-30 13:39:03,387][__main__][INFO] - Episode 3 completed with reward -1375.05 in 200 steps
[2025-03-30 13:39:03,473][__main__][INFO] - Episode 4 completed with reward -911.18 in 200 steps
[2025-03-30 13:39:04,647][__main__][INFO] - EnvName: PV1, Steps: 1k, Episodes: 5, Episode Reward: -1386
[2025-03-30 13:39:04,648][__main__][INFO] - Episode 5 completed with reward -1571.30 in 200 steps
[2025-03-30 13:39:04,733][__main__][INFO] - Episode 6 completed with reward -1194.79 in 200 steps
[2025-03-30 13:39:04,819][__main__][INFO] - Episode 7 completed with reward -967.94 in 200 steps
[2025-03-30 13:39:04,903][__main__][INFO] - Episode 8 completed with reward -1255.74 in 200 steps
[2025-03-30 13:39:04,989][__main__][INFO] - Episode 9 completed with reward -1277.21 in 200 steps
[2025-03-30 13:39:06,089][__main__][INFO] - EnvName: PV1, Steps: 2k, Episodes: 10, Episode Reward: -1335
[2025-03-30 13:39:06,090][__main__][INFO] - Episode 10 completed with reward -1701.81 in 200 steps
[2025-03-30 13:39:06,174][__main__][INFO] - Episode 11 completed with reward -967.23 in 200 steps
[2025-03-30 13:39:06,257][__main__][INFO] - Episode 12 completed with reward -1782.59 in 200 steps
[2025-03-30 13:39:06,341][__main__][INFO] - Episode 13 completed with reward -1240.50 in 200 steps
[2025-03-30 13:39:06,425][__main__][INFO] - Episode 14 completed with reward -1242.27 in 200 steps
[2025-03-30 13:39:07,542][__main__][INFO] - EnvName: PV1, Steps: 3k, Episodes: 15, Episode Reward: -1376
[2025-03-30 13:39:07,543][__main__][INFO] - Episode 15 completed with reward -1345.63 in 200 steps
[2025-03-30 13:39:07,627][__main__][INFO] - Episode 16 completed with reward -1040.21 in 200 steps
[2025-03-30 13:39:07,711][__main__][INFO] - Episode 17 completed with reward -874.04 in 200 steps
[2025-03-30 13:39:07,795][__main__][INFO] - Episode 18 completed with reward -964.57 in 200 steps
[2025-03-30 13:39:07,879][__main__][INFO] - Episode 19 completed with reward -896.02 in 200 steps
[2025-03-30 13:39:08,983][__main__][INFO] - EnvName: PV1, Steps: 4k, Episodes: 20, Episode Reward: -1398
[2025-03-30 13:39:08,983][__main__][INFO] - Episode 20 completed with reward -885.24 in 200 steps
[2025-03-30 13:39:09,067][__main__][INFO] - Episode 21 completed with reward -976.24 in 200 steps
[2025-03-30 13:39:09,151][__main__][INFO] - Episode 22 completed with reward -884.61 in 200 steps
[2025-03-30 13:39:09,235][__main__][INFO] - Episode 23 completed with reward -1683.23 in 200 steps
[2025-03-30 13:39:09,318][__main__][INFO] - Episode 24 completed with reward -1493.47 in 200 steps
[2025-03-30 13:39:10,433][__main__][INFO] - EnvName: PV1, Steps: 5k, Episodes: 25, Episode Reward: -1491
[2025-03-30 13:39:10,434][__main__][INFO] - Episode 25 completed with reward -1696.38 in 200 steps
[2025-03-30 13:39:10,518][__main__][INFO] - Episode 26 completed with reward -855.11 in 200 steps
[2025-03-30 13:39:10,602][__main__][INFO] - Episode 27 completed with reward -900.98 in 200 steps
[2025-03-30 13:39:10,686][__main__][INFO] - Episode 28 completed with reward -1065.54 in 200 steps
[2025-03-30 13:39:10,805][__main__][INFO] - Episode 29 completed with reward -977.40 in 200 steps
[2025-03-30 13:39:11,919][__main__][INFO] - EnvName: PV1, Steps: 6k, Episodes: 30, Episode Reward: -1334
[2025-03-30 13:39:11,919][__main__][INFO] - Episode 30 completed with reward -1268.36 in 200 steps
[2025-03-30 13:39:12,004][__main__][INFO] - Episode 31 completed with reward -1402.82 in 200 steps
[2025-03-30 13:39:12,087][__main__][INFO] - Episode 32 completed with reward -1010.36 in 200 steps
[2025-03-30 13:39:12,171][__main__][INFO] - Episode 33 completed with reward -1435.33 in 200 steps
[2025-03-30 13:39:12,255][__main__][INFO] - Episode 34 completed with reward -1201.93 in 200 steps
[2025-03-30 13:39:13,358][__main__][INFO] - EnvName: PV1, Steps: 7k, Episodes: 35, Episode Reward: -1409
[2025-03-30 13:39:13,359][__main__][INFO] - Episode 35 completed with reward -1243.81 in 200 steps
[2025-03-30 13:39:13,443][__main__][INFO] - Episode 36 completed with reward -1150.36 in 200 steps
[2025-03-30 13:39:13,527][__main__][INFO] - Episode 37 completed with reward -979.20 in 200 steps
[2025-03-30 13:39:13,610][__main__][INFO] - Episode 38 completed with reward -1544.84 in 200 steps
[2025-03-30 13:39:13,694][__main__][INFO] - Episode 39 completed with reward -1273.91 in 200 steps
[2025-03-30 13:39:14,794][__main__][INFO] - EnvName: PV1, Steps: 8k, Episodes: 40, Episode Reward: -1359
[2025-03-30 13:39:14,795][__main__][INFO] - Episode 40 completed with reward -916.80 in 200 steps
[2025-03-30 13:39:14,878][__main__][INFO] - Episode 41 completed with reward -1855.31 in 200 steps
[2025-03-30 13:39:14,962][__main__][INFO] - Episode 42 completed with reward -846.64 in 200 steps
[2025-03-30 13:39:15,045][__main__][INFO] - Episode 43 completed with reward -1094.75 in 200 steps
[2025-03-30 13:39:15,128][__main__][INFO] - Episode 44 completed with reward -1612.86 in 200 steps
[2025-03-30 13:39:16,230][__main__][INFO] - EnvName: PV1, Steps: 9k, Episodes: 45, Episode Reward: -1405
[2025-03-30 13:39:16,230][__main__][INFO] - Episode 45 completed with reward -890.00 in 200 steps
[2025-03-30 13:39:16,314][__main__][INFO] - Episode 46 completed with reward -1138.72 in 200 steps
[2025-03-30 13:39:16,398][__main__][INFO] - Episode 47 completed with reward -1082.24 in 200 steps
[2025-03-30 13:39:16,483][__main__][INFO] - Episode 48 completed with reward -891.88 in 200 steps
[2025-03-30 13:39:16,567][__main__][INFO] - Episode 49 completed with reward -1117.03 in 200 steps
[2025-03-30 13:39:19,473][__main__][INFO] - EnvName: PV1, Steps: 10k, Episodes: 50, Episode Reward: -1214
[2025-03-30 13:39:19,478][__main__][INFO] - Episode 50 completed with reward -866.81 in 200 steps
[2025-03-30 13:39:25,875][__main__][INFO] - Episode 51 completed with reward -1151.79 in 200 steps
[2025-03-30 13:39:32,923][__main__][INFO] - Episode 52 completed with reward -1765.44 in 200 steps
[2025-03-30 13:39:39,377][__main__][INFO] - Episode 53 completed with reward -1482.52 in 200 steps
[2025-03-30 13:39:47,825][__main__][INFO] - Episode 54 completed with reward -1369.42 in 200 steps
[2025-03-30 13:39:55,161][__main__][INFO] - EnvName: PV1, Steps: 11k, Episodes: 55, Episode Reward: -1510
[2025-03-30 13:39:55,162][__main__][INFO] - Episode 55 completed with reward -1612.73 in 200 steps
[2025-03-30 13:40:02,753][__main__][INFO] - Episode 56 completed with reward -1399.29 in 200 steps
[2025-03-30 13:40:10,238][__main__][INFO] - Episode 57 completed with reward -1775.20 in 200 steps
[2025-03-30 13:40:17,796][__main__][INFO] - Episode 58 completed with reward -1031.55 in 200 steps
[2025-03-30 13:40:24,339][__main__][INFO] - Episode 59 completed with reward -1308.01 in 200 steps
[2025-03-30 13:40:33,678][__main__][INFO] - EnvName: PV1, Steps: 12k, Episodes: 60, Episode Reward: -1184
[2025-03-30 13:40:33,678][__main__][INFO] - Episode 60 completed with reward -1391.47 in 200 steps
[2025-03-30 13:40:40,231][__main__][INFO] - Episode 61 completed with reward -1295.68 in 200 steps
[2025-03-30 13:40:49,424][__main__][INFO] - Episode 62 completed with reward -948.09 in 200 steps
[2025-03-30 13:40:55,716][__main__][INFO] - Episode 63 completed with reward -1086.32 in 200 steps
[2025-03-30 13:41:02,281][__main__][INFO] - Episode 64 completed with reward -749.37 in 200 steps
[2025-03-30 13:41:09,646][__main__][INFO] - EnvName: PV1, Steps: 13k, Episodes: 65, Episode Reward: -719
[2025-03-30 13:41:09,647][__main__][INFO] - Episode 65 completed with reward -854.05 in 200 steps
[2025-03-30 13:41:18,343][__main__][INFO] - Episode 66 completed with reward -634.68 in 200 steps
[2025-03-30 13:41:28,510][__main__][INFO] - Episode 67 completed with reward -623.78 in 200 steps
[2025-03-30 13:41:35,097][__main__][INFO] - Episode 68 completed with reward -808.88 in 200 steps
[2025-03-30 13:41:43,285][__main__][INFO] - Episode 69 completed with reward -1101.81 in 200 steps
[2025-03-30 13:41:51,069][__main__][INFO] - EnvName: PV1, Steps: 14k, Episodes: 70, Episode Reward: -1153
[2025-03-30 13:41:51,069][__main__][INFO] - Episode 70 completed with reward -494.23 in 200 steps
[2025-03-30 13:41:57,364][__main__][INFO] - Episode 71 completed with reward -662.28 in 200 steps
[2025-03-30 13:42:03,640][__main__][INFO] - Episode 72 completed with reward -918.88 in 200 steps
[2025-03-30 13:42:09,925][__main__][INFO] - Episode 73 completed with reward -276.01 in 200 steps
[2025-03-30 13:42:16,272][__main__][INFO] - Episode 74 completed with reward -1053.66 in 200 steps
[2025-03-30 13:42:23,595][__main__][INFO] - EnvName: PV1, Steps: 15k, Episodes: 75, Episode Reward: -788
[2025-03-30 13:42:23,595][__main__][INFO] - Episode 75 completed with reward -377.26 in 200 steps
[2025-03-30 13:42:29,857][__main__][INFO] - Episode 76 completed with reward -923.59 in 200 steps
[2025-03-30 13:42:36,142][__main__][INFO] - Episode 77 completed with reward -351.28 in 200 steps
[2025-03-30 13:42:42,401][__main__][INFO] - Episode 78 completed with reward -642.98 in 200 steps
[2025-03-30 13:42:48,923][__main__][INFO] - Episode 79 completed with reward -254.53 in 200 steps
[2025-03-30 13:42:59,593][__main__][INFO] - EnvName: PV1, Steps: 16k, Episodes: 80, Episode Reward: -627
[2025-03-30 13:42:59,594][__main__][INFO] - Episode 80 completed with reward -1251.48 in 200 steps
[2025-03-30 13:43:06,564][__main__][INFO] - Episode 81 completed with reward -251.08 in 200 steps
[2025-03-30 13:43:14,972][__main__][INFO] - Episode 82 completed with reward -126.86 in 200 steps
[2025-03-30 13:43:21,718][__main__][INFO] - Episode 83 completed with reward -120.11 in 200 steps
[2025-03-30 13:43:28,388][__main__][INFO] - Episode 84 completed with reward -239.66 in 200 steps
[2025-03-30 13:43:37,028][__main__][INFO] - EnvName: PV1, Steps: 17k, Episodes: 85, Episode Reward: -668
[2025-03-30 13:43:37,028][__main__][INFO] - Episode 85 completed with reward -1159.76 in 200 steps
[2025-03-30 13:43:44,949][__main__][INFO] - Episode 86 completed with reward -353.75 in 200 steps
[2025-03-30 13:43:51,568][__main__][INFO] - Episode 87 completed with reward -517.24 in 200 steps
[2025-03-30 13:43:58,017][__main__][INFO] - Episode 88 completed with reward -398.59 in 200 steps
[2025-03-30 13:44:04,361][__main__][INFO] - Episode 89 completed with reward -1209.72 in 200 steps
[2025-03-30 13:44:11,692][__main__][INFO] - EnvName: PV1, Steps: 18k, Episodes: 90, Episode Reward: -598
[2025-03-30 13:44:11,693][__main__][INFO] - Episode 90 completed with reward -125.10 in 200 steps
[2025-03-30 13:44:19,205][__main__][INFO] - Episode 91 completed with reward -248.61 in 200 steps
[2025-03-30 13:44:26,883][__main__][INFO] - Episode 92 completed with reward -364.44 in 200 steps
[2025-03-30 13:44:34,979][__main__][INFO] - Episode 93 completed with reward -370.79 in 200 steps
[2025-03-30 13:44:43,025][__main__][INFO] - Episode 94 completed with reward -1.76 in 200 steps
[2025-03-30 13:44:52,568][__main__][INFO] - EnvName: PV1, Steps: 19k, Episodes: 95, Episode Reward: -394
[2025-03-30 13:44:52,569][__main__][INFO] - Episode 95 completed with reward -235.63 in 200 steps
[2025-03-30 13:45:00,188][__main__][INFO] - Episode 96 completed with reward -244.80 in 200 steps
[2025-03-30 13:45:06,659][__main__][INFO] - Episode 97 completed with reward -126.58 in 200 steps
[2025-03-30 13:45:13,393][__main__][INFO] - Episode 98 completed with reward -129.99 in 200 steps
[2025-03-30 13:45:20,211][__main__][INFO] - Episode 99 completed with reward -123.03 in 200 steps
[2025-03-30 13:45:29,133][__main__][INFO] - EnvName: PV1, Steps: 20k, Episodes: 100, Episode Reward: -213
[2025-03-30 13:45:29,138][__main__][INFO] - Episode 100 completed with reward -118.33 in 200 steps
[2025-03-30 13:45:37,416][__main__][INFO] - Episode 101 completed with reward -344.75 in 200 steps
[2025-03-30 13:45:45,040][__main__][INFO] - Episode 102 completed with reward -3.21 in 200 steps
[2025-03-30 13:45:52,787][__main__][INFO] - Episode 103 completed with reward -125.89 in 200 steps
[2025-03-30 13:46:00,254][__main__][INFO] - Episode 104 completed with reward -127.36 in 200 steps
[2025-03-30 13:46:07,649][__main__][INFO] - EnvName: PV1, Steps: 21k, Episodes: 105, Episode Reward: -183
[2025-03-30 13:46:07,649][__main__][INFO] - Episode 105 completed with reward -121.31 in 200 steps
[2025-03-30 13:46:15,229][__main__][INFO] - Episode 106 completed with reward -345.96 in 200 steps
[2025-03-30 13:46:21,693][__main__][INFO] - Episode 107 completed with reward -255.29 in 200 steps
[2025-03-30 13:46:29,388][__main__][INFO] - Episode 108 completed with reward -234.82 in 200 steps
[2025-03-30 13:46:36,189][__main__][INFO] - Episode 109 completed with reward -334.97 in 200 steps
[2025-03-30 13:46:43,819][__main__][INFO] - EnvName: PV1, Steps: 22k, Episodes: 110, Episode Reward: -134
[2025-03-30 13:46:43,820][__main__][INFO] - Episode 110 completed with reward -0.89 in 200 steps
[2025-03-30 13:46:50,589][__main__][INFO] - Episode 111 completed with reward -118.19 in 200 steps
[2025-03-30 13:47:01,189][__main__][INFO] - Episode 112 completed with reward -236.76 in 200 steps
[2025-03-30 13:47:08,499][__main__][INFO] - Episode 113 completed with reward -125.97 in 200 steps
[2025-03-30 13:47:14,918][__main__][INFO] - Episode 114 completed with reward -124.57 in 200 steps
[2025-03-30 13:47:22,252][__main__][INFO] - EnvName: PV1, Steps: 23k, Episodes: 115, Episode Reward: -180
[2025-03-30 13:47:22,252][__main__][INFO] - Episode 115 completed with reward -235.54 in 200 steps
[2025-03-30 13:47:30,744][__main__][INFO] - Episode 116 completed with reward -125.94 in 200 steps
[2025-03-30 13:47:37,669][__main__][INFO] - Episode 117 completed with reward -353.30 in 200 steps
[2025-03-30 13:47:44,437][__main__][INFO] - Episode 118 completed with reward -118.46 in 200 steps
[2025-03-30 13:47:50,844][__main__][INFO] - Episode 119 completed with reward -3.65 in 200 steps
[2025-03-30 13:48:00,008][__main__][INFO] - EnvName: PV1, Steps: 24k, Episodes: 120, Episode Reward: -169
[2025-03-30 13:48:00,008][__main__][INFO] - Episode 120 completed with reward -1.34 in 200 steps
[2025-03-30 13:48:07,551][__main__][INFO] - Episode 121 completed with reward -230.62 in 200 steps
[2025-03-30 13:48:15,125][__main__][INFO] - Episode 122 completed with reward -124.29 in 200 steps
[2025-03-30 13:48:21,378][__main__][INFO] - Episode 123 completed with reward -236.21 in 200 steps
[2025-03-30 13:48:29,015][__main__][INFO] - Episode 124 completed with reward -1.17 in 200 steps
[2025-03-30 13:48:38,707][__main__][INFO] - EnvName: PV1, Steps: 25k, Episodes: 125, Episode Reward: -174
[2025-03-30 13:48:38,708][__main__][INFO] - Episode 125 completed with reward -122.84 in 200 steps
[2025-03-30 13:48:45,501][__main__][INFO] - Episode 126 completed with reward -240.37 in 200 steps
[2025-03-30 13:48:52,726][__main__][INFO] - Episode 127 completed with reward -118.25 in 200 steps
[2025-03-30 13:49:00,785][__main__][INFO] - Episode 128 completed with reward -1.11 in 200 steps
[2025-03-30 13:49:09,803][__main__][INFO] - Episode 129 completed with reward -115.76 in 200 steps
[2025-03-30 13:49:18,951][__main__][INFO] - EnvName: PV1, Steps: 26k, Episodes: 130, Episode Reward: -153
[2025-03-30 13:49:18,952][__main__][INFO] - Episode 130 completed with reward -242.65 in 200 steps
[2025-03-30 13:49:25,813][__main__][INFO] - Episode 131 completed with reward -124.47 in 200 steps
[2025-03-30 13:49:33,926][__main__][INFO] - Episode 132 completed with reward -236.46 in 200 steps
[2025-03-30 13:49:43,520][__main__][INFO] - Episode 133 completed with reward -231.37 in 200 steps
[2025-03-30 13:49:50,394][__main__][INFO] - Episode 134 completed with reward -128.20 in 200 steps
[2025-03-30 13:49:58,154][__main__][INFO] - EnvName: PV1, Steps: 27k, Episodes: 135, Episode Reward: -108
[2025-03-30 13:49:58,154][__main__][INFO] - Episode 135 completed with reward -244.00 in 200 steps
[2025-03-30 13:50:05,590][__main__][INFO] - Episode 136 completed with reward -1.12 in 200 steps
[2025-03-30 13:50:12,029][__main__][INFO] - Episode 137 completed with reward -121.02 in 200 steps
[2025-03-30 13:50:18,534][__main__][INFO] - Episode 138 completed with reward -230.44 in 200 steps
[2025-03-30 13:50:26,107][__main__][INFO] - Episode 139 completed with reward -125.53 in 200 steps
[2025-03-30 13:50:34,562][__main__][INFO] - EnvName: PV1, Steps: 28k, Episodes: 140, Episode Reward: -136
[2025-03-30 13:50:34,562][__main__][INFO] - Episode 140 completed with reward -118.76 in 200 steps
[2025-03-30 13:50:43,284][__main__][INFO] - Episode 141 completed with reward -120.14 in 200 steps
[2025-03-30 13:50:51,836][__main__][INFO] - Episode 142 completed with reward -223.52 in 200 steps
[2025-03-30 13:50:59,056][__main__][INFO] - Episode 143 completed with reward -357.94 in 200 steps
[2025-03-30 13:51:05,923][__main__][INFO] - Episode 144 completed with reward -119.97 in 200 steps
[2025-03-30 13:51:14,363][__main__][INFO] - EnvName: PV1, Steps: 29k, Episodes: 145, Episode Reward: -142
[2025-03-30 13:51:14,364][__main__][INFO] - Episode 145 completed with reward -2.52 in 200 steps
[2025-03-30 13:51:20,639][__main__][INFO] - Episode 146 completed with reward -117.70 in 200 steps
[2025-03-30 13:51:28,888][__main__][INFO] - Episode 147 completed with reward -237.48 in 200 steps
[2025-03-30 13:51:35,185][__main__][INFO] - Episode 148 completed with reward -1.12 in 200 steps
[2025-03-30 13:51:43,567][__main__][INFO] - Episode 149 completed with reward -1.27 in 200 steps
[2025-03-30 13:51:52,891][__main__][INFO] - EnvName: PV1, Steps: 30k, Episodes: 150, Episode Reward: -163
[2025-03-30 13:51:52,896][__main__][INFO] - Episode 150 completed with reward -230.57 in 200 steps
[2025-03-30 13:51:59,361][__main__][INFO] - Episode 151 completed with reward -121.17 in 200 steps
[2025-03-30 13:52:06,773][__main__][INFO] - Episode 152 completed with reward -1.09 in 200 steps
[2025-03-30 13:52:13,646][__main__][INFO] - Episode 153 completed with reward -235.76 in 200 steps
[2025-03-30 13:52:20,776][__main__][INFO] - Episode 154 completed with reward -222.92 in 200 steps
[2025-03-30 13:52:28,866][__main__][INFO] - EnvName: PV1, Steps: 31k, Episodes: 155, Episode Reward: -172
[2025-03-30 13:52:28,866][__main__][INFO] - Episode 155 completed with reward -238.17 in 200 steps
[2025-03-30 13:52:35,120][__main__][INFO] - Episode 156 completed with reward -228.91 in 200 steps
[2025-03-30 13:52:43,355][__main__][INFO] - Episode 157 completed with reward -115.35 in 200 steps
[2025-03-30 13:52:50,693][__main__][INFO] - Episode 158 completed with reward -120.20 in 200 steps
[2025-03-30 13:52:57,778][__main__][INFO] - Episode 159 completed with reward -122.66 in 200 steps
[2025-03-30 13:53:07,248][__main__][INFO] - EnvName: PV1, Steps: 32k, Episodes: 160, Episode Reward: -120
[2025-03-30 13:53:07,248][__main__][INFO] - Episode 160 completed with reward -353.65 in 200 steps
[2025-03-30 13:53:16,287][__main__][INFO] - Episode 161 completed with reward -121.25 in 200 steps
[2025-03-30 13:53:23,351][__main__][INFO] - Episode 162 completed with reward -118.39 in 200 steps
[2025-03-30 13:53:33,365][__main__][INFO] - Episode 163 completed with reward -2.42 in 200 steps
[2025-03-30 13:53:43,799][__main__][INFO] - Episode 164 completed with reward -240.16 in 200 steps
[2025-03-30 13:53:52,102][__main__][INFO] - EnvName: PV1, Steps: 33k, Episodes: 165, Episode Reward: -160
[2025-03-30 13:53:52,103][__main__][INFO] - Episode 165 completed with reward -239.80 in 200 steps
[2025-03-30 13:54:01,463][__main__][INFO] - Episode 166 completed with reward -118.90 in 200 steps
[2025-03-30 13:54:08,537][__main__][INFO] - Episode 167 completed with reward -230.40 in 200 steps
[2025-03-30 13:54:19,166][__main__][INFO] - Episode 168 completed with reward -118.89 in 200 steps
[2025-03-30 13:54:25,911][__main__][INFO] - Episode 169 completed with reward -118.66 in 200 steps
[2025-03-30 13:54:33,700][__main__][INFO] - EnvName: PV1, Steps: 34k, Episodes: 170, Episode Reward: -130
[2025-03-30 13:54:33,700][__main__][INFO] - Episode 170 completed with reward -3.65 in 200 steps
[2025-03-30 13:54:40,931][__main__][INFO] - Episode 171 completed with reward -2.86 in 200 steps
[2025-03-30 13:54:49,337][__main__][INFO] - Episode 172 completed with reward -121.39 in 200 steps
[2025-03-30 13:54:56,163][__main__][INFO] - Episode 173 completed with reward -232.28 in 200 steps
[2025-03-30 13:55:02,513][__main__][INFO] - Episode 174 completed with reward -253.68 in 200 steps
[2025-03-30 13:55:09,924][__main__][INFO] - EnvName: PV1, Steps: 35k, Episodes: 175, Episode Reward: -186
[2025-03-30 13:55:09,925][__main__][INFO] - Episode 175 completed with reward -230.79 in 200 steps
[2025-03-30 13:55:16,815][__main__][INFO] - Episode 176 completed with reward -235.62 in 200 steps
[2025-03-30 13:55:23,074][__main__][INFO] - Episode 177 completed with reward -357.06 in 200 steps
[2025-03-30 13:55:29,356][__main__][INFO] - Episode 178 completed with reward -120.48 in 200 steps
[2025-03-30 13:55:35,642][__main__][INFO] - Episode 179 completed with reward -240.32 in 200 steps
[2025-03-30 13:55:43,690][__main__][INFO] - EnvName: PV1, Steps: 36k, Episodes: 180, Episode Reward: -140
[2025-03-30 13:55:43,690][__main__][INFO] - Episode 180 completed with reward -3.58 in 200 steps
[2025-03-30 13:55:52,970][__main__][INFO] - Episode 181 completed with reward -124.07 in 200 steps
[2025-03-30 13:56:01,487][__main__][INFO] - Episode 182 completed with reward -235.44 in 200 steps
[2025-03-30 13:56:07,970][__main__][INFO] - Episode 183 completed with reward -0.96 in 200 steps
[2025-03-30 13:56:15,598][__main__][INFO] - Episode 184 completed with reward -124.13 in 200 steps
[2025-03-30 13:56:22,959][__main__][INFO] - EnvName: PV1, Steps: 37k, Episodes: 185, Episode Reward: -137
[2025-03-30 13:56:22,960][__main__][INFO] - Episode 185 completed with reward -119.76 in 200 steps
[2025-03-30 13:56:30,090][__main__][INFO] - Episode 186 completed with reward -0.34 in 200 steps
[2025-03-30 13:56:36,796][__main__][INFO] - Episode 187 completed with reward -120.91 in 200 steps
[2025-03-30 13:56:43,230][__main__][INFO] - Episode 188 completed with reward -229.30 in 200 steps
[2025-03-30 13:56:51,541][__main__][INFO] - Episode 189 completed with reward -359.46 in 200 steps
[2025-03-30 13:56:59,510][__main__][INFO] - EnvName: PV1, Steps: 38k, Episodes: 190, Episode Reward: -159
[2025-03-30 13:56:59,510][__main__][INFO] - Episode 190 completed with reward -125.60 in 200 steps
[2025-03-30 13:57:06,231][__main__][INFO] - Episode 191 completed with reward -124.92 in 200 steps
[2025-03-30 13:57:12,504][__main__][INFO] - Episode 192 completed with reward -235.52 in 200 steps
[2025-03-30 13:57:19,891][__main__][INFO] - Episode 193 completed with reward -118.06 in 200 steps
[2025-03-30 13:57:27,465][__main__][INFO] - Episode 194 completed with reward -0.53 in 200 steps
[2025-03-30 13:57:35,285][__main__][INFO] - EnvName: PV1, Steps: 39k, Episodes: 195, Episode Reward: -183
[2025-03-30 13:57:35,286][__main__][INFO] - Episode 195 completed with reward -120.22 in 200 steps
[2025-03-30 13:57:41,631][__main__][INFO] - Episode 196 completed with reward -1.07 in 200 steps
[2025-03-30 13:57:49,398][__main__][INFO] - Episode 197 completed with reward -3.53 in 200 steps
[2025-03-30 13:57:58,291][__main__][INFO] - Episode 198 completed with reward -347.53 in 200 steps
[2025-03-30 13:58:09,136][__main__][INFO] - Episode 199 completed with reward -121.98 in 200 steps
[2025-03-30 13:58:19,030][__main__][INFO] - EnvName: PV1, Steps: 40k, Episodes: 200, Episode Reward: -119
[2025-03-30 13:58:19,035][__main__][INFO] - Episode 200 completed with reward -116.31 in 200 steps
[2025-03-30 13:58:27,147][__main__][INFO] - Episode 201 completed with reward -250.19 in 200 steps
[2025-03-30 13:58:35,158][__main__][INFO] - Episode 202 completed with reward -0.61 in 200 steps
[2025-03-30 13:58:45,040][__main__][INFO] - Episode 203 completed with reward -231.68 in 200 steps
[2025-03-30 13:58:54,591][__main__][INFO] - Episode 204 completed with reward -124.54 in 200 steps
[2025-03-30 13:59:02,080][__main__][INFO] - EnvName: PV1, Steps: 41k, Episodes: 205, Episode Reward: -153
[2025-03-30 13:59:02,081][__main__][INFO] - Episode 205 completed with reward -116.51 in 200 steps
[2025-03-30 13:59:12,155][__main__][INFO] - Episode 206 completed with reward -116.18 in 200 steps
[2025-03-30 13:59:22,652][__main__][INFO] - Episode 207 completed with reward -121.05 in 200 steps
[2025-03-30 13:59:33,278][__main__][INFO] - Episode 208 completed with reward -222.58 in 200 steps
[2025-03-30 13:59:43,225][__main__][INFO] - Episode 209 completed with reward -118.54 in 200 steps
[2025-03-30 13:59:53,333][__main__][INFO] - EnvName: PV1, Steps: 42k, Episodes: 210, Episode Reward: -145
[2025-03-30 13:59:53,334][__main__][INFO] - Episode 210 completed with reward -125.52 in 200 steps
[2025-03-30 14:00:02,298][__main__][INFO] - Episode 211 completed with reward -4.33 in 200 steps
[2025-03-30 14:00:09,906][__main__][INFO] - Episode 212 completed with reward -118.42 in 200 steps
[2025-03-30 14:00:18,971][__main__][INFO] - Episode 213 completed with reward -1.83 in 200 steps
[2025-03-30 14:00:29,473][__main__][INFO] - Episode 214 completed with reward -117.44 in 200 steps
[2025-03-30 14:00:40,787][__main__][INFO] - EnvName: PV1, Steps: 43k, Episodes: 215, Episode Reward: -147
[2025-03-30 14:00:40,788][__main__][INFO] - Episode 215 completed with reward -117.06 in 200 steps
[2025-03-30 14:00:48,334][__main__][INFO] - Episode 216 completed with reward -116.10 in 200 steps
[2025-03-30 14:00:57,720][__main__][INFO] - Episode 217 completed with reward -122.50 in 200 steps
[2025-03-30 14:01:08,176][__main__][INFO] - Episode 218 completed with reward -123.80 in 200 steps
[2025-03-30 14:01:19,063][__main__][INFO] - Episode 219 completed with reward -229.69 in 200 steps
[2025-03-30 14:01:27,145][__main__][INFO] - EnvName: PV1, Steps: 44k, Episodes: 220, Episode Reward: -202
[2025-03-30 14:01:27,145][__main__][INFO] - Episode 220 completed with reward -121.78 in 200 steps
[2025-03-30 14:01:35,499][__main__][INFO] - Episode 221 completed with reward -118.19 in 200 steps
[2025-03-30 14:01:42,897][__main__][INFO] - Episode 222 completed with reward -120.41 in 200 steps
[2025-03-30 14:01:53,623][__main__][INFO] - Episode 223 completed with reward -123.40 in 200 steps
[2025-03-30 14:02:00,397][__main__][INFO] - Episode 224 completed with reward -119.31 in 200 steps
[2025-03-30 14:02:09,035][__main__][INFO] - EnvName: PV1, Steps: 45k, Episodes: 225, Episode Reward: -133
[2025-03-30 14:02:09,036][__main__][INFO] - Episode 225 completed with reward -116.65 in 200 steps
[2025-03-30 14:02:17,611][__main__][INFO] - Episode 226 completed with reward -127.24 in 200 steps
[2025-03-30 14:02:27,667][__main__][INFO] - Episode 227 completed with reward -237.37 in 200 steps
[2025-03-30 14:02:36,502][__main__][INFO] - Episode 228 completed with reward -119.73 in 200 steps
[2025-03-30 14:02:42,895][__main__][INFO] - Episode 229 completed with reward -126.37 in 200 steps
[2025-03-30 14:02:50,261][__main__][INFO] - EnvName: PV1, Steps: 46k, Episodes: 230, Episode Reward: -170
[2025-03-30 14:02:50,262][__main__][INFO] - Episode 230 completed with reward -114.73 in 200 steps
[2025-03-30 14:02:57,304][__main__][INFO] - Episode 231 completed with reward -126.29 in 200 steps
[2025-03-30 14:03:05,183][__main__][INFO] - Episode 232 completed with reward -119.44 in 200 steps
[2025-03-30 14:03:11,948][__main__][INFO] - Episode 233 completed with reward -326.31 in 200 steps
[2025-03-30 14:03:18,254][__main__][INFO] - Episode 234 completed with reward -227.67 in 200 steps
[2025-03-30 14:03:27,355][__main__][INFO] - EnvName: PV1, Steps: 47k, Episodes: 235, Episode Reward: -176
[2025-03-30 14:03:27,355][__main__][INFO] - Episode 235 completed with reward -121.39 in 200 steps
[2025-03-30 14:03:33,831][__main__][INFO] - Episode 236 completed with reward -0.48 in 200 steps
[2025-03-30 14:03:40,320][__main__][INFO] - Episode 237 completed with reward -120.20 in 200 steps
[2025-03-30 14:03:46,839][__main__][INFO] - Episode 238 completed with reward -279.79 in 200 steps
[2025-03-30 14:03:53,251][__main__][INFO] - Episode 239 completed with reward -340.69 in 200 steps
[2025-03-30 14:04:00,563][__main__][INFO] - EnvName: PV1, Steps: 48k, Episodes: 240, Episode Reward: -141
[2025-03-30 14:04:00,564][__main__][INFO] - Episode 240 completed with reward -1.32 in 200 steps
[2025-03-30 14:04:06,946][__main__][INFO] - Episode 241 completed with reward -124.15 in 200 steps
[2025-03-30 14:04:15,157][__main__][INFO] - Episode 242 completed with reward -118.39 in 200 steps
[2025-03-30 14:04:22,175][__main__][INFO] - Episode 243 completed with reward -125.28 in 200 steps
[2025-03-30 14:04:28,690][__main__][INFO] - Episode 244 completed with reward -230.06 in 200 steps
[2025-03-30 14:04:38,569][__main__][INFO] - EnvName: PV1, Steps: 49k, Episodes: 245, Episode Reward: -107
[2025-03-30 14:04:38,569][__main__][INFO] - Episode 245 completed with reward -2.13 in 200 steps
[2025-03-30 14:04:45,097][__main__][INFO] - Episode 246 completed with reward -239.45 in 200 steps
[2025-03-30 14:04:52,622][__main__][INFO] - Episode 247 completed with reward -118.51 in 200 steps
[2025-03-30 14:05:02,164][__main__][INFO] - Episode 248 completed with reward -124.60 in 200 steps
[2025-03-30 14:05:09,886][__main__][INFO] - Episode 249 completed with reward -123.31 in 200 steps
[2025-03-30 14:05:18,808][__main__][INFO] - EnvName: PV1, Steps: 50k, Episodes: 250, Episode Reward: -174
[2025-03-30 14:05:18,812][__main__][INFO] - Episode 250 completed with reward -117.13 in 200 steps
[2025-03-30 14:05:18,812][__main__][INFO] - Training completed. Evaluating across 20 episodes
[2025-03-30 14:05:20,942][__main__][INFO] - Final evaluation - Mean: -129.85, Std: 79.42
[2025-03-30 14:05:20,942][__main__][INFO] - 90th percentile: -1.00, 10th percentile: -234.10
[2025-03-30 14:05:20,947][__main__][INFO] - Final model saved to models/SAC_model/PV1
