[2025-04-16 16:22:40,347] Starting SAC training with configuration: LunarLanderContinuous-v3
[2025-04-16 16:22:40,400] System: Linux-6.11.0-21-generic-x86_64-with-glibc2.39, PyTorch: 2.5.1, GPU: NVIDIA GeForce GTX 1080 Ti
[2025-04-16 17:21:30,427] --------------------------------------------------
[2025-04-16 17:21:30,427] TRAINING COMPLETED
[2025-04-16 17:21:30,427] Environment: LunarLanderContinuous-v3
[2025-04-16 17:21:30,427] Total steps: 150000
[2025-04-16 17:21:30,427] Total episodes: 0
[2025-04-16 17:21:30,427] Final evaluation over 20 episodes:
[2025-04-16 17:21:30,427]   Mean reward: 205.30 ± 82.25
[2025-04-16 17:21:30,427]   90th percentile: 259.50
[2025-04-16 17:21:30,427]   10th percentile: 162.20
[2025-04-16 17:21:30,427] --------------------------------------------------
[2025-04-16 17:36:29,053] Starting SAC training with configuration: LunarLanderContinuous-v3
[2025-04-16 17:36:29,099] System: Linux-6.11.0-21-generic-x86_64-with-glibc2.39, PyTorch: 2.5.1, GPU: NVIDIA GeForce GTX 1080 Ti
[2025-04-16 17:56:46,600] --------------------------------------------------
[2025-04-16 17:56:46,600] TRAINING COMPLETED
[2025-04-16 17:56:46,600] Environment: LunarLanderContinuous-v3
[2025-04-16 17:56:46,600] Total steps: 50000
[2025-04-16 17:56:46,600] Total episodes: 0
[2025-04-16 17:56:46,600] Final evaluation over 20 episodes:
[2025-04-16 17:56:46,600]   Mean reward: 174.95 ± 102.15
[2025-04-16 17:56:46,600]   90th percentile: 259.50
[2025-04-16 17:56:46,600]   10th percentile: -1.70
[2025-04-16 17:56:46,600] --------------------------------------------------
