[2025-04-16 11:30:57,429][__main__][INFO] - Configuration:
device: cuda
mode: generate
write: false
debug_print: false
render: false
load_model: true
load_path: ./pre_train_model/LLDV3/baseline
eval_model: false
save_model: true
data_path: None
epsilon: 0.5
seed: 42
max_train_steps: 1000000
save_interval: 10000
eval_interval: 1000
update_every: 10
explore_episode: 50
gamma: 0.99
tau: 0.005
net_arch:
- 400
- 300
net_layer: 1
a_lr: 0.0001
c_lr: 0.0001
b_lr: 0.0005
g_lr: 0.0005
r_lr: 5.0e-05
l2_reg: 0.0
batch_size: 256
alpha: 0.12
adaptive_alpha: true
reward_adapt: true
robust: false
robust_optimizer: functional
noise: false
type: gaussian
adv: false
spread: 0.0
scale: 1.0
delta: 0.0
env_name: LunarLanderContinuous-v3
env_index: 2
env_mods:
  use_mods: false
  observation_noise:
    enabled: false
    type: gaussian
    level: 0.1
    frequency: 1.0
  action_perturb:
    enabled: false
    type: noise
    probability: 0.1
    level: 0.1
  reward_shift:
    enabled: false
    type: scale
    param: 0.9
    noise_level: 0.1
  transition_perturb:
    enabled: false
    type: teleport
    probability: 0.05
    level: 0.1
  param_shift:
    enabled: false
    train_apply: false
    eval_apply: true
    g_factor: 1.0
    m_factor: 1.0
    l_factor: 1.0
    len_factor: 1.0
    force_mag_factor: 1.0
    gravity_factor: 1.0
    wind_power: 0.0
    turbulence_power: 0.0
    engine_factor: 1.0
  custom:
    enabled: false
    spread: 0.0
    type: gaussian
    adv: false
  eval:
    use_modified: true
    scale_noise: false
    noise_scale_factor: 2.0
    include_action_perturb: true
    include_reward_shift: true
    include_transition_perturb: true

[2025-04-16 11:30:57,473][__main__][INFO] - System information:
[2025-04-16 11:30:57,473][__main__][INFO] -   Platform: Linux-6.11.0-21-generic-x86_64-with-glibc2.39
[2025-04-16 11:30:57,473][__main__][INFO] -   Python: 3.12.2
[2025-04-16 11:30:57,473][__main__][INFO] -   PyTorch: 2.5.1
[2025-04-16 11:30:57,473][__main__][INFO] -   CUDA Available: True
[2025-04-16 11:30:57,474][__main__][INFO] -   CUDA Version: 12.4
[2025-04-16 11:30:57,474][__main__][INFO] -   GPU: NVIDIA GeForce GTX 1080 Ti
[2025-04-16 11:30:57,479][__main__][INFO] - Env: LunarLanderContinuous-v3  state_dim: 8  action_dim: 2  max_a: 1.0  min_a: -1.0  max_e_steps: 1000
[2025-04-16 11:30:57,480][__main__][INFO] - Random Seed: 42
[2025-04-16 11:30:57,480][__main__][INFO] - Models will be saved to models/SAC_model/LLdV3
[2025-04-16 11:30:58,399][__main__][INFO] - Loading pre-trained model
[2025-04-16 11:35:48,887][__main__][INFO] - Data collected: 446477 in 1000 episodes.
[2025-04-16 11:40:58,162][__main__][INFO] - Data collected: 923232 in 2000 episodes.
[2025-04-16 11:41:48,539][__main__][INFO] - Training completed. Evaluating across 20 episodes
[2025-04-16 11:41:58,519][__main__][INFO] - Final evaluation - Mean: 107.10, Std: 105.84
[2025-04-16 11:41:58,519][__main__][INFO] - 90th percentile: 241.60, 10th percentile: -14.30
[2025-04-16 11:41:58,524][__main__][INFO] - Final model saved to models/SAC_model/LLdV3
